[2015-07-01 14:18:48.590][debug][command:c37a0cd7-6ba5-4341-9f68-7bf4ee49b04c][tid:14][com.facebook.buck.cli.Main] Starting up (build date 2015-06-17 16:35:48 +0800, rev b19139c16670e7f886b0bce6243fcd7f27c2a1a3), args: [clean]
[2015-07-01 14:18:48.716][debug][command:c37a0cd7-6ba5-4341-9f68-7bf4ee49b04c][tid:14][com.facebook.buck.cli.BuckConfig] Loaded a configuration file /home/fzq/workspace/DesignTest/.buckconfig: {alias={app=//apps/DesignTest:app}, android={target=Google Inc.:Google APIs:21}, project={ignore=.git}, intellij={default_android_manifest_path=src/main/AndroidManifest.xml, default_android_resource_path=src/main/res}}
[2015-07-01 14:18:48.716][debug][command:c37a0cd7-6ba5-4341-9f68-7bf4ee49b04c][tid:14][com.facebook.buck.cli.BuckConfig] Adding configuration overrides: {}
[2015-07-01 14:18:48.735][debug][command:c37a0cd7-6ba5-4341-9f68-7bf4ee49b04c][tid:14][com.facebook.buck.cli.BuckConfig] Loaded a configuration file /home/fzq/workspace/DesignTest/.buckconfig: {alias={app=//apps/DesignTest:app}, android={target=Google Inc.:Google APIs:21}, project={ignore=.git}, intellij={default_android_manifest_path=src/main/AndroidManifest.xml, default_android_resource_path=src/main/res}}
[2015-07-01 14:18:48.735][debug][command:c37a0cd7-6ba5-4341-9f68-7bf4ee49b04c][tid:14][com.facebook.buck.cli.BuckConfig] Adding configuration overrides: {}
[2015-07-01 14:18:48.748][debug][command:c37a0cd7-6ba5-4341-9f68-7bf4ee49b04c][tid:14][com.facebook.buck.io.ExecutableFinder] Executable 'python2' mapped to 'Optional.of(/usr/bin/python2)'
[2015-07-01 14:18:48.849][warn ][command:c37a0cd7-6ba5-4341-9f68-7bf4ee49b04c][tid:14][com.facebook.buck.apple.AppleConfig] Could not execute xcode-select, continuing without developer dir.
[2015-07-01 14:18:48.878][debug][command:c37a0cd7-6ba5-4341-9f68-7bf4ee49b04c][tid:14][com.facebook.buck.io.ExecutableFinder] Executable '/home/fzq/Android/android-ndk-r10e/toolchains/arm-linux-androideabi-4.8/prebuilt/linux-x86_64/arm-linux-androideabi/bin/as' mapped to 'Optional.of(/home/fzq/Android/android-ndk-r10e/toolchains/arm-linux-androideabi-4.8/prebuilt/linux-x86_64/arm-linux-androideabi/bin/as)'
[2015-07-01 14:18:48.879][debug][command:c37a0cd7-6ba5-4341-9f68-7bf4ee49b04c][tid:14][com.facebook.buck.io.ExecutableFinder] Executable '/home/fzq/Android/android-ndk-r10e/toolchains/arm-linux-androideabi-4.8/prebuilt/linux-x86_64/arm-linux-androideabi/bin/gcc' mapped to 'Optional.of(/home/fzq/Android/android-ndk-r10e/toolchains/arm-linux-androideabi-4.8/prebuilt/linux-x86_64/arm-linux-androideabi/bin/gcc)'
[2015-07-01 14:18:48.880][debug][command:c37a0cd7-6ba5-4341-9f68-7bf4ee49b04c][tid:14][com.facebook.buck.io.ExecutableFinder] Executable '/home/fzq/Android/android-ndk-r10e/toolchains/arm-linux-androideabi-4.8/prebuilt/linux-x86_64/arm-linux-androideabi/bin/gcc' mapped to 'Optional.of(/home/fzq/Android/android-ndk-r10e/toolchains/arm-linux-androideabi-4.8/prebuilt/linux-x86_64/arm-linux-androideabi/bin/gcc)'
[2015-07-01 14:18:48.881][debug][command:c37a0cd7-6ba5-4341-9f68-7bf4ee49b04c][tid:14][com.facebook.buck.io.ExecutableFinder] Executable '/home/fzq/Android/android-ndk-r10e/toolchains/arm-linux-androideabi-4.8/prebuilt/linux-x86_64/arm-linux-androideabi/bin/gcc' mapped to 'Optional.of(/home/fzq/Android/android-ndk-r10e/toolchains/arm-linux-androideabi-4.8/prebuilt/linux-x86_64/arm-linux-androideabi/bin/gcc)'
[2015-07-01 14:18:48.883][debug][command:c37a0cd7-6ba5-4341-9f68-7bf4ee49b04c][tid:14][com.facebook.buck.io.ExecutableFinder] Executable '/home/fzq/Android/android-ndk-r10e/toolchains/arm-linux-androideabi-4.8/prebuilt/linux-x86_64/arm-linux-androideabi/bin/g++' mapped to 'Optional.of(/home/fzq/Android/android-ndk-r10e/toolchains/arm-linux-androideabi-4.8/prebuilt/linux-x86_64/arm-linux-androideabi/bin/g++)'
[2015-07-01 14:18:48.884][debug][command:c37a0cd7-6ba5-4341-9f68-7bf4ee49b04c][tid:14][com.facebook.buck.io.ExecutableFinder] Executable '/home/fzq/Android/android-ndk-r10e/toolchains/arm-linux-androideabi-4.8/prebuilt/linux-x86_64/arm-linux-androideabi/bin/g++' mapped to 'Optional.of(/home/fzq/Android/android-ndk-r10e/toolchains/arm-linux-androideabi-4.8/prebuilt/linux-x86_64/arm-linux-androideabi/bin/g++)'
[2015-07-01 14:18:48.887][debug][command:c37a0cd7-6ba5-4341-9f68-7bf4ee49b04c][tid:14][com.facebook.buck.io.ExecutableFinder] Executable '/home/fzq/Android/android-ndk-r10e/toolchains/arm-linux-androideabi-4.8/prebuilt/linux-x86_64/arm-linux-androideabi/bin/g++' mapped to 'Optional.of(/home/fzq/Android/android-ndk-r10e/toolchains/arm-linux-androideabi-4.8/prebuilt/linux-x86_64/arm-linux-androideabi/bin/g++)'
[2015-07-01 14:18:48.888][debug][command:c37a0cd7-6ba5-4341-9f68-7bf4ee49b04c][tid:14][com.facebook.buck.io.ExecutableFinder] Executable '/home/fzq/Android/android-ndk-r10e/toolchains/arm-linux-androideabi-4.8/prebuilt/linux-x86_64/arm-linux-androideabi/bin/ld.gold' mapped to 'Optional.of(/home/fzq/Android/android-ndk-r10e/toolchains/arm-linux-androideabi-4.8/prebuilt/linux-x86_64/arm-linux-androideabi/bin/ld.gold)'
[2015-07-01 14:18:48.889][debug][command:c37a0cd7-6ba5-4341-9f68-7bf4ee49b04c][tid:14][com.facebook.buck.io.ExecutableFinder] Executable '/home/fzq/Android/android-ndk-r10e/toolchains/arm-linux-androideabi-4.8/prebuilt/linux-x86_64/arm-linux-androideabi/bin/ar' mapped to 'Optional.of(/home/fzq/Android/android-ndk-r10e/toolchains/arm-linux-androideabi-4.8/prebuilt/linux-x86_64/arm-linux-androideabi/bin/ar)'
[2015-07-01 14:18:48.901][debug][command:c37a0cd7-6ba5-4341-9f68-7bf4ee49b04c][tid:14][com.facebook.buck.io.ExecutableFinder] Executable '/home/fzq/Android/android-ndk-r10e/toolchains/arm-linux-androideabi-4.8/prebuilt/linux-x86_64/arm-linux-androideabi/bin/objcopy' mapped to 'Optional.of(/home/fzq/Android/android-ndk-r10e/toolchains/arm-linux-androideabi-4.8/prebuilt/linux-x86_64/arm-linux-androideabi/bin/objcopy)'
[2015-07-01 14:18:48.903][debug][command:c37a0cd7-6ba5-4341-9f68-7bf4ee49b04c][tid:14][com.facebook.buck.io.ExecutableFinder] Executable '/home/fzq/Android/android-ndk-r10e/toolchains/arm-linux-androideabi-4.8/prebuilt/linux-x86_64/arm-linux-androideabi/bin/as' mapped to 'Optional.of(/home/fzq/Android/android-ndk-r10e/toolchains/arm-linux-androideabi-4.8/prebuilt/linux-x86_64/arm-linux-androideabi/bin/as)'
[2015-07-01 14:18:48.904][debug][command:c37a0cd7-6ba5-4341-9f68-7bf4ee49b04c][tid:14][com.facebook.buck.io.ExecutableFinder] Executable '/home/fzq/Android/android-ndk-r10e/toolchains/arm-linux-androideabi-4.8/prebuilt/linux-x86_64/arm-linux-androideabi/bin/gcc' mapped to 'Optional.of(/home/fzq/Android/android-ndk-r10e/toolchains/arm-linux-androideabi-4.8/prebuilt/linux-x86_64/arm-linux-androideabi/bin/gcc)'
[2015-07-01 14:18:48.905][debug][command:c37a0cd7-6ba5-4341-9f68-7bf4ee49b04c][tid:14][com.facebook.buck.io.ExecutableFinder] Executable '/home/fzq/Android/android-ndk-r10e/toolchains/arm-linux-androideabi-4.8/prebuilt/linux-x86_64/arm-linux-androideabi/bin/gcc' mapped to 'Optional.of(/home/fzq/Android/android-ndk-r10e/toolchains/arm-linux-androideabi-4.8/prebuilt/linux-x86_64/arm-linux-androideabi/bin/gcc)'
[2015-07-01 14:18:48.906][debug][command:c37a0cd7-6ba5-4341-9f68-7bf4ee49b04c][tid:14][com.facebook.buck.io.ExecutableFinder] Executable '/home/fzq/Android/android-ndk-r10e/toolchains/arm-linux-androideabi-4.8/prebuilt/linux-x86_64/arm-linux-androideabi/bin/gcc' mapped to 'Optional.of(/home/fzq/Android/android-ndk-r10e/toolchains/arm-linux-androideabi-4.8/prebuilt/linux-x86_64/arm-linux-androideabi/bin/gcc)'
[2015-07-01 14:18:48.907][debug][command:c37a0cd7-6ba5-4341-9f68-7bf4ee49b04c][tid:14][com.facebook.buck.io.ExecutableFinder] Executable '/home/fzq/Android/android-ndk-r10e/toolchains/arm-linux-androideabi-4.8/prebuilt/linux-x86_64/arm-linux-androideabi/bin/g++' mapped to 'Optional.of(/home/fzq/Android/android-ndk-r10e/toolchains/arm-linux-androideabi-4.8/prebuilt/linux-x86_64/arm-linux-androideabi/bin/g++)'
[2015-07-01 14:18:48.908][debug][command:c37a0cd7-6ba5-4341-9f68-7bf4ee49b04c][tid:14][com.facebook.buck.io.ExecutableFinder] Executable '/home/fzq/Android/android-ndk-r10e/toolchains/arm-linux-androideabi-4.8/prebuilt/linux-x86_64/arm-linux-androideabi/bin/g++' mapped to 'Optional.of(/home/fzq/Android/android-ndk-r10e/toolchains/arm-linux-androideabi-4.8/prebuilt/linux-x86_64/arm-linux-androideabi/bin/g++)'
[2015-07-01 14:18:48.910][debug][command:c37a0cd7-6ba5-4341-9f68-7bf4ee49b04c][tid:14][com.facebook.buck.io.ExecutableFinder] Executable '/home/fzq/Android/android-ndk-r10e/toolchains/arm-linux-androideabi-4.8/prebuilt/linux-x86_64/arm-linux-androideabi/bin/g++' mapped to 'Optional.of(/home/fzq/Android/android-ndk-r10e/toolchains/arm-linux-androideabi-4.8/prebuilt/linux-x86_64/arm-linux-androideabi/bin/g++)'
[2015-07-01 14:18:48.911][debug][command:c37a0cd7-6ba5-4341-9f68-7bf4ee49b04c][tid:14][com.facebook.buck.io.ExecutableFinder] Executable '/home/fzq/Android/android-ndk-r10e/toolchains/arm-linux-androideabi-4.8/prebuilt/linux-x86_64/arm-linux-androideabi/bin/ld.gold' mapped to 'Optional.of(/home/fzq/Android/android-ndk-r10e/toolchains/arm-linux-androideabi-4.8/prebuilt/linux-x86_64/arm-linux-androideabi/bin/ld.gold)'
[2015-07-01 14:18:48.912][debug][command:c37a0cd7-6ba5-4341-9f68-7bf4ee49b04c][tid:14][com.facebook.buck.io.ExecutableFinder] Executable '/home/fzq/Android/android-ndk-r10e/toolchains/arm-linux-androideabi-4.8/prebuilt/linux-x86_64/arm-linux-androideabi/bin/ar' mapped to 'Optional.of(/home/fzq/Android/android-ndk-r10e/toolchains/arm-linux-androideabi-4.8/prebuilt/linux-x86_64/arm-linux-androideabi/bin/ar)'
[2015-07-01 14:18:48.913][debug][command:c37a0cd7-6ba5-4341-9f68-7bf4ee49b04c][tid:14][com.facebook.buck.io.ExecutableFinder] Executable '/home/fzq/Android/android-ndk-r10e/toolchains/arm-linux-androideabi-4.8/prebuilt/linux-x86_64/arm-linux-androideabi/bin/objcopy' mapped to 'Optional.of(/home/fzq/Android/android-ndk-r10e/toolchains/arm-linux-androideabi-4.8/prebuilt/linux-x86_64/arm-linux-androideabi/bin/objcopy)'
[2015-07-01 14:18:48.914][debug][command:c37a0cd7-6ba5-4341-9f68-7bf4ee49b04c][tid:14][com.facebook.buck.io.ExecutableFinder] Executable '/home/fzq/Android/android-ndk-r10e/toolchains/x86-4.8/prebuilt/linux-x86_64/i686-linux-android/bin/as' mapped to 'Optional.of(/home/fzq/Android/android-ndk-r10e/toolchains/x86-4.8/prebuilt/linux-x86_64/i686-linux-android/bin/as)'
[2015-07-01 14:18:48.915][debug][command:c37a0cd7-6ba5-4341-9f68-7bf4ee49b04c][tid:14][com.facebook.buck.io.ExecutableFinder] Executable '/home/fzq/Android/android-ndk-r10e/toolchains/x86-4.8/prebuilt/linux-x86_64/i686-linux-android/bin/gcc' mapped to 'Optional.of(/home/fzq/Android/android-ndk-r10e/toolchains/x86-4.8/prebuilt/linux-x86_64/i686-linux-android/bin/gcc)'
[2015-07-01 14:18:48.916][debug][command:c37a0cd7-6ba5-4341-9f68-7bf4ee49b04c][tid:14][com.facebook.buck.io.ExecutableFinder] Executable '/home/fzq/Android/android-ndk-r10e/toolchains/x86-4.8/prebuilt/linux-x86_64/i686-linux-android/bin/gcc' mapped to 'Optional.of(/home/fzq/Android/android-ndk-r10e/toolchains/x86-4.8/prebuilt/linux-x86_64/i686-linux-android/bin/gcc)'
[2015-07-01 14:18:48.917][debug][command:c37a0cd7-6ba5-4341-9f68-7bf4ee49b04c][tid:14][com.facebook.buck.io.ExecutableFinder] Executable '/home/fzq/Android/android-ndk-r10e/toolchains/x86-4.8/prebuilt/linux-x86_64/i686-linux-android/bin/gcc' mapped to 'Optional.of(/home/fzq/Android/android-ndk-r10e/toolchains/x86-4.8/prebuilt/linux-x86_64/i686-linux-android/bin/gcc)'
[2015-07-01 14:18:48.918][debug][command:c37a0cd7-6ba5-4341-9f68-7bf4ee49b04c][tid:14][com.facebook.buck.io.ExecutableFinder] Executable '/home/fzq/Android/android-ndk-r10e/toolchains/x86-4.8/prebuilt/linux-x86_64/i686-linux-android/bin/g++' mapped to 'Optional.of(/home/fzq/Android/android-ndk-r10e/toolchains/x86-4.8/prebuilt/linux-x86_64/i686-linux-android/bin/g++)'
[2015-07-01 14:18:48.919][debug][command:c37a0cd7-6ba5-4341-9f68-7bf4ee49b04c][tid:14][com.facebook.buck.io.ExecutableFinder] Executable '/home/fzq/Android/android-ndk-r10e/toolchains/x86-4.8/prebuilt/linux-x86_64/i686-linux-android/bin/g++' mapped to 'Optional.of(/home/fzq/Android/android-ndk-r10e/toolchains/x86-4.8/prebuilt/linux-x86_64/i686-linux-android/bin/g++)'
[2015-07-01 14:18:48.920][debug][command:c37a0cd7-6ba5-4341-9f68-7bf4ee49b04c][tid:14][com.facebook.buck.io.ExecutableFinder] Executable '/home/fzq/Android/android-ndk-r10e/toolchains/x86-4.8/prebuilt/linux-x86_64/i686-linux-android/bin/g++' mapped to 'Optional.of(/home/fzq/Android/android-ndk-r10e/toolchains/x86-4.8/prebuilt/linux-x86_64/i686-linux-android/bin/g++)'
[2015-07-01 14:18:48.921][debug][command:c37a0cd7-6ba5-4341-9f68-7bf4ee49b04c][tid:14][com.facebook.buck.io.ExecutableFinder] Executable '/home/fzq/Android/android-ndk-r10e/toolchains/x86-4.8/prebuilt/linux-x86_64/i686-linux-android/bin/ld.gold' mapped to 'Optional.of(/home/fzq/Android/android-ndk-r10e/toolchains/x86-4.8/prebuilt/linux-x86_64/i686-linux-android/bin/ld.gold)'
[2015-07-01 14:18:48.921][debug][command:c37a0cd7-6ba5-4341-9f68-7bf4ee49b04c][tid:14][com.facebook.buck.io.ExecutableFinder] Executable '/home/fzq/Android/android-ndk-r10e/toolchains/x86-4.8/prebuilt/linux-x86_64/i686-linux-android/bin/ar' mapped to 'Optional.of(/home/fzq/Android/android-ndk-r10e/toolchains/x86-4.8/prebuilt/linux-x86_64/i686-linux-android/bin/ar)'
[2015-07-01 14:18:48.922][debug][command:c37a0cd7-6ba5-4341-9f68-7bf4ee49b04c][tid:14][com.facebook.buck.io.ExecutableFinder] Executable '/home/fzq/Android/android-ndk-r10e/toolchains/x86-4.8/prebuilt/linux-x86_64/i686-linux-android/bin/objcopy' mapped to 'Optional.of(/home/fzq/Android/android-ndk-r10e/toolchains/x86-4.8/prebuilt/linux-x86_64/i686-linux-android/bin/objcopy)'
[2015-07-01 14:18:48.931][debug][command:c37a0cd7-6ba5-4341-9f68-7bf4ee49b04c][tid:14][com.facebook.buck.cxx.CxxPlatforms] Using system default C++ platform CxxPlatform{flavor=default, as=com.facebook.buck.cxx.HashedFileTool@4da523ac, asflags=[], aspp=com.facebook.buck.cxx.HashedFileTool@7ab697d1, asppflags=[], cc=com.facebook.buck.cxx.HashedFileTool@3c5a22d0, cflags=[], cxx=com.facebook.buck.cxx.HashedFileTool@30c9f8e0, cxxflags=[], cpp=com.facebook.buck.cxx.HashedFileTool@54151516, cppflags=[], cxxpp=com.facebook.buck.cxx.HashedFileTool@1a53185a, cxxppflags=[], cxxld=com.facebook.buck.cxx.HashedFileTool@7772e562, cxxldflags=[], ld=com.facebook.buck.cxx.GnuLinker@8830d94, ldflags=[], runtimeLdflags={}, ar=com.facebook.buck.cxx.HashedFileTool@74421437, arflags=[], arExpectedGlobalHeader=[33, 60, 97, 114, 99, 104, 62, 10], lex=Optional.of(com.facebook.buck.cxx.HashedFileTool@76d1432d), lexFlags=[], yacc=Optional.of(com.facebook.buck.cxx.HashedFileTool@16e8e160), yaccFlags=[-y], sharedLibraryExtension=so, debugPathSanitizer=com.facebook.buck.cxx.DebugPathSanitizer@617a184}
[2015-07-01 14:18:48.996][debug][command:c37a0cd7-6ba5-4341-9f68-7bf4ee49b04c][tid:14][com.facebook.buck.io.ExecutableFinder] Executable 'python2' mapped to 'Optional.of(/usr/bin/python2)'
[2015-07-01 14:18:49.000][debug][command:c37a0cd7-6ba5-4341-9f68-7bf4ee49b04c][tid:14][com.facebook.buck.io.ExecutableFinder] Executable 'python2' mapped to 'Optional.of(/usr/bin/python2)'
[2015-07-01 14:18:49.014][debug][command:c37a0cd7-6ba5-4341-9f68-7bf4ee49b04c][tid:14][com.facebook.buck.cli.Main] Starting up daemon for project root [/home/fzq/workspace/DesignTest]
[2015-07-01 14:18:49.049][debug][command:c37a0cd7-6ba5-4341-9f68-7bf4ee49b04c][tid:14][com.facebook.buck.io.ExecutableFinder] Executable 'python2' mapped to 'Optional.of(/usr/bin/python2)'
[2015-07-01 14:18:49.070][debug][command:c37a0cd7-6ba5-4341-9f68-7bf4ee49b04c][tid:14][com.facebook.buck.cli.Main] Using watchman to watch for file changes.
[2015-07-01 14:18:49.169][debug][command:c37a0cd7-6ba5-4341-9f68-7bf4ee49b04c][tid:14][com.facebook.buck.event.listener.SuperConsoleEventBusListener] Starting render scheduler (interval 100 ms)
[2015-07-01 14:18:49.182][debug][command:c37a0cd7-6ba5-4341-9f68-7bf4ee49b04c][tid:14][com.facebook.buck.io.ExecutableFinder] Executable 'python2' mapped to 'Optional.of(/usr/bin/python2)'
[2015-07-01 14:18:49.211][debug][command:c37a0cd7-6ba5-4341-9f68-7bf4ee49b04c][tid:25][com.facebook.buck.event.listener.LoggingBuildListener] CommandStarted(clean, isDaemon: true)
[2015-07-01 14:18:49.211][debug][command:c37a0cd7-6ba5-4341-9f68-7bf4ee49b04c][tid:14][com.facebook.buck.util.WatchmanWatcher] Starting watchman command: [watchman, --server-encoding=json, --no-pretty, -j]
[2015-07-01 14:18:49.219][debug][command:c37a0cd7-6ba5-4341-9f68-7bf4ee49b04c][tid:14][com.facebook.buck.util.WatchmanWatcher] Writing query to Watchman: ["query","/home/fzq/workspace/DesignTest",{"since":"n:buckdd351d0ed-1b09-44df-8d7f-16b426c791bc","expression":["not",["anyof",["type","d"],["match","buck-out/*","wholename"],["match",".idea/*","wholename"],["match","/home/fzq/workspace/DesignTest/.buckd/*","wholename"],["match","/home/fzq/workspace/DesignTest/buck-cache/*","wholename"],["match",".git/*","wholename"],["match","*.pbxproj","wholename"],["match","*.xcscheme","wholename"],["match","*.xcworkspacedata","wholename"]]],"empty_on_fresh_instance":true,"fields":["name","exists","new"]}]
[2015-07-01 14:18:49.220][debug][command:c37a0cd7-6ba5-4341-9f68-7bf4ee49b04c][tid:14][com.facebook.buck.util.WatchmanWatcher] Parsing JSON output from Watchman
[2015-07-01 14:18:49.234][info ][command:c37a0cd7-6ba5-4341-9f68-7bf4ee49b04c][tid:14][com.facebook.buck.util.WatchmanWatcher] Fresh watchman instance detected. Posting overflow event to flush caches.
[2015-07-01 14:18:49.235][debug][command:c37a0cd7-6ba5-4341-9f68-7bf4ee49b04c][tid:14][com.facebook.buck.util.DefaultFileHashCache] Invalidating all
[2015-07-01 14:18:49.235][debug][command:c37a0cd7-6ba5-4341-9f68-7bf4ee49b04c][tid:14][com.facebook.buck.parser.Parser] Parser invalidating entire cache on overflow.
[2015-07-01 14:18:49.235][debug][command:c37a0cd7-6ba5-4341-9f68-7bf4ee49b04c][tid:14][com.facebook.buck.parser.Parser] Invalidating all cached data.
[2015-07-01 14:18:49.235][debug][command:c37a0cd7-6ba5-4341-9f68-7bf4ee49b04c][tid:14][com.facebook.buck.util.WatchmanWatcher] Posted 0 Watchman events. Waiting for subprocess to exit...
[2015-07-01 14:18:49.236][debug][command:c37a0cd7-6ba5-4341-9f68-7bf4ee49b04c][tid:14][com.facebook.buck.util.WatchmanWatcher] Watchman exited cleanly.
[2015-07-01 14:18:49.386][debug][command:c37a0cd7-6ba5-4341-9f68-7bf4ee49b04c][tid:14][com.facebook.buck.parser.Parser] Cleaning cache of build files with inputs under symlink []
[2015-07-01 14:18:49.387][debug][command:c37a0cd7-6ba5-4341-9f68-7bf4ee49b04c][tid:25][com.facebook.buck.event.listener.LoggingBuildListener] CommandFinished(clean, isDaemon: true)
[2015-07-01 14:18:49.388][debug][command:c37a0cd7-6ba5-4341-9f68-7bf4ee49b04c][tid:14][com.facebook.buck.event.listener.SuperConsoleEventBusListener] Stopping render scheduler
[2015-07-01 14:18:49.390][debug][command:c37a0cd7-6ba5-4341-9f68-7bf4ee49b04c][tid:14][com.facebook.buck.event.listener.ChromeTraceBuildListener] Writing Chrome trace to buck-out/log/traces/build.2015-07-01.14-18-49.c37a0cd7-6ba5-4341-9f68-7bf4ee49b04c.trace
[2015-07-01 14:18:49.461][debug][command:c37a0cd7-6ba5-4341-9f68-7bf4ee49b04c][tid:14][com.facebook.buck.cli.Main] Done.
[2015-07-01 14:18:49.462][debug][command:null][tid:14][class com.martiansoftware.nailgun.NGSession] Nail finished.
[2015-07-01 14:18:49.463][debug][command:null][tid:14][class com.martiansoftware.nailgun.NGSession] Closing client streams and socket.
[2015-07-01 14:18:54.067][debug][command:null][tid:17][class com.martiansoftware.nailgun.NGSession] Received connection from 127.0.0.1
[2015-07-01 14:18:54.069][debug][command:null][tid:17][class com.martiansoftware.nailgun.NGSession] Working directory: /home/fzq/workspace/DesignTest
[2015-07-01 14:18:54.069][debug][command:null][tid:17][class com.martiansoftware.nailgun.NGSession] Received command: ng-stats
[2015-07-01 14:18:54.069][debug][command:null][tid:17][class com.martiansoftware.nailgun.NGSession] Invoking main method: public static void com.martiansoftware.nailgun.builtins.NGServerStats.nailMain(com.martiansoftware.nailgun.NGContext)
[2015-07-01 14:18:54.070][debug][command:null][tid:17][class com.martiansoftware.nailgun.NGSession] Nail finished.
[2015-07-01 14:18:54.070][debug][command:null][tid:17][class com.martiansoftware.nailgun.NGSession] Writing exit command with successful status 0 to client.
[2015-07-01 14:18:54.070][debug][command:null][tid:17][class com.martiansoftware.nailgun.NGSession] Closing client streams and socket.
[2015-07-01 14:18:54.076][debug][command:null][tid:26][class com.martiansoftware.nailgun.NGSession] Received connection from 127.0.0.1
[2015-07-01 14:18:54.079][debug][command:null][tid:26][class com.martiansoftware.nailgun.NGSession] Working directory: /home/fzq/workspace/DesignTest
[2015-07-01 14:18:54.079][debug][command:null][tid:26][class com.martiansoftware.nailgun.NGSession] Received command: ng-stats
[2015-07-01 14:18:54.080][debug][command:null][tid:26][class com.martiansoftware.nailgun.NGSession] Invoking main method: public static void com.martiansoftware.nailgun.builtins.NGServerStats.nailMain(com.martiansoftware.nailgun.NGContext)
[2015-07-01 14:18:54.081][debug][command:null][tid:26][class com.martiansoftware.nailgun.NGSession] Nail finished.
[2015-07-01 14:18:54.081][debug][command:null][tid:26][class com.martiansoftware.nailgun.NGSession] Writing exit command with successful status 0 to client.
[2015-07-01 14:18:54.081][debug][command:null][tid:26][class com.martiansoftware.nailgun.NGSession] Closing client streams and socket.
[2015-07-01 14:18:54.083][debug][command:null][tid:28][class com.martiansoftware.nailgun.NGSession] Received connection from 127.0.0.1
[2015-07-01 14:18:54.084][debug][command:null][tid:28][class com.martiansoftware.nailgun.NGSession] Received command line argument: install
[2015-07-01 14:18:54.084][debug][command:null][tid:28][class com.martiansoftware.nailgun.NGSession] Received command line argument: -r
[2015-07-01 14:18:54.084][debug][command:null][tid:28][class com.martiansoftware.nailgun.NGSession] Received command line argument: app:app
[2015-07-01 14:18:54.085][debug][command:null][tid:28][class com.martiansoftware.nailgun.NGSession] Working directory: /home/fzq/workspace/DesignTest
[2015-07-01 14:18:54.085][debug][command:null][tid:28][class com.martiansoftware.nailgun.NGSession] Received command: com.facebook.buck.cli.Main
[2015-07-01 14:18:54.086][debug][command:null][tid:28][class com.martiansoftware.nailgun.NGSession] Invoking main method: public static void com.facebook.buck.cli.Main.nailMain(com.martiansoftware.nailgun.NGContext) throws java.lang.InterruptedException
[2015-07-01 14:18:54.086][debug][command:2cd9340f-9c0f-4cf1-a8e0-91d33dbd36a2][tid:28][com.facebook.buck.cli.Main] Rotating log.
