[2015-07-01 14:19:47.311][debug][command:16d32867-a4f8-4993-83b1-25c52d65613a][tid:61][com.facebook.buck.cli.Main] Starting up (build date 2015-06-17 16:35:48 +0800, rev b19139c16670e7f886b0bce6243fcd7f27c2a1a3), args: [install, -r, app:app]
[2015-07-01 14:19:47.325][debug][command:16d32867-a4f8-4993-83b1-25c52d65613a][tid:61][com.facebook.buck.cli.BuckConfig] Loaded a configuration file /home/fzq/workspace/DesignTest/.buckconfig: {alias={app=//apps/DesignTest:app}, android={target=Google Inc.:Google APIs:21}, project={ignore=.git}, intellij={default_android_manifest_path=src/main/AndroidManifest.xml, default_android_resource_path=src/main/res}}
[2015-07-01 14:19:47.325][debug][command:16d32867-a4f8-4993-83b1-25c52d65613a][tid:61][com.facebook.buck.cli.BuckConfig] Adding configuration overrides: {}
[2015-07-01 14:19:47.328][debug][command:16d32867-a4f8-4993-83b1-25c52d65613a][tid:61][com.facebook.buck.cli.BuckConfig] Loaded a configuration file /home/fzq/workspace/DesignTest/.buckconfig: {alias={app=//apps/DesignTest:app}, android={target=Google Inc.:Google APIs:21}, project={ignore=.git}, intellij={default_android_manifest_path=src/main/AndroidManifest.xml, default_android_resource_path=src/main/res}}
[2015-07-01 14:19:47.328][debug][command:16d32867-a4f8-4993-83b1-25c52d65613a][tid:61][com.facebook.buck.cli.BuckConfig] Adding configuration overrides: {}
[2015-07-01 14:19:47.329][debug][command:16d32867-a4f8-4993-83b1-25c52d65613a][tid:61][com.facebook.buck.io.ExecutableFinder] Executable 'python2' mapped to 'Optional.of(/usr/bin/python2)'
[2015-07-01 14:19:47.338][warn ][command:16d32867-a4f8-4993-83b1-25c52d65613a][tid:61][com.facebook.buck.apple.AppleConfig] Could not execute xcode-select, continuing without developer dir.
[2015-07-01 14:19:47.338][debug][command:16d32867-a4f8-4993-83b1-25c52d65613a][tid:61][com.facebook.buck.io.ExecutableFinder] Executable '/home/fzq/Android/android-ndk-r10e/toolchains/arm-linux-androideabi-4.8/prebuilt/linux-x86_64/arm-linux-androideabi/bin/as' mapped to 'Optional.of(/home/fzq/Android/android-ndk-r10e/toolchains/arm-linux-androideabi-4.8/prebuilt/linux-x86_64/arm-linux-androideabi/bin/as)'
[2015-07-01 14:19:47.339][debug][command:16d32867-a4f8-4993-83b1-25c52d65613a][tid:61][com.facebook.buck.io.ExecutableFinder] Executable '/home/fzq/Android/android-ndk-r10e/toolchains/arm-linux-androideabi-4.8/prebuilt/linux-x86_64/arm-linux-androideabi/bin/gcc' mapped to 'Optional.of(/home/fzq/Android/android-ndk-r10e/toolchains/arm-linux-androideabi-4.8/prebuilt/linux-x86_64/arm-linux-androideabi/bin/gcc)'
[2015-07-01 14:19:47.339][debug][command:16d32867-a4f8-4993-83b1-25c52d65613a][tid:61][com.facebook.buck.io.ExecutableFinder] Executable '/home/fzq/Android/android-ndk-r10e/toolchains/arm-linux-androideabi-4.8/prebuilt/linux-x86_64/arm-linux-androideabi/bin/gcc' mapped to 'Optional.of(/home/fzq/Android/android-ndk-r10e/toolchains/arm-linux-androideabi-4.8/prebuilt/linux-x86_64/arm-linux-androideabi/bin/gcc)'
[2015-07-01 14:19:47.339][debug][command:16d32867-a4f8-4993-83b1-25c52d65613a][tid:61][com.facebook.buck.io.ExecutableFinder] Executable '/home/fzq/Android/android-ndk-r10e/toolchains/arm-linux-androideabi-4.8/prebuilt/linux-x86_64/arm-linux-androideabi/bin/gcc' mapped to 'Optional.of(/home/fzq/Android/android-ndk-r10e/toolchains/arm-linux-androideabi-4.8/prebuilt/linux-x86_64/arm-linux-androideabi/bin/gcc)'
[2015-07-01 14:19:47.340][debug][command:16d32867-a4f8-4993-83b1-25c52d65613a][tid:61][com.facebook.buck.io.ExecutableFinder] Executable '/home/fzq/Android/android-ndk-r10e/toolchains/arm-linux-androideabi-4.8/prebuilt/linux-x86_64/arm-linux-androideabi/bin/g++' mapped to 'Optional.of(/home/fzq/Android/android-ndk-r10e/toolchains/arm-linux-androideabi-4.8/prebuilt/linux-x86_64/arm-linux-androideabi/bin/g++)'
[2015-07-01 14:19:47.340][debug][command:16d32867-a4f8-4993-83b1-25c52d65613a][tid:61][com.facebook.buck.io.ExecutableFinder] Executable '/home/fzq/Android/android-ndk-r10e/toolchains/arm-linux-androideabi-4.8/prebuilt/linux-x86_64/arm-linux-androideabi/bin/g++' mapped to 'Optional.of(/home/fzq/Android/android-ndk-r10e/toolchains/arm-linux-androideabi-4.8/prebuilt/linux-x86_64/arm-linux-androideabi/bin/g++)'
[2015-07-01 14:19:47.340][debug][command:16d32867-a4f8-4993-83b1-25c52d65613a][tid:61][com.facebook.buck.io.ExecutableFinder] Executable '/home/fzq/Android/android-ndk-r10e/toolchains/arm-linux-androideabi-4.8/prebuilt/linux-x86_64/arm-linux-androideabi/bin/g++' mapped to 'Optional.of(/home/fzq/Android/android-ndk-r10e/toolchains/arm-linux-androideabi-4.8/prebuilt/linux-x86_64/arm-linux-androideabi/bin/g++)'
[2015-07-01 14:19:47.340][debug][command:16d32867-a4f8-4993-83b1-25c52d65613a][tid:61][com.facebook.buck.io.ExecutableFinder] Executable '/home/fzq/Android/android-ndk-r10e/toolchains/arm-linux-androideabi-4.8/prebuilt/linux-x86_64/arm-linux-androideabi/bin/ld.gold' mapped to 'Optional.of(/home/fzq/Android/android-ndk-r10e/toolchains/arm-linux-androideabi-4.8/prebuilt/linux-x86_64/arm-linux-androideabi/bin/ld.gold)'
[2015-07-01 14:19:47.341][debug][command:16d32867-a4f8-4993-83b1-25c52d65613a][tid:61][com.facebook.buck.io.ExecutableFinder] Executable '/home/fzq/Android/android-ndk-r10e/toolchains/arm-linux-androideabi-4.8/prebuilt/linux-x86_64/arm-linux-androideabi/bin/ar' mapped to 'Optional.of(/home/fzq/Android/android-ndk-r10e/toolchains/arm-linux-androideabi-4.8/prebuilt/linux-x86_64/arm-linux-androideabi/bin/ar)'
[2015-07-01 14:19:47.341][debug][command:16d32867-a4f8-4993-83b1-25c52d65613a][tid:61][com.facebook.buck.io.ExecutableFinder] Executable '/home/fzq/Android/android-ndk-r10e/toolchains/arm-linux-androideabi-4.8/prebuilt/linux-x86_64/arm-linux-androideabi/bin/objcopy' mapped to 'Optional.of(/home/fzq/Android/android-ndk-r10e/toolchains/arm-linux-androideabi-4.8/prebuilt/linux-x86_64/arm-linux-androideabi/bin/objcopy)'
[2015-07-01 14:19:47.342][debug][command:16d32867-a4f8-4993-83b1-25c52d65613a][tid:61][com.facebook.buck.io.ExecutableFinder] Executable '/home/fzq/Android/android-ndk-r10e/toolchains/arm-linux-androideabi-4.8/prebuilt/linux-x86_64/arm-linux-androideabi/bin/as' mapped to 'Optional.of(/home/fzq/Android/android-ndk-r10e/toolchains/arm-linux-androideabi-4.8/prebuilt/linux-x86_64/arm-linux-androideabi/bin/as)'
[2015-07-01 14:19:47.342][debug][command:16d32867-a4f8-4993-83b1-25c52d65613a][tid:61][com.facebook.buck.io.ExecutableFinder] Executable '/home/fzq/Android/android-ndk-r10e/toolchains/arm-linux-androideabi-4.8/prebuilt/linux-x86_64/arm-linux-androideabi/bin/gcc' mapped to 'Optional.of(/home/fzq/Android/android-ndk-r10e/toolchains/arm-linux-androideabi-4.8/prebuilt/linux-x86_64/arm-linux-androideabi/bin/gcc)'
[2015-07-01 14:19:47.342][debug][command:16d32867-a4f8-4993-83b1-25c52d65613a][tid:61][com.facebook.buck.io.ExecutableFinder] Executable '/home/fzq/Android/android-ndk-r10e/toolchains/arm-linux-androideabi-4.8/prebuilt/linux-x86_64/arm-linux-androideabi/bin/gcc' mapped to 'Optional.of(/home/fzq/Android/android-ndk-r10e/toolchains/arm-linux-androideabi-4.8/prebuilt/linux-x86_64/arm-linux-androideabi/bin/gcc)'
[2015-07-01 14:19:47.342][debug][command:16d32867-a4f8-4993-83b1-25c52d65613a][tid:61][com.facebook.buck.io.ExecutableFinder] Executable '/home/fzq/Android/android-ndk-r10e/toolchains/arm-linux-androideabi-4.8/prebuilt/linux-x86_64/arm-linux-androideabi/bin/gcc' mapped to 'Optional.of(/home/fzq/Android/android-ndk-r10e/toolchains/arm-linux-androideabi-4.8/prebuilt/linux-x86_64/arm-linux-androideabi/bin/gcc)'
[2015-07-01 14:19:47.342][debug][command:16d32867-a4f8-4993-83b1-25c52d65613a][tid:61][com.facebook.buck.io.ExecutableFinder] Executable '/home/fzq/Android/android-ndk-r10e/toolchains/arm-linux-androideabi-4.8/prebuilt/linux-x86_64/arm-linux-androideabi/bin/g++' mapped to 'Optional.of(/home/fzq/Android/android-ndk-r10e/toolchains/arm-linux-androideabi-4.8/prebuilt/linux-x86_64/arm-linux-androideabi/bin/g++)'
[2015-07-01 14:19:47.343][debug][command:16d32867-a4f8-4993-83b1-25c52d65613a][tid:61][com.facebook.buck.io.ExecutableFinder] Executable '/home/fzq/Android/android-ndk-r10e/toolchains/arm-linux-androideabi-4.8/prebuilt/linux-x86_64/arm-linux-androideabi/bin/g++' mapped to 'Optional.of(/home/fzq/Android/android-ndk-r10e/toolchains/arm-linux-androideabi-4.8/prebuilt/linux-x86_64/arm-linux-androideabi/bin/g++)'
[2015-07-01 14:19:47.343][debug][command:16d32867-a4f8-4993-83b1-25c52d65613a][tid:61][com.facebook.buck.io.ExecutableFinder] Executable '/home/fzq/Android/android-ndk-r10e/toolchains/arm-linux-androideabi-4.8/prebuilt/linux-x86_64/arm-linux-androideabi/bin/g++' mapped to 'Optional.of(/home/fzq/Android/android-ndk-r10e/toolchains/arm-linux-androideabi-4.8/prebuilt/linux-x86_64/arm-linux-androideabi/bin/g++)'
[2015-07-01 14:19:47.343][debug][command:16d32867-a4f8-4993-83b1-25c52d65613a][tid:61][com.facebook.buck.io.ExecutableFinder] Executable '/home/fzq/Android/android-ndk-r10e/toolchains/arm-linux-androideabi-4.8/prebuilt/linux-x86_64/arm-linux-androideabi/bin/ld.gold' mapped to 'Optional.of(/home/fzq/Android/android-ndk-r10e/toolchains/arm-linux-androideabi-4.8/prebuilt/linux-x86_64/arm-linux-androideabi/bin/ld.gold)'
[2015-07-01 14:19:47.343][debug][command:16d32867-a4f8-4993-83b1-25c52d65613a][tid:61][com.facebook.buck.io.ExecutableFinder] Executable '/home/fzq/Android/android-ndk-r10e/toolchains/arm-linux-androideabi-4.8/prebuilt/linux-x86_64/arm-linux-androideabi/bin/ar' mapped to 'Optional.of(/home/fzq/Android/android-ndk-r10e/toolchains/arm-linux-androideabi-4.8/prebuilt/linux-x86_64/arm-linux-androideabi/bin/ar)'
[2015-07-01 14:19:47.343][debug][command:16d32867-a4f8-4993-83b1-25c52d65613a][tid:61][com.facebook.buck.io.ExecutableFinder] Executable '/home/fzq/Android/android-ndk-r10e/toolchains/arm-linux-androideabi-4.8/prebuilt/linux-x86_64/arm-linux-androideabi/bin/objcopy' mapped to 'Optional.of(/home/fzq/Android/android-ndk-r10e/toolchains/arm-linux-androideabi-4.8/prebuilt/linux-x86_64/arm-linux-androideabi/bin/objcopy)'
[2015-07-01 14:19:47.344][debug][command:16d32867-a4f8-4993-83b1-25c52d65613a][tid:61][com.facebook.buck.io.ExecutableFinder] Executable '/home/fzq/Android/android-ndk-r10e/toolchains/x86-4.8/prebuilt/linux-x86_64/i686-linux-android/bin/as' mapped to 'Optional.of(/home/fzq/Android/android-ndk-r10e/toolchains/x86-4.8/prebuilt/linux-x86_64/i686-linux-android/bin/as)'
[2015-07-01 14:19:47.344][debug][command:16d32867-a4f8-4993-83b1-25c52d65613a][tid:61][com.facebook.buck.io.ExecutableFinder] Executable '/home/fzq/Android/android-ndk-r10e/toolchains/x86-4.8/prebuilt/linux-x86_64/i686-linux-android/bin/gcc' mapped to 'Optional.of(/home/fzq/Android/android-ndk-r10e/toolchains/x86-4.8/prebuilt/linux-x86_64/i686-linux-android/bin/gcc)'
[2015-07-01 14:19:47.344][debug][command:16d32867-a4f8-4993-83b1-25c52d65613a][tid:61][com.facebook.buck.io.ExecutableFinder] Executable '/home/fzq/Android/android-ndk-r10e/toolchains/x86-4.8/prebuilt/linux-x86_64/i686-linux-android/bin/gcc' mapped to 'Optional.of(/home/fzq/Android/android-ndk-r10e/toolchains/x86-4.8/prebuilt/linux-x86_64/i686-linux-android/bin/gcc)'
[2015-07-01 14:19:47.344][debug][command:16d32867-a4f8-4993-83b1-25c52d65613a][tid:61][com.facebook.buck.io.ExecutableFinder] Executable '/home/fzq/Android/android-ndk-r10e/toolchains/x86-4.8/prebuilt/linux-x86_64/i686-linux-android/bin/gcc' mapped to 'Optional.of(/home/fzq/Android/android-ndk-r10e/toolchains/x86-4.8/prebuilt/linux-x86_64/i686-linux-android/bin/gcc)'
[2015-07-01 14:19:47.345][debug][command:16d32867-a4f8-4993-83b1-25c52d65613a][tid:61][com.facebook.buck.io.ExecutableFinder] Executable '/home/fzq/Android/android-ndk-r10e/toolchains/x86-4.8/prebuilt/linux-x86_64/i686-linux-android/bin/g++' mapped to 'Optional.of(/home/fzq/Android/android-ndk-r10e/toolchains/x86-4.8/prebuilt/linux-x86_64/i686-linux-android/bin/g++)'
[2015-07-01 14:19:47.345][debug][command:16d32867-a4f8-4993-83b1-25c52d65613a][tid:61][com.facebook.buck.io.ExecutableFinder] Executable '/home/fzq/Android/android-ndk-r10e/toolchains/x86-4.8/prebuilt/linux-x86_64/i686-linux-android/bin/g++' mapped to 'Optional.of(/home/fzq/Android/android-ndk-r10e/toolchains/x86-4.8/prebuilt/linux-x86_64/i686-linux-android/bin/g++)'
[2015-07-01 14:19:47.345][debug][command:16d32867-a4f8-4993-83b1-25c52d65613a][tid:61][com.facebook.buck.io.ExecutableFinder] Executable '/home/fzq/Android/android-ndk-r10e/toolchains/x86-4.8/prebuilt/linux-x86_64/i686-linux-android/bin/g++' mapped to 'Optional.of(/home/fzq/Android/android-ndk-r10e/toolchains/x86-4.8/prebuilt/linux-x86_64/i686-linux-android/bin/g++)'
[2015-07-01 14:19:47.345][debug][command:16d32867-a4f8-4993-83b1-25c52d65613a][tid:61][com.facebook.buck.io.ExecutableFinder] Executable '/home/fzq/Android/android-ndk-r10e/toolchains/x86-4.8/prebuilt/linux-x86_64/i686-linux-android/bin/ld.gold' mapped to 'Optional.of(/home/fzq/Android/android-ndk-r10e/toolchains/x86-4.8/prebuilt/linux-x86_64/i686-linux-android/bin/ld.gold)'
[2015-07-01 14:19:47.345][debug][command:16d32867-a4f8-4993-83b1-25c52d65613a][tid:61][com.facebook.buck.io.ExecutableFinder] Executable '/home/fzq/Android/android-ndk-r10e/toolchains/x86-4.8/prebuilt/linux-x86_64/i686-linux-android/bin/ar' mapped to 'Optional.of(/home/fzq/Android/android-ndk-r10e/toolchains/x86-4.8/prebuilt/linux-x86_64/i686-linux-android/bin/ar)'
[2015-07-01 14:19:47.345][debug][command:16d32867-a4f8-4993-83b1-25c52d65613a][tid:61][com.facebook.buck.io.ExecutableFinder] Executable '/home/fzq/Android/android-ndk-r10e/toolchains/x86-4.8/prebuilt/linux-x86_64/i686-linux-android/bin/objcopy' mapped to 'Optional.of(/home/fzq/Android/android-ndk-r10e/toolchains/x86-4.8/prebuilt/linux-x86_64/i686-linux-android/bin/objcopy)'
[2015-07-01 14:19:47.346][debug][command:16d32867-a4f8-4993-83b1-25c52d65613a][tid:61][com.facebook.buck.cxx.CxxPlatforms] Using system default C++ platform CxxPlatform{flavor=default, as=com.facebook.buck.cxx.HashedFileTool@5fde9051, asflags=[], aspp=com.facebook.buck.cxx.HashedFileTool@33c8f9ed, asppflags=[], cc=com.facebook.buck.cxx.HashedFileTool@e55841b, cflags=[], cxx=com.facebook.buck.cxx.HashedFileTool@774815e2, cxxflags=[], cpp=com.facebook.buck.cxx.HashedFileTool@5cbf4f42, cppflags=[], cxxpp=com.facebook.buck.cxx.HashedFileTool@28ccd2a9, cxxppflags=[], cxxld=com.facebook.buck.cxx.HashedFileTool@a1bfef7, cxxldflags=[], ld=com.facebook.buck.cxx.GnuLinker@3d4b0d53, ldflags=[], runtimeLdflags={}, ar=com.facebook.buck.cxx.HashedFileTool@1b2890e7, arflags=[], arExpectedGlobalHeader=[33, 60, 97, 114, 99, 104, 62, 10], lex=Optional.of(com.facebook.buck.cxx.HashedFileTool@553f40b1), lexFlags=[], yacc=Optional.of(com.facebook.buck.cxx.HashedFileTool@86f0a7), yaccFlags=[-y], sharedLibraryExtension=so, debugPathSanitizer=com.facebook.buck.cxx.DebugPathSanitizer@617a184}
[2015-07-01 14:19:47.347][debug][command:16d32867-a4f8-4993-83b1-25c52d65613a][tid:61][com.facebook.buck.io.ExecutableFinder] Executable 'python2' mapped to 'Optional.of(/usr/bin/python2)'
[2015-07-01 14:19:47.348][debug][command:16d32867-a4f8-4993-83b1-25c52d65613a][tid:61][com.facebook.buck.io.ExecutableFinder] Executable 'python2' mapped to 'Optional.of(/usr/bin/python2)'
[2015-07-01 14:19:47.349][debug][command:16d32867-a4f8-4993-83b1-25c52d65613a][tid:61][com.facebook.buck.event.listener.SuperConsoleEventBusListener] Starting render scheduler (interval 100 ms)
[2015-07-01 14:19:47.351][debug][command:16d32867-a4f8-4993-83b1-25c52d65613a][tid:61][com.facebook.buck.io.ExecutableFinder] Executable 'python2' mapped to 'Optional.of(/usr/bin/python2)'
[2015-07-01 14:19:47.358][debug][command:16d32867-a4f8-4993-83b1-25c52d65613a][tid:61][com.facebook.buck.util.WatchmanWatcher] Starting watchman command: [watchman, --server-encoding=json, --no-pretty, -j]
[2015-07-01 14:19:47.360][debug][command:16d32867-a4f8-4993-83b1-25c52d65613a][tid:70][com.facebook.buck.event.listener.LoggingBuildListener] CommandStarted(install, isDaemon: true)
[2015-07-01 14:19:47.361][debug][command:16d32867-a4f8-4993-83b1-25c52d65613a][tid:61][com.facebook.buck.util.WatchmanWatcher] Writing query to Watchman: ["query","/home/fzq/workspace/DesignTest",{"since":"n:buckdd351d0ed-1b09-44df-8d7f-16b426c791bc","expression":["not",["anyof",["type","d"],["match","buck-out/*","wholename"],["match",".idea/*","wholename"],["match","/home/fzq/workspace/DesignTest/.buckd/*","wholename"],["match","/home/fzq/workspace/DesignTest/buck-cache/*","wholename"],["match",".git/*","wholename"],["match","*.pbxproj","wholename"],["match","*.xcscheme","wholename"],["match","*.xcworkspacedata","wholename"]]],"empty_on_fresh_instance":true,"fields":["name","exists","new"]}]
[2015-07-01 14:19:47.361][debug][command:16d32867-a4f8-4993-83b1-25c52d65613a][tid:61][com.facebook.buck.util.WatchmanWatcher] Parsing JSON output from Watchman
[2015-07-01 14:19:47.365][debug][command:16d32867-a4f8-4993-83b1-25c52d65613a][tid:61][com.facebook.buck.parser.Parser] Parsed build files does not contain /home/fzq/workspace/DesignTest/.buckd/buckd.runcount, not invalidating
[2015-07-01 14:19:47.365][debug][command:16d32867-a4f8-4993-83b1-25c52d65613a][tid:61][com.facebook.buck.parser.Parser] Removing targets [] for path /home/fzq/workspace/DesignTest/.buckd/buckd.runcount
[2015-07-01 14:19:47.366][debug][command:16d32867-a4f8-4993-83b1-25c52d65613a][tid:61][com.facebook.buck.parser.Parser] Parser invalidating /home/fzq/workspace/DesignTest/app/BUCK cache
[2015-07-01 14:19:47.366][debug][command:16d32867-a4f8-4993-83b1-25c52d65613a][tid:61][com.facebook.buck.parser.Parser] Removing targets [//app:src, //app:project_config, //app:res, //app:app, //app:build-config, //app:debug_keystore, //app:manifest, //app:application-lib] for path /home/fzq/workspace/DesignTest/app/BUCK
[2015-07-01 14:19:47.366][debug][command:16d32867-a4f8-4993-83b1-25c52d65613a][tid:61][com.facebook.buck.parser.Parser] Parsed build files does not contain /home/fzq/workspace/DesignTest/app/BUCK___jb_old___, not invalidating
[2015-07-01 14:19:47.367][debug][command:16d32867-a4f8-4993-83b1-25c52d65613a][tid:61][com.facebook.buck.parser.Parser] Removing targets [] for path /home/fzq/workspace/DesignTest/app/BUCK___jb_old___
[2015-07-01 14:19:47.367][debug][command:16d32867-a4f8-4993-83b1-25c52d65613a][tid:61][com.facebook.buck.parser.Parser] Parsed build files does not contain /home/fzq/workspace/DesignTest/app/BUCK, not invalidating
[2015-07-01 14:19:47.367][debug][command:16d32867-a4f8-4993-83b1-25c52d65613a][tid:61][com.facebook.buck.parser.Parser] Removing targets [] for path /home/fzq/workspace/DesignTest/app/BUCK
[2015-07-01 14:19:47.367][debug][command:16d32867-a4f8-4993-83b1-25c52d65613a][tid:61][com.facebook.buck.parser.Parser] Parsed build files does not contain /home/fzq/workspace/DesignTest/app/BUCK___jb_bak___, not invalidating
[2015-07-01 14:19:47.367][debug][command:16d32867-a4f8-4993-83b1-25c52d65613a][tid:61][com.facebook.buck.parser.Parser] Removing targets [] for path /home/fzq/workspace/DesignTest/app/BUCK___jb_bak___
[2015-07-01 14:19:47.368][debug][command:16d32867-a4f8-4993-83b1-25c52d65613a][tid:61][com.facebook.buck.parser.Parser] Parsed build files does not contain /home/fzq/workspace/DesignTest/app/BUCK, not invalidating
[2015-07-01 14:19:47.368][debug][command:16d32867-a4f8-4993-83b1-25c52d65613a][tid:61][com.facebook.buck.parser.Parser] Removing targets [] for path /home/fzq/workspace/DesignTest/app/BUCK
[2015-07-01 14:19:47.368][debug][command:16d32867-a4f8-4993-83b1-25c52d65613a][tid:61][com.facebook.buck.parser.Parser] Parsed build files does not contain /home/fzq/workspace/DesignTest/app/BUCK, not invalidating
[2015-07-01 14:19:47.368][debug][command:16d32867-a4f8-4993-83b1-25c52d65613a][tid:61][com.facebook.buck.parser.Parser] Removing targets [] for path /home/fzq/workspace/DesignTest/app/BUCK
[2015-07-01 14:19:47.368][debug][command:16d32867-a4f8-4993-83b1-25c52d65613a][tid:61][com.facebook.buck.parser.Parser] Parsed build files does not contain /home/fzq/workspace/DesignTest/.buckd/tmp/buck_run.3hMvcG/ngserver-out, not invalidating
[2015-07-01 14:19:47.368][debug][command:16d32867-a4f8-4993-83b1-25c52d65613a][tid:61][com.facebook.buck.parser.Parser] Removing targets [] for path /home/fzq/workspace/DesignTest/.buckd/tmp/buck_run.3hMvcG/ngserver-out
[2015-07-01 14:19:47.369][debug][command:16d32867-a4f8-4993-83b1-25c52d65613a][tid:61][com.facebook.buck.parser.Parser] Parsed build files does not contain /home/fzq/workspace/DesignTest/.buckd/tmp/buck_run.3hMvcG/metadata8685033406307468295tmp, not invalidating
[2015-07-01 14:19:47.369][debug][command:16d32867-a4f8-4993-83b1-25c52d65613a][tid:61][com.facebook.buck.parser.Parser] Removing targets [] for path /home/fzq/workspace/DesignTest/.buckd/tmp/buck_run.3hMvcG/metadata8685033406307468295tmp
[2015-07-01 14:19:47.370][debug][command:16d32867-a4f8-4993-83b1-25c52d65613a][tid:61][com.facebook.buck.parser.Parser] Parsed build files does not contain /home/fzq/workspace/DesignTest/.buckd/tmp/buck_run.3hMvcG/buck_artifact_build-config8331234741341231680.zip, not invalidating
[2015-07-01 14:19:47.370][debug][command:16d32867-a4f8-4993-83b1-25c52d65613a][tid:61][com.facebook.buck.parser.Parser] Removing targets [] for path /home/fzq/workspace/DesignTest/.buckd/tmp/buck_run.3hMvcG/buck_artifact_build-config8331234741341231680.zip
[2015-07-01 14:19:47.371][debug][command:16d32867-a4f8-4993-83b1-25c52d65613a][tid:61][com.facebook.buck.parser.Parser] Parsed build files does not contain /home/fzq/workspace/DesignTest/.buckd/tmp/buck_run.3hMvcG/buck_artifact_all-jars5757971772766094896.zip, not invalidating
[2015-07-01 14:19:47.371][debug][command:16d32867-a4f8-4993-83b1-25c52d65613a][tid:61][com.facebook.buck.parser.Parser] Removing targets [] for path /home/fzq/workspace/DesignTest/.buckd/tmp/buck_run.3hMvcG/buck_artifact_all-jars5757971772766094896.zip
[2015-07-01 14:19:47.372][debug][command:16d32867-a4f8-4993-83b1-25c52d65613a][tid:61][com.facebook.buck.parser.Parser] Parsed build files does not contain /home/fzq/workspace/DesignTest/.buckd/tmp/buck_run.3hMvcG/buck_artifact_src927671690247029135.zip, not invalidating
[2015-07-01 14:19:47.372][debug][command:16d32867-a4f8-4993-83b1-25c52d65613a][tid:61][com.facebook.buck.parser.Parser] Removing targets [] for path /home/fzq/workspace/DesignTest/.buckd/tmp/buck_run.3hMvcG/buck_artifact_src927671690247029135.zip
[2015-07-01 14:19:47.372][debug][command:16d32867-a4f8-4993-83b1-25c52d65613a][tid:61][com.facebook.buck.parser.Parser] Parsed build files does not contain /home/fzq/workspace/DesignTest/.buckd/tmp/buck_run.3hMvcG/buck_artifact_android-design126218308904110209.zip, not invalidating
[2015-07-01 14:19:47.372][debug][command:16d32867-a4f8-4993-83b1-25c52d65613a][tid:61][com.facebook.buck.parser.Parser] Removing targets [] for path /home/fzq/workspace/DesignTest/.buckd/tmp/buck_run.3hMvcG/buck_artifact_android-design126218308904110209.zip
[2015-07-01 14:19:47.373][debug][command:16d32867-a4f8-4993-83b1-25c52d65613a][tid:61][com.facebook.buck.parser.Parser] Parsed build files does not contain /home/fzq/workspace/DesignTest/.buckd/tmp/buck_run.3hMvcG/buck_artifact_support-v137636831814595216928.zip, not invalidating
[2015-07-01 14:19:47.373][debug][command:16d32867-a4f8-4993-83b1-25c52d65613a][tid:61][com.facebook.buck.parser.Parser] Removing targets [] for path /home/fzq/workspace/DesignTest/.buckd/tmp/buck_run.3hMvcG/buck_artifact_support-v137636831814595216928.zip
[2015-07-01 14:19:47.374][debug][command:16d32867-a4f8-4993-83b1-25c52d65613a][tid:61][com.facebook.buck.parser.Parser] Parsed build files does not contain /home/fzq/workspace/DesignTest/.buckd/tmp/buck_run.3hMvcG/buck_artifact_support-v45783619627181015484.zip, not invalidating
[2015-07-01 14:19:47.374][debug][command:16d32867-a4f8-4993-83b1-25c52d65613a][tid:61][com.facebook.buck.parser.Parser] Removing targets [] for path /home/fzq/workspace/DesignTest/.buckd/tmp/buck_run.3hMvcG/buck_artifact_support-v45783619627181015484.zip
[2015-07-01 14:19:47.376][debug][command:16d32867-a4f8-4993-83b1-25c52d65613a][tid:61][com.facebook.buck.parser.Parser] Parsed build files does not contain /home/fzq/workspace/DesignTest/.buckd/tmp/buck_run.3hMvcG/buck_artifact_build-config3367782515432488090.zip, not invalidating
[2015-07-01 14:19:47.376][debug][command:16d32867-a4f8-4993-83b1-25c52d65613a][tid:61][com.facebook.buck.parser.Parser] Removing targets [] for path /home/fzq/workspace/DesignTest/.buckd/tmp/buck_run.3hMvcG/buck_artifact_build-config3367782515432488090.zip
[2015-07-01 14:19:47.377][debug][command:16d32867-a4f8-4993-83b1-25c52d65613a][tid:61][com.facebook.buck.parser.Parser] Parsed build files does not contain /home/fzq/workspace/DesignTest/.buckd/tmp/buck_run.3hMvcG/buck_artifact_application-lib8841732577548567130.zip, not invalidating
[2015-07-01 14:19:47.377][debug][command:16d32867-a4f8-4993-83b1-25c52d65613a][tid:61][com.facebook.buck.parser.Parser] Removing targets [] for path /home/fzq/workspace/DesignTest/.buckd/tmp/buck_run.3hMvcG/buck_artifact_application-lib8841732577548567130.zip
[2015-07-01 14:19:47.377][debug][command:16d32867-a4f8-4993-83b1-25c52d65613a][tid:61][com.facebook.buck.parser.Parser] Parsed build files does not contain /home/fzq/workspace/DesignTest/.buckd/tmp/buck_run.3hMvcG/buck_artifact_all-jars5559969282388821191.zip, not invalidating
[2015-07-01 14:19:47.377][debug][command:16d32867-a4f8-4993-83b1-25c52d65613a][tid:61][com.facebook.buck.parser.Parser] Removing targets [] for path /home/fzq/workspace/DesignTest/.buckd/tmp/buck_run.3hMvcG/buck_artifact_all-jars5559969282388821191.zip
[2015-07-01 14:19:47.378][debug][command:16d32867-a4f8-4993-83b1-25c52d65613a][tid:61][com.facebook.buck.parser.Parser] Parsed build files does not contain /home/fzq/workspace/DesignTest/.buckd/tmp/buck_run.3hMvcG/buck_artifact_support-v48408682257272404432.zip, not invalidating
[2015-07-01 14:19:47.378][debug][command:16d32867-a4f8-4993-83b1-25c52d65613a][tid:61][com.facebook.buck.parser.Parser] Removing targets [] for path /home/fzq/workspace/DesignTest/.buckd/tmp/buck_run.3hMvcG/buck_artifact_support-v48408682257272404432.zip
[2015-07-01 14:19:47.379][debug][command:16d32867-a4f8-4993-83b1-25c52d65613a][tid:61][com.facebook.buck.parser.Parser] Parsed build files does not contain /home/fzq/workspace/DesignTest/.buckd/tmp/buck_run.3hMvcG/buck_artifact_support-v47576847250408800734.zip, not invalidating
[2015-07-01 14:19:47.379][debug][command:16d32867-a4f8-4993-83b1-25c52d65613a][tid:61][com.facebook.buck.parser.Parser] Removing targets [] for path /home/fzq/workspace/DesignTest/.buckd/tmp/buck_run.3hMvcG/buck_artifact_support-v47576847250408800734.zip
[2015-07-01 14:19:47.379][debug][command:16d32867-a4f8-4993-83b1-25c52d65613a][tid:61][com.facebook.buck.parser.Parser] Parsed build files does not contain /home/fzq/workspace/DesignTest/.buckd/tmp/buck_run.3hMvcG/buck_artifact_appcompat4375617119046428967.zip, not invalidating
[2015-07-01 14:19:47.379][debug][command:16d32867-a4f8-4993-83b1-25c52d65613a][tid:61][com.facebook.buck.parser.Parser] Removing targets [] for path /home/fzq/workspace/DesignTest/.buckd/tmp/buck_run.3hMvcG/buck_artifact_appcompat4375617119046428967.zip
[2015-07-01 14:19:47.380][debug][command:16d32867-a4f8-4993-83b1-25c52d65613a][tid:61][com.facebook.buck.parser.Parser] Parsed build files does not contain /home/fzq/workspace/DesignTest/.buckd/tmp/buck_run.3hMvcG/buck_artifact_appcompat3055221285669329485.zip, not invalidating
[2015-07-01 14:19:47.380][debug][command:16d32867-a4f8-4993-83b1-25c52d65613a][tid:61][com.facebook.buck.parser.Parser] Removing targets [] for path /home/fzq/workspace/DesignTest/.buckd/tmp/buck_run.3hMvcG/buck_artifact_appcompat3055221285669329485.zip
[2015-07-01 14:19:47.381][debug][command:16d32867-a4f8-4993-83b1-25c52d65613a][tid:61][com.facebook.buck.parser.Parser] Parsed build files does not contain /home/fzq/workspace/DesignTest/.buckd/tmp/buck_run.3hMvcG/buck_artifact_support-v43304754989044654824.zip, not invalidating
[2015-07-01 14:19:47.381][debug][command:16d32867-a4f8-4993-83b1-25c52d65613a][tid:61][com.facebook.buck.parser.Parser] Removing targets [] for path /home/fzq/workspace/DesignTest/.buckd/tmp/buck_run.3hMvcG/buck_artifact_support-v43304754989044654824.zip
[2015-07-01 14:19:47.381][debug][command:16d32867-a4f8-4993-83b1-25c52d65613a][tid:61][com.facebook.buck.parser.Parser] Parsed build files does not contain /home/fzq/workspace/DesignTest/.buckd/tmp/buck_run.3hMvcG/buck_artifact_support-v131731346888780684471.zip, not invalidating
[2015-07-01 14:19:47.381][debug][command:16d32867-a4f8-4993-83b1-25c52d65613a][tid:61][com.facebook.buck.parser.Parser] Removing targets [] for path /home/fzq/workspace/DesignTest/.buckd/tmp/buck_run.3hMvcG/buck_artifact_support-v131731346888780684471.zip
[2015-07-01 14:19:47.382][debug][command:16d32867-a4f8-4993-83b1-25c52d65613a][tid:61][com.facebook.buck.parser.Parser] Parsed build files does not contain /home/fzq/workspace/DesignTest/.buckd/tmp/buck_run.3hMvcG/buck_artifact_appcompat7118640902073842306.zip, not invalidating
[2015-07-01 14:19:47.382][debug][command:16d32867-a4f8-4993-83b1-25c52d65613a][tid:61][com.facebook.buck.parser.Parser] Removing targets [] for path /home/fzq/workspace/DesignTest/.buckd/tmp/buck_run.3hMvcG/buck_artifact_appcompat7118640902073842306.zip
[2015-07-01 14:19:47.383][debug][command:16d32867-a4f8-4993-83b1-25c52d65613a][tid:61][com.facebook.buck.parser.Parser] Parsed build files does not contain /home/fzq/workspace/DesignTest/.buckd/tmp/buck_run.3hMvcG/buck_artifact_app2335147701361180981.zip, not invalidating
[2015-07-01 14:19:47.383][debug][command:16d32867-a4f8-4993-83b1-25c52d65613a][tid:61][com.facebook.buck.parser.Parser] Removing targets [] for path /home/fzq/workspace/DesignTest/.buckd/tmp/buck_run.3hMvcG/buck_artifact_app2335147701361180981.zip
[2015-07-01 14:19:47.384][debug][command:16d32867-a4f8-4993-83b1-25c52d65613a][tid:61][com.facebook.buck.parser.Parser] Parsed build files does not contain /home/fzq/workspace/DesignTest/.buckd/tmp/buck_run.3hMvcG/buck_artifact_support-v133324060640923456783.zip, not invalidating
[2015-07-01 14:19:47.384][debug][command:16d32867-a4f8-4993-83b1-25c52d65613a][tid:61][com.facebook.buck.parser.Parser] Removing targets [] for path /home/fzq/workspace/DesignTest/.buckd/tmp/buck_run.3hMvcG/buck_artifact_support-v133324060640923456783.zip
[2015-07-01 14:19:47.385][debug][command:16d32867-a4f8-4993-83b1-25c52d65613a][tid:61][com.facebook.buck.parser.Parser] Parsed build files does not contain /home/fzq/workspace/DesignTest/.buckd/tmp/buck_run.3hMvcG/buck_artifact_android-design5875895854670235185.zip, not invalidating
[2015-07-01 14:19:47.385][debug][command:16d32867-a4f8-4993-83b1-25c52d65613a][tid:61][com.facebook.buck.parser.Parser] Removing targets [] for path /home/fzq/workspace/DesignTest/.buckd/tmp/buck_run.3hMvcG/buck_artifact_android-design5875895854670235185.zip
[2015-07-01 14:19:47.385][debug][command:16d32867-a4f8-4993-83b1-25c52d65613a][tid:61][com.facebook.buck.parser.Parser] Parsed build files does not contain /home/fzq/workspace/DesignTest/.buckd/tmp/buck_run.3hMvcG/buck_artifact_android-design5537980545454947701.zip, not invalidating
[2015-07-01 14:19:47.385][debug][command:16d32867-a4f8-4993-83b1-25c52d65613a][tid:61][com.facebook.buck.parser.Parser] Removing targets [] for path /home/fzq/workspace/DesignTest/.buckd/tmp/buck_run.3hMvcG/buck_artifact_android-design5537980545454947701.zip
[2015-07-01 14:19:47.386][debug][command:16d32867-a4f8-4993-83b1-25c52d65613a][tid:61][com.facebook.buck.parser.Parser] Parsed build files does not contain /home/fzq/workspace/DesignTest/.buckd/tmp/buck_run.3hMvcG/buck_artifact_res8133995657079123464.zip, not invalidating
[2015-07-01 14:19:47.386][debug][command:16d32867-a4f8-4993-83b1-25c52d65613a][tid:61][com.facebook.buck.parser.Parser] Removing targets [] for path /home/fzq/workspace/DesignTest/.buckd/tmp/buck_run.3hMvcG/buck_artifact_res8133995657079123464.zip
[2015-07-01 14:19:47.387][debug][command:16d32867-a4f8-4993-83b1-25c52d65613a][tid:61][com.facebook.buck.parser.Parser] Parsed build files does not contain /home/fzq/workspace/DesignTest/.buckd/tmp/buck_run.3hMvcG/buck_artifact_android-design8958013156848766121.zip, not invalidating
[2015-07-01 14:19:47.387][debug][command:16d32867-a4f8-4993-83b1-25c52d65613a][tid:61][com.facebook.buck.parser.Parser] Removing targets [] for path /home/fzq/workspace/DesignTest/.buckd/tmp/buck_run.3hMvcG/buck_artifact_android-design8958013156848766121.zip
[2015-07-01 14:19:47.387][debug][command:16d32867-a4f8-4993-83b1-25c52d65613a][tid:61][com.facebook.buck.parser.Parser] Parsed build files does not contain /home/fzq/workspace/DesignTest/.buckd/tmp/buck_run.3hMvcG/buck_artifact_support-v136937237800567954923.zip, not invalidating
[2015-07-01 14:19:47.388][debug][command:16d32867-a4f8-4993-83b1-25c52d65613a][tid:61][com.facebook.buck.parser.Parser] Removing targets [] for path /home/fzq/workspace/DesignTest/.buckd/tmp/buck_run.3hMvcG/buck_artifact_support-v136937237800567954923.zip
[2015-07-01 14:19:47.388][debug][command:16d32867-a4f8-4993-83b1-25c52d65613a][tid:61][com.facebook.buck.parser.Parser] Parsed build files does not contain /home/fzq/workspace/DesignTest/.buckd/tmp/buck_run.3hMvcG/buck_artifact_support-v42336154635811949569.zip, not invalidating
[2015-07-01 14:19:47.388][debug][command:16d32867-a4f8-4993-83b1-25c52d65613a][tid:61][com.facebook.buck.parser.Parser] Removing targets [] for path /home/fzq/workspace/DesignTest/.buckd/tmp/buck_run.3hMvcG/buck_artifact_support-v42336154635811949569.zip
[2015-07-01 14:19:47.389][debug][command:16d32867-a4f8-4993-83b1-25c52d65613a][tid:61][com.facebook.buck.parser.Parser] Parsed build files does not contain /home/fzq/workspace/DesignTest/.buckd/tmp/buck_run.3hMvcG/buck_artifact_support-v133139787343961684556.zip, not invalidating
[2015-07-01 14:19:47.389][debug][command:16d32867-a4f8-4993-83b1-25c52d65613a][tid:61][com.facebook.buck.parser.Parser] Removing targets [] for path /home/fzq/workspace/DesignTest/.buckd/tmp/buck_run.3hMvcG/buck_artifact_support-v133139787343961684556.zip
[2015-07-01 14:19:47.390][debug][command:16d32867-a4f8-4993-83b1-25c52d65613a][tid:61][com.facebook.buck.parser.Parser] Parsed build files does not contain /home/fzq/workspace/DesignTest/.buckd/tmp/buck_run.3hMvcG/buck_artifact_jars__buck-android-support.jar1975250887184528182.zip, not invalidating
[2015-07-01 14:19:47.390][debug][command:16d32867-a4f8-4993-83b1-25c52d65613a][tid:61][com.facebook.buck.parser.Parser] Removing targets [] for path /home/fzq/workspace/DesignTest/.buckd/tmp/buck_run.3hMvcG/buck_artifact_jars__buck-android-support.jar1975250887184528182.zip
[2015-07-01 14:19:47.391][debug][command:16d32867-a4f8-4993-83b1-25c52d65613a][tid:61][com.facebook.buck.parser.Parser] Parsed build files does not contain /home/fzq/workspace/DesignTest/.buckd/tmp/buck_run.3hMvcG/buck_artifact_manifest3837960584025656882.zip, not invalidating
[2015-07-01 14:19:47.391][debug][command:16d32867-a4f8-4993-83b1-25c52d65613a][tid:61][com.facebook.buck.parser.Parser] Removing targets [] for path /home/fzq/workspace/DesignTest/.buckd/tmp/buck_run.3hMvcG/buck_artifact_manifest3837960584025656882.zip
[2015-07-01 14:19:47.391][debug][command:16d32867-a4f8-4993-83b1-25c52d65613a][tid:61][com.facebook.buck.parser.Parser] Parsed build files does not contain /home/fzq/workspace/DesignTest/.buckd/tmp/buck_run.3hMvcG/buck_artifact_jars__buck-android-support.jar9211391815415026743.zip, not invalidating
[2015-07-01 14:19:47.392][debug][command:16d32867-a4f8-4993-83b1-25c52d65613a][tid:61][com.facebook.buck.parser.Parser] Removing targets [] for path /home/fzq/workspace/DesignTest/.buckd/tmp/buck_run.3hMvcG/buck_artifact_jars__buck-android-support.jar9211391815415026743.zip
[2015-07-01 14:19:47.392][debug][command:16d32867-a4f8-4993-83b1-25c52d65613a][tid:61][com.facebook.buck.parser.Parser] Parsed build files does not contain /home/fzq/workspace/DesignTest/.buckd/tmp/buck_run.3hMvcG/buck_artifact_debug_keystore3959319031457658816.zip, not invalidating
[2015-07-01 14:19:47.392][debug][command:16d32867-a4f8-4993-83b1-25c52d65613a][tid:61][com.facebook.buck.parser.Parser] Removing targets [] for path /home/fzq/workspace/DesignTest/.buckd/tmp/buck_run.3hMvcG/buck_artifact_debug_keystore3959319031457658816.zip
[2015-07-01 14:19:47.393][debug][command:16d32867-a4f8-4993-83b1-25c52d65613a][tid:61][com.facebook.buck.parser.Parser] Parsed build files does not contain /home/fzq/workspace/DesignTest/.buckd/tmp/buck_run.3hMvcG/buck_artifact_appcompat6981017852126943008.zip, not invalidating
[2015-07-01 14:19:47.393][debug][command:16d32867-a4f8-4993-83b1-25c52d65613a][tid:61][com.facebook.buck.parser.Parser] Removing targets [] for path /home/fzq/workspace/DesignTest/.buckd/tmp/buck_run.3hMvcG/buck_artifact_appcompat6981017852126943008.zip
[2015-07-01 14:19:47.393][debug][command:16d32867-a4f8-4993-83b1-25c52d65613a][tid:61][com.facebook.buck.parser.Parser] Parsed build files does not contain /home/fzq/workspace/DesignTest/.buckd/tmp/buck_run.3hMvcG/buck_artifact_android-design5592043995666958974.zip, not invalidating
[2015-07-01 14:19:47.394][debug][command:16d32867-a4f8-4993-83b1-25c52d65613a][tid:61][com.facebook.buck.parser.Parser] Removing targets [] for path /home/fzq/workspace/DesignTest/.buckd/tmp/buck_run.3hMvcG/buck_artifact_android-design5592043995666958974.zip
[2015-07-01 14:19:47.394][debug][command:16d32867-a4f8-4993-83b1-25c52d65613a][tid:61][com.facebook.buck.parser.Parser] Parsed build files does not contain /home/fzq/workspace/DesignTest/.buckd/tmp/buck_run.3hMvcG/buck_artifact_appcompat1305432291129986813.zip, not invalidating
[2015-07-01 14:19:47.394][debug][command:16d32867-a4f8-4993-83b1-25c52d65613a][tid:61][com.facebook.buck.parser.Parser] Removing targets [] for path /home/fzq/workspace/DesignTest/.buckd/tmp/buck_run.3hMvcG/buck_artifact_appcompat1305432291129986813.zip
[2015-07-01 14:19:47.395][debug][command:16d32867-a4f8-4993-83b1-25c52d65613a][tid:61][com.facebook.buck.parser.Parser] Parsed build files does not contain /home/fzq/workspace/DesignTest/.buckd/tmp/buck_run.3hMvcG/buck_artifact_src2769473087253719317.zip, not invalidating
[2015-07-01 14:19:47.395][debug][command:16d32867-a4f8-4993-83b1-25c52d65613a][tid:61][com.facebook.buck.parser.Parser] Removing targets [] for path /home/fzq/workspace/DesignTest/.buckd/tmp/buck_run.3hMvcG/buck_artifact_src2769473087253719317.zip
[2015-07-01 14:19:47.396][debug][command:16d32867-a4f8-4993-83b1-25c52d65613a][tid:61][com.facebook.buck.parser.Parser] Parsed build files does not contain /home/fzq/workspace/DesignTest/.buckd/tmp/buck_run.3hMvcG/buck_artifact_src4118331648439145390.zip, not invalidating
[2015-07-01 14:19:47.396][debug][command:16d32867-a4f8-4993-83b1-25c52d65613a][tid:61][com.facebook.buck.parser.Parser] Removing targets [] for path /home/fzq/workspace/DesignTest/.buckd/tmp/buck_run.3hMvcG/buck_artifact_src4118331648439145390.zip
[2015-07-01 14:19:47.396][debug][command:16d32867-a4f8-4993-83b1-25c52d65613a][tid:61][com.facebook.buck.parser.Parser] Parsed build files does not contain /home/fzq/workspace/DesignTest/.buckd/tmp/buck_run.3hMvcG/buck_artifact_application-lib433915316966025105.zip, not invalidating
[2015-07-01 14:19:47.397][debug][command:16d32867-a4f8-4993-83b1-25c52d65613a][tid:61][com.facebook.buck.parser.Parser] Removing targets [] for path /home/fzq/workspace/DesignTest/.buckd/tmp/buck_run.3hMvcG/buck_artifact_application-lib433915316966025105.zip
[2015-07-01 14:19:47.397][debug][command:16d32867-a4f8-4993-83b1-25c52d65613a][tid:61][com.facebook.buck.parser.Parser] Parsed build files does not contain /home/fzq/workspace/DesignTest/.buckd/tmp/buck_run.3hMvcG/buck_artifact_application-lib8366202434232357100.zip, not invalidating
[2015-07-01 14:19:47.397][debug][command:16d32867-a4f8-4993-83b1-25c52d65613a][tid:61][com.facebook.buck.parser.Parser] Removing targets [] for path /home/fzq/workspace/DesignTest/.buckd/tmp/buck_run.3hMvcG/buck_artifact_application-lib8366202434232357100.zip
[2015-07-01 14:19:47.398][debug][command:16d32867-a4f8-4993-83b1-25c52d65613a][tid:61][com.facebook.buck.parser.Parser] Parsed build files does not contain /home/fzq/workspace/DesignTest/.buckd/tmp/buck_run.3hMvcG/buck_artifact_app7976080302870182183.zip, not invalidating
[2015-07-01 14:19:47.398][debug][command:16d32867-a4f8-4993-83b1-25c52d65613a][tid:61][com.facebook.buck.parser.Parser] Removing targets [] for path /home/fzq/workspace/DesignTest/.buckd/tmp/buck_run.3hMvcG/buck_artifact_app7976080302870182183.zip
[2015-07-01 14:19:47.398][debug][command:16d32867-a4f8-4993-83b1-25c52d65613a][tid:61][com.facebook.buck.parser.Parser] Parsed build files does not contain /home/fzq/workspace/DesignTest/.buckd/tmp/buck_run.3hMvcG/buck_artifact_app6175396269639096946.zip, not invalidating
[2015-07-01 14:19:47.399][debug][command:16d32867-a4f8-4993-83b1-25c52d65613a][tid:61][com.facebook.buck.parser.Parser] Removing targets [] for path /home/fzq/workspace/DesignTest/.buckd/tmp/buck_run.3hMvcG/buck_artifact_app6175396269639096946.zip
[2015-07-01 14:19:47.399][debug][command:16d32867-a4f8-4993-83b1-25c52d65613a][tid:61][com.facebook.buck.parser.Parser] Parsed build files does not contain /home/fzq/workspace/DesignTest/.buckd/tmp/buck_run.3hMvcG/buck_artifact_app8057659665735308039.zip, not invalidating
[2015-07-01 14:19:47.400][debug][command:16d32867-a4f8-4993-83b1-25c52d65613a][tid:61][com.facebook.buck.parser.Parser] Removing targets [] for path /home/fzq/workspace/DesignTest/.buckd/tmp/buck_run.3hMvcG/buck_artifact_app8057659665735308039.zip
[2015-07-01 14:19:47.400][debug][command:16d32867-a4f8-4993-83b1-25c52d65613a][tid:61][com.facebook.buck.parser.Parser] Parsed build files does not contain /home/fzq/workspace/DesignTest/.buckd/tmp/buck_run.3hMvcG/buck_artifact_app4339736209536649617.zip, not invalidating
[2015-07-01 14:19:47.400][debug][command:16d32867-a4f8-4993-83b1-25c52d65613a][tid:61][com.facebook.buck.parser.Parser] Removing targets [] for path /home/fzq/workspace/DesignTest/.buckd/tmp/buck_run.3hMvcG/buck_artifact_app4339736209536649617.zip
[2015-07-01 14:19:47.401][debug][command:16d32867-a4f8-4993-83b1-25c52d65613a][tid:61][com.facebook.buck.parser.Parser] Parsed build files does not contain /home/fzq/workspace/DesignTest/.buckd/tmp/buck_run.3hMvcG/buck_artifact_app969713453271792063.zip, not invalidating
[2015-07-01 14:19:47.401][debug][command:16d32867-a4f8-4993-83b1-25c52d65613a][tid:61][com.facebook.buck.parser.Parser] Removing targets [] for path /home/fzq/workspace/DesignTest/.buckd/tmp/buck_run.3hMvcG/buck_artifact_app969713453271792063.zip
[2015-07-01 14:19:47.402][debug][command:16d32867-a4f8-4993-83b1-25c52d65613a][tid:61][com.facebook.buck.parser.Parser] Parsed build files does not contain /home/fzq/workspace/DesignTest/.buckd/tmp/buck_run.3hMvcG/buck_artifact_app8241732727534414330.zip, not invalidating
[2015-07-01 14:19:47.402][debug][command:16d32867-a4f8-4993-83b1-25c52d65613a][tid:61][com.facebook.buck.parser.Parser] Removing targets [] for path /home/fzq/workspace/DesignTest/.buckd/tmp/buck_run.3hMvcG/buck_artifact_app8241732727534414330.zip
[2015-07-01 14:19:47.403][debug][command:16d32867-a4f8-4993-83b1-25c52d65613a][tid:61][com.facebook.buck.parser.Parser] Parsed build files does not contain /home/fzq/workspace/DesignTest/.buckd/tmp/buck_run.3hMvcG/buck_artifact_app1460854173586947328.zip, not invalidating
[2015-07-01 14:19:47.403][debug][command:16d32867-a4f8-4993-83b1-25c52d65613a][tid:61][com.facebook.buck.parser.Parser] Removing targets [] for path /home/fzq/workspace/DesignTest/.buckd/tmp/buck_run.3hMvcG/buck_artifact_app1460854173586947328.zip
[2015-07-01 14:19:47.403][debug][command:16d32867-a4f8-4993-83b1-25c52d65613a][tid:61][com.facebook.buck.parser.Parser] Parsed build files does not contain /home/fzq/workspace/DesignTest/.buckd/tmp/buck_run.3hMvcG/buck8852215878066458749.py, not invalidating
[2015-07-01 14:19:47.403][debug][command:16d32867-a4f8-4993-83b1-25c52d65613a][tid:61][com.facebook.buck.parser.Parser] Removing targets [] for path /home/fzq/workspace/DesignTest/.buckd/tmp/buck_run.3hMvcG/buck8852215878066458749.py
[2015-07-01 14:19:47.403][debug][command:16d32867-a4f8-4993-83b1-25c52d65613a][tid:61][com.facebook.buck.util.WatchmanWatcher] Posted 50 Watchman events. Waiting for subprocess to exit...
[2015-07-01 14:19:47.403][debug][command:16d32867-a4f8-4993-83b1-25c52d65613a][tid:61][com.facebook.buck.util.WatchmanWatcher] Watchman exited cleanly.
[2015-07-01 14:19:47.406][debug][command:16d32867-a4f8-4993-83b1-25c52d65613a][tid:70][com.facebook.buck.event.listener.LoggingBuildListener] ArtifactCacheConnectStarted()
[2015-07-01 14:19:47.406][debug][command:16d32867-a4f8-4993-83b1-25c52d65613a][tid:70][com.facebook.buck.event.listener.LoggingBuildListener] ArtifactCacheConnectFinished()
[2015-07-01 14:19:47.406][debug][command:16d32867-a4f8-4993-83b1-25c52d65613a][tid:61][com.facebook.buck.parser.Parser] Parsing BUCK file: /home/fzq/workspace/DesignTest/app/BUCK
[2015-07-01 14:19:47.406][debug][command:16d32867-a4f8-4993-83b1-25c52d65613a][tid:61][com.facebook.buck.json.ProjectBuildFileParser] Creating temporary buck.py instance...
[2015-07-01 14:19:47.406][info ][command:16d32867-a4f8-4993-83b1-25c52d65613a][tid:70][com.facebook.buck.event.listener.LoggingBuildListener] Build started at 2015-07-01 14:19:47.358
[2015-07-01 14:19:47.408][debug][command:16d32867-a4f8-4993-83b1-25c52d65613a][tid:70][com.facebook.buck.event.listener.LoggingBuildListener] BuckFilesParseStarted()
[2015-07-01 14:19:47.444][debug][command:16d32867-a4f8-4993-83b1-25c52d65613a][tid:61][com.facebook.buck.json.ProjectBuildFileParser] Created temporary buck.py instance at /home/fzq/workspace/DesignTest/.buckd/tmp/buck_run.3hMvcG/buck4950786114297561112.py.
[2015-07-01 14:19:47.445][debug][command:16d32867-a4f8-4993-83b1-25c52d65613a][tid:61][com.facebook.buck.json.ProjectBuildFileParser] Starting buck.py command: [/usr/bin/python2, -u, /home/fzq/workspace/DesignTest/.buckd/tmp/buck_run.3hMvcG/buck4950786114297561112.py, --allow_empty_globs, --project_root, /home/fzq/workspace/DesignTest, --build_file_name, BUCK] environment: {PATH=/home/fzq/Android/Sdk/platform-tools:/home/fzq/android/tools/android-studio/gradle/gradle-2.2.1/bin:/home/fzq/android/tools/apache-ant-1.9.5/bin:/home/fzq/android/tools/linuxbrew/bin:/home/fzq/Android/android-ndk-r10e:/home/fzq/android/tools/idea-IC-141.1010.3/bin:/home/fzq/bin:/usr/local/bin:/home/fzq/Android/Sdk/platform-tools:/home/fzq/android/tools/android-studio/gradle/gradle-2.2.1/bin:/home/fzq/android/tools/apache-ant-1.9.5/bin:/home/fzq/android/tools/linuxbrew/bin:/home/fzq/Android/android-ndk-r10e:/home/fzq/android/tools/idea-IC-141.1010.3/bin:/home/fzq/bin:/usr/local/bin:/usr/local/sbin:/usr/local/bin:/usr/sbin:/usr/bin:/sbin:/bin:/usr/games:/usr/local/games:/home/fzq/android/tools/infer-linux64-v0.1.1/infer/infer/bin:/home/fzq/android/tools/infer-linux64-v0.1.1/infer/infer/bin, LC_MEASUREMENT=zh_CN.UTF-8, XAUTHORITY=/home/fzq/.Xauthority, XMODIFIERS=@im=fcitx, LC_TELEPHONE=zh_CN.UTF-8, XDG_DATA_DIRS=/usr/share/ubuntu:/usr/share/gnome:/usr/local/share/:/usr/share/, GDMSESSION=ubuntu, MANDATORY_PATH=/usr/share/gconf/ubuntu.mandatory.path, LC_TIME=zh_CN.UTF-8, TEXTDOMAINDIR=/usr/share/locale/, GTK_IM_MODULE=fcitx, DBUS_SESSION_BUS_ADDRESS=unix:abstract=/tmp/dbus-ZuwDMUi8oz, DEFAULTS_PATH=/usr/share/gconf/ubuntu.default.path, ANDROID_HOME=/home/fzq/Android/Sdk, XDG_CURRENT_DESKTOP=Unity, LD_LIBRARY_PATH=/home/fzq/android/tools/idea-IC-141.1010.3/bin:, COLORTERM=gnome-terminal, QT4_IM_MODULE=fcitx, UPSTART_SESSION=unix:abstract=/com/ubuntu/upstart-session/1000/1797, LC_PAPER=zh_CN.UTF-8, LOGNAME=fzq, PWD=/home/fzq/workspace/DesignTest, JOB=gnome-session, IM_CONFIG_PHASE=1, LANGUAGE=en_US, WINDOWID=71303180, SHELL=/bin/zsh, LC_ADDRESS=zh_CN.UTF-8, PAGER=less, INSTANCE=Unity, ANDROID_NDK=/home/fzq/Android/android-ndk-r10e, ZSH=/home/fzq/.oh-my-zsh, GNOME_DESKTOP_SESSION_ID=this-is-deprecated, UPSTART_INSTANCE=, GTK_MODULES=overlay-scrollbar:unity-gtk-module, CLUTTER_IM_MODULE=xim, XDG_SESSION_PATH=/org/freedesktop/DisplayManager/Session0, TEXTDOMAIN=im-config, LESS=-R, SESSIONTYPE=gnome-session, LC_CTYPE=en_US.UTF-8, SHLVL=2, LC_IDENTIFICATION=zh_CN.UTF-8, LC_MONETARY=zh_CN.UTF-8, NAILGUN_TTY_2=1, NAILGUN_TTY_1=1, COMPIZ_CONFIG_PROFILE=ubuntu, UPSTART_JOB=unity-settings-daemon, QT_IM_MODULE=xim, NAILGUN_TTY_0=1, TERM=xterm-256color, NAILGUN_FILESEPARATOR=/, XDG_CONFIG_DIRS=/etc/xdg/xdg-ubuntu:/usr/share/upstart/xdg:/etc/xdg, XFILESEARCHPATH=/usr/dt/app-defaults/%L/Dt, GNOME_KEYRING_CONTROL=/run/user/1000/keyring-Vwv52h, XDG_SEAT_PATH=/org/freedesktop/DisplayManager/Seat0, LANG=en_US.UTF-8, XDG_SESSION_ID=c2, GRADLE_HOME=/home/fzq/android/tools/android-studio/gradle/gradle-2.2.1, SELINUX_INIT=YES, ANT_HOME=/home/fzq/android/tools/apache-ant-1.9.5, DISPLAY=:0, BREW_HOME=/home/fzq/android/tools/linuxbrew, LC_NAME=zh_CN.UTF-8, NAILGUN_PATHSEPARATOR=:, INTELLIJ_HOME=/home/fzq/android/tools/idea-IC-141.1010.3, GDM_LANG=en_US, LSCOLORS=Gxfxcxdxbxegedabagacad, XDG_GREETER_DATA_DIR=/var/lib/lightdm-data/fzq, UPSTART_EVENTS=started starting, DESKTOP_SESSION=ubuntu, GPG_AGENT_INFO=/run/user/1000/keyring-Vwv52h/gpg:0:1, USER=fzq, VTE_VERSION=3409, LC_NUMERIC=zh_CN.UTF-8, XDG_SEAT=seat0, SSH_AUTH_SOCK=/run/user/1000/keyring-Vwv52h/ssh, NLSPATH=/usr/dt/lib/nls/msg/%L/%N.cat, QT_QPA_PLATFORMTHEME=appmenu-qt5, XDG_RUNTIME_DIR=/run/user/1000, XDG_VTNR=7, HOME=/home/fzq, GNOME_KEYRING_PID=1794}
[2015-07-01 14:19:47.450][debug][command:16d32867-a4f8-4993-83b1-25c52d65613a][tid:61][com.facebook.buck.json.ProjectBuildFileParser] Started process java.lang.UNIXProcess@77987ba5 successfully
[2015-07-01 14:19:47.450][debug][command:16d32867-a4f8-4993-83b1-25c52d65613a][tid:61][com.facebook.buck.json.ProjectBuildFileParser] Parsing output of process java.lang.UNIXProcess@77987ba5...
[2015-07-01 14:19:47.508][debug][command:16d32867-a4f8-4993-83b1-25c52d65613a][tid:61][com.facebook.buck.json.ProjectBuildFileParser] Parsed 9 rules from process
[2015-07-01 14:19:47.520][debug][command:16d32867-a4f8-4993-83b1-25c52d65613a][tid:70][com.facebook.buck.event.listener.LoggingBuildListener] ParseStarted(//app:app)
[2015-07-01 14:19:47.522][debug][command:16d32867-a4f8-4993-83b1-25c52d65613a][tid:70][com.facebook.buck.event.listener.LoggingBuildListener] ParseFinished(//app:app)
[2015-07-01 14:19:47.531][debug][command:16d32867-a4f8-4993-83b1-25c52d65613a][tid:61][com.facebook.buck.json.ProjectBuildFileParser] Waiting for process java.lang.UNIXProcess@77987ba5 to exit...
[2015-07-01 14:19:47.531][debug][command:16d32867-a4f8-4993-83b1-25c52d65613a][tid:61][com.facebook.buck.json.ProjectBuildFileParser] Process java.lang.UNIXProcess@77987ba5 exited cleanly.
[2015-07-01 14:19:47.532][debug][command:16d32867-a4f8-4993-83b1-25c52d65613a][tid:70][com.facebook.buck.event.listener.LoggingBuildListener] BuckFilesParseFinished()
[2015-07-01 14:19:47.532][debug][command:16d32867-a4f8-4993-83b1-25c52d65613a][tid:70][com.facebook.buck.event.listener.LoggingBuildListener] BuildActionGraphStarted()
[2015-07-01 14:19:47.540][debug][command:16d32867-a4f8-4993-83b1-25c52d65613a][tid:70][com.facebook.buck.event.listener.LoggingBuildListener] BuildActionGraphFinished()
[2015-07-01 14:19:47.541][debug][command:16d32867-a4f8-4993-83b1-25c52d65613a][tid:70][com.facebook.buck.event.listener.LoggingBuildListener] RuleCountCalculated(//app:app)
[2015-07-01 14:19:47.584][debug][command:16d32867-a4f8-4993-83b1-25c52d65613a][tid:70][com.facebook.buck.event.listener.LoggingBuildListener] ArtifactFetchCacheStarted(fetch:d6d8b042cbfade45dbfad5172ad4882acada0638)
[2015-07-01 14:19:47.584][debug][command:16d32867-a4f8-4993-83b1-25c52d65613a][tid:70][com.facebook.buck.event.listener.LoggingBuildListener] ArtifactFetchCacheFinished(fetch:d6d8b042cbfade45dbfad5172ad4882acada0638)
[2015-07-01 14:19:47.585][debug][command:16d32867-a4f8-4993-83b1-25c52d65613a][tid:70][com.facebook.buck.event.listener.LoggingBuildListener] ArtifactFetchCacheStarted(fetch:23c02b9f607ed9cd9c3278f519db61c22e416068)
[2015-07-01 14:19:47.585][debug][command:16d32867-a4f8-4993-83b1-25c52d65613a][tid:70][com.facebook.buck.event.listener.LoggingBuildListener] ArtifactFetchCacheFinished(fetch:23c02b9f607ed9cd9c3278f519db61c22e416068)
[2015-07-01 14:19:47.585][debug][command:16d32867-a4f8-4993-83b1-25c52d65613a][tid:70][com.facebook.buck.event.listener.LoggingBuildListener] ArtifactFetchCacheStarted(fetch:e58cef72557d06886935cca1c21a750839eecd61)
[2015-07-01 14:19:47.585][debug][command:16d32867-a4f8-4993-83b1-25c52d65613a][tid:70][com.facebook.buck.event.listener.LoggingBuildListener] ArtifactFetchCacheFinished(fetch:e58cef72557d06886935cca1c21a750839eecd61)
[2015-07-01 14:19:47.591][debug][command:16d32867-a4f8-4993-83b1-25c52d65613a][tid:70][com.facebook.buck.event.listener.LoggingBuildListener] ArtifactFetchCacheStarted(fetch:f1e1653826be358612bc594e0ae66df19a090bdf)
[2015-07-01 14:19:47.591][debug][command:16d32867-a4f8-4993-83b1-25c52d65613a][tid:70][com.facebook.buck.event.listener.LoggingBuildListener] ArtifactFetchCacheFinished(fetch:f1e1653826be358612bc594e0ae66df19a090bdf)
[2015-07-01 14:19:47.606][debug][command:16d32867-a4f8-4993-83b1-25c52d65613a][tid:70][com.facebook.buck.event.listener.LoggingBuildListener] ArtifactFetchCacheStarted(fetch:f43bf8e4003ac815b7647a233c37db43c843dff0)
[2015-07-01 14:19:47.606][debug][command:16d32867-a4f8-4993-83b1-25c52d65613a][tid:76][com.facebook.buck.rules.CachingBuildEngine] Building locally: //app:app#gen_java_android_build_config_com_designtest_app
[2015-07-01 14:19:47.606][debug][command:16d32867-a4f8-4993-83b1-25c52d65613a][tid:70][com.facebook.buck.event.listener.LoggingBuildListener] ArtifactFetchCacheFinished(fetch:f43bf8e4003ac815b7647a233c37db43c843dff0)
[2015-07-01 14:19:47.606][debug][command:16d32867-a4f8-4993-83b1-25c52d65613a][tid:76][com.facebook.buck.step.DefaultStepRunner] StepStarted(rm_&&_mkdir)
[2015-07-01 14:19:47.607][debug][command:16d32867-a4f8-4993-83b1-25c52d65613a][tid:76][com.facebook.buck.step.DefaultStepRunner] StepFinished(rm_&&_mkdir)
[2015-07-01 14:19:47.607][debug][command:16d32867-a4f8-4993-83b1-25c52d65613a][tid:76][com.facebook.buck.step.DefaultStepRunner] StepStarted(generate_build_config)
[2015-07-01 14:19:47.607][debug][command:16d32867-a4f8-4993-83b1-25c52d65613a][tid:76][com.facebook.buck.step.DefaultStepRunner] StepFinished(generate_build_config)
[2015-07-01 14:19:47.607][debug][command:16d32867-a4f8-4993-83b1-25c52d65613a][tid:76][com.facebook.buck.rules.CachingBuildEngine] Build completed: android_build_config //app:app#gen_java_android_build_config_com_designtest_app (1295880ns)
[2015-07-01 14:19:47.609][debug][command:16d32867-a4f8-4993-83b1-25c52d65613a][tid:76][com.facebook.buck.rules.CachingBuildEngine] Building locally: //app:app#buildconfig_com_designtest_app
[2015-07-01 14:19:47.615][debug][command:16d32867-a4f8-4993-83b1-25c52d65613a][tid:76][com.facebook.buck.step.DefaultStepRunner] StepStarted(rm_&&_mkdir)
[2015-07-01 14:19:47.616][debug][command:16d32867-a4f8-4993-83b1-25c52d65613a][tid:76][com.facebook.buck.step.DefaultStepRunner] StepFinished(rm_&&_mkdir)
[2015-07-01 14:19:47.616][debug][command:16d32867-a4f8-4993-83b1-25c52d65613a][tid:76][com.facebook.buck.step.DefaultStepRunner] StepStarted(rm_&&_mkdir)
[2015-07-01 14:19:47.617][debug][command:16d32867-a4f8-4993-83b1-25c52d65613a][tid:76][com.facebook.buck.step.DefaultStepRunner] StepFinished(rm_&&_mkdir)
[2015-07-01 14:19:47.617][debug][command:16d32867-a4f8-4993-83b1-25c52d65613a][tid:76][com.facebook.buck.step.DefaultStepRunner] StepStarted(mkdir)
[2015-07-01 14:19:47.617][debug][command:16d32867-a4f8-4993-83b1-25c52d65613a][tid:76][com.facebook.buck.step.DefaultStepRunner] StepFinished(mkdir)
[2015-07-01 14:19:47.617][debug][command:16d32867-a4f8-4993-83b1-25c52d65613a][tid:76][com.facebook.buck.step.DefaultStepRunner] StepStarted(javac)
[2015-07-01 14:19:47.645][debug][command:16d32867-a4f8-4993-83b1-25c52d65613a][tid:76][com.facebook.buck.step.DefaultStepRunner] StepFinished(javac)
[2015-07-01 14:19:47.650][debug][command:16d32867-a4f8-4993-83b1-25c52d65613a][tid:76][com.facebook.buck.step.DefaultStepRunner] StepStarted(copy_resources)
[2015-07-01 14:19:47.650][debug][command:16d32867-a4f8-4993-83b1-25c52d65613a][tid:76][com.facebook.buck.step.DefaultStepRunner] StepFinished(copy_resources)
[2015-07-01 14:19:47.651][debug][command:16d32867-a4f8-4993-83b1-25c52d65613a][tid:76][com.facebook.buck.step.DefaultStepRunner] StepStarted(rm_&&_mkdir)
[2015-07-01 14:19:47.653][debug][command:16d32867-a4f8-4993-83b1-25c52d65613a][tid:76][com.facebook.buck.step.DefaultStepRunner] StepFinished(rm_&&_mkdir)
[2015-07-01 14:19:47.654][debug][command:16d32867-a4f8-4993-83b1-25c52d65613a][tid:76][com.facebook.buck.step.DefaultStepRunner] StepStarted(mkdir)
[2015-07-01 14:19:47.655][debug][command:16d32867-a4f8-4993-83b1-25c52d65613a][tid:76][com.facebook.buck.step.DefaultStepRunner] StepFinished(mkdir)
[2015-07-01 14:19:47.655][debug][command:16d32867-a4f8-4993-83b1-25c52d65613a][tid:76][com.facebook.buck.step.DefaultStepRunner] StepStarted(jar)
[2015-07-01 14:19:47.658][debug][command:16d32867-a4f8-4993-83b1-25c52d65613a][tid:76][com.facebook.buck.step.DefaultStepRunner] StepFinished(jar)
[2015-07-01 14:19:47.658][debug][command:16d32867-a4f8-4993-83b1-25c52d65613a][tid:76][com.facebook.buck.step.DefaultStepRunner] StepStarted(calculate_abi)
[2015-07-01 14:19:47.661][debug][command:16d32867-a4f8-4993-83b1-25c52d65613a][tid:76][com.facebook.buck.step.DefaultStepRunner] StepFinished(calculate_abi)
[2015-07-01 14:19:47.661][debug][command:16d32867-a4f8-4993-83b1-25c52d65613a][tid:76][com.facebook.buck.step.DefaultStepRunner] StepStarted(mkdir)
[2015-07-01 14:19:47.662][debug][command:16d32867-a4f8-4993-83b1-25c52d65613a][tid:76][com.facebook.buck.step.DefaultStepRunner] StepFinished(mkdir)
[2015-07-01 14:19:47.662][debug][command:16d32867-a4f8-4993-83b1-25c52d65613a][tid:76][com.facebook.buck.step.DefaultStepRunner] StepStarted(get_class_names)
[2015-07-01 14:19:47.664][debug][command:16d32867-a4f8-4993-83b1-25c52d65613a][tid:76][com.facebook.buck.step.DefaultStepRunner] StepFinished(get_class_names)
[2015-07-01 14:19:47.664][debug][command:16d32867-a4f8-4993-83b1-25c52d65613a][tid:76][com.facebook.buck.rules.CachingBuildEngine] Build completed: android_build_config_java_library //app:app#buildconfig_com_designtest_app (55337029ns)
[2015-07-01 14:19:47.672][debug][command:16d32867-a4f8-4993-83b1-25c52d65613a][tid:72][com.facebook.buck.rules.CachingBuildEngine] Building locally: //app:app#dex_buildconfig_com_designtest_app
[2015-07-01 14:19:47.673][debug][command:16d32867-a4f8-4993-83b1-25c52d65613a][tid:72][com.facebook.buck.step.DefaultStepRunner] StepStarted(rm)
[2015-07-01 14:19:47.674][debug][command:16d32867-a4f8-4993-83b1-25c52d65613a][tid:72][com.facebook.buck.step.DefaultStepRunner] StepFinished(rm)
[2015-07-01 14:19:47.674][debug][command:16d32867-a4f8-4993-83b1-25c52d65613a][tid:72][com.facebook.buck.step.DefaultStepRunner] StepStarted(mkdir)
[2015-07-01 14:19:47.674][debug][command:16d32867-a4f8-4993-83b1-25c52d65613a][tid:72][com.facebook.buck.step.DefaultStepRunner] StepFinished(mkdir)
[2015-07-01 14:19:47.675][debug][command:16d32867-a4f8-4993-83b1-25c52d65613a][tid:72][com.facebook.buck.step.DefaultStepRunner] StepStarted(estimate_linear_alloc)
[2015-07-01 14:19:47.675][debug][command:16d32867-a4f8-4993-83b1-25c52d65613a][tid:72][com.facebook.buck.step.DefaultStepRunner] StepFinished(estimate_linear_alloc)
[2015-07-01 14:19:47.677][debug][command:16d32867-a4f8-4993-83b1-25c52d65613a][tid:72][com.facebook.buck.shell.ShellStep] Command: /home/fzq/android/tools/buck/third-party/java/dx-from-kitkat/etc/dx --dex --no-optimize --force-jumbo --output /home/fzq/workspace/DesignTest/buck-out/gen/app/app#dex_buildconfig_com_designtest_app.dex.jar /home/fzq/workspace/DesignTest/buck-out/gen/app/lib__app#buildconfig_com_designtest_app__output/app#buildconfig_com_designtest_app.jar
[2015-07-01 14:19:47.678][debug][command:16d32867-a4f8-4993-83b1-25c52d65613a][tid:72][com.facebook.buck.step.DefaultStepRunner] StepStarted(dx)
[2015-07-01 14:19:47.695][debug][command:16d32867-a4f8-4993-83b1-25c52d65613a][tid:72][com.facebook.buck.step.DefaultStepRunner] StepFinished(dx)
[2015-07-01 14:19:47.695][debug][command:16d32867-a4f8-4993-83b1-25c52d65613a][tid:72][com.facebook.buck.step.DefaultStepRunner] StepStarted(record_dx_success)
[2015-07-01 14:19:47.701][debug][command:16d32867-a4f8-4993-83b1-25c52d65613a][tid:72][com.facebook.buck.step.DefaultStepRunner] StepFinished(record_dx_success)
[2015-07-01 14:19:47.702][debug][command:16d32867-a4f8-4993-83b1-25c52d65613a][tid:72][com.facebook.buck.rules.CachingBuildEngine] Build completed: dex_produced_from_java_library //app:app#dex_buildconfig_com_designtest_app (29685379ns)
[2015-07-01 14:19:47.711][debug][command:16d32867-a4f8-4993-83b1-25c52d65613a][tid:73][com.facebook.buck.rules.CachingBuildEngine] Building locally: //app:app#dex_merge
[2015-07-01 14:19:47.712][debug][command:16d32867-a4f8-4993-83b1-25c52d65613a][tid:73][com.facebook.buck.step.DefaultStepRunner] StepStarted(mkdir)
[2015-07-01 14:19:47.712][debug][command:16d32867-a4f8-4993-83b1-25c52d65613a][tid:73][com.facebook.buck.step.DefaultStepRunner] StepFinished(mkdir)
[2015-07-01 14:19:47.712][debug][command:16d32867-a4f8-4993-83b1-25c52d65613a][tid:73][com.facebook.buck.shell.ShellStep] Command: /home/fzq/android/tools/buck/third-party/java/dx-from-kitkat/etc/dx --dex --no-optimize --output /home/fzq/workspace/DesignTest/buck-out/bin/app/.dex/app/classes.dex /home/fzq/workspace/DesignTest/buck-out/gen/app/app#dex_buildconfig_com_designtest_app.dex.jar /home/fzq/workspace/DesignTest/buck-out/gen/libs/android-design#aar_prebuilt_jar,dex.dex.jar /home/fzq/workspace/DesignTest/buck-out/gen/libs/appcompat#aar_prebuilt_jar,dex.dex.jar /home/fzq/workspace/DesignTest/buck-out/gen/libs/jars__buck-android-support.jar#dex.dex.jar /home/fzq/workspace/DesignTest/buck-out/gen/libs/support-v13#aar_prebuilt_jar,dex.dex.jar /home/fzq/workspace/DesignTest/buck-out/gen/libs/support-v4#aar_prebuilt_jar,dex.dex.jar /home/fzq/workspace/DesignTest/buck-out/gen/app/application-lib#dex.dex.jar /home/fzq/workspace/DesignTest/buck-out/gen/app/src#dex.dex.jar /home/fzq/workspace/DesignTest/buck-out/bin/app/__app#aapt_package_rdotjava_dex__/classes.dex.jar
[2015-07-01 14:19:47.713][debug][command:16d32867-a4f8-4993-83b1-25c52d65613a][tid:73][com.facebook.buck.step.DefaultStepRunner] StepStarted(dx)
[2015-07-01 14:19:48.153][debug][command:16d32867-a4f8-4993-83b1-25c52d65613a][tid:73][com.facebook.buck.step.DefaultStepRunner] StepFinished(dx)
[2015-07-01 14:19:48.153][debug][command:16d32867-a4f8-4993-83b1-25c52d65613a][tid:73][com.facebook.buck.rules.CachingBuildEngine] Build completed: pre_dex_merge //app:app#dex_merge (442107583ns)
[2015-07-01 14:19:48.155][warn ][command:16d32867-a4f8-4993-83b1-25c52d65613a][tid:73][com.facebook.buck.rules.DefaultOnDiskBuildInfo] DefaultOnDiskBuildInfo.getHash(primary_dex_hash): Hash not found
[2015-07-01 14:19:48.156][debug][command:16d32867-a4f8-4993-83b1-25c52d65613a][tid:75][com.facebook.buck.rules.CachingBuildEngine] Building locally: //app:app
[2015-07-01 14:19:48.157][debug][command:16d32867-a4f8-4993-83b1-25c52d65613a][tid:75][com.facebook.buck.step.DefaultStepRunner] StepStarted(mkdir)
[2015-07-01 14:19:48.157][debug][command:16d32867-a4f8-4993-83b1-25c52d65613a][tid:75][com.facebook.buck.step.DefaultStepRunner] StepFinished(mkdir)
[2015-07-01 14:19:48.157][debug][command:16d32867-a4f8-4993-83b1-25c52d65613a][tid:75][com.facebook.buck.step.DefaultStepRunner] StepStarted(cp)
[2015-07-01 14:19:48.157][debug][command:16d32867-a4f8-4993-83b1-25c52d65613a][tid:75][com.facebook.buck.step.DefaultStepRunner] StepFinished(cp)
[2015-07-01 14:19:48.158][debug][command:16d32867-a4f8-4993-83b1-25c52d65613a][tid:75][com.facebook.buck.step.DefaultStepRunner] StepStarted(apk_builder)
[2015-07-01 14:19:48.864][debug][command:16d32867-a4f8-4993-83b1-25c52d65613a][tid:75][com.facebook.buck.step.DefaultStepRunner] StepFinished(apk_builder)
[2015-07-01 14:19:48.864][debug][command:16d32867-a4f8-4993-83b1-25c52d65613a][tid:75][com.facebook.buck.shell.ShellStep] Command: /home/fzq/Android/Sdk/build-tools/22.0.1/zipalign -f 4 buck-out/gen/app/app.signed.apk buck-out/gen/app/app.apk
[2015-07-01 14:19:48.865][debug][command:16d32867-a4f8-4993-83b1-25c52d65613a][tid:75][com.facebook.buck.step.DefaultStepRunner] StepStarted(zipalign)
[2015-07-01 14:19:48.878][debug][command:16d32867-a4f8-4993-83b1-25c52d65613a][tid:75][com.facebook.buck.step.DefaultStepRunner] StepFinished(zipalign)
[2015-07-01 14:19:48.878][debug][command:16d32867-a4f8-4993-83b1-25c52d65613a][tid:75][com.facebook.buck.step.DefaultStepRunner] StepStarted(echo)
[2015-07-01 14:19:48.878][debug][command:16d32867-a4f8-4993-83b1-25c52d65613a][tid:75][com.facebook.buck.step.DefaultStepRunner] StepFinished(echo)
[2015-07-01 14:19:48.878][info ][command:16d32867-a4f8-4993-83b1-25c52d65613a][tid:70][com.facebook.buck.event.listener.LoggingBuildListener] built APK for //app:app at buck-out/gen/app/app.apk
[2015-07-01 14:19:48.878][debug][command:16d32867-a4f8-4993-83b1-25c52d65613a][tid:75][com.facebook.buck.rules.CachingBuildEngine] Build completed: android_binary //app:app (722300697ns)
[2015-07-01 14:19:48.888][info ][command:16d32867-a4f8-4993-83b1-25c52d65613a][tid:70][com.facebook.buck.event.listener.LoggingBuildListener] Build finished at 2015-07-01 14:19:48.887
[2015-07-01 14:19:48.888][debug][command:16d32867-a4f8-4993-83b1-25c52d65613a][tid:70][com.facebook.buck.event.listener.LoggingBuildListener] InstallStarted(//app:app)
[2015-07-01 14:19:48.888][debug][command:16d32867-a4f8-4993-83b1-25c52d65613a][tid:70][com.facebook.buck.event.listener.LoggingBuildListener] set_up_adb_call()
[2015-07-01 14:19:48.889][debug][command:16d32867-a4f8-4993-83b1-25c52d65613a][tid:70][com.facebook.buck.event.listener.LoggingBuildListener] set_up_adb_call()
[2015-07-01 14:19:49.046][info ][command:16d32867-a4f8-4993-83b1-25c52d65613a][tid:70][com.facebook.buck.event.listener.LoggingBuildListener] Installing apk on c234e09d (MI 4LTE).
[2015-07-01 14:19:52.665][debug][command:16d32867-a4f8-4993-83b1-25c52d65613a][tid:61][com.facebook.buck.util.Console] Build success: Successfully ran install apk on 1 device(s)
[2015-07-01 14:19:52.665][debug][command:16d32867-a4f8-4993-83b1-25c52d65613a][tid:70][com.facebook.buck.event.listener.LoggingBuildListener] InstallFinished(//app:app)
[2015-07-01 14:19:52.672][debug][command:16d32867-a4f8-4993-83b1-25c52d65613a][tid:70][com.facebook.buck.event.listener.LoggingBuildListener] StartActivityStarted(//app:app com.designtest.app/com.designtest.app.MainActivity)
[2015-07-01 14:19:52.672][debug][command:16d32867-a4f8-4993-83b1-25c52d65613a][tid:70][com.facebook.buck.event.listener.LoggingBuildListener] set_up_adb_call()
[2015-07-01 14:19:52.672][debug][command:16d32867-a4f8-4993-83b1-25c52d65613a][tid:70][com.facebook.buck.event.listener.LoggingBuildListener] set_up_adb_call()
[2015-07-01 14:19:52.749][debug][command:null][tid:69][com.facebook.buck.event.listener.SuperConsoleEventBusListener] Stopping console output (stdout dirty true, stderr dirty true).
[2015-07-01 14:19:52.749][debug][command:null][tid:69][com.facebook.buck.event.listener.SuperConsoleEventBusListener] Stopping render scheduler
[2015-07-01 14:19:53.383][debug][command:16d32867-a4f8-4993-83b1-25c52d65613a][tid:61][com.facebook.buck.util.Console] Build success: Successfully ran start activity on 1 device(s)
[2015-07-01 14:19:53.384][debug][command:16d32867-a4f8-4993-83b1-25c52d65613a][tid:61][com.facebook.buck.parser.Parser] Cleaning cache of build files with inputs under symlink []
[2015-07-01 14:19:53.384][debug][command:16d32867-a4f8-4993-83b1-25c52d65613a][tid:70][com.facebook.buck.event.listener.LoggingBuildListener] StartActivityFinished(//app:app com.designtest.app/com.designtest.app.MainActivity)
[2015-07-01 14:19:53.384][debug][command:16d32867-a4f8-4993-83b1-25c52d65613a][tid:70][com.facebook.buck.event.listener.LoggingBuildListener] CommandFinished(install, isDaemon: true)
[2015-07-01 14:19:53.384][debug][command:16d32867-a4f8-4993-83b1-25c52d65613a][tid:61][com.facebook.buck.event.listener.SuperConsoleEventBusListener] Stopping render scheduler
[2015-07-01 14:19:53.384][debug][command:16d32867-a4f8-4993-83b1-25c52d65613a][tid:61][com.facebook.buck.event.listener.SuperConsoleEventBusListener] Stopping console output (stdout dirty true, stderr dirty true).
[2015-07-01 14:19:53.385][debug][command:16d32867-a4f8-4993-83b1-25c52d65613a][tid:61][com.facebook.buck.event.listener.SuperConsoleEventBusListener] Stopping render scheduler
[2015-07-01 14:19:53.386][debug][command:16d32867-a4f8-4993-83b1-25c52d65613a][tid:61][com.facebook.buck.event.listener.ChromeTraceBuildListener] Writing Chrome trace to buck-out/log/traces/build.2015-07-01.14-19-53.16d32867-a4f8-4993-83b1-25c52d65613a.trace
[2015-07-01 14:19:53.428][debug][command:16d32867-a4f8-4993-83b1-25c52d65613a][tid:61][com.facebook.buck.cli.Main] Done.
[2015-07-01 14:19:53.428][debug][command:null][tid:61][class com.martiansoftware.nailgun.NGSession] Nail finished.
[2015-07-01 14:19:53.429][debug][command:null][tid:61][class com.martiansoftware.nailgun.NGSession] Closing client streams and socket.
[2015-07-01 14:20:24.607][debug][command:null][tid:65][class com.martiansoftware.nailgun.NGSession] Received connection from 127.0.0.1
[2015-07-01 14:20:24.610][debug][command:null][tid:65][class com.martiansoftware.nailgun.NGSession] Working directory: /home/fzq/workspace/DesignTest
[2015-07-01 14:20:24.610][debug][command:null][tid:65][class com.martiansoftware.nailgun.NGSession] Received command: ng-stats
[2015-07-01 14:20:24.610][debug][command:null][tid:65][class com.martiansoftware.nailgun.NGSession] Invoking main method: public static void com.martiansoftware.nailgun.builtins.NGServerStats.nailMain(com.martiansoftware.nailgun.NGContext)
[2015-07-01 14:20:24.611][debug][command:null][tid:65][class com.martiansoftware.nailgun.NGSession] Nail finished.
[2015-07-01 14:20:24.611][debug][command:null][tid:65][class com.martiansoftware.nailgun.NGSession] Writing exit command with successful status 0 to client.
[2015-07-01 14:20:24.611][debug][command:null][tid:65][class com.martiansoftware.nailgun.NGSession] Closing client streams and socket.
[2015-07-01 14:20:24.615][debug][command:null][tid:82][class com.martiansoftware.nailgun.NGSession] Received connection from 127.0.0.1
[2015-07-01 14:20:24.617][debug][command:null][tid:82][class com.martiansoftware.nailgun.NGSession] Working directory: /home/fzq/workspace/DesignTest
[2015-07-01 14:20:24.617][debug][command:null][tid:82][class com.martiansoftware.nailgun.NGSession] Received command: ng-stats
[2015-07-01 14:20:24.618][debug][command:null][tid:82][class com.martiansoftware.nailgun.NGSession] Invoking main method: public static void com.martiansoftware.nailgun.builtins.NGServerStats.nailMain(com.martiansoftware.nailgun.NGContext)
[2015-07-01 14:20:24.618][debug][command:null][tid:82][class com.martiansoftware.nailgun.NGSession] Nail finished.
[2015-07-01 14:20:24.618][debug][command:null][tid:82][class com.martiansoftware.nailgun.NGSession] Writing exit command with successful status 0 to client.
[2015-07-01 14:20:24.618][debug][command:null][tid:82][class com.martiansoftware.nailgun.NGSession] Closing client streams and socket.
[2015-07-01 14:20:24.621][debug][command:null][tid:84][class com.martiansoftware.nailgun.NGSession] Received connection from 127.0.0.1
[2015-07-01 14:20:24.621][debug][command:null][tid:84][class com.martiansoftware.nailgun.NGSession] Received command line argument: install
[2015-07-01 14:20:24.621][debug][command:null][tid:84][class com.martiansoftware.nailgun.NGSession] Received command line argument: -r
[2015-07-01 14:20:24.621][debug][command:null][tid:84][class com.martiansoftware.nailgun.NGSession] Received command line argument: app:app
[2015-07-01 14:20:24.622][debug][command:null][tid:84][class com.martiansoftware.nailgun.NGSession] Working directory: /home/fzq/workspace/DesignTest
[2015-07-01 14:20:24.622][debug][command:null][tid:84][class com.martiansoftware.nailgun.NGSession] Received command: com.facebook.buck.cli.Main
[2015-07-01 14:20:24.623][debug][command:null][tid:84][class com.martiansoftware.nailgun.NGSession] Invoking main method: public static void com.facebook.buck.cli.Main.nailMain(com.martiansoftware.nailgun.NGContext) throws java.lang.InterruptedException
[2015-07-01 14:20:24.624][debug][command:43458bdb-da3f-4a23-ae60-a111ccff8d2e][tid:84][com.facebook.buck.cli.Main] Rotating log.
