[2015-07-01 14:31:52.008][debug][command:a261fd59-aa94-4ca9-aafa-faf15aff88c9][tid:14][com.facebook.buck.cli.Main] Starting up (build date 2015-06-17 16:35:48 +0800, rev b19139c16670e7f886b0bce6243fcd7f27c2a1a3), args: [clean]
[2015-07-01 14:31:52.135][debug][command:a261fd59-aa94-4ca9-aafa-faf15aff88c9][tid:14][com.facebook.buck.cli.BuckConfig] Loaded a configuration file /home/fzq/workspace/DesignTest/.buckconfig: {alias={app=//apps/DesignTest:app}, android={target=Google Inc.:Google APIs:21}, project={ignore=.git}, intellij={default_android_manifest_path=src/main/AndroidManifest.xml, default_android_resource_path=src/main/res}}
[2015-07-01 14:31:52.135][debug][command:a261fd59-aa94-4ca9-aafa-faf15aff88c9][tid:14][com.facebook.buck.cli.BuckConfig] Adding configuration overrides: {}
[2015-07-01 14:31:52.151][debug][command:a261fd59-aa94-4ca9-aafa-faf15aff88c9][tid:14][com.facebook.buck.cli.BuckConfig] Loaded a configuration file /home/fzq/workspace/DesignTest/.buckconfig: {alias={app=//apps/DesignTest:app}, android={target=Google Inc.:Google APIs:21}, project={ignore=.git}, intellij={default_android_manifest_path=src/main/AndroidManifest.xml, default_android_resource_path=src/main/res}}
[2015-07-01 14:31:52.152][debug][command:a261fd59-aa94-4ca9-aafa-faf15aff88c9][tid:14][com.facebook.buck.cli.BuckConfig] Adding configuration overrides: {}
[2015-07-01 14:31:52.167][debug][command:a261fd59-aa94-4ca9-aafa-faf15aff88c9][tid:14][com.facebook.buck.io.ExecutableFinder] Executable 'python2' mapped to 'Optional.of(/usr/bin/python2)'
[2015-07-01 14:31:52.254][warn ][command:a261fd59-aa94-4ca9-aafa-faf15aff88c9][tid:14][com.facebook.buck.apple.AppleConfig] Could not execute xcode-select, continuing without developer dir.
[2015-07-01 14:31:52.279][debug][command:a261fd59-aa94-4ca9-aafa-faf15aff88c9][tid:14][com.facebook.buck.io.ExecutableFinder] Executable '/home/fzq/Android/android-ndk-r10e/toolchains/arm-linux-androideabi-4.8/prebuilt/linux-x86_64/arm-linux-androideabi/bin/as' mapped to 'Optional.of(/home/fzq/Android/android-ndk-r10e/toolchains/arm-linux-androideabi-4.8/prebuilt/linux-x86_64/arm-linux-androideabi/bin/as)'
[2015-07-01 14:31:52.280][debug][command:a261fd59-aa94-4ca9-aafa-faf15aff88c9][tid:14][com.facebook.buck.io.ExecutableFinder] Executable '/home/fzq/Android/android-ndk-r10e/toolchains/arm-linux-androideabi-4.8/prebuilt/linux-x86_64/arm-linux-androideabi/bin/gcc' mapped to 'Optional.of(/home/fzq/Android/android-ndk-r10e/toolchains/arm-linux-androideabi-4.8/prebuilt/linux-x86_64/arm-linux-androideabi/bin/gcc)'
[2015-07-01 14:31:52.280][debug][command:a261fd59-aa94-4ca9-aafa-faf15aff88c9][tid:14][com.facebook.buck.io.ExecutableFinder] Executable '/home/fzq/Android/android-ndk-r10e/toolchains/arm-linux-androideabi-4.8/prebuilt/linux-x86_64/arm-linux-androideabi/bin/gcc' mapped to 'Optional.of(/home/fzq/Android/android-ndk-r10e/toolchains/arm-linux-androideabi-4.8/prebuilt/linux-x86_64/arm-linux-androideabi/bin/gcc)'
[2015-07-01 14:31:52.281][debug][command:a261fd59-aa94-4ca9-aafa-faf15aff88c9][tid:14][com.facebook.buck.io.ExecutableFinder] Executable '/home/fzq/Android/android-ndk-r10e/toolchains/arm-linux-androideabi-4.8/prebuilt/linux-x86_64/arm-linux-androideabi/bin/gcc' mapped to 'Optional.of(/home/fzq/Android/android-ndk-r10e/toolchains/arm-linux-androideabi-4.8/prebuilt/linux-x86_64/arm-linux-androideabi/bin/gcc)'
[2015-07-01 14:31:52.282][debug][command:a261fd59-aa94-4ca9-aafa-faf15aff88c9][tid:14][com.facebook.buck.io.ExecutableFinder] Executable '/home/fzq/Android/android-ndk-r10e/toolchains/arm-linux-androideabi-4.8/prebuilt/linux-x86_64/arm-linux-androideabi/bin/g++' mapped to 'Optional.of(/home/fzq/Android/android-ndk-r10e/toolchains/arm-linux-androideabi-4.8/prebuilt/linux-x86_64/arm-linux-androideabi/bin/g++)'
[2015-07-01 14:31:52.283][debug][command:a261fd59-aa94-4ca9-aafa-faf15aff88c9][tid:14][com.facebook.buck.io.ExecutableFinder] Executable '/home/fzq/Android/android-ndk-r10e/toolchains/arm-linux-androideabi-4.8/prebuilt/linux-x86_64/arm-linux-androideabi/bin/g++' mapped to 'Optional.of(/home/fzq/Android/android-ndk-r10e/toolchains/arm-linux-androideabi-4.8/prebuilt/linux-x86_64/arm-linux-androideabi/bin/g++)'
[2015-07-01 14:31:52.285][debug][command:a261fd59-aa94-4ca9-aafa-faf15aff88c9][tid:14][com.facebook.buck.io.ExecutableFinder] Executable '/home/fzq/Android/android-ndk-r10e/toolchains/arm-linux-androideabi-4.8/prebuilt/linux-x86_64/arm-linux-androideabi/bin/g++' mapped to 'Optional.of(/home/fzq/Android/android-ndk-r10e/toolchains/arm-linux-androideabi-4.8/prebuilt/linux-x86_64/arm-linux-androideabi/bin/g++)'
[2015-07-01 14:31:52.286][debug][command:a261fd59-aa94-4ca9-aafa-faf15aff88c9][tid:14][com.facebook.buck.io.ExecutableFinder] Executable '/home/fzq/Android/android-ndk-r10e/toolchains/arm-linux-androideabi-4.8/prebuilt/linux-x86_64/arm-linux-androideabi/bin/ld.gold' mapped to 'Optional.of(/home/fzq/Android/android-ndk-r10e/toolchains/arm-linux-androideabi-4.8/prebuilt/linux-x86_64/arm-linux-androideabi/bin/ld.gold)'
[2015-07-01 14:31:52.286][debug][command:a261fd59-aa94-4ca9-aafa-faf15aff88c9][tid:14][com.facebook.buck.io.ExecutableFinder] Executable '/home/fzq/Android/android-ndk-r10e/toolchains/arm-linux-androideabi-4.8/prebuilt/linux-x86_64/arm-linux-androideabi/bin/ar' mapped to 'Optional.of(/home/fzq/Android/android-ndk-r10e/toolchains/arm-linux-androideabi-4.8/prebuilt/linux-x86_64/arm-linux-androideabi/bin/ar)'
[2015-07-01 14:31:52.299][debug][command:a261fd59-aa94-4ca9-aafa-faf15aff88c9][tid:14][com.facebook.buck.io.ExecutableFinder] Executable '/home/fzq/Android/android-ndk-r10e/toolchains/arm-linux-androideabi-4.8/prebuilt/linux-x86_64/arm-linux-androideabi/bin/objcopy' mapped to 'Optional.of(/home/fzq/Android/android-ndk-r10e/toolchains/arm-linux-androideabi-4.8/prebuilt/linux-x86_64/arm-linux-androideabi/bin/objcopy)'
[2015-07-01 14:31:52.301][debug][command:a261fd59-aa94-4ca9-aafa-faf15aff88c9][tid:14][com.facebook.buck.io.ExecutableFinder] Executable '/home/fzq/Android/android-ndk-r10e/toolchains/arm-linux-androideabi-4.8/prebuilt/linux-x86_64/arm-linux-androideabi/bin/as' mapped to 'Optional.of(/home/fzq/Android/android-ndk-r10e/toolchains/arm-linux-androideabi-4.8/prebuilt/linux-x86_64/arm-linux-androideabi/bin/as)'
[2015-07-01 14:31:52.302][debug][command:a261fd59-aa94-4ca9-aafa-faf15aff88c9][tid:14][com.facebook.buck.io.ExecutableFinder] Executable '/home/fzq/Android/android-ndk-r10e/toolchains/arm-linux-androideabi-4.8/prebuilt/linux-x86_64/arm-linux-androideabi/bin/gcc' mapped to 'Optional.of(/home/fzq/Android/android-ndk-r10e/toolchains/arm-linux-androideabi-4.8/prebuilt/linux-x86_64/arm-linux-androideabi/bin/gcc)'
[2015-07-01 14:31:52.302][debug][command:a261fd59-aa94-4ca9-aafa-faf15aff88c9][tid:14][com.facebook.buck.io.ExecutableFinder] Executable '/home/fzq/Android/android-ndk-r10e/toolchains/arm-linux-androideabi-4.8/prebuilt/linux-x86_64/arm-linux-androideabi/bin/gcc' mapped to 'Optional.of(/home/fzq/Android/android-ndk-r10e/toolchains/arm-linux-androideabi-4.8/prebuilt/linux-x86_64/arm-linux-androideabi/bin/gcc)'
[2015-07-01 14:31:52.303][debug][command:a261fd59-aa94-4ca9-aafa-faf15aff88c9][tid:14][com.facebook.buck.io.ExecutableFinder] Executable '/home/fzq/Android/android-ndk-r10e/toolchains/arm-linux-androideabi-4.8/prebuilt/linux-x86_64/arm-linux-androideabi/bin/gcc' mapped to 'Optional.of(/home/fzq/Android/android-ndk-r10e/toolchains/arm-linux-androideabi-4.8/prebuilt/linux-x86_64/arm-linux-androideabi/bin/gcc)'
[2015-07-01 14:31:52.304][debug][command:a261fd59-aa94-4ca9-aafa-faf15aff88c9][tid:14][com.facebook.buck.io.ExecutableFinder] Executable '/home/fzq/Android/android-ndk-r10e/toolchains/arm-linux-androideabi-4.8/prebuilt/linux-x86_64/arm-linux-androideabi/bin/g++' mapped to 'Optional.of(/home/fzq/Android/android-ndk-r10e/toolchains/arm-linux-androideabi-4.8/prebuilt/linux-x86_64/arm-linux-androideabi/bin/g++)'
[2015-07-01 14:31:52.305][debug][command:a261fd59-aa94-4ca9-aafa-faf15aff88c9][tid:14][com.facebook.buck.io.ExecutableFinder] Executable '/home/fzq/Android/android-ndk-r10e/toolchains/arm-linux-androideabi-4.8/prebuilt/linux-x86_64/arm-linux-androideabi/bin/g++' mapped to 'Optional.of(/home/fzq/Android/android-ndk-r10e/toolchains/arm-linux-androideabi-4.8/prebuilt/linux-x86_64/arm-linux-androideabi/bin/g++)'
[2015-07-01 14:31:52.307][debug][command:a261fd59-aa94-4ca9-aafa-faf15aff88c9][tid:14][com.facebook.buck.io.ExecutableFinder] Executable '/home/fzq/Android/android-ndk-r10e/toolchains/arm-linux-androideabi-4.8/prebuilt/linux-x86_64/arm-linux-androideabi/bin/g++' mapped to 'Optional.of(/home/fzq/Android/android-ndk-r10e/toolchains/arm-linux-androideabi-4.8/prebuilt/linux-x86_64/arm-linux-androideabi/bin/g++)'
[2015-07-01 14:31:52.308][debug][command:a261fd59-aa94-4ca9-aafa-faf15aff88c9][tid:14][com.facebook.buck.io.ExecutableFinder] Executable '/home/fzq/Android/android-ndk-r10e/toolchains/arm-linux-androideabi-4.8/prebuilt/linux-x86_64/arm-linux-androideabi/bin/ld.gold' mapped to 'Optional.of(/home/fzq/Android/android-ndk-r10e/toolchains/arm-linux-androideabi-4.8/prebuilt/linux-x86_64/arm-linux-androideabi/bin/ld.gold)'
[2015-07-01 14:31:52.308][debug][command:a261fd59-aa94-4ca9-aafa-faf15aff88c9][tid:14][com.facebook.buck.io.ExecutableFinder] Executable '/home/fzq/Android/android-ndk-r10e/toolchains/arm-linux-androideabi-4.8/prebuilt/linux-x86_64/arm-linux-androideabi/bin/ar' mapped to 'Optional.of(/home/fzq/Android/android-ndk-r10e/toolchains/arm-linux-androideabi-4.8/prebuilt/linux-x86_64/arm-linux-androideabi/bin/ar)'
[2015-07-01 14:31:52.309][debug][command:a261fd59-aa94-4ca9-aafa-faf15aff88c9][tid:14][com.facebook.buck.io.ExecutableFinder] Executable '/home/fzq/Android/android-ndk-r10e/toolchains/arm-linux-androideabi-4.8/prebuilt/linux-x86_64/arm-linux-androideabi/bin/objcopy' mapped to 'Optional.of(/home/fzq/Android/android-ndk-r10e/toolchains/arm-linux-androideabi-4.8/prebuilt/linux-x86_64/arm-linux-androideabi/bin/objcopy)'
[2015-07-01 14:31:52.310][debug][command:a261fd59-aa94-4ca9-aafa-faf15aff88c9][tid:14][com.facebook.buck.io.ExecutableFinder] Executable '/home/fzq/Android/android-ndk-r10e/toolchains/x86-4.8/prebuilt/linux-x86_64/i686-linux-android/bin/as' mapped to 'Optional.of(/home/fzq/Android/android-ndk-r10e/toolchains/x86-4.8/prebuilt/linux-x86_64/i686-linux-android/bin/as)'
[2015-07-01 14:31:52.311][debug][command:a261fd59-aa94-4ca9-aafa-faf15aff88c9][tid:14][com.facebook.buck.io.ExecutableFinder] Executable '/home/fzq/Android/android-ndk-r10e/toolchains/x86-4.8/prebuilt/linux-x86_64/i686-linux-android/bin/gcc' mapped to 'Optional.of(/home/fzq/Android/android-ndk-r10e/toolchains/x86-4.8/prebuilt/linux-x86_64/i686-linux-android/bin/gcc)'
[2015-07-01 14:31:52.311][debug][command:a261fd59-aa94-4ca9-aafa-faf15aff88c9][tid:14][com.facebook.buck.io.ExecutableFinder] Executable '/home/fzq/Android/android-ndk-r10e/toolchains/x86-4.8/prebuilt/linux-x86_64/i686-linux-android/bin/gcc' mapped to 'Optional.of(/home/fzq/Android/android-ndk-r10e/toolchains/x86-4.8/prebuilt/linux-x86_64/i686-linux-android/bin/gcc)'
[2015-07-01 14:31:52.312][debug][command:a261fd59-aa94-4ca9-aafa-faf15aff88c9][tid:14][com.facebook.buck.io.ExecutableFinder] Executable '/home/fzq/Android/android-ndk-r10e/toolchains/x86-4.8/prebuilt/linux-x86_64/i686-linux-android/bin/gcc' mapped to 'Optional.of(/home/fzq/Android/android-ndk-r10e/toolchains/x86-4.8/prebuilt/linux-x86_64/i686-linux-android/bin/gcc)'
[2015-07-01 14:31:52.313][debug][command:a261fd59-aa94-4ca9-aafa-faf15aff88c9][tid:14][com.facebook.buck.io.ExecutableFinder] Executable '/home/fzq/Android/android-ndk-r10e/toolchains/x86-4.8/prebuilt/linux-x86_64/i686-linux-android/bin/g++' mapped to 'Optional.of(/home/fzq/Android/android-ndk-r10e/toolchains/x86-4.8/prebuilt/linux-x86_64/i686-linux-android/bin/g++)'
[2015-07-01 14:31:52.316][debug][command:a261fd59-aa94-4ca9-aafa-faf15aff88c9][tid:14][com.facebook.buck.io.ExecutableFinder] Executable '/home/fzq/Android/android-ndk-r10e/toolchains/x86-4.8/prebuilt/linux-x86_64/i686-linux-android/bin/g++' mapped to 'Optional.of(/home/fzq/Android/android-ndk-r10e/toolchains/x86-4.8/prebuilt/linux-x86_64/i686-linux-android/bin/g++)'
[2015-07-01 14:31:52.317][debug][command:a261fd59-aa94-4ca9-aafa-faf15aff88c9][tid:14][com.facebook.buck.io.ExecutableFinder] Executable '/home/fzq/Android/android-ndk-r10e/toolchains/x86-4.8/prebuilt/linux-x86_64/i686-linux-android/bin/g++' mapped to 'Optional.of(/home/fzq/Android/android-ndk-r10e/toolchains/x86-4.8/prebuilt/linux-x86_64/i686-linux-android/bin/g++)'
[2015-07-01 14:31:52.318][debug][command:a261fd59-aa94-4ca9-aafa-faf15aff88c9][tid:14][com.facebook.buck.io.ExecutableFinder] Executable '/home/fzq/Android/android-ndk-r10e/toolchains/x86-4.8/prebuilt/linux-x86_64/i686-linux-android/bin/ld.gold' mapped to 'Optional.of(/home/fzq/Android/android-ndk-r10e/toolchains/x86-4.8/prebuilt/linux-x86_64/i686-linux-android/bin/ld.gold)'
[2015-07-01 14:31:52.319][debug][command:a261fd59-aa94-4ca9-aafa-faf15aff88c9][tid:14][com.facebook.buck.io.ExecutableFinder] Executable '/home/fzq/Android/android-ndk-r10e/toolchains/x86-4.8/prebuilt/linux-x86_64/i686-linux-android/bin/ar' mapped to 'Optional.of(/home/fzq/Android/android-ndk-r10e/toolchains/x86-4.8/prebuilt/linux-x86_64/i686-linux-android/bin/ar)'
[2015-07-01 14:31:52.319][debug][command:a261fd59-aa94-4ca9-aafa-faf15aff88c9][tid:14][com.facebook.buck.io.ExecutableFinder] Executable '/home/fzq/Android/android-ndk-r10e/toolchains/x86-4.8/prebuilt/linux-x86_64/i686-linux-android/bin/objcopy' mapped to 'Optional.of(/home/fzq/Android/android-ndk-r10e/toolchains/x86-4.8/prebuilt/linux-x86_64/i686-linux-android/bin/objcopy)'
[2015-07-01 14:31:52.329][debug][command:a261fd59-aa94-4ca9-aafa-faf15aff88c9][tid:14][com.facebook.buck.cxx.CxxPlatforms] Using system default C++ platform CxxPlatform{flavor=default, as=com.facebook.buck.cxx.HashedFileTool@4da523ac, asflags=[], aspp=com.facebook.buck.cxx.HashedFileTool@7ab697d1, asppflags=[], cc=com.facebook.buck.cxx.HashedFileTool@3c5a22d0, cflags=[], cxx=com.facebook.buck.cxx.HashedFileTool@30c9f8e0, cxxflags=[], cpp=com.facebook.buck.cxx.HashedFileTool@54151516, cppflags=[], cxxpp=com.facebook.buck.cxx.HashedFileTool@1a53185a, cxxppflags=[], cxxld=com.facebook.buck.cxx.HashedFileTool@7772e562, cxxldflags=[], ld=com.facebook.buck.cxx.GnuLinker@8830d94, ldflags=[], runtimeLdflags={}, ar=com.facebook.buck.cxx.HashedFileTool@74421437, arflags=[], arExpectedGlobalHeader=[33, 60, 97, 114, 99, 104, 62, 10], lex=Optional.of(com.facebook.buck.cxx.HashedFileTool@76d1432d), lexFlags=[], yacc=Optional.of(com.facebook.buck.cxx.HashedFileTool@16e8e160), yaccFlags=[-y], sharedLibraryExtension=so, debugPathSanitizer=com.facebook.buck.cxx.DebugPathSanitizer@617a184}
[2015-07-01 14:31:52.397][debug][command:a261fd59-aa94-4ca9-aafa-faf15aff88c9][tid:14][com.facebook.buck.io.ExecutableFinder] Executable 'python2' mapped to 'Optional.of(/usr/bin/python2)'
[2015-07-01 14:31:52.411][debug][command:a261fd59-aa94-4ca9-aafa-faf15aff88c9][tid:14][com.facebook.buck.io.ExecutableFinder] Executable 'python2' mapped to 'Optional.of(/usr/bin/python2)'
[2015-07-01 14:31:52.425][debug][command:a261fd59-aa94-4ca9-aafa-faf15aff88c9][tid:14][com.facebook.buck.cli.Main] Starting up daemon for project root [/home/fzq/workspace/DesignTest]
[2015-07-01 14:31:52.451][debug][command:a261fd59-aa94-4ca9-aafa-faf15aff88c9][tid:14][com.facebook.buck.io.ExecutableFinder] Executable 'python2' mapped to 'Optional.of(/usr/bin/python2)'
[2015-07-01 14:31:52.474][debug][command:a261fd59-aa94-4ca9-aafa-faf15aff88c9][tid:14][com.facebook.buck.cli.Main] Using watchman to watch for file changes.
[2015-07-01 14:31:52.576][debug][command:a261fd59-aa94-4ca9-aafa-faf15aff88c9][tid:14][com.facebook.buck.event.listener.SuperConsoleEventBusListener] Starting render scheduler (interval 100 ms)
[2015-07-01 14:31:52.588][debug][command:a261fd59-aa94-4ca9-aafa-faf15aff88c9][tid:14][com.facebook.buck.io.ExecutableFinder] Executable 'python2' mapped to 'Optional.of(/usr/bin/python2)'
[2015-07-01 14:31:52.611][debug][command:a261fd59-aa94-4ca9-aafa-faf15aff88c9][tid:14][com.facebook.buck.util.WatchmanWatcher] Starting watchman command: [watchman, --server-encoding=json, --no-pretty, -j]
[2015-07-01 14:31:52.612][debug][command:a261fd59-aa94-4ca9-aafa-faf15aff88c9][tid:25][com.facebook.buck.event.listener.LoggingBuildListener] CommandStarted(clean, isDaemon: true)
[2015-07-01 14:31:52.613][debug][command:a261fd59-aa94-4ca9-aafa-faf15aff88c9][tid:14][com.facebook.buck.util.WatchmanWatcher] Writing query to Watchman: ["query","/home/fzq/workspace/DesignTest",{"since":"n:buckde83c1424-20f5-430d-a2e6-0d6adb92af02","expression":["not",["anyof",["type","d"],["match","buck-out/*","wholename"],["match",".idea/*","wholename"],["match","/home/fzq/workspace/DesignTest/.buckd/*","wholename"],["match","/home/fzq/workspace/DesignTest/buck-cache/*","wholename"],["match",".git/*","wholename"],["match","*.pbxproj","wholename"],["match","*.xcscheme","wholename"],["match","*.xcworkspacedata","wholename"]]],"empty_on_fresh_instance":true,"fields":["name","exists","new"]}]
[2015-07-01 14:31:52.621][debug][command:a261fd59-aa94-4ca9-aafa-faf15aff88c9][tid:14][com.facebook.buck.util.WatchmanWatcher] Parsing JSON output from Watchman
[2015-07-01 14:31:52.636][info ][command:a261fd59-aa94-4ca9-aafa-faf15aff88c9][tid:14][com.facebook.buck.util.WatchmanWatcher] Fresh watchman instance detected. Posting overflow event to flush caches.
[2015-07-01 14:31:52.637][debug][command:a261fd59-aa94-4ca9-aafa-faf15aff88c9][tid:14][com.facebook.buck.parser.Parser] Parser invalidating entire cache on overflow.
[2015-07-01 14:31:52.637][debug][command:a261fd59-aa94-4ca9-aafa-faf15aff88c9][tid:14][com.facebook.buck.parser.Parser] Invalidating all cached data.
[2015-07-01 14:31:52.637][debug][command:a261fd59-aa94-4ca9-aafa-faf15aff88c9][tid:14][com.facebook.buck.util.DefaultFileHashCache] Invalidating all
[2015-07-01 14:31:52.638][debug][command:a261fd59-aa94-4ca9-aafa-faf15aff88c9][tid:14][com.facebook.buck.util.WatchmanWatcher] Posted 0 Watchman events. Waiting for subprocess to exit...
[2015-07-01 14:31:52.638][debug][command:a261fd59-aa94-4ca9-aafa-faf15aff88c9][tid:14][com.facebook.buck.util.WatchmanWatcher] Watchman exited cleanly.
[2015-07-01 14:31:52.732][debug][command:a261fd59-aa94-4ca9-aafa-faf15aff88c9][tid:14][com.facebook.buck.parser.Parser] Cleaning cache of build files with inputs under symlink []
[2015-07-01 14:31:52.733][debug][command:a261fd59-aa94-4ca9-aafa-faf15aff88c9][tid:25][com.facebook.buck.event.listener.LoggingBuildListener] CommandFinished(clean, isDaemon: true)
[2015-07-01 14:31:52.734][debug][command:a261fd59-aa94-4ca9-aafa-faf15aff88c9][tid:14][com.facebook.buck.event.listener.SuperConsoleEventBusListener] Stopping render scheduler
[2015-07-01 14:31:52.735][debug][command:a261fd59-aa94-4ca9-aafa-faf15aff88c9][tid:14][com.facebook.buck.event.listener.ChromeTraceBuildListener] Writing Chrome trace to buck-out/log/traces/build.2015-07-01.14-31-52.a261fd59-aa94-4ca9-aafa-faf15aff88c9.trace
[2015-07-01 14:31:52.800][debug][command:a261fd59-aa94-4ca9-aafa-faf15aff88c9][tid:14][com.facebook.buck.cli.Main] Done.
[2015-07-01 14:31:52.801][debug][command:null][tid:14][class com.martiansoftware.nailgun.NGSession] Nail finished.
[2015-07-01 14:31:52.802][debug][command:null][tid:14][class com.martiansoftware.nailgun.NGSession] Closing client streams and socket.
[2015-07-01 14:31:56.947][debug][command:null][tid:17][class com.martiansoftware.nailgun.NGSession] Received connection from 127.0.0.1
[2015-07-01 14:31:56.950][debug][command:null][tid:17][class com.martiansoftware.nailgun.NGSession] Working directory: /home/fzq/workspace/DesignTest
[2015-07-01 14:31:56.951][debug][command:null][tid:17][class com.martiansoftware.nailgun.NGSession] Received command: ng-stats
[2015-07-01 14:31:56.954][debug][command:null][tid:17][class com.martiansoftware.nailgun.NGSession] Invoking main method: public static void com.martiansoftware.nailgun.builtins.NGServerStats.nailMain(com.martiansoftware.nailgun.NGContext)
[2015-07-01 14:31:56.954][debug][command:null][tid:17][class com.martiansoftware.nailgun.NGSession] Nail finished.
[2015-07-01 14:31:56.955][debug][command:null][tid:17][class com.martiansoftware.nailgun.NGSession] Writing exit command with successful status 0 to client.
[2015-07-01 14:31:56.955][debug][command:null][tid:17][class com.martiansoftware.nailgun.NGSession] Closing client streams and socket.
[2015-07-01 14:31:56.962][debug][command:null][tid:26][class com.martiansoftware.nailgun.NGSession] Received connection from 127.0.0.1
[2015-07-01 14:31:56.965][debug][command:null][tid:26][class com.martiansoftware.nailgun.NGSession] Working directory: /home/fzq/workspace/DesignTest
[2015-07-01 14:31:56.965][debug][command:null][tid:26][class com.martiansoftware.nailgun.NGSession] Received command: ng-stats
[2015-07-01 14:31:56.967][debug][command:null][tid:26][class com.martiansoftware.nailgun.NGSession] Invoking main method: public static void com.martiansoftware.nailgun.builtins.NGServerStats.nailMain(com.martiansoftware.nailgun.NGContext)
[2015-07-01 14:31:56.969][debug][command:null][tid:26][class com.martiansoftware.nailgun.NGSession] Nail finished.
[2015-07-01 14:31:56.969][debug][command:null][tid:26][class com.martiansoftware.nailgun.NGSession] Writing exit command with successful status 0 to client.
[2015-07-01 14:31:56.970][debug][command:null][tid:26][class com.martiansoftware.nailgun.NGSession] Closing client streams and socket.
[2015-07-01 14:31:56.974][debug][command:null][tid:29][class com.martiansoftware.nailgun.NGSession] Received connection from 127.0.0.1
[2015-07-01 14:31:56.975][debug][command:null][tid:29][class com.martiansoftware.nailgun.NGSession] Received command line argument: install
[2015-07-01 14:31:56.975][debug][command:null][tid:29][class com.martiansoftware.nailgun.NGSession] Received command line argument: -r
[2015-07-01 14:31:56.975][debug][command:null][tid:29][class com.martiansoftware.nailgun.NGSession] Received command line argument: app:app
[2015-07-01 14:31:56.976][debug][command:null][tid:29][class com.martiansoftware.nailgun.NGSession] Working directory: /home/fzq/workspace/DesignTest
[2015-07-01 14:31:56.976][debug][command:null][tid:29][class com.martiansoftware.nailgun.NGSession] Received command: com.facebook.buck.cli.Main
[2015-07-01 14:31:56.979][debug][command:null][tid:29][class com.martiansoftware.nailgun.NGSession] Invoking main method: public static void com.facebook.buck.cli.Main.nailMain(com.martiansoftware.nailgun.NGContext) throws java.lang.InterruptedException
[2015-07-01 14:31:56.980][debug][command:3cce3a44-cde7-420a-9df5-f769aa0de1f4][tid:29][com.facebook.buck.cli.Main] Rotating log.
