[2015-07-01 14:32:40.935][debug][command:a0f794ac-8dc2-46c5-9905-36dd97225ca1][tid:50][com.facebook.buck.cli.Main] Starting up (build date 2015-06-17 16:35:48 +0800, rev b19139c16670e7f886b0bce6243fcd7f27c2a1a3), args: [project]
[2015-07-01 14:32:40.955][debug][command:a0f794ac-8dc2-46c5-9905-36dd97225ca1][tid:50][com.facebook.buck.cli.BuckConfig] Loaded a configuration file /home/fzq/workspace/DesignTest/.buckconfig: {alias={app=//apps/DesignTest:app}, android={target=Google Inc.:Google APIs:21}, project={ignore=.git}, intellij={default_android_manifest_path=src/main/AndroidManifest.xml, default_android_resource_path=src/main/res}}
[2015-07-01 14:32:40.955][debug][command:a0f794ac-8dc2-46c5-9905-36dd97225ca1][tid:50][com.facebook.buck.cli.BuckConfig] Adding configuration overrides: {}
[2015-07-01 14:32:40.957][debug][command:a0f794ac-8dc2-46c5-9905-36dd97225ca1][tid:50][com.facebook.buck.cli.BuckConfig] Loaded a configuration file /home/fzq/workspace/DesignTest/.buckconfig: {alias={app=//apps/DesignTest:app}, android={target=Google Inc.:Google APIs:21}, project={ignore=.git}, intellij={default_android_manifest_path=src/main/AndroidManifest.xml, default_android_resource_path=src/main/res}}
[2015-07-01 14:32:40.957][debug][command:a0f794ac-8dc2-46c5-9905-36dd97225ca1][tid:50][com.facebook.buck.cli.BuckConfig] Adding configuration overrides: {}
[2015-07-01 14:32:40.959][debug][command:a0f794ac-8dc2-46c5-9905-36dd97225ca1][tid:50][com.facebook.buck.io.ExecutableFinder] Executable 'python2' mapped to 'Optional.of(/usr/bin/python2)'
[2015-07-01 14:32:40.966][warn ][command:a0f794ac-8dc2-46c5-9905-36dd97225ca1][tid:50][com.facebook.buck.apple.AppleConfig] Could not execute xcode-select, continuing without developer dir.
[2015-07-01 14:32:40.967][debug][command:a0f794ac-8dc2-46c5-9905-36dd97225ca1][tid:50][com.facebook.buck.io.ExecutableFinder] Executable '/home/fzq/Android/android-ndk-r10e/toolchains/arm-linux-androideabi-4.8/prebuilt/linux-x86_64/arm-linux-androideabi/bin/as' mapped to 'Optional.of(/home/fzq/Android/android-ndk-r10e/toolchains/arm-linux-androideabi-4.8/prebuilt/linux-x86_64/arm-linux-androideabi/bin/as)'
[2015-07-01 14:32:40.968][debug][command:a0f794ac-8dc2-46c5-9905-36dd97225ca1][tid:50][com.facebook.buck.io.ExecutableFinder] Executable '/home/fzq/Android/android-ndk-r10e/toolchains/arm-linux-androideabi-4.8/prebuilt/linux-x86_64/arm-linux-androideabi/bin/gcc' mapped to 'Optional.of(/home/fzq/Android/android-ndk-r10e/toolchains/arm-linux-androideabi-4.8/prebuilt/linux-x86_64/arm-linux-androideabi/bin/gcc)'
[2015-07-01 14:32:40.968][debug][command:a0f794ac-8dc2-46c5-9905-36dd97225ca1][tid:50][com.facebook.buck.io.ExecutableFinder] Executable '/home/fzq/Android/android-ndk-r10e/toolchains/arm-linux-androideabi-4.8/prebuilt/linux-x86_64/arm-linux-androideabi/bin/gcc' mapped to 'Optional.of(/home/fzq/Android/android-ndk-r10e/toolchains/arm-linux-androideabi-4.8/prebuilt/linux-x86_64/arm-linux-androideabi/bin/gcc)'
[2015-07-01 14:32:40.968][debug][command:a0f794ac-8dc2-46c5-9905-36dd97225ca1][tid:50][com.facebook.buck.io.ExecutableFinder] Executable '/home/fzq/Android/android-ndk-r10e/toolchains/arm-linux-androideabi-4.8/prebuilt/linux-x86_64/arm-linux-androideabi/bin/gcc' mapped to 'Optional.of(/home/fzq/Android/android-ndk-r10e/toolchains/arm-linux-androideabi-4.8/prebuilt/linux-x86_64/arm-linux-androideabi/bin/gcc)'
[2015-07-01 14:32:40.968][debug][command:a0f794ac-8dc2-46c5-9905-36dd97225ca1][tid:50][com.facebook.buck.io.ExecutableFinder] Executable '/home/fzq/Android/android-ndk-r10e/toolchains/arm-linux-androideabi-4.8/prebuilt/linux-x86_64/arm-linux-androideabi/bin/g++' mapped to 'Optional.of(/home/fzq/Android/android-ndk-r10e/toolchains/arm-linux-androideabi-4.8/prebuilt/linux-x86_64/arm-linux-androideabi/bin/g++)'
[2015-07-01 14:32:40.969][debug][command:a0f794ac-8dc2-46c5-9905-36dd97225ca1][tid:50][com.facebook.buck.io.ExecutableFinder] Executable '/home/fzq/Android/android-ndk-r10e/toolchains/arm-linux-androideabi-4.8/prebuilt/linux-x86_64/arm-linux-androideabi/bin/g++' mapped to 'Optional.of(/home/fzq/Android/android-ndk-r10e/toolchains/arm-linux-androideabi-4.8/prebuilt/linux-x86_64/arm-linux-androideabi/bin/g++)'
[2015-07-01 14:32:40.969][debug][command:a0f794ac-8dc2-46c5-9905-36dd97225ca1][tid:50][com.facebook.buck.io.ExecutableFinder] Executable '/home/fzq/Android/android-ndk-r10e/toolchains/arm-linux-androideabi-4.8/prebuilt/linux-x86_64/arm-linux-androideabi/bin/g++' mapped to 'Optional.of(/home/fzq/Android/android-ndk-r10e/toolchains/arm-linux-androideabi-4.8/prebuilt/linux-x86_64/arm-linux-androideabi/bin/g++)'
[2015-07-01 14:32:40.969][debug][command:a0f794ac-8dc2-46c5-9905-36dd97225ca1][tid:50][com.facebook.buck.io.ExecutableFinder] Executable '/home/fzq/Android/android-ndk-r10e/toolchains/arm-linux-androideabi-4.8/prebuilt/linux-x86_64/arm-linux-androideabi/bin/ld.gold' mapped to 'Optional.of(/home/fzq/Android/android-ndk-r10e/toolchains/arm-linux-androideabi-4.8/prebuilt/linux-x86_64/arm-linux-androideabi/bin/ld.gold)'
[2015-07-01 14:32:40.970][debug][command:a0f794ac-8dc2-46c5-9905-36dd97225ca1][tid:50][com.facebook.buck.io.ExecutableFinder] Executable '/home/fzq/Android/android-ndk-r10e/toolchains/arm-linux-androideabi-4.8/prebuilt/linux-x86_64/arm-linux-androideabi/bin/ar' mapped to 'Optional.of(/home/fzq/Android/android-ndk-r10e/toolchains/arm-linux-androideabi-4.8/prebuilt/linux-x86_64/arm-linux-androideabi/bin/ar)'
[2015-07-01 14:32:40.971][debug][command:a0f794ac-8dc2-46c5-9905-36dd97225ca1][tid:50][com.facebook.buck.io.ExecutableFinder] Executable '/home/fzq/Android/android-ndk-r10e/toolchains/arm-linux-androideabi-4.8/prebuilt/linux-x86_64/arm-linux-androideabi/bin/objcopy' mapped to 'Optional.of(/home/fzq/Android/android-ndk-r10e/toolchains/arm-linux-androideabi-4.8/prebuilt/linux-x86_64/arm-linux-androideabi/bin/objcopy)'
[2015-07-01 14:32:40.972][debug][command:a0f794ac-8dc2-46c5-9905-36dd97225ca1][tid:50][com.facebook.buck.io.ExecutableFinder] Executable '/home/fzq/Android/android-ndk-r10e/toolchains/arm-linux-androideabi-4.8/prebuilt/linux-x86_64/arm-linux-androideabi/bin/as' mapped to 'Optional.of(/home/fzq/Android/android-ndk-r10e/toolchains/arm-linux-androideabi-4.8/prebuilt/linux-x86_64/arm-linux-androideabi/bin/as)'
[2015-07-01 14:32:40.972][debug][command:a0f794ac-8dc2-46c5-9905-36dd97225ca1][tid:50][com.facebook.buck.io.ExecutableFinder] Executable '/home/fzq/Android/android-ndk-r10e/toolchains/arm-linux-androideabi-4.8/prebuilt/linux-x86_64/arm-linux-androideabi/bin/gcc' mapped to 'Optional.of(/home/fzq/Android/android-ndk-r10e/toolchains/arm-linux-androideabi-4.8/prebuilt/linux-x86_64/arm-linux-androideabi/bin/gcc)'
[2015-07-01 14:32:40.972][debug][command:a0f794ac-8dc2-46c5-9905-36dd97225ca1][tid:50][com.facebook.buck.io.ExecutableFinder] Executable '/home/fzq/Android/android-ndk-r10e/toolchains/arm-linux-androideabi-4.8/prebuilt/linux-x86_64/arm-linux-androideabi/bin/gcc' mapped to 'Optional.of(/home/fzq/Android/android-ndk-r10e/toolchains/arm-linux-androideabi-4.8/prebuilt/linux-x86_64/arm-linux-androideabi/bin/gcc)'
[2015-07-01 14:32:40.973][debug][command:a0f794ac-8dc2-46c5-9905-36dd97225ca1][tid:50][com.facebook.buck.io.ExecutableFinder] Executable '/home/fzq/Android/android-ndk-r10e/toolchains/arm-linux-androideabi-4.8/prebuilt/linux-x86_64/arm-linux-androideabi/bin/gcc' mapped to 'Optional.of(/home/fzq/Android/android-ndk-r10e/toolchains/arm-linux-androideabi-4.8/prebuilt/linux-x86_64/arm-linux-androideabi/bin/gcc)'
[2015-07-01 14:32:40.973][debug][command:a0f794ac-8dc2-46c5-9905-36dd97225ca1][tid:50][com.facebook.buck.io.ExecutableFinder] Executable '/home/fzq/Android/android-ndk-r10e/toolchains/arm-linux-androideabi-4.8/prebuilt/linux-x86_64/arm-linux-androideabi/bin/g++' mapped to 'Optional.of(/home/fzq/Android/android-ndk-r10e/toolchains/arm-linux-androideabi-4.8/prebuilt/linux-x86_64/arm-linux-androideabi/bin/g++)'
[2015-07-01 14:32:40.973][debug][command:a0f794ac-8dc2-46c5-9905-36dd97225ca1][tid:50][com.facebook.buck.io.ExecutableFinder] Executable '/home/fzq/Android/android-ndk-r10e/toolchains/arm-linux-androideabi-4.8/prebuilt/linux-x86_64/arm-linux-androideabi/bin/g++' mapped to 'Optional.of(/home/fzq/Android/android-ndk-r10e/toolchains/arm-linux-androideabi-4.8/prebuilt/linux-x86_64/arm-linux-androideabi/bin/g++)'
[2015-07-01 14:32:40.974][debug][command:a0f794ac-8dc2-46c5-9905-36dd97225ca1][tid:50][com.facebook.buck.io.ExecutableFinder] Executable '/home/fzq/Android/android-ndk-r10e/toolchains/arm-linux-androideabi-4.8/prebuilt/linux-x86_64/arm-linux-androideabi/bin/g++' mapped to 'Optional.of(/home/fzq/Android/android-ndk-r10e/toolchains/arm-linux-androideabi-4.8/prebuilt/linux-x86_64/arm-linux-androideabi/bin/g++)'
[2015-07-01 14:32:40.974][debug][command:a0f794ac-8dc2-46c5-9905-36dd97225ca1][tid:50][com.facebook.buck.io.ExecutableFinder] Executable '/home/fzq/Android/android-ndk-r10e/toolchains/arm-linux-androideabi-4.8/prebuilt/linux-x86_64/arm-linux-androideabi/bin/ld.gold' mapped to 'Optional.of(/home/fzq/Android/android-ndk-r10e/toolchains/arm-linux-androideabi-4.8/prebuilt/linux-x86_64/arm-linux-androideabi/bin/ld.gold)'
[2015-07-01 14:32:40.975][debug][command:a0f794ac-8dc2-46c5-9905-36dd97225ca1][tid:50][com.facebook.buck.io.ExecutableFinder] Executable '/home/fzq/Android/android-ndk-r10e/toolchains/arm-linux-androideabi-4.8/prebuilt/linux-x86_64/arm-linux-androideabi/bin/ar' mapped to 'Optional.of(/home/fzq/Android/android-ndk-r10e/toolchains/arm-linux-androideabi-4.8/prebuilt/linux-x86_64/arm-linux-androideabi/bin/ar)'
[2015-07-01 14:32:40.975][debug][command:a0f794ac-8dc2-46c5-9905-36dd97225ca1][tid:50][com.facebook.buck.io.ExecutableFinder] Executable '/home/fzq/Android/android-ndk-r10e/toolchains/arm-linux-androideabi-4.8/prebuilt/linux-x86_64/arm-linux-androideabi/bin/objcopy' mapped to 'Optional.of(/home/fzq/Android/android-ndk-r10e/toolchains/arm-linux-androideabi-4.8/prebuilt/linux-x86_64/arm-linux-androideabi/bin/objcopy)'
[2015-07-01 14:32:40.976][debug][command:a0f794ac-8dc2-46c5-9905-36dd97225ca1][tid:50][com.facebook.buck.io.ExecutableFinder] Executable '/home/fzq/Android/android-ndk-r10e/toolchains/x86-4.8/prebuilt/linux-x86_64/i686-linux-android/bin/as' mapped to 'Optional.of(/home/fzq/Android/android-ndk-r10e/toolchains/x86-4.8/prebuilt/linux-x86_64/i686-linux-android/bin/as)'
[2015-07-01 14:32:40.976][debug][command:a0f794ac-8dc2-46c5-9905-36dd97225ca1][tid:50][com.facebook.buck.io.ExecutableFinder] Executable '/home/fzq/Android/android-ndk-r10e/toolchains/x86-4.8/prebuilt/linux-x86_64/i686-linux-android/bin/gcc' mapped to 'Optional.of(/home/fzq/Android/android-ndk-r10e/toolchains/x86-4.8/prebuilt/linux-x86_64/i686-linux-android/bin/gcc)'
[2015-07-01 14:32:40.977][debug][command:a0f794ac-8dc2-46c5-9905-36dd97225ca1][tid:50][com.facebook.buck.io.ExecutableFinder] Executable '/home/fzq/Android/android-ndk-r10e/toolchains/x86-4.8/prebuilt/linux-x86_64/i686-linux-android/bin/gcc' mapped to 'Optional.of(/home/fzq/Android/android-ndk-r10e/toolchains/x86-4.8/prebuilt/linux-x86_64/i686-linux-android/bin/gcc)'
[2015-07-01 14:32:40.977][debug][command:a0f794ac-8dc2-46c5-9905-36dd97225ca1][tid:50][com.facebook.buck.io.ExecutableFinder] Executable '/home/fzq/Android/android-ndk-r10e/toolchains/x86-4.8/prebuilt/linux-x86_64/i686-linux-android/bin/gcc' mapped to 'Optional.of(/home/fzq/Android/android-ndk-r10e/toolchains/x86-4.8/prebuilt/linux-x86_64/i686-linux-android/bin/gcc)'
[2015-07-01 14:32:40.977][debug][command:a0f794ac-8dc2-46c5-9905-36dd97225ca1][tid:50][com.facebook.buck.io.ExecutableFinder] Executable '/home/fzq/Android/android-ndk-r10e/toolchains/x86-4.8/prebuilt/linux-x86_64/i686-linux-android/bin/g++' mapped to 'Optional.of(/home/fzq/Android/android-ndk-r10e/toolchains/x86-4.8/prebuilt/linux-x86_64/i686-linux-android/bin/g++)'
[2015-07-01 14:32:40.978][debug][command:a0f794ac-8dc2-46c5-9905-36dd97225ca1][tid:50][com.facebook.buck.io.ExecutableFinder] Executable '/home/fzq/Android/android-ndk-r10e/toolchains/x86-4.8/prebuilt/linux-x86_64/i686-linux-android/bin/g++' mapped to 'Optional.of(/home/fzq/Android/android-ndk-r10e/toolchains/x86-4.8/prebuilt/linux-x86_64/i686-linux-android/bin/g++)'
[2015-07-01 14:32:40.978][debug][command:a0f794ac-8dc2-46c5-9905-36dd97225ca1][tid:50][com.facebook.buck.io.ExecutableFinder] Executable '/home/fzq/Android/android-ndk-r10e/toolchains/x86-4.8/prebuilt/linux-x86_64/i686-linux-android/bin/g++' mapped to 'Optional.of(/home/fzq/Android/android-ndk-r10e/toolchains/x86-4.8/prebuilt/linux-x86_64/i686-linux-android/bin/g++)'
[2015-07-01 14:32:40.978][debug][command:a0f794ac-8dc2-46c5-9905-36dd97225ca1][tid:50][com.facebook.buck.io.ExecutableFinder] Executable '/home/fzq/Android/android-ndk-r10e/toolchains/x86-4.8/prebuilt/linux-x86_64/i686-linux-android/bin/ld.gold' mapped to 'Optional.of(/home/fzq/Android/android-ndk-r10e/toolchains/x86-4.8/prebuilt/linux-x86_64/i686-linux-android/bin/ld.gold)'
[2015-07-01 14:32:40.979][debug][command:a0f794ac-8dc2-46c5-9905-36dd97225ca1][tid:50][com.facebook.buck.io.ExecutableFinder] Executable '/home/fzq/Android/android-ndk-r10e/toolchains/x86-4.8/prebuilt/linux-x86_64/i686-linux-android/bin/ar' mapped to 'Optional.of(/home/fzq/Android/android-ndk-r10e/toolchains/x86-4.8/prebuilt/linux-x86_64/i686-linux-android/bin/ar)'
[2015-07-01 14:32:40.979][debug][command:a0f794ac-8dc2-46c5-9905-36dd97225ca1][tid:50][com.facebook.buck.io.ExecutableFinder] Executable '/home/fzq/Android/android-ndk-r10e/toolchains/x86-4.8/prebuilt/linux-x86_64/i686-linux-android/bin/objcopy' mapped to 'Optional.of(/home/fzq/Android/android-ndk-r10e/toolchains/x86-4.8/prebuilt/linux-x86_64/i686-linux-android/bin/objcopy)'
[2015-07-01 14:32:40.979][debug][command:a0f794ac-8dc2-46c5-9905-36dd97225ca1][tid:50][com.facebook.buck.cxx.CxxPlatforms] Using system default C++ platform CxxPlatform{flavor=default, as=com.facebook.buck.cxx.HashedFileTool@54a41dc2, asflags=[], aspp=com.facebook.buck.cxx.HashedFileTool@8ca63d8, asppflags=[], cc=com.facebook.buck.cxx.HashedFileTool@2c3dbc4c, cflags=[], cxx=com.facebook.buck.cxx.HashedFileTool@599663ac, cxxflags=[], cpp=com.facebook.buck.cxx.HashedFileTool@2d283f51, cppflags=[], cxxpp=com.facebook.buck.cxx.HashedFileTool@76274d8f, cxxppflags=[], cxxld=com.facebook.buck.cxx.HashedFileTool@373950db, cxxldflags=[], ld=com.facebook.buck.cxx.GnuLinker@5dd8de93, ldflags=[], runtimeLdflags={}, ar=com.facebook.buck.cxx.HashedFileTool@3166b0ce, arflags=[], arExpectedGlobalHeader=[33, 60, 97, 114, 99, 104, 62, 10], lex=Optional.of(com.facebook.buck.cxx.HashedFileTool@7de1c858), lexFlags=[], yacc=Optional.of(com.facebook.buck.cxx.HashedFileTool@a3e0b7), yaccFlags=[-y], sharedLibraryExtension=so, debugPathSanitizer=com.facebook.buck.cxx.DebugPathSanitizer@617a184}
[2015-07-01 14:32:40.981][debug][command:a0f794ac-8dc2-46c5-9905-36dd97225ca1][tid:50][com.facebook.buck.io.ExecutableFinder] Executable 'python2' mapped to 'Optional.of(/usr/bin/python2)'
[2015-07-01 14:32:40.982][debug][command:a0f794ac-8dc2-46c5-9905-36dd97225ca1][tid:50][com.facebook.buck.io.ExecutableFinder] Executable 'python2' mapped to 'Optional.of(/usr/bin/python2)'
[2015-07-01 14:32:40.983][debug][command:a0f794ac-8dc2-46c5-9905-36dd97225ca1][tid:50][com.facebook.buck.event.listener.SuperConsoleEventBusListener] Starting render scheduler (interval 100 ms)
[2015-07-01 14:32:40.985][debug][command:a0f794ac-8dc2-46c5-9905-36dd97225ca1][tid:50][com.facebook.buck.io.ExecutableFinder] Executable 'python2' mapped to 'Optional.of(/usr/bin/python2)'
[2015-07-01 14:32:40.992][debug][command:a0f794ac-8dc2-46c5-9905-36dd97225ca1][tid:50][com.facebook.buck.util.WatchmanWatcher] Starting watchman command: [watchman, --server-encoding=json, --no-pretty, -j]
[2015-07-01 14:32:40.992][debug][command:a0f794ac-8dc2-46c5-9905-36dd97225ca1][tid:59][com.facebook.buck.event.listener.LoggingBuildListener] CommandStarted(project, isDaemon: true)
[2015-07-01 14:32:40.993][debug][command:a0f794ac-8dc2-46c5-9905-36dd97225ca1][tid:50][com.facebook.buck.util.WatchmanWatcher] Writing query to Watchman: ["query","/home/fzq/workspace/DesignTest",{"since":"n:buckde83c1424-20f5-430d-a2e6-0d6adb92af02","expression":["not",["anyof",["type","d"],["match","buck-out/*","wholename"],["match",".idea/*","wholename"],["match","/home/fzq/workspace/DesignTest/.buckd/*","wholename"],["match","/home/fzq/workspace/DesignTest/buck-cache/*","wholename"],["match",".git/*","wholename"],["match","*.pbxproj","wholename"],["match","*.xcscheme","wholename"],["match","*.xcworkspacedata","wholename"]]],"empty_on_fresh_instance":true,"fields":["name","exists","new"]}]
[2015-07-01 14:32:40.998][debug][command:a0f794ac-8dc2-46c5-9905-36dd97225ca1][tid:50][com.facebook.buck.util.WatchmanWatcher] Parsing JSON output from Watchman
[2015-07-01 14:32:41.001][debug][command:a0f794ac-8dc2-46c5-9905-36dd97225ca1][tid:50][com.facebook.buck.parser.Parser] Parsed build files does not contain /home/fzq/workspace/DesignTest/.buckd/tmp/buck_run.yFeB1j/ngserver-out, not invalidating
[2015-07-01 14:32:41.001][debug][command:a0f794ac-8dc2-46c5-9905-36dd97225ca1][tid:50][com.facebook.buck.parser.Parser] Removing targets [] for path /home/fzq/workspace/DesignTest/.buckd/tmp/buck_run.yFeB1j/ngserver-out
[2015-07-01 14:32:41.002][debug][command:a0f794ac-8dc2-46c5-9905-36dd97225ca1][tid:50][com.facebook.buck.parser.Parser] Parsed build files does not contain /home/fzq/workspace/DesignTest/.buckd/buckd.runcount, not invalidating
[2015-07-01 14:32:41.002][debug][command:a0f794ac-8dc2-46c5-9905-36dd97225ca1][tid:50][com.facebook.buck.parser.Parser] Removing targets [] for path /home/fzq/workspace/DesignTest/.buckd/buckd.runcount
[2015-07-01 14:32:41.004][debug][command:a0f794ac-8dc2-46c5-9905-36dd97225ca1][tid:50][com.facebook.buck.parser.Parser] Parsed build files does not contain /home/fzq/workspace/DesignTest/.buckd/tmp/buck_run.yFeB1j/buck_artifact_all-jars5547538190928257641.zip, not invalidating
[2015-07-01 14:32:41.004][debug][command:a0f794ac-8dc2-46c5-9905-36dd97225ca1][tid:50][com.facebook.buck.parser.Parser] Removing targets [] for path /home/fzq/workspace/DesignTest/.buckd/tmp/buck_run.yFeB1j/buck_artifact_all-jars5547538190928257641.zip
[2015-07-01 14:32:41.005][debug][command:a0f794ac-8dc2-46c5-9905-36dd97225ca1][tid:50][com.facebook.buck.parser.Parser] Parsed build files does not contain /home/fzq/workspace/DesignTest/.buckd/tmp/buck_run.yFeB1j/buck_artifact_build-config4642287605254804368.zip, not invalidating
[2015-07-01 14:32:41.005][debug][command:a0f794ac-8dc2-46c5-9905-36dd97225ca1][tid:50][com.facebook.buck.parser.Parser] Removing targets [] for path /home/fzq/workspace/DesignTest/.buckd/tmp/buck_run.yFeB1j/buck_artifact_build-config4642287605254804368.zip
[2015-07-01 14:32:41.006][debug][command:a0f794ac-8dc2-46c5-9905-36dd97225ca1][tid:50][com.facebook.buck.parser.Parser] Parsed build files does not contain /home/fzq/workspace/DesignTest/.buckd/tmp/buck_run.yFeB1j/buck_artifact_src3206484905483583439.zip, not invalidating
[2015-07-01 14:32:41.006][debug][command:a0f794ac-8dc2-46c5-9905-36dd97225ca1][tid:50][com.facebook.buck.parser.Parser] Removing targets [] for path /home/fzq/workspace/DesignTest/.buckd/tmp/buck_run.yFeB1j/buck_artifact_src3206484905483583439.zip
[2015-07-01 14:32:41.007][debug][command:a0f794ac-8dc2-46c5-9905-36dd97225ca1][tid:50][com.facebook.buck.parser.Parser] Parsed build files does not contain /home/fzq/workspace/DesignTest/.buckd/tmp/buck_run.yFeB1j/buck_artifact_all-jars2140274689801561167.zip, not invalidating
[2015-07-01 14:32:41.008][debug][command:a0f794ac-8dc2-46c5-9905-36dd97225ca1][tid:50][com.facebook.buck.parser.Parser] Removing targets [] for path /home/fzq/workspace/DesignTest/.buckd/tmp/buck_run.yFeB1j/buck_artifact_all-jars2140274689801561167.zip
[2015-07-01 14:32:41.008][debug][command:a0f794ac-8dc2-46c5-9905-36dd97225ca1][tid:50][com.facebook.buck.parser.Parser] Parsed build files does not contain /home/fzq/workspace/DesignTest/.buckd/tmp/buck_run.yFeB1j/buck_artifact_build-config84484215372581720.zip, not invalidating
[2015-07-01 14:32:41.009][debug][command:a0f794ac-8dc2-46c5-9905-36dd97225ca1][tid:50][com.facebook.buck.parser.Parser] Removing targets [] for path /home/fzq/workspace/DesignTest/.buckd/tmp/buck_run.yFeB1j/buck_artifact_build-config84484215372581720.zip
[2015-07-01 14:32:41.009][debug][command:a0f794ac-8dc2-46c5-9905-36dd97225ca1][tid:50][com.facebook.buck.parser.Parser] Parsed build files does not contain /home/fzq/workspace/DesignTest/.buckd/tmp/buck_run.yFeB1j/buck_artifact_application-lib3022814294512591933.zip, not invalidating
[2015-07-01 14:32:41.009][debug][command:a0f794ac-8dc2-46c5-9905-36dd97225ca1][tid:50][com.facebook.buck.parser.Parser] Removing targets [] for path /home/fzq/workspace/DesignTest/.buckd/tmp/buck_run.yFeB1j/buck_artifact_application-lib3022814294512591933.zip
[2015-07-01 14:32:41.010][debug][command:a0f794ac-8dc2-46c5-9905-36dd97225ca1][tid:50][com.facebook.buck.parser.Parser] Parsed build files does not contain /home/fzq/workspace/DesignTest/.buckd/tmp/buck_run.yFeB1j/buck_artifact_support-v46229650855712180223.zip, not invalidating
[2015-07-01 14:32:41.010][debug][command:a0f794ac-8dc2-46c5-9905-36dd97225ca1][tid:50][com.facebook.buck.parser.Parser] Removing targets [] for path /home/fzq/workspace/DesignTest/.buckd/tmp/buck_run.yFeB1j/buck_artifact_support-v46229650855712180223.zip
[2015-07-01 14:32:41.011][debug][command:a0f794ac-8dc2-46c5-9905-36dd97225ca1][tid:50][com.facebook.buck.parser.Parser] Parsed build files does not contain /home/fzq/workspace/DesignTest/.buckd/tmp/buck_run.yFeB1j/buck_artifact_support-v132602844760478360510.zip, not invalidating
[2015-07-01 14:32:41.011][debug][command:a0f794ac-8dc2-46c5-9905-36dd97225ca1][tid:50][com.facebook.buck.parser.Parser] Removing targets [] for path /home/fzq/workspace/DesignTest/.buckd/tmp/buck_run.yFeB1j/buck_artifact_support-v132602844760478360510.zip
[2015-07-01 14:32:41.012][debug][command:a0f794ac-8dc2-46c5-9905-36dd97225ca1][tid:50][com.facebook.buck.parser.Parser] Parsed build files does not contain /home/fzq/workspace/DesignTest/.buckd/tmp/buck_run.yFeB1j/buck_artifact_jars__buck-android-support.jar743973896383551645.zip, not invalidating
[2015-07-01 14:32:41.012][debug][command:a0f794ac-8dc2-46c5-9905-36dd97225ca1][tid:50][com.facebook.buck.parser.Parser] Removing targets [] for path /home/fzq/workspace/DesignTest/.buckd/tmp/buck_run.yFeB1j/buck_artifact_jars__buck-android-support.jar743973896383551645.zip
[2015-07-01 14:32:41.013][debug][command:a0f794ac-8dc2-46c5-9905-36dd97225ca1][tid:50][com.facebook.buck.parser.Parser] Parsed build files does not contain /home/fzq/workspace/DesignTest/.buckd/tmp/buck_run.yFeB1j/buck_artifact_appcompat2498620009029066403.zip, not invalidating
[2015-07-01 14:32:41.013][debug][command:a0f794ac-8dc2-46c5-9905-36dd97225ca1][tid:50][com.facebook.buck.parser.Parser] Removing targets [] for path /home/fzq/workspace/DesignTest/.buckd/tmp/buck_run.yFeB1j/buck_artifact_appcompat2498620009029066403.zip
[2015-07-01 14:32:41.015][debug][command:a0f794ac-8dc2-46c5-9905-36dd97225ca1][tid:50][com.facebook.buck.parser.Parser] Parsed build files does not contain /home/fzq/workspace/DesignTest/.buckd/tmp/buck_run.yFeB1j/buck_artifact_android-design3638909764362142592.zip, not invalidating
[2015-07-01 14:32:41.015][debug][command:a0f794ac-8dc2-46c5-9905-36dd97225ca1][tid:50][com.facebook.buck.parser.Parser] Removing targets [] for path /home/fzq/workspace/DesignTest/.buckd/tmp/buck_run.yFeB1j/buck_artifact_android-design3638909764362142592.zip
[2015-07-01 14:32:41.016][debug][command:a0f794ac-8dc2-46c5-9905-36dd97225ca1][tid:50][com.facebook.buck.parser.Parser] Parsed build files does not contain /home/fzq/workspace/DesignTest/.buckd/tmp/buck_run.yFeB1j/buck_artifact_src1653420183501129047.zip, not invalidating
[2015-07-01 14:32:41.016][debug][command:a0f794ac-8dc2-46c5-9905-36dd97225ca1][tid:50][com.facebook.buck.parser.Parser] Removing targets [] for path /home/fzq/workspace/DesignTest/.buckd/tmp/buck_run.yFeB1j/buck_artifact_src1653420183501129047.zip
[2015-07-01 14:32:41.017][debug][command:a0f794ac-8dc2-46c5-9905-36dd97225ca1][tid:50][com.facebook.buck.parser.Parser] Parsed build files does not contain /home/fzq/workspace/DesignTest/.buckd/tmp/buck_run.yFeB1j/buck_artifact_application-lib7260317012935117662.zip, not invalidating
[2015-07-01 14:32:41.017][debug][command:a0f794ac-8dc2-46c5-9905-36dd97225ca1][tid:50][com.facebook.buck.parser.Parser] Removing targets [] for path /home/fzq/workspace/DesignTest/.buckd/tmp/buck_run.yFeB1j/buck_artifact_application-lib7260317012935117662.zip
[2015-07-01 14:32:41.018][debug][command:a0f794ac-8dc2-46c5-9905-36dd97225ca1][tid:50][com.facebook.buck.parser.Parser] Parsed build files does not contain /home/fzq/workspace/DesignTest/.buckd/tmp/buck_run.yFeB1j/buck_artifact_support-v48554041962646717847.zip, not invalidating
[2015-07-01 14:32:41.018][debug][command:a0f794ac-8dc2-46c5-9905-36dd97225ca1][tid:50][com.facebook.buck.parser.Parser] Removing targets [] for path /home/fzq/workspace/DesignTest/.buckd/tmp/buck_run.yFeB1j/buck_artifact_support-v48554041962646717847.zip
[2015-07-01 14:32:41.019][debug][command:a0f794ac-8dc2-46c5-9905-36dd97225ca1][tid:50][com.facebook.buck.parser.Parser] Parsed build files does not contain /home/fzq/workspace/DesignTest/.buckd/tmp/buck_run.yFeB1j/buck_artifact_android-design1980637654260849847.zip, not invalidating
[2015-07-01 14:32:41.019][debug][command:a0f794ac-8dc2-46c5-9905-36dd97225ca1][tid:50][com.facebook.buck.parser.Parser] Removing targets [] for path /home/fzq/workspace/DesignTest/.buckd/tmp/buck_run.yFeB1j/buck_artifact_android-design1980637654260849847.zip
[2015-07-01 14:32:41.019][debug][command:a0f794ac-8dc2-46c5-9905-36dd97225ca1][tid:50][com.facebook.buck.parser.Parser] Parsed build files does not contain /home/fzq/workspace/DesignTest/.buckd/tmp/buck_run.yFeB1j/buck_artifact_support-v133741364680626371039.zip, not invalidating
[2015-07-01 14:32:41.020][debug][command:a0f794ac-8dc2-46c5-9905-36dd97225ca1][tid:50][com.facebook.buck.parser.Parser] Removing targets [] for path /home/fzq/workspace/DesignTest/.buckd/tmp/buck_run.yFeB1j/buck_artifact_support-v133741364680626371039.zip
[2015-07-01 14:32:41.020][debug][command:a0f794ac-8dc2-46c5-9905-36dd97225ca1][tid:50][com.facebook.buck.parser.Parser] Parsed build files does not contain /home/fzq/workspace/DesignTest/.buckd/tmp/buck_run.yFeB1j/buck_artifact_appcompat957198240216472831.zip, not invalidating
[2015-07-01 14:32:41.020][debug][command:a0f794ac-8dc2-46c5-9905-36dd97225ca1][tid:50][com.facebook.buck.parser.Parser] Removing targets [] for path /home/fzq/workspace/DesignTest/.buckd/tmp/buck_run.yFeB1j/buck_artifact_appcompat957198240216472831.zip
[2015-07-01 14:32:41.021][debug][command:a0f794ac-8dc2-46c5-9905-36dd97225ca1][tid:50][com.facebook.buck.parser.Parser] Parsed build files does not contain /home/fzq/workspace/DesignTest/.buckd/tmp/buck_run.yFeB1j/buck_artifact_support-v43548925161472516226.zip, not invalidating
[2015-07-01 14:32:41.021][debug][command:a0f794ac-8dc2-46c5-9905-36dd97225ca1][tid:50][com.facebook.buck.parser.Parser] Removing targets [] for path /home/fzq/workspace/DesignTest/.buckd/tmp/buck_run.yFeB1j/buck_artifact_support-v43548925161472516226.zip
[2015-07-01 14:32:41.022][debug][command:a0f794ac-8dc2-46c5-9905-36dd97225ca1][tid:50][com.facebook.buck.parser.Parser] Parsed build files does not contain /home/fzq/workspace/DesignTest/.buckd/tmp/buck_run.yFeB1j/buck_artifact_support-v13702564862152448414.zip, not invalidating
[2015-07-01 14:32:41.022][debug][command:a0f794ac-8dc2-46c5-9905-36dd97225ca1][tid:50][com.facebook.buck.parser.Parser] Removing targets [] for path /home/fzq/workspace/DesignTest/.buckd/tmp/buck_run.yFeB1j/buck_artifact_support-v13702564862152448414.zip
[2015-07-01 14:32:41.022][debug][command:a0f794ac-8dc2-46c5-9905-36dd97225ca1][tid:50][com.facebook.buck.parser.Parser] Parsed build files does not contain /home/fzq/workspace/DesignTest/.buckd/tmp/buck_run.yFeB1j/buck_artifact_jars__buck-android-support.jar2492246409228567019.zip, not invalidating
[2015-07-01 14:32:41.022][debug][command:a0f794ac-8dc2-46c5-9905-36dd97225ca1][tid:50][com.facebook.buck.parser.Parser] Removing targets [] for path /home/fzq/workspace/DesignTest/.buckd/tmp/buck_run.yFeB1j/buck_artifact_jars__buck-android-support.jar2492246409228567019.zip
[2015-07-01 14:32:41.023][debug][command:a0f794ac-8dc2-46c5-9905-36dd97225ca1][tid:50][com.facebook.buck.parser.Parser] Parsed build files does not contain /home/fzq/workspace/DesignTest/.buckd/tmp/buck_run.yFeB1j/buck_artifact_appcompat7403633575344814104.zip, not invalidating
[2015-07-01 14:32:41.023][debug][command:a0f794ac-8dc2-46c5-9905-36dd97225ca1][tid:50][com.facebook.buck.parser.Parser] Removing targets [] for path /home/fzq/workspace/DesignTest/.buckd/tmp/buck_run.yFeB1j/buck_artifact_appcompat7403633575344814104.zip
[2015-07-01 14:32:41.024][debug][command:a0f794ac-8dc2-46c5-9905-36dd97225ca1][tid:50][com.facebook.buck.parser.Parser] Parsed build files does not contain /home/fzq/workspace/DesignTest/.buckd/tmp/buck_run.yFeB1j/buck_artifact_android-design4183047094365515087.zip, not invalidating
[2015-07-01 14:32:41.024][debug][command:a0f794ac-8dc2-46c5-9905-36dd97225ca1][tid:50][com.facebook.buck.parser.Parser] Removing targets [] for path /home/fzq/workspace/DesignTest/.buckd/tmp/buck_run.yFeB1j/buck_artifact_android-design4183047094365515087.zip
[2015-07-01 14:32:41.025][debug][command:a0f794ac-8dc2-46c5-9905-36dd97225ca1][tid:50][com.facebook.buck.parser.Parser] Parsed build files does not contain /home/fzq/workspace/DesignTest/.buckd/tmp/buck_run.yFeB1j/buck_artifact_src205548892313623382.zip, not invalidating
[2015-07-01 14:32:41.025][debug][command:a0f794ac-8dc2-46c5-9905-36dd97225ca1][tid:50][com.facebook.buck.parser.Parser] Removing targets [] for path /home/fzq/workspace/DesignTest/.buckd/tmp/buck_run.yFeB1j/buck_artifact_src205548892313623382.zip
[2015-07-01 14:32:41.026][debug][command:a0f794ac-8dc2-46c5-9905-36dd97225ca1][tid:50][com.facebook.buck.parser.Parser] Parsed build files does not contain /home/fzq/workspace/DesignTest/.buckd/tmp/buck_run.yFeB1j/buck_artifact_debug_keystore8051896165593409769.zip, not invalidating
[2015-07-01 14:32:41.026][debug][command:a0f794ac-8dc2-46c5-9905-36dd97225ca1][tid:50][com.facebook.buck.parser.Parser] Removing targets [] for path /home/fzq/workspace/DesignTest/.buckd/tmp/buck_run.yFeB1j/buck_artifact_debug_keystore8051896165593409769.zip
[2015-07-01 14:32:41.026][debug][command:a0f794ac-8dc2-46c5-9905-36dd97225ca1][tid:50][com.facebook.buck.parser.Parser] Parsed build files does not contain /home/fzq/workspace/DesignTest/.buckd/tmp/buck_run.yFeB1j/buck_artifact_application-lib6365822127321223926.zip, not invalidating
[2015-07-01 14:32:41.027][debug][command:a0f794ac-8dc2-46c5-9905-36dd97225ca1][tid:50][com.facebook.buck.parser.Parser] Removing targets [] for path /home/fzq/workspace/DesignTest/.buckd/tmp/buck_run.yFeB1j/buck_artifact_application-lib6365822127321223926.zip
[2015-07-01 14:32:41.027][debug][command:a0f794ac-8dc2-46c5-9905-36dd97225ca1][tid:50][com.facebook.buck.parser.Parser] Parsed build files does not contain /home/fzq/workspace/DesignTest/.buckd/tmp/buck_run.yFeB1j/buck_artifact_app5889917423604388065.zip, not invalidating
[2015-07-01 14:32:41.027][debug][command:a0f794ac-8dc2-46c5-9905-36dd97225ca1][tid:50][com.facebook.buck.parser.Parser] Removing targets [] for path /home/fzq/workspace/DesignTest/.buckd/tmp/buck_run.yFeB1j/buck_artifact_app5889917423604388065.zip
[2015-07-01 14:32:41.028][debug][command:a0f794ac-8dc2-46c5-9905-36dd97225ca1][tid:50][com.facebook.buck.parser.Parser] Parsed build files does not contain /home/fzq/workspace/DesignTest/.buckd/tmp/buck_run.yFeB1j/buck_artifact_app8940952170956844825.zip, not invalidating
[2015-07-01 14:32:41.028][debug][command:a0f794ac-8dc2-46c5-9905-36dd97225ca1][tid:50][com.facebook.buck.parser.Parser] Removing targets [] for path /home/fzq/workspace/DesignTest/.buckd/tmp/buck_run.yFeB1j/buck_artifact_app8940952170956844825.zip
[2015-07-01 14:32:41.029][debug][command:a0f794ac-8dc2-46c5-9905-36dd97225ca1][tid:50][com.facebook.buck.parser.Parser] Parsed build files does not contain /home/fzq/workspace/DesignTest/.buckd/tmp/buck_run.yFeB1j/buck_artifact_res7462071872563624751.zip, not invalidating
[2015-07-01 14:32:41.029][debug][command:a0f794ac-8dc2-46c5-9905-36dd97225ca1][tid:50][com.facebook.buck.parser.Parser] Removing targets [] for path /home/fzq/workspace/DesignTest/.buckd/tmp/buck_run.yFeB1j/buck_artifact_res7462071872563624751.zip
[2015-07-01 14:32:41.030][debug][command:a0f794ac-8dc2-46c5-9905-36dd97225ca1][tid:50][com.facebook.buck.parser.Parser] Parsed build files does not contain /home/fzq/workspace/DesignTest/.buckd/tmp/buck_run.yFeB1j/buck_artifact_app2351784405099076462.zip, not invalidating
[2015-07-01 14:32:41.030][debug][command:a0f794ac-8dc2-46c5-9905-36dd97225ca1][tid:50][com.facebook.buck.parser.Parser] Removing targets [] for path /home/fzq/workspace/DesignTest/.buckd/tmp/buck_run.yFeB1j/buck_artifact_app2351784405099076462.zip
[2015-07-01 14:32:41.030][debug][command:a0f794ac-8dc2-46c5-9905-36dd97225ca1][tid:50][com.facebook.buck.parser.Parser] Parsed build files does not contain /home/fzq/workspace/DesignTest/.buckd/tmp/buck_run.yFeB1j/buck_artifact_support-v44177258973356372097.zip, not invalidating
[2015-07-01 14:32:41.031][debug][command:a0f794ac-8dc2-46c5-9905-36dd97225ca1][tid:50][com.facebook.buck.parser.Parser] Removing targets [] for path /home/fzq/workspace/DesignTest/.buckd/tmp/buck_run.yFeB1j/buck_artifact_support-v44177258973356372097.zip
[2015-07-01 14:32:41.031][debug][command:a0f794ac-8dc2-46c5-9905-36dd97225ca1][tid:50][com.facebook.buck.parser.Parser] Parsed build files does not contain /home/fzq/workspace/DesignTest/.buckd/tmp/buck_run.yFeB1j/buck_artifact_support-v48035954967205901570.zip, not invalidating
[2015-07-01 14:32:41.031][debug][command:a0f794ac-8dc2-46c5-9905-36dd97225ca1][tid:50][com.facebook.buck.parser.Parser] Removing targets [] for path /home/fzq/workspace/DesignTest/.buckd/tmp/buck_run.yFeB1j/buck_artifact_support-v48035954967205901570.zip
[2015-07-01 14:32:41.032][debug][command:a0f794ac-8dc2-46c5-9905-36dd97225ca1][tid:50][com.facebook.buck.parser.Parser] Parsed build files does not contain /home/fzq/workspace/DesignTest/.buckd/tmp/buck_run.yFeB1j/buck_artifact_support-v138984387302562851813.zip, not invalidating
[2015-07-01 14:32:41.032][debug][command:a0f794ac-8dc2-46c5-9905-36dd97225ca1][tid:50][com.facebook.buck.parser.Parser] Removing targets [] for path /home/fzq/workspace/DesignTest/.buckd/tmp/buck_run.yFeB1j/buck_artifact_support-v138984387302562851813.zip
[2015-07-01 14:32:41.033][debug][command:a0f794ac-8dc2-46c5-9905-36dd97225ca1][tid:50][com.facebook.buck.parser.Parser] Parsed build files does not contain /home/fzq/workspace/DesignTest/.buckd/tmp/buck_run.yFeB1j/buck_artifact_support-v13836426870048796602.zip, not invalidating
[2015-07-01 14:32:41.033][debug][command:a0f794ac-8dc2-46c5-9905-36dd97225ca1][tid:50][com.facebook.buck.parser.Parser] Removing targets [] for path /home/fzq/workspace/DesignTest/.buckd/tmp/buck_run.yFeB1j/buck_artifact_support-v13836426870048796602.zip
[2015-07-01 14:32:41.033][debug][command:a0f794ac-8dc2-46c5-9905-36dd97225ca1][tid:50][com.facebook.buck.parser.Parser] Parsed build files does not contain /home/fzq/workspace/DesignTest/.buckd/tmp/buck_run.yFeB1j/buck_artifact_android-design3615391407263230922.zip, not invalidating
[2015-07-01 14:32:41.034][debug][command:a0f794ac-8dc2-46c5-9905-36dd97225ca1][tid:50][com.facebook.buck.parser.Parser] Removing targets [] for path /home/fzq/workspace/DesignTest/.buckd/tmp/buck_run.yFeB1j/buck_artifact_android-design3615391407263230922.zip
[2015-07-01 14:32:41.034][debug][command:a0f794ac-8dc2-46c5-9905-36dd97225ca1][tid:50][com.facebook.buck.parser.Parser] Parsed build files does not contain /home/fzq/workspace/DesignTest/.buckd/tmp/buck_run.yFeB1j/buck_artifact_android-design683854073707743459.zip, not invalidating
[2015-07-01 14:32:41.034][debug][command:a0f794ac-8dc2-46c5-9905-36dd97225ca1][tid:50][com.facebook.buck.parser.Parser] Removing targets [] for path /home/fzq/workspace/DesignTest/.buckd/tmp/buck_run.yFeB1j/buck_artifact_android-design683854073707743459.zip
[2015-07-01 14:32:41.035][debug][command:a0f794ac-8dc2-46c5-9905-36dd97225ca1][tid:50][com.facebook.buck.parser.Parser] Parsed build files does not contain /home/fzq/workspace/DesignTest/.buckd/tmp/buck_run.yFeB1j/buck_artifact_appcompat6092680181590685065.zip, not invalidating
[2015-07-01 14:32:41.035][debug][command:a0f794ac-8dc2-46c5-9905-36dd97225ca1][tid:50][com.facebook.buck.parser.Parser] Removing targets [] for path /home/fzq/workspace/DesignTest/.buckd/tmp/buck_run.yFeB1j/buck_artifact_appcompat6092680181590685065.zip
[2015-07-01 14:32:41.036][debug][command:a0f794ac-8dc2-46c5-9905-36dd97225ca1][tid:50][com.facebook.buck.parser.Parser] Parsed build files does not contain /home/fzq/workspace/DesignTest/.buckd/tmp/buck_run.yFeB1j/buck_artifact_appcompat6637838359480766047.zip, not invalidating
[2015-07-01 14:32:41.036][debug][command:a0f794ac-8dc2-46c5-9905-36dd97225ca1][tid:50][com.facebook.buck.parser.Parser] Removing targets [] for path /home/fzq/workspace/DesignTest/.buckd/tmp/buck_run.yFeB1j/buck_artifact_appcompat6637838359480766047.zip
[2015-07-01 14:32:41.037][debug][command:a0f794ac-8dc2-46c5-9905-36dd97225ca1][tid:50][com.facebook.buck.parser.Parser] Parsed build files does not contain /home/fzq/workspace/DesignTest/.buckd/tmp/buck_run.yFeB1j/buck_artifact_manifest8914265768729753019.zip, not invalidating
[2015-07-01 14:32:41.037][debug][command:a0f794ac-8dc2-46c5-9905-36dd97225ca1][tid:50][com.facebook.buck.parser.Parser] Removing targets [] for path /home/fzq/workspace/DesignTest/.buckd/tmp/buck_run.yFeB1j/buck_artifact_manifest8914265768729753019.zip
[2015-07-01 14:32:41.037][debug][command:a0f794ac-8dc2-46c5-9905-36dd97225ca1][tid:50][com.facebook.buck.parser.Parser] Parsed build files does not contain /home/fzq/workspace/DesignTest/.buckd/tmp/buck_run.yFeB1j/buck_artifact_app38842610226051023.zip, not invalidating
[2015-07-01 14:32:41.037][debug][command:a0f794ac-8dc2-46c5-9905-36dd97225ca1][tid:50][com.facebook.buck.parser.Parser] Removing targets [] for path /home/fzq/workspace/DesignTest/.buckd/tmp/buck_run.yFeB1j/buck_artifact_app38842610226051023.zip
[2015-07-01 14:32:41.038][debug][command:a0f794ac-8dc2-46c5-9905-36dd97225ca1][tid:50][com.facebook.buck.parser.Parser] Parsed build files does not contain /home/fzq/workspace/DesignTest/.buckd/tmp/buck_run.yFeB1j/buck_artifact_app4994247101890313666.zip, not invalidating
[2015-07-01 14:32:41.038][debug][command:a0f794ac-8dc2-46c5-9905-36dd97225ca1][tid:50][com.facebook.buck.parser.Parser] Removing targets [] for path /home/fzq/workspace/DesignTest/.buckd/tmp/buck_run.yFeB1j/buck_artifact_app4994247101890313666.zip
[2015-07-01 14:32:41.039][debug][command:a0f794ac-8dc2-46c5-9905-36dd97225ca1][tid:50][com.facebook.buck.parser.Parser] Parsed build files does not contain /home/fzq/workspace/DesignTest/.buckd/tmp/buck_run.yFeB1j/buck_artifact_app9042873012802030779.zip, not invalidating
[2015-07-01 14:32:41.039][debug][command:a0f794ac-8dc2-46c5-9905-36dd97225ca1][tid:50][com.facebook.buck.parser.Parser] Removing targets [] for path /home/fzq/workspace/DesignTest/.buckd/tmp/buck_run.yFeB1j/buck_artifact_app9042873012802030779.zip
[2015-07-01 14:32:41.040][debug][command:a0f794ac-8dc2-46c5-9905-36dd97225ca1][tid:50][com.facebook.buck.parser.Parser] Parsed build files does not contain /home/fzq/workspace/DesignTest/.buckd/tmp/buck_run.yFeB1j/buck_artifact_app4682101230565168874.zip, not invalidating
[2015-07-01 14:32:41.040][debug][command:a0f794ac-8dc2-46c5-9905-36dd97225ca1][tid:50][com.facebook.buck.parser.Parser] Removing targets [] for path /home/fzq/workspace/DesignTest/.buckd/tmp/buck_run.yFeB1j/buck_artifact_app4682101230565168874.zip
[2015-07-01 14:32:41.040][debug][command:a0f794ac-8dc2-46c5-9905-36dd97225ca1][tid:50][com.facebook.buck.parser.Parser] Parsed build files does not contain /home/fzq/workspace/DesignTest/.buckd/tmp/buck_run.yFeB1j/buck7132532198237043545.py, not invalidating
[2015-07-01 14:32:41.040][debug][command:a0f794ac-8dc2-46c5-9905-36dd97225ca1][tid:50][com.facebook.buck.parser.Parser] Removing targets [] for path /home/fzq/workspace/DesignTest/.buckd/tmp/buck_run.yFeB1j/buck7132532198237043545.py
[2015-07-01 14:32:41.041][debug][command:a0f794ac-8dc2-46c5-9905-36dd97225ca1][tid:50][com.facebook.buck.util.WatchmanWatcher] Posted 45 Watchman events. Waiting for subprocess to exit...
[2015-07-01 14:32:41.041][debug][command:a0f794ac-8dc2-46c5-9905-36dd97225ca1][tid:50][com.facebook.buck.util.WatchmanWatcher] Watchman exited cleanly.
[2015-07-01 14:32:41.073][debug][command:a0f794ac-8dc2-46c5-9905-36dd97225ca1][tid:50][com.facebook.buck.parser.Parser] Not parsing BUCK file (already in cache)
[2015-07-01 14:32:41.075][debug][command:a0f794ac-8dc2-46c5-9905-36dd97225ca1][tid:50][com.facebook.buck.parser.Parser] Not parsing BUCK file (already in cache)
[2015-07-01 14:32:41.075][debug][command:a0f794ac-8dc2-46c5-9905-36dd97225ca1][tid:59][com.facebook.buck.event.listener.LoggingBuildListener] ParseStarted(//libs:jars__buck-android-support.jar, //libs:support-v13, //libs:support-v4, //libs:appcompat, //libs:all-jars, //libs:project_config, //libs:android-design, //app:src, //app:project_config, //app:res, //app:app, //app:build-config, //app:debug_keystore, //app:manifest, //app:application-lib)
[2015-07-01 14:32:41.078][debug][command:a0f794ac-8dc2-46c5-9905-36dd97225ca1][tid:59][com.facebook.buck.event.listener.LoggingBuildListener] ParseFinished(//libs:jars__buck-android-support.jar, //libs:support-v13, //libs:support-v4, //libs:appcompat, //libs:all-jars, //libs:project_config, //libs:android-design, //app:src, //app:project_config, //app:res, //app:app, //app:build-config, //app:debug_keystore, //app:manifest, //app:application-lib)
[2015-07-01 14:32:41.078][debug][command:a0f794ac-8dc2-46c5-9905-36dd97225ca1][tid:59][com.facebook.buck.event.listener.LoggingBuildListener] BuckFilesParseFinished()
[2015-07-01 14:32:41.101][debug][command:a0f794ac-8dc2-46c5-9905-36dd97225ca1][tid:50][com.facebook.buck.parser.Parser] Not parsing BUCK file (already in cache)
[2015-07-01 14:32:41.101][debug][command:a0f794ac-8dc2-46c5-9905-36dd97225ca1][tid:50][com.facebook.buck.parser.Parser] Not parsing BUCK file (already in cache)
[2015-07-01 14:32:41.102][debug][command:a0f794ac-8dc2-46c5-9905-36dd97225ca1][tid:59][com.facebook.buck.event.listener.LoggingBuildListener] ParseStarted(//libs:jars__buck-android-support.jar, //libs:support-v13, //libs:support-v4, //libs:appcompat, //libs:all-jars, //libs:project_config, //libs:android-design, //app:src, //app:project_config, //app:res, //app:app, //app:build-config, //app:debug_keystore, //app:manifest, //app:application-lib)
[2015-07-01 14:32:41.103][debug][command:a0f794ac-8dc2-46c5-9905-36dd97225ca1][tid:59][com.facebook.buck.event.listener.LoggingBuildListener] ParseFinished(//libs:jars__buck-android-support.jar, //libs:support-v13, //libs:support-v4, //libs:appcompat, //libs:all-jars, //libs:project_config, //libs:android-design, //app:src, //app:project_config, //app:res, //app:app, //app:build-config, //app:debug_keystore, //app:manifest, //app:application-lib)
[2015-07-01 14:32:41.104][debug][command:a0f794ac-8dc2-46c5-9905-36dd97225ca1][tid:59][com.facebook.buck.event.listener.LoggingBuildListener] BuckFilesParseFinished()
[2015-07-01 14:32:41.108][debug][command:a0f794ac-8dc2-46c5-9905-36dd97225ca1][tid:59][com.facebook.buck.event.listener.LoggingBuildListener] BuildActionGraphStarted()
[2015-07-01 14:32:41.122][debug][command:a0f794ac-8dc2-46c5-9905-36dd97225ca1][tid:59][com.facebook.buck.event.listener.LoggingBuildListener] BuildActionGraphFinished()
[2015-07-01 14:32:41.128][debug][command:a0f794ac-8dc2-46c5-9905-36dd97225ca1][tid:50][com.facebook.buck.io.ExecutableFinder] Executable 'python2' mapped to 'Optional.of(/usr/bin/python2)'
[2015-07-01 14:32:41.227][debug][command:a0f794ac-8dc2-46c5-9905-36dd97225ca1][tid:50][com.facebook.buck.shell.ShellStep] Command: /usr/bin/python2 /home/fzq/android/tools/buck/src/com/facebook/buck/command/intellij.py /home/fzq/workspace/DesignTest/.buckd/tmp/buck_run.yFeB1j/1435732361129-0/project.json
[2015-07-01 14:32:41.263][debug][command:a0f794ac-8dc2-46c5-9905-36dd97225ca1][tid:50][com.facebook.buck.parser.Parser] Cleaning cache of build files with inputs under symlink []
[2015-07-01 14:32:41.264][debug][command:a0f794ac-8dc2-46c5-9905-36dd97225ca1][tid:59][com.facebook.buck.event.listener.LoggingBuildListener] CommandFinished(project, isDaemon: true)
[2015-07-01 14:32:41.264][debug][command:a0f794ac-8dc2-46c5-9905-36dd97225ca1][tid:50][com.facebook.buck.event.listener.SuperConsoleEventBusListener] Stopping render scheduler
[2015-07-01 14:32:41.265][debug][command:a0f794ac-8dc2-46c5-9905-36dd97225ca1][tid:50][com.facebook.buck.event.listener.SuperConsoleEventBusListener] Stopping console output (stdout dirty true, stderr dirty true).
[2015-07-01 14:32:41.265][debug][command:a0f794ac-8dc2-46c5-9905-36dd97225ca1][tid:50][com.facebook.buck.event.listener.SuperConsoleEventBusListener] Stopping render scheduler
[2015-07-01 14:32:41.266][debug][command:a0f794ac-8dc2-46c5-9905-36dd97225ca1][tid:50][com.facebook.buck.event.listener.ChromeTraceBuildListener] Writing Chrome trace to buck-out/log/traces/build.2015-07-01.14-32-41.a0f794ac-8dc2-46c5-9905-36dd97225ca1.trace
[2015-07-01 14:32:41.289][debug][command:a0f794ac-8dc2-46c5-9905-36dd97225ca1][tid:50][com.facebook.buck.cli.Main] Done.
[2015-07-01 14:32:41.289][debug][command:null][tid:50][class com.martiansoftware.nailgun.NGSession] Nail finished.
[2015-07-01 14:32:41.290][debug][command:null][tid:50][class com.martiansoftware.nailgun.NGSession] Closing client streams and socket.
[2015-07-01 14:33:04.274][debug][command:null][tid:53][class com.martiansoftware.nailgun.NGSession] Received connection from 127.0.0.1
[2015-07-01 14:33:04.275][debug][command:null][tid:53][class com.martiansoftware.nailgun.NGSession] Working directory: /home/fzq/workspace/DesignTest
[2015-07-01 14:33:04.275][debug][command:null][tid:53][class com.martiansoftware.nailgun.NGSession] Received command: ng-stop
[2015-07-01 14:33:04.279][debug][command:null][tid:53][class com.martiansoftware.nailgun.NGSession] Invoking main method: public static void com.martiansoftware.nailgun.builtins.NGStop.nailMain(com.martiansoftware.nailgun.NGContext)
[2015-07-01 14:33:04.279][debug][command:null][tid:53][class com.martiansoftware.nailgun.NGServer] Shutting down nailgun server.
[2015-07-01 14:33:04.279][debug][command:null][tid:53][class com.martiansoftware.nailgun.NGServer] Closed server socket.
[2015-07-01 14:33:04.280][debug][command:null][tid:53][class com.martiansoftware.nailgun.NGServer] Shut down session pool.
[2015-07-01 14:33:04.280][debug][command:null][tid:53][class com.martiansoftware.nailgun.NGServer] Creating nailstats...
[2015-07-01 14:33:04.280][debug][command:null][tid:53][class com.martiansoftware.nailgun.NGServer] Calling nailShutdown() method on com.martiansoftware.nailgun.builtins.NGServerStats
[2015-07-01 14:33:04.280][debug][command:null][tid:53][class com.martiansoftware.nailgun.NGServer] com.martiansoftware.nailgun.builtins.NGServerStats.nailShutdown() exited cleanly.
[2015-07-01 14:33:04.281][debug][command:null][tid:53][class com.martiansoftware.nailgun.NGServer] Exiting VM.
