[2015-07-01 14:27:25.865][debug][command:7bd702d2-0c52-4f46-a123-c70873385ed1][tid:48][com.facebook.buck.cli.Main] Starting up (build date 2015-06-17 16:35:48 +0800, rev b19139c16670e7f886b0bce6243fcd7f27c2a1a3), args: [project]
[2015-07-01 14:27:25.885][debug][command:7bd702d2-0c52-4f46-a123-c70873385ed1][tid:48][com.facebook.buck.cli.BuckConfig] Loaded a configuration file /home/fzq/workspace/DesignTest/.buckconfig: {alias={app=//apps/DesignTest:app}, android={target=Google Inc.:Google APIs:21}, project={ignore=.git}, intellij={default_android_manifest_path=src/main/AndroidManifest.xml, default_android_resource_path=src/main/res}}
[2015-07-01 14:27:25.885][debug][command:7bd702d2-0c52-4f46-a123-c70873385ed1][tid:48][com.facebook.buck.cli.BuckConfig] Adding configuration overrides: {}
[2015-07-01 14:27:25.886][debug][command:7bd702d2-0c52-4f46-a123-c70873385ed1][tid:48][com.facebook.buck.cli.BuckConfig] Loaded a configuration file /home/fzq/workspace/DesignTest/.buckconfig: {alias={app=//apps/DesignTest:app}, android={target=Google Inc.:Google APIs:21}, project={ignore=.git}, intellij={default_android_manifest_path=src/main/AndroidManifest.xml, default_android_resource_path=src/main/res}}
[2015-07-01 14:27:25.887][debug][command:7bd702d2-0c52-4f46-a123-c70873385ed1][tid:48][com.facebook.buck.cli.BuckConfig] Adding configuration overrides: {}
[2015-07-01 14:27:25.888][debug][command:7bd702d2-0c52-4f46-a123-c70873385ed1][tid:48][com.facebook.buck.io.ExecutableFinder] Executable 'python2' mapped to 'Optional.of(/usr/bin/python2)'
[2015-07-01 14:27:25.892][warn ][command:7bd702d2-0c52-4f46-a123-c70873385ed1][tid:48][com.facebook.buck.apple.AppleConfig] Could not execute xcode-select, continuing without developer dir.
[2015-07-01 14:27:25.893][debug][command:7bd702d2-0c52-4f46-a123-c70873385ed1][tid:48][com.facebook.buck.io.ExecutableFinder] Executable '/home/fzq/Android/android-ndk-r10e/toolchains/arm-linux-androideabi-4.8/prebuilt/linux-x86_64/arm-linux-androideabi/bin/as' mapped to 'Optional.of(/home/fzq/Android/android-ndk-r10e/toolchains/arm-linux-androideabi-4.8/prebuilt/linux-x86_64/arm-linux-androideabi/bin/as)'
[2015-07-01 14:27:25.893][debug][command:7bd702d2-0c52-4f46-a123-c70873385ed1][tid:48][com.facebook.buck.io.ExecutableFinder] Executable '/home/fzq/Android/android-ndk-r10e/toolchains/arm-linux-androideabi-4.8/prebuilt/linux-x86_64/arm-linux-androideabi/bin/gcc' mapped to 'Optional.of(/home/fzq/Android/android-ndk-r10e/toolchains/arm-linux-androideabi-4.8/prebuilt/linux-x86_64/arm-linux-androideabi/bin/gcc)'
[2015-07-01 14:27:25.893][debug][command:7bd702d2-0c52-4f46-a123-c70873385ed1][tid:48][com.facebook.buck.io.ExecutableFinder] Executable '/home/fzq/Android/android-ndk-r10e/toolchains/arm-linux-androideabi-4.8/prebuilt/linux-x86_64/arm-linux-androideabi/bin/gcc' mapped to 'Optional.of(/home/fzq/Android/android-ndk-r10e/toolchains/arm-linux-androideabi-4.8/prebuilt/linux-x86_64/arm-linux-androideabi/bin/gcc)'
[2015-07-01 14:27:25.893][debug][command:7bd702d2-0c52-4f46-a123-c70873385ed1][tid:48][com.facebook.buck.io.ExecutableFinder] Executable '/home/fzq/Android/android-ndk-r10e/toolchains/arm-linux-androideabi-4.8/prebuilt/linux-x86_64/arm-linux-androideabi/bin/gcc' mapped to 'Optional.of(/home/fzq/Android/android-ndk-r10e/toolchains/arm-linux-androideabi-4.8/prebuilt/linux-x86_64/arm-linux-androideabi/bin/gcc)'
[2015-07-01 14:27:25.894][debug][command:7bd702d2-0c52-4f46-a123-c70873385ed1][tid:48][com.facebook.buck.io.ExecutableFinder] Executable '/home/fzq/Android/android-ndk-r10e/toolchains/arm-linux-androideabi-4.8/prebuilt/linux-x86_64/arm-linux-androideabi/bin/g++' mapped to 'Optional.of(/home/fzq/Android/android-ndk-r10e/toolchains/arm-linux-androideabi-4.8/prebuilt/linux-x86_64/arm-linux-androideabi/bin/g++)'
[2015-07-01 14:27:25.894][debug][command:7bd702d2-0c52-4f46-a123-c70873385ed1][tid:48][com.facebook.buck.io.ExecutableFinder] Executable '/home/fzq/Android/android-ndk-r10e/toolchains/arm-linux-androideabi-4.8/prebuilt/linux-x86_64/arm-linux-androideabi/bin/g++' mapped to 'Optional.of(/home/fzq/Android/android-ndk-r10e/toolchains/arm-linux-androideabi-4.8/prebuilt/linux-x86_64/arm-linux-androideabi/bin/g++)'
[2015-07-01 14:27:25.895][debug][command:7bd702d2-0c52-4f46-a123-c70873385ed1][tid:48][com.facebook.buck.io.ExecutableFinder] Executable '/home/fzq/Android/android-ndk-r10e/toolchains/arm-linux-androideabi-4.8/prebuilt/linux-x86_64/arm-linux-androideabi/bin/g++' mapped to 'Optional.of(/home/fzq/Android/android-ndk-r10e/toolchains/arm-linux-androideabi-4.8/prebuilt/linux-x86_64/arm-linux-androideabi/bin/g++)'
[2015-07-01 14:27:25.895][debug][command:7bd702d2-0c52-4f46-a123-c70873385ed1][tid:48][com.facebook.buck.io.ExecutableFinder] Executable '/home/fzq/Android/android-ndk-r10e/toolchains/arm-linux-androideabi-4.8/prebuilt/linux-x86_64/arm-linux-androideabi/bin/ld.gold' mapped to 'Optional.of(/home/fzq/Android/android-ndk-r10e/toolchains/arm-linux-androideabi-4.8/prebuilt/linux-x86_64/arm-linux-androideabi/bin/ld.gold)'
[2015-07-01 14:27:25.896][debug][command:7bd702d2-0c52-4f46-a123-c70873385ed1][tid:48][com.facebook.buck.io.ExecutableFinder] Executable '/home/fzq/Android/android-ndk-r10e/toolchains/arm-linux-androideabi-4.8/prebuilt/linux-x86_64/arm-linux-androideabi/bin/ar' mapped to 'Optional.of(/home/fzq/Android/android-ndk-r10e/toolchains/arm-linux-androideabi-4.8/prebuilt/linux-x86_64/arm-linux-androideabi/bin/ar)'
[2015-07-01 14:27:25.896][debug][command:7bd702d2-0c52-4f46-a123-c70873385ed1][tid:48][com.facebook.buck.io.ExecutableFinder] Executable '/home/fzq/Android/android-ndk-r10e/toolchains/arm-linux-androideabi-4.8/prebuilt/linux-x86_64/arm-linux-androideabi/bin/objcopy' mapped to 'Optional.of(/home/fzq/Android/android-ndk-r10e/toolchains/arm-linux-androideabi-4.8/prebuilt/linux-x86_64/arm-linux-androideabi/bin/objcopy)'
[2015-07-01 14:27:25.897][debug][command:7bd702d2-0c52-4f46-a123-c70873385ed1][tid:48][com.facebook.buck.io.ExecutableFinder] Executable '/home/fzq/Android/android-ndk-r10e/toolchains/arm-linux-androideabi-4.8/prebuilt/linux-x86_64/arm-linux-androideabi/bin/as' mapped to 'Optional.of(/home/fzq/Android/android-ndk-r10e/toolchains/arm-linux-androideabi-4.8/prebuilt/linux-x86_64/arm-linux-androideabi/bin/as)'
[2015-07-01 14:27:25.897][debug][command:7bd702d2-0c52-4f46-a123-c70873385ed1][tid:48][com.facebook.buck.io.ExecutableFinder] Executable '/home/fzq/Android/android-ndk-r10e/toolchains/arm-linux-androideabi-4.8/prebuilt/linux-x86_64/arm-linux-androideabi/bin/gcc' mapped to 'Optional.of(/home/fzq/Android/android-ndk-r10e/toolchains/arm-linux-androideabi-4.8/prebuilt/linux-x86_64/arm-linux-androideabi/bin/gcc)'
[2015-07-01 14:27:25.897][debug][command:7bd702d2-0c52-4f46-a123-c70873385ed1][tid:48][com.facebook.buck.io.ExecutableFinder] Executable '/home/fzq/Android/android-ndk-r10e/toolchains/arm-linux-androideabi-4.8/prebuilt/linux-x86_64/arm-linux-androideabi/bin/gcc' mapped to 'Optional.of(/home/fzq/Android/android-ndk-r10e/toolchains/arm-linux-androideabi-4.8/prebuilt/linux-x86_64/arm-linux-androideabi/bin/gcc)'
[2015-07-01 14:27:25.898][debug][command:7bd702d2-0c52-4f46-a123-c70873385ed1][tid:48][com.facebook.buck.io.ExecutableFinder] Executable '/home/fzq/Android/android-ndk-r10e/toolchains/arm-linux-androideabi-4.8/prebuilt/linux-x86_64/arm-linux-androideabi/bin/gcc' mapped to 'Optional.of(/home/fzq/Android/android-ndk-r10e/toolchains/arm-linux-androideabi-4.8/prebuilt/linux-x86_64/arm-linux-androideabi/bin/gcc)'
[2015-07-01 14:27:25.898][debug][command:7bd702d2-0c52-4f46-a123-c70873385ed1][tid:48][com.facebook.buck.io.ExecutableFinder] Executable '/home/fzq/Android/android-ndk-r10e/toolchains/arm-linux-androideabi-4.8/prebuilt/linux-x86_64/arm-linux-androideabi/bin/g++' mapped to 'Optional.of(/home/fzq/Android/android-ndk-r10e/toolchains/arm-linux-androideabi-4.8/prebuilt/linux-x86_64/arm-linux-androideabi/bin/g++)'
[2015-07-01 14:27:25.898][debug][command:7bd702d2-0c52-4f46-a123-c70873385ed1][tid:48][com.facebook.buck.io.ExecutableFinder] Executable '/home/fzq/Android/android-ndk-r10e/toolchains/arm-linux-androideabi-4.8/prebuilt/linux-x86_64/arm-linux-androideabi/bin/g++' mapped to 'Optional.of(/home/fzq/Android/android-ndk-r10e/toolchains/arm-linux-androideabi-4.8/prebuilt/linux-x86_64/arm-linux-androideabi/bin/g++)'
[2015-07-01 14:27:25.899][debug][command:7bd702d2-0c52-4f46-a123-c70873385ed1][tid:48][com.facebook.buck.io.ExecutableFinder] Executable '/home/fzq/Android/android-ndk-r10e/toolchains/arm-linux-androideabi-4.8/prebuilt/linux-x86_64/arm-linux-androideabi/bin/g++' mapped to 'Optional.of(/home/fzq/Android/android-ndk-r10e/toolchains/arm-linux-androideabi-4.8/prebuilt/linux-x86_64/arm-linux-androideabi/bin/g++)'
[2015-07-01 14:27:25.899][debug][command:7bd702d2-0c52-4f46-a123-c70873385ed1][tid:48][com.facebook.buck.io.ExecutableFinder] Executable '/home/fzq/Android/android-ndk-r10e/toolchains/arm-linux-androideabi-4.8/prebuilt/linux-x86_64/arm-linux-androideabi/bin/ld.gold' mapped to 'Optional.of(/home/fzq/Android/android-ndk-r10e/toolchains/arm-linux-androideabi-4.8/prebuilt/linux-x86_64/arm-linux-androideabi/bin/ld.gold)'
[2015-07-01 14:27:25.899][debug][command:7bd702d2-0c52-4f46-a123-c70873385ed1][tid:48][com.facebook.buck.io.ExecutableFinder] Executable '/home/fzq/Android/android-ndk-r10e/toolchains/arm-linux-androideabi-4.8/prebuilt/linux-x86_64/arm-linux-androideabi/bin/ar' mapped to 'Optional.of(/home/fzq/Android/android-ndk-r10e/toolchains/arm-linux-androideabi-4.8/prebuilt/linux-x86_64/arm-linux-androideabi/bin/ar)'
[2015-07-01 14:27:25.900][debug][command:7bd702d2-0c52-4f46-a123-c70873385ed1][tid:48][com.facebook.buck.io.ExecutableFinder] Executable '/home/fzq/Android/android-ndk-r10e/toolchains/arm-linux-androideabi-4.8/prebuilt/linux-x86_64/arm-linux-androideabi/bin/objcopy' mapped to 'Optional.of(/home/fzq/Android/android-ndk-r10e/toolchains/arm-linux-androideabi-4.8/prebuilt/linux-x86_64/arm-linux-androideabi/bin/objcopy)'
[2015-07-01 14:27:25.900][debug][command:7bd702d2-0c52-4f46-a123-c70873385ed1][tid:48][com.facebook.buck.io.ExecutableFinder] Executable '/home/fzq/Android/android-ndk-r10e/toolchains/x86-4.8/prebuilt/linux-x86_64/i686-linux-android/bin/as' mapped to 'Optional.of(/home/fzq/Android/android-ndk-r10e/toolchains/x86-4.8/prebuilt/linux-x86_64/i686-linux-android/bin/as)'
[2015-07-01 14:27:25.901][debug][command:7bd702d2-0c52-4f46-a123-c70873385ed1][tid:48][com.facebook.buck.io.ExecutableFinder] Executable '/home/fzq/Android/android-ndk-r10e/toolchains/x86-4.8/prebuilt/linux-x86_64/i686-linux-android/bin/gcc' mapped to 'Optional.of(/home/fzq/Android/android-ndk-r10e/toolchains/x86-4.8/prebuilt/linux-x86_64/i686-linux-android/bin/gcc)'
[2015-07-01 14:27:25.901][debug][command:7bd702d2-0c52-4f46-a123-c70873385ed1][tid:48][com.facebook.buck.io.ExecutableFinder] Executable '/home/fzq/Android/android-ndk-r10e/toolchains/x86-4.8/prebuilt/linux-x86_64/i686-linux-android/bin/gcc' mapped to 'Optional.of(/home/fzq/Android/android-ndk-r10e/toolchains/x86-4.8/prebuilt/linux-x86_64/i686-linux-android/bin/gcc)'
[2015-07-01 14:27:25.901][debug][command:7bd702d2-0c52-4f46-a123-c70873385ed1][tid:48][com.facebook.buck.io.ExecutableFinder] Executable '/home/fzq/Android/android-ndk-r10e/toolchains/x86-4.8/prebuilt/linux-x86_64/i686-linux-android/bin/gcc' mapped to 'Optional.of(/home/fzq/Android/android-ndk-r10e/toolchains/x86-4.8/prebuilt/linux-x86_64/i686-linux-android/bin/gcc)'
[2015-07-01 14:27:25.902][debug][command:7bd702d2-0c52-4f46-a123-c70873385ed1][tid:48][com.facebook.buck.io.ExecutableFinder] Executable '/home/fzq/Android/android-ndk-r10e/toolchains/x86-4.8/prebuilt/linux-x86_64/i686-linux-android/bin/g++' mapped to 'Optional.of(/home/fzq/Android/android-ndk-r10e/toolchains/x86-4.8/prebuilt/linux-x86_64/i686-linux-android/bin/g++)'
[2015-07-01 14:27:25.902][debug][command:7bd702d2-0c52-4f46-a123-c70873385ed1][tid:48][com.facebook.buck.io.ExecutableFinder] Executable '/home/fzq/Android/android-ndk-r10e/toolchains/x86-4.8/prebuilt/linux-x86_64/i686-linux-android/bin/g++' mapped to 'Optional.of(/home/fzq/Android/android-ndk-r10e/toolchains/x86-4.8/prebuilt/linux-x86_64/i686-linux-android/bin/g++)'
[2015-07-01 14:27:25.902][debug][command:7bd702d2-0c52-4f46-a123-c70873385ed1][tid:48][com.facebook.buck.io.ExecutableFinder] Executable '/home/fzq/Android/android-ndk-r10e/toolchains/x86-4.8/prebuilt/linux-x86_64/i686-linux-android/bin/g++' mapped to 'Optional.of(/home/fzq/Android/android-ndk-r10e/toolchains/x86-4.8/prebuilt/linux-x86_64/i686-linux-android/bin/g++)'
[2015-07-01 14:27:25.903][debug][command:7bd702d2-0c52-4f46-a123-c70873385ed1][tid:48][com.facebook.buck.io.ExecutableFinder] Executable '/home/fzq/Android/android-ndk-r10e/toolchains/x86-4.8/prebuilt/linux-x86_64/i686-linux-android/bin/ld.gold' mapped to 'Optional.of(/home/fzq/Android/android-ndk-r10e/toolchains/x86-4.8/prebuilt/linux-x86_64/i686-linux-android/bin/ld.gold)'
[2015-07-01 14:27:25.903][debug][command:7bd702d2-0c52-4f46-a123-c70873385ed1][tid:48][com.facebook.buck.io.ExecutableFinder] Executable '/home/fzq/Android/android-ndk-r10e/toolchains/x86-4.8/prebuilt/linux-x86_64/i686-linux-android/bin/ar' mapped to 'Optional.of(/home/fzq/Android/android-ndk-r10e/toolchains/x86-4.8/prebuilt/linux-x86_64/i686-linux-android/bin/ar)'
[2015-07-01 14:27:25.903][debug][command:7bd702d2-0c52-4f46-a123-c70873385ed1][tid:48][com.facebook.buck.io.ExecutableFinder] Executable '/home/fzq/Android/android-ndk-r10e/toolchains/x86-4.8/prebuilt/linux-x86_64/i686-linux-android/bin/objcopy' mapped to 'Optional.of(/home/fzq/Android/android-ndk-r10e/toolchains/x86-4.8/prebuilt/linux-x86_64/i686-linux-android/bin/objcopy)'
[2015-07-01 14:27:25.904][debug][command:7bd702d2-0c52-4f46-a123-c70873385ed1][tid:48][com.facebook.buck.cxx.CxxPlatforms] Using system default C++ platform CxxPlatform{flavor=default, as=com.facebook.buck.cxx.HashedFileTool@2b7bd9a3, asflags=[], aspp=com.facebook.buck.cxx.HashedFileTool@65f69c13, asppflags=[], cc=com.facebook.buck.cxx.HashedFileTool@43abdf2b, cflags=[], cxx=com.facebook.buck.cxx.HashedFileTool@453cfe89, cxxflags=[], cpp=com.facebook.buck.cxx.HashedFileTool@307f914c, cppflags=[], cxxpp=com.facebook.buck.cxx.HashedFileTool@61b88554, cxxppflags=[], cxxld=com.facebook.buck.cxx.HashedFileTool@7cf74ccf, cxxldflags=[], ld=com.facebook.buck.cxx.GnuLinker@5e1d2d6e, ldflags=[], runtimeLdflags={}, ar=com.facebook.buck.cxx.HashedFileTool@12243210, arflags=[], arExpectedGlobalHeader=[33, 60, 97, 114, 99, 104, 62, 10], lex=Optional.of(com.facebook.buck.cxx.HashedFileTool@37938725), lexFlags=[], yacc=Optional.of(com.facebook.buck.cxx.HashedFileTool@7144242c), yaccFlags=[-y], sharedLibraryExtension=so, debugPathSanitizer=com.facebook.buck.cxx.DebugPathSanitizer@617a184}
[2015-07-01 14:27:25.906][debug][command:7bd702d2-0c52-4f46-a123-c70873385ed1][tid:48][com.facebook.buck.io.ExecutableFinder] Executable 'python2' mapped to 'Optional.of(/usr/bin/python2)'
[2015-07-01 14:27:25.907][debug][command:7bd702d2-0c52-4f46-a123-c70873385ed1][tid:48][com.facebook.buck.io.ExecutableFinder] Executable 'python2' mapped to 'Optional.of(/usr/bin/python2)'
[2015-07-01 14:27:25.908][debug][command:7bd702d2-0c52-4f46-a123-c70873385ed1][tid:48][com.facebook.buck.event.listener.SuperConsoleEventBusListener] Starting render scheduler (interval 100 ms)
[2015-07-01 14:27:25.913][debug][command:7bd702d2-0c52-4f46-a123-c70873385ed1][tid:48][com.facebook.buck.io.ExecutableFinder] Executable 'python2' mapped to 'Optional.of(/usr/bin/python2)'
[2015-07-01 14:27:25.916][debug][command:7bd702d2-0c52-4f46-a123-c70873385ed1][tid:48][com.facebook.buck.util.WatchmanWatcher] Starting watchman command: [watchman, --server-encoding=json, --no-pretty, -j]
[2015-07-01 14:27:25.916][debug][command:7bd702d2-0c52-4f46-a123-c70873385ed1][tid:58][com.facebook.buck.event.listener.LoggingBuildListener] CommandStarted(project, isDaemon: true)
[2015-07-01 14:27:25.921][debug][command:7bd702d2-0c52-4f46-a123-c70873385ed1][tid:48][com.facebook.buck.util.WatchmanWatcher] Writing query to Watchman: ["query","/home/fzq/workspace/DesignTest",{"since":"n:buckd536fc2fd-67f4-495a-89be-85d171b227f9","expression":["not",["anyof",["type","d"],["match","buck-out/*","wholename"],["match",".idea/*","wholename"],["match","/home/fzq/workspace/DesignTest/.buckd/*","wholename"],["match","/home/fzq/workspace/DesignTest/buck-cache/*","wholename"],["match",".git/*","wholename"],["match","*.pbxproj","wholename"],["match","*.xcscheme","wholename"],["match","*.xcworkspacedata","wholename"]]],"empty_on_fresh_instance":true,"fields":["name","exists","new"]}]
[2015-07-01 14:27:25.921][debug][command:7bd702d2-0c52-4f46-a123-c70873385ed1][tid:48][com.facebook.buck.util.WatchmanWatcher] Parsing JSON output from Watchman
[2015-07-01 14:27:25.923][debug][command:7bd702d2-0c52-4f46-a123-c70873385ed1][tid:48][com.facebook.buck.parser.Parser] Parsed build files does not contain /home/fzq/workspace/DesignTest/.buckd/buckd.runcount, not invalidating
[2015-07-01 14:27:25.924][debug][command:7bd702d2-0c52-4f46-a123-c70873385ed1][tid:48][com.facebook.buck.parser.Parser] Removing targets [] for path /home/fzq/workspace/DesignTest/.buckd/buckd.runcount
[2015-07-01 14:27:25.925][debug][command:7bd702d2-0c52-4f46-a123-c70873385ed1][tid:48][com.facebook.buck.parser.Parser] Parser invalidating /home/fzq/workspace/DesignTest/app/BUCK cache
[2015-07-01 14:27:25.926][debug][command:7bd702d2-0c52-4f46-a123-c70873385ed1][tid:48][com.facebook.buck.parser.Parser] Removing targets [//app:src, //app:project_config, //app:res, //app:app, //app:build-config, //app:debug_keystore, //app:manifest, //app:application-lib] for path /home/fzq/workspace/DesignTest/app/BUCK
[2015-07-01 14:27:25.926][debug][command:7bd702d2-0c52-4f46-a123-c70873385ed1][tid:48][com.facebook.buck.parser.Parser] Parsed build files does not contain /home/fzq/workspace/DesignTest/app/BUCK___jb_old___, not invalidating
[2015-07-01 14:27:25.926][debug][command:7bd702d2-0c52-4f46-a123-c70873385ed1][tid:48][com.facebook.buck.parser.Parser] Removing targets [] for path /home/fzq/workspace/DesignTest/app/BUCK___jb_old___
[2015-07-01 14:27:25.926][debug][command:7bd702d2-0c52-4f46-a123-c70873385ed1][tid:48][com.facebook.buck.parser.Parser] Parsed build files does not contain /home/fzq/workspace/DesignTest/app/BUCK, not invalidating
[2015-07-01 14:27:25.926][debug][command:7bd702d2-0c52-4f46-a123-c70873385ed1][tid:48][com.facebook.buck.parser.Parser] Removing targets [] for path /home/fzq/workspace/DesignTest/app/BUCK
[2015-07-01 14:27:25.927][debug][command:7bd702d2-0c52-4f46-a123-c70873385ed1][tid:48][com.facebook.buck.parser.Parser] Parsed build files does not contain /home/fzq/workspace/DesignTest/app/BUCK___jb_bak___, not invalidating
[2015-07-01 14:27:25.927][debug][command:7bd702d2-0c52-4f46-a123-c70873385ed1][tid:48][com.facebook.buck.parser.Parser] Removing targets [] for path /home/fzq/workspace/DesignTest/app/BUCK___jb_bak___
[2015-07-01 14:27:25.927][debug][command:7bd702d2-0c52-4f46-a123-c70873385ed1][tid:48][com.facebook.buck.parser.Parser] Parsed build files does not contain /home/fzq/workspace/DesignTest/app/BUCK, not invalidating
[2015-07-01 14:27:25.927][debug][command:7bd702d2-0c52-4f46-a123-c70873385ed1][tid:48][com.facebook.buck.parser.Parser] Removing targets [] for path /home/fzq/workspace/DesignTest/app/BUCK
[2015-07-01 14:27:25.931][debug][command:7bd702d2-0c52-4f46-a123-c70873385ed1][tid:48][com.facebook.buck.parser.Parser] Parsed build files does not contain /home/fzq/workspace/DesignTest/app/BUCK, not invalidating
[2015-07-01 14:27:25.932][debug][command:7bd702d2-0c52-4f46-a123-c70873385ed1][tid:48][com.facebook.buck.parser.Parser] Removing targets [] for path /home/fzq/workspace/DesignTest/app/BUCK
[2015-07-01 14:27:25.932][debug][command:7bd702d2-0c52-4f46-a123-c70873385ed1][tid:48][com.facebook.buck.parser.Parser] Parsed build files does not contain /home/fzq/workspace/DesignTest/app/BUCK, not invalidating
[2015-07-01 14:27:25.932][debug][command:7bd702d2-0c52-4f46-a123-c70873385ed1][tid:48][com.facebook.buck.parser.Parser] Removing targets [] for path /home/fzq/workspace/DesignTest/app/BUCK
[2015-07-01 14:27:25.933][debug][command:7bd702d2-0c52-4f46-a123-c70873385ed1][tid:48][com.facebook.buck.parser.Parser] Parsed build files does not contain /home/fzq/workspace/DesignTest/app/src/main/res/values/strings.xml___jb_old___, not invalidating
[2015-07-01 14:27:25.933][debug][command:7bd702d2-0c52-4f46-a123-c70873385ed1][tid:48][com.facebook.buck.parser.Parser] Removing targets [] for path /home/fzq/workspace/DesignTest/app/src/main/res/values/strings.xml___jb_old___
[2015-07-01 14:27:25.933][debug][command:7bd702d2-0c52-4f46-a123-c70873385ed1][tid:48][com.facebook.buck.parser.Parser] Parsed build files does not contain /home/fzq/workspace/DesignTest/app/BUCK, not invalidating
[2015-07-01 14:27:25.934][debug][command:7bd702d2-0c52-4f46-a123-c70873385ed1][tid:48][com.facebook.buck.parser.Parser] Removing targets [] for path /home/fzq/workspace/DesignTest/app/BUCK
[2015-07-01 14:27:25.934][debug][command:7bd702d2-0c52-4f46-a123-c70873385ed1][tid:48][com.facebook.buck.parser.Parser] Parsed build files does not contain /home/fzq/workspace/DesignTest/app/src/main/res/values/strings.xml___jb_bak___, not invalidating
[2015-07-01 14:27:25.934][debug][command:7bd702d2-0c52-4f46-a123-c70873385ed1][tid:48][com.facebook.buck.parser.Parser] Removing targets [] for path /home/fzq/workspace/DesignTest/app/src/main/res/values/strings.xml___jb_bak___
[2015-07-01 14:27:25.935][debug][command:7bd702d2-0c52-4f46-a123-c70873385ed1][tid:48][com.facebook.buck.parser.Parser] Parsed build files does not contain /home/fzq/workspace/DesignTest/app/BUCK, not invalidating
[2015-07-01 14:27:25.935][debug][command:7bd702d2-0c52-4f46-a123-c70873385ed1][tid:48][com.facebook.buck.parser.Parser] Removing targets [] for path /home/fzq/workspace/DesignTest/app/BUCK
[2015-07-01 14:27:25.935][debug][command:7bd702d2-0c52-4f46-a123-c70873385ed1][tid:48][com.facebook.buck.parser.Parser] Parsed build files does not contain /home/fzq/workspace/DesignTest/app/src/main/res/values/strings.xml, not invalidating
[2015-07-01 14:27:25.935][debug][command:7bd702d2-0c52-4f46-a123-c70873385ed1][tid:48][com.facebook.buck.parser.Parser] Removing targets [] for path /home/fzq/workspace/DesignTest/app/src/main/res/values/strings.xml
[2015-07-01 14:27:25.939][debug][command:7bd702d2-0c52-4f46-a123-c70873385ed1][tid:48][com.facebook.buck.parser.Parser] Parsed build files does not contain /home/fzq/workspace/DesignTest/.buckd/tmp/buck_run.SX06c6/ngserver-out, not invalidating
[2015-07-01 14:27:25.939][debug][command:7bd702d2-0c52-4f46-a123-c70873385ed1][tid:48][com.facebook.buck.parser.Parser] Removing targets [] for path /home/fzq/workspace/DesignTest/.buckd/tmp/buck_run.SX06c6/ngserver-out
[2015-07-01 14:27:25.940][debug][command:7bd702d2-0c52-4f46-a123-c70873385ed1][tid:48][com.facebook.buck.parser.Parser] Parsed build files does not contain /home/fzq/workspace/DesignTest/.buckd/tmp/buck_run.SX06c6/buck_artifact_src1607549537643176591.zip, not invalidating
[2015-07-01 14:27:25.940][debug][command:7bd702d2-0c52-4f46-a123-c70873385ed1][tid:48][com.facebook.buck.parser.Parser] Removing targets [] for path /home/fzq/workspace/DesignTest/.buckd/tmp/buck_run.SX06c6/buck_artifact_src1607549537643176591.zip
[2015-07-01 14:27:25.941][debug][command:7bd702d2-0c52-4f46-a123-c70873385ed1][tid:48][com.facebook.buck.parser.Parser] Parsed build files does not contain /home/fzq/workspace/DesignTest/.buckd/tmp/buck_run.SX06c6/buck_artifact_all-jars6624296773292802019.zip, not invalidating
[2015-07-01 14:27:25.941][debug][command:7bd702d2-0c52-4f46-a123-c70873385ed1][tid:48][com.facebook.buck.parser.Parser] Removing targets [] for path /home/fzq/workspace/DesignTest/.buckd/tmp/buck_run.SX06c6/buck_artifact_all-jars6624296773292802019.zip
[2015-07-01 14:27:25.942][debug][command:7bd702d2-0c52-4f46-a123-c70873385ed1][tid:48][com.facebook.buck.parser.Parser] Parsed build files does not contain /home/fzq/workspace/DesignTest/.buckd/tmp/buck_run.SX06c6/buck_artifact_build-config2239779247156001033.zip, not invalidating
[2015-07-01 14:27:25.942][debug][command:7bd702d2-0c52-4f46-a123-c70873385ed1][tid:48][com.facebook.buck.parser.Parser] Removing targets [] for path /home/fzq/workspace/DesignTest/.buckd/tmp/buck_run.SX06c6/buck_artifact_build-config2239779247156001033.zip
[2015-07-01 14:27:25.943][debug][command:7bd702d2-0c52-4f46-a123-c70873385ed1][tid:48][com.facebook.buck.parser.Parser] Parsed build files does not contain /home/fzq/workspace/DesignTest/.buckd/tmp/buck_run.SX06c6/buck_artifact_application-lib9048353316251074807.zip, not invalidating
[2015-07-01 14:27:25.943][debug][command:7bd702d2-0c52-4f46-a123-c70873385ed1][tid:48][com.facebook.buck.parser.Parser] Removing targets [] for path /home/fzq/workspace/DesignTest/.buckd/tmp/buck_run.SX06c6/buck_artifact_application-lib9048353316251074807.zip
[2015-07-01 14:27:25.945][debug][command:7bd702d2-0c52-4f46-a123-c70873385ed1][tid:48][com.facebook.buck.parser.Parser] Parsed build files does not contain /home/fzq/workspace/DesignTest/.buckd/tmp/buck_run.SX06c6/buck_artifact_support-v44432096444123999865.zip, not invalidating
[2015-07-01 14:27:25.945][debug][command:7bd702d2-0c52-4f46-a123-c70873385ed1][tid:48][com.facebook.buck.parser.Parser] Removing targets [] for path /home/fzq/workspace/DesignTest/.buckd/tmp/buck_run.SX06c6/buck_artifact_support-v44432096444123999865.zip
[2015-07-01 14:27:25.946][debug][command:7bd702d2-0c52-4f46-a123-c70873385ed1][tid:48][com.facebook.buck.parser.Parser] Parsed build files does not contain /home/fzq/workspace/DesignTest/.buckd/tmp/buck_run.SX06c6/buck_artifact_support-v133405794957205852155.zip, not invalidating
[2015-07-01 14:27:25.946][debug][command:7bd702d2-0c52-4f46-a123-c70873385ed1][tid:48][com.facebook.buck.parser.Parser] Removing targets [] for path /home/fzq/workspace/DesignTest/.buckd/tmp/buck_run.SX06c6/buck_artifact_support-v133405794957205852155.zip
[2015-07-01 14:27:25.947][debug][command:7bd702d2-0c52-4f46-a123-c70873385ed1][tid:48][com.facebook.buck.parser.Parser] Parsed build files does not contain /home/fzq/workspace/DesignTest/.buckd/tmp/buck_run.SX06c6/buck_artifact_jars__buck-android-support.jar6147114918633514601.zip, not invalidating
[2015-07-01 14:27:25.947][debug][command:7bd702d2-0c52-4f46-a123-c70873385ed1][tid:48][com.facebook.buck.parser.Parser] Removing targets [] for path /home/fzq/workspace/DesignTest/.buckd/tmp/buck_run.SX06c6/buck_artifact_jars__buck-android-support.jar6147114918633514601.zip
[2015-07-01 14:27:25.948][debug][command:7bd702d2-0c52-4f46-a123-c70873385ed1][tid:48][com.facebook.buck.parser.Parser] Parsed build files does not contain /home/fzq/workspace/DesignTest/.buckd/tmp/buck_run.SX06c6/buck_artifact_appcompat8906805727346474726.zip, not invalidating
[2015-07-01 14:27:25.948][debug][command:7bd702d2-0c52-4f46-a123-c70873385ed1][tid:48][com.facebook.buck.parser.Parser] Removing targets [] for path /home/fzq/workspace/DesignTest/.buckd/tmp/buck_run.SX06c6/buck_artifact_appcompat8906805727346474726.zip
[2015-07-01 14:27:25.949][debug][command:7bd702d2-0c52-4f46-a123-c70873385ed1][tid:48][com.facebook.buck.parser.Parser] Parsed build files does not contain /home/fzq/workspace/DesignTest/.buckd/tmp/buck_run.SX06c6/buck_artifact_android-design3958977713822455526.zip, not invalidating
[2015-07-01 14:27:25.949][debug][command:7bd702d2-0c52-4f46-a123-c70873385ed1][tid:48][com.facebook.buck.parser.Parser] Removing targets [] for path /home/fzq/workspace/DesignTest/.buckd/tmp/buck_run.SX06c6/buck_artifact_android-design3958977713822455526.zip
[2015-07-01 14:27:25.950][debug][command:7bd702d2-0c52-4f46-a123-c70873385ed1][tid:48][com.facebook.buck.parser.Parser] Parsed build files does not contain /home/fzq/workspace/DesignTest/.buckd/tmp/buck_run.SX06c6/buck_artifact_src7414330272255415128.zip, not invalidating
[2015-07-01 14:27:25.950][debug][command:7bd702d2-0c52-4f46-a123-c70873385ed1][tid:48][com.facebook.buck.parser.Parser] Removing targets [] for path /home/fzq/workspace/DesignTest/.buckd/tmp/buck_run.SX06c6/buck_artifact_src7414330272255415128.zip
[2015-07-01 14:27:25.951][debug][command:7bd702d2-0c52-4f46-a123-c70873385ed1][tid:48][com.facebook.buck.parser.Parser] Parsed build files does not contain /home/fzq/workspace/DesignTest/.buckd/tmp/buck_run.SX06c6/buck_artifact_application-lib6121788611777682585.zip, not invalidating
[2015-07-01 14:27:25.951][debug][command:7bd702d2-0c52-4f46-a123-c70873385ed1][tid:48][com.facebook.buck.parser.Parser] Removing targets [] for path /home/fzq/workspace/DesignTest/.buckd/tmp/buck_run.SX06c6/buck_artifact_application-lib6121788611777682585.zip
[2015-07-01 14:27:25.951][debug][command:7bd702d2-0c52-4f46-a123-c70873385ed1][tid:48][com.facebook.buck.parser.Parser] Parsed build files does not contain /home/fzq/workspace/DesignTest/.buckd/tmp/buck_run.SX06c6/buck_artifact_support-v47299283834120968796.zip, not invalidating
[2015-07-01 14:27:25.952][debug][command:7bd702d2-0c52-4f46-a123-c70873385ed1][tid:48][com.facebook.buck.parser.Parser] Removing targets [] for path /home/fzq/workspace/DesignTest/.buckd/tmp/buck_run.SX06c6/buck_artifact_support-v47299283834120968796.zip
[2015-07-01 14:27:25.952][debug][command:7bd702d2-0c52-4f46-a123-c70873385ed1][tid:48][com.facebook.buck.parser.Parser] Parsed build files does not contain /home/fzq/workspace/DesignTest/.buckd/tmp/buck_run.SX06c6/buck_artifact_support-v13153684113388947694.zip, not invalidating
[2015-07-01 14:27:25.952][debug][command:7bd702d2-0c52-4f46-a123-c70873385ed1][tid:48][com.facebook.buck.parser.Parser] Removing targets [] for path /home/fzq/workspace/DesignTest/.buckd/tmp/buck_run.SX06c6/buck_artifact_support-v13153684113388947694.zip
[2015-07-01 14:27:25.953][debug][command:7bd702d2-0c52-4f46-a123-c70873385ed1][tid:48][com.facebook.buck.parser.Parser] Parsed build files does not contain /home/fzq/workspace/DesignTest/.buckd/tmp/buck_run.SX06c6/buck_artifact_appcompat2263981355372684606.zip, not invalidating
[2015-07-01 14:27:25.953][debug][command:7bd702d2-0c52-4f46-a123-c70873385ed1][tid:48][com.facebook.buck.parser.Parser] Removing targets [] for path /home/fzq/workspace/DesignTest/.buckd/tmp/buck_run.SX06c6/buck_artifact_appcompat2263981355372684606.zip
[2015-07-01 14:27:25.954][debug][command:7bd702d2-0c52-4f46-a123-c70873385ed1][tid:48][com.facebook.buck.parser.Parser] Parsed build files does not contain /home/fzq/workspace/DesignTest/.buckd/tmp/buck_run.SX06c6/buck_artifact_android-design7743806640668821782.zip, not invalidating
[2015-07-01 14:27:25.954][debug][command:7bd702d2-0c52-4f46-a123-c70873385ed1][tid:48][com.facebook.buck.parser.Parser] Removing targets [] for path /home/fzq/workspace/DesignTest/.buckd/tmp/buck_run.SX06c6/buck_artifact_android-design7743806640668821782.zip
[2015-07-01 14:27:25.955][debug][command:7bd702d2-0c52-4f46-a123-c70873385ed1][tid:48][com.facebook.buck.parser.Parser] Parsed build files does not contain /home/fzq/workspace/DesignTest/.buckd/tmp/buck_run.SX06c6/buck_artifact_support-v131701299632047879573.zip, not invalidating
[2015-07-01 14:27:25.955][debug][command:7bd702d2-0c52-4f46-a123-c70873385ed1][tid:48][com.facebook.buck.parser.Parser] Removing targets [] for path /home/fzq/workspace/DesignTest/.buckd/tmp/buck_run.SX06c6/buck_artifact_support-v131701299632047879573.zip
[2015-07-01 14:27:25.955][debug][command:7bd702d2-0c52-4f46-a123-c70873385ed1][tid:48][com.facebook.buck.parser.Parser] Parsed build files does not contain /home/fzq/workspace/DesignTest/.buckd/tmp/buck_run.SX06c6/buck_artifact_support-v47003849225848887923.zip, not invalidating
[2015-07-01 14:27:25.956][debug][command:7bd702d2-0c52-4f46-a123-c70873385ed1][tid:48][com.facebook.buck.parser.Parser] Removing targets [] for path /home/fzq/workspace/DesignTest/.buckd/tmp/buck_run.SX06c6/buck_artifact_support-v47003849225848887923.zip
[2015-07-01 14:27:25.956][debug][command:7bd702d2-0c52-4f46-a123-c70873385ed1][tid:48][com.facebook.buck.parser.Parser] Parsed build files does not contain /home/fzq/workspace/DesignTest/.buckd/tmp/buck_run.SX06c6/buck_artifact_jars__buck-android-support.jar2172868566097147410.zip, not invalidating
[2015-07-01 14:27:25.956][debug][command:7bd702d2-0c52-4f46-a123-c70873385ed1][tid:48][com.facebook.buck.parser.Parser] Removing targets [] for path /home/fzq/workspace/DesignTest/.buckd/tmp/buck_run.SX06c6/buck_artifact_jars__buck-android-support.jar2172868566097147410.zip
[2015-07-01 14:27:25.957][debug][command:7bd702d2-0c52-4f46-a123-c70873385ed1][tid:48][com.facebook.buck.parser.Parser] Parsed build files does not contain /home/fzq/workspace/DesignTest/.buckd/tmp/buck_run.SX06c6/buck_artifact_appcompat413511908829935070.zip, not invalidating
[2015-07-01 14:27:25.957][debug][command:7bd702d2-0c52-4f46-a123-c70873385ed1][tid:48][com.facebook.buck.parser.Parser] Removing targets [] for path /home/fzq/workspace/DesignTest/.buckd/tmp/buck_run.SX06c6/buck_artifact_appcompat413511908829935070.zip
[2015-07-01 14:27:25.958][debug][command:7bd702d2-0c52-4f46-a123-c70873385ed1][tid:48][com.facebook.buck.parser.Parser] Parsed build files does not contain /home/fzq/workspace/DesignTest/.buckd/tmp/buck_run.SX06c6/buck_artifact_android-design2187487883943175211.zip, not invalidating
[2015-07-01 14:27:25.958][debug][command:7bd702d2-0c52-4f46-a123-c70873385ed1][tid:48][com.facebook.buck.parser.Parser] Removing targets [] for path /home/fzq/workspace/DesignTest/.buckd/tmp/buck_run.SX06c6/buck_artifact_android-design2187487883943175211.zip
[2015-07-01 14:27:25.959][debug][command:7bd702d2-0c52-4f46-a123-c70873385ed1][tid:48][com.facebook.buck.parser.Parser] Parsed build files does not contain /home/fzq/workspace/DesignTest/.buckd/tmp/buck_run.SX06c6/buck_artifact_src9179558810879540792.zip, not invalidating
[2015-07-01 14:27:25.959][debug][command:7bd702d2-0c52-4f46-a123-c70873385ed1][tid:48][com.facebook.buck.parser.Parser] Removing targets [] for path /home/fzq/workspace/DesignTest/.buckd/tmp/buck_run.SX06c6/buck_artifact_src9179558810879540792.zip
[2015-07-01 14:27:25.960][debug][command:7bd702d2-0c52-4f46-a123-c70873385ed1][tid:48][com.facebook.buck.parser.Parser] Parsed build files does not contain /home/fzq/workspace/DesignTest/.buckd/tmp/buck_run.SX06c6/buck_artifact_debug_keystore3917563743104918384.zip, not invalidating
[2015-07-01 14:27:25.960][debug][command:7bd702d2-0c52-4f46-a123-c70873385ed1][tid:48][com.facebook.buck.parser.Parser] Removing targets [] for path /home/fzq/workspace/DesignTest/.buckd/tmp/buck_run.SX06c6/buck_artifact_debug_keystore3917563743104918384.zip
[2015-07-01 14:27:25.960][debug][command:7bd702d2-0c52-4f46-a123-c70873385ed1][tid:48][com.facebook.buck.parser.Parser] Parsed build files does not contain /home/fzq/workspace/DesignTest/.buckd/tmp/buck_run.SX06c6/buck_artifact_application-lib4235498016054394362.zip, not invalidating
[2015-07-01 14:27:25.960][debug][command:7bd702d2-0c52-4f46-a123-c70873385ed1][tid:48][com.facebook.buck.parser.Parser] Removing targets [] for path /home/fzq/workspace/DesignTest/.buckd/tmp/buck_run.SX06c6/buck_artifact_application-lib4235498016054394362.zip
[2015-07-01 14:27:25.961][debug][command:7bd702d2-0c52-4f46-a123-c70873385ed1][tid:48][com.facebook.buck.parser.Parser] Parsed build files does not contain /home/fzq/workspace/DesignTest/.buckd/tmp/buck_run.SX06c6/buck_artifact_app2086442025624853592.zip, not invalidating
[2015-07-01 14:27:25.961][debug][command:7bd702d2-0c52-4f46-a123-c70873385ed1][tid:48][com.facebook.buck.parser.Parser] Removing targets [] for path /home/fzq/workspace/DesignTest/.buckd/tmp/buck_run.SX06c6/buck_artifact_app2086442025624853592.zip
[2015-07-01 14:27:25.962][debug][command:7bd702d2-0c52-4f46-a123-c70873385ed1][tid:48][com.facebook.buck.parser.Parser] Parsed build files does not contain /home/fzq/workspace/DesignTest/.buckd/tmp/buck_run.SX06c6/buck_artifact_app3631727920463698761.zip, not invalidating
[2015-07-01 14:27:25.962][debug][command:7bd702d2-0c52-4f46-a123-c70873385ed1][tid:48][com.facebook.buck.parser.Parser] Removing targets [] for path /home/fzq/workspace/DesignTest/.buckd/tmp/buck_run.SX06c6/buck_artifact_app3631727920463698761.zip
[2015-07-01 14:27:25.962][debug][command:7bd702d2-0c52-4f46-a123-c70873385ed1][tid:48][com.facebook.buck.parser.Parser] Parsed build files does not contain /home/fzq/workspace/DesignTest/.buckd/tmp/buck_run.SX06c6/buck_artifact_app5792630236259395459.zip, not invalidating
[2015-07-01 14:27:25.963][debug][command:7bd702d2-0c52-4f46-a123-c70873385ed1][tid:48][com.facebook.buck.parser.Parser] Removing targets [] for path /home/fzq/workspace/DesignTest/.buckd/tmp/buck_run.SX06c6/buck_artifact_app5792630236259395459.zip
[2015-07-01 14:27:25.963][debug][command:7bd702d2-0c52-4f46-a123-c70873385ed1][tid:48][com.facebook.buck.parser.Parser] Parsed build files does not contain /home/fzq/workspace/DesignTest/.buckd/tmp/buck_run.SX06c6/buck_artifact_app818085405858164468.zip, not invalidating
[2015-07-01 14:27:25.963][debug][command:7bd702d2-0c52-4f46-a123-c70873385ed1][tid:48][com.facebook.buck.parser.Parser] Removing targets [] for path /home/fzq/workspace/DesignTest/.buckd/tmp/buck_run.SX06c6/buck_artifact_app818085405858164468.zip
[2015-07-01 14:27:25.964][debug][command:7bd702d2-0c52-4f46-a123-c70873385ed1][tid:48][com.facebook.buck.parser.Parser] Parsed build files does not contain /home/fzq/workspace/DesignTest/.buckd/tmp/buck_run.SX06c6/buck_artifact_app5732080496841281419.zip, not invalidating
[2015-07-01 14:27:25.964][debug][command:7bd702d2-0c52-4f46-a123-c70873385ed1][tid:48][com.facebook.buck.parser.Parser] Removing targets [] for path /home/fzq/workspace/DesignTest/.buckd/tmp/buck_run.SX06c6/buck_artifact_app5732080496841281419.zip
[2015-07-01 14:27:25.965][debug][command:7bd702d2-0c52-4f46-a123-c70873385ed1][tid:48][com.facebook.buck.parser.Parser] Parsed build files does not contain /home/fzq/workspace/DesignTest/.buckd/tmp/buck_run.SX06c6/buck_artifact_support-v45219443729368600855.zip, not invalidating
[2015-07-01 14:27:25.965][debug][command:7bd702d2-0c52-4f46-a123-c70873385ed1][tid:48][com.facebook.buck.parser.Parser] Removing targets [] for path /home/fzq/workspace/DesignTest/.buckd/tmp/buck_run.SX06c6/buck_artifact_support-v45219443729368600855.zip
[2015-07-01 14:27:25.965][debug][command:7bd702d2-0c52-4f46-a123-c70873385ed1][tid:48][com.facebook.buck.parser.Parser] Parsed build files does not contain /home/fzq/workspace/DesignTest/.buckd/tmp/buck_run.SX06c6/buck_artifact_support-v43126192096587140872.zip, not invalidating
[2015-07-01 14:27:25.966][debug][command:7bd702d2-0c52-4f46-a123-c70873385ed1][tid:48][com.facebook.buck.parser.Parser] Removing targets [] for path /home/fzq/workspace/DesignTest/.buckd/tmp/buck_run.SX06c6/buck_artifact_support-v43126192096587140872.zip
[2015-07-01 14:27:25.966][debug][command:7bd702d2-0c52-4f46-a123-c70873385ed1][tid:48][com.facebook.buck.parser.Parser] Parsed build files does not contain /home/fzq/workspace/DesignTest/.buckd/tmp/buck_run.SX06c6/buck_artifact_support-v134144110096326696871.zip, not invalidating
[2015-07-01 14:27:25.966][debug][command:7bd702d2-0c52-4f46-a123-c70873385ed1][tid:48][com.facebook.buck.parser.Parser] Removing targets [] for path /home/fzq/workspace/DesignTest/.buckd/tmp/buck_run.SX06c6/buck_artifact_support-v134144110096326696871.zip
[2015-07-01 14:27:25.967][debug][command:7bd702d2-0c52-4f46-a123-c70873385ed1][tid:48][com.facebook.buck.parser.Parser] Parsed build files does not contain /home/fzq/workspace/DesignTest/.buckd/tmp/buck_run.SX06c6/buck_artifact_support-v134649638227943515839.zip, not invalidating
[2015-07-01 14:27:25.967][debug][command:7bd702d2-0c52-4f46-a123-c70873385ed1][tid:48][com.facebook.buck.parser.Parser] Removing targets [] for path /home/fzq/workspace/DesignTest/.buckd/tmp/buck_run.SX06c6/buck_artifact_support-v134649638227943515839.zip
[2015-07-01 14:27:25.968][debug][command:7bd702d2-0c52-4f46-a123-c70873385ed1][tid:48][com.facebook.buck.parser.Parser] Parsed build files does not contain /home/fzq/workspace/DesignTest/.buckd/tmp/buck_run.SX06c6/buck_artifact_android-design5382494331519877396.zip, not invalidating
[2015-07-01 14:27:25.968][debug][command:7bd702d2-0c52-4f46-a123-c70873385ed1][tid:48][com.facebook.buck.parser.Parser] Removing targets [] for path /home/fzq/workspace/DesignTest/.buckd/tmp/buck_run.SX06c6/buck_artifact_android-design5382494331519877396.zip
[2015-07-01 14:27:25.969][debug][command:7bd702d2-0c52-4f46-a123-c70873385ed1][tid:48][com.facebook.buck.parser.Parser] Parsed build files does not contain /home/fzq/workspace/DesignTest/.buckd/tmp/buck_run.SX06c6/buck_artifact_appcompat2297223881089660200.zip, not invalidating
[2015-07-01 14:27:25.969][debug][command:7bd702d2-0c52-4f46-a123-c70873385ed1][tid:48][com.facebook.buck.parser.Parser] Removing targets [] for path /home/fzq/workspace/DesignTest/.buckd/tmp/buck_run.SX06c6/buck_artifact_appcompat2297223881089660200.zip
[2015-07-01 14:27:25.969][debug][command:7bd702d2-0c52-4f46-a123-c70873385ed1][tid:48][com.facebook.buck.parser.Parser] Parsed build files does not contain /home/fzq/workspace/DesignTest/.buckd/tmp/buck_run.SX06c6/buck_artifact_appcompat3010104808224853216.zip, not invalidating
[2015-07-01 14:27:25.970][debug][command:7bd702d2-0c52-4f46-a123-c70873385ed1][tid:48][com.facebook.buck.parser.Parser] Removing targets [] for path /home/fzq/workspace/DesignTest/.buckd/tmp/buck_run.SX06c6/buck_artifact_appcompat3010104808224853216.zip
[2015-07-01 14:27:25.970][debug][command:7bd702d2-0c52-4f46-a123-c70873385ed1][tid:48][com.facebook.buck.parser.Parser] Parsed build files does not contain /home/fzq/workspace/DesignTest/.buckd/tmp/buck_run.SX06c6/buck_artifact_manifest7195013738130193518.zip, not invalidating
[2015-07-01 14:27:25.970][debug][command:7bd702d2-0c52-4f46-a123-c70873385ed1][tid:48][com.facebook.buck.parser.Parser] Removing targets [] for path /home/fzq/workspace/DesignTest/.buckd/tmp/buck_run.SX06c6/buck_artifact_manifest7195013738130193518.zip
[2015-07-01 14:27:25.971][debug][command:7bd702d2-0c52-4f46-a123-c70873385ed1][tid:48][com.facebook.buck.parser.Parser] Parsed build files does not contain /home/fzq/workspace/DesignTest/.buckd/tmp/buck_run.SX06c6/buck_artifact_android-design140855882407614569.zip, not invalidating
[2015-07-01 14:27:25.971][debug][command:7bd702d2-0c52-4f46-a123-c70873385ed1][tid:48][com.facebook.buck.parser.Parser] Removing targets [] for path /home/fzq/workspace/DesignTest/.buckd/tmp/buck_run.SX06c6/buck_artifact_android-design140855882407614569.zip
[2015-07-01 14:27:25.972][debug][command:7bd702d2-0c52-4f46-a123-c70873385ed1][tid:48][com.facebook.buck.parser.Parser] Parsed build files does not contain /home/fzq/workspace/DesignTest/.buckd/tmp/buck_run.SX06c6/buck_artifact_res6421313978179931459.zip, not invalidating
[2015-07-01 14:27:25.972][debug][command:7bd702d2-0c52-4f46-a123-c70873385ed1][tid:48][com.facebook.buck.parser.Parser] Removing targets [] for path /home/fzq/workspace/DesignTest/.buckd/tmp/buck_run.SX06c6/buck_artifact_res6421313978179931459.zip
[2015-07-01 14:27:25.972][debug][command:7bd702d2-0c52-4f46-a123-c70873385ed1][tid:48][com.facebook.buck.parser.Parser] Parsed build files does not contain /home/fzq/workspace/DesignTest/.buckd/tmp/buck_run.SX06c6/buck_artifact_app2382912138892011305.zip, not invalidating
[2015-07-01 14:27:25.972][debug][command:7bd702d2-0c52-4f46-a123-c70873385ed1][tid:48][com.facebook.buck.parser.Parser] Removing targets [] for path /home/fzq/workspace/DesignTest/.buckd/tmp/buck_run.SX06c6/buck_artifact_app2382912138892011305.zip
[2015-07-01 14:27:25.973][debug][command:7bd702d2-0c52-4f46-a123-c70873385ed1][tid:48][com.facebook.buck.parser.Parser] Parsed build files does not contain /home/fzq/workspace/DesignTest/.buckd/tmp/buck_run.SX06c6/buck_artifact_app1822921519081658848.zip, not invalidating
[2015-07-01 14:27:25.973][debug][command:7bd702d2-0c52-4f46-a123-c70873385ed1][tid:48][com.facebook.buck.parser.Parser] Removing targets [] for path /home/fzq/workspace/DesignTest/.buckd/tmp/buck_run.SX06c6/buck_artifact_app1822921519081658848.zip
[2015-07-01 14:27:25.974][debug][command:7bd702d2-0c52-4f46-a123-c70873385ed1][tid:48][com.facebook.buck.parser.Parser] Parsed build files does not contain /home/fzq/workspace/DesignTest/.buckd/tmp/buck_run.SX06c6/buck6548391470538475271.py, not invalidating
[2015-07-01 14:27:25.974][debug][command:7bd702d2-0c52-4f46-a123-c70873385ed1][tid:48][com.facebook.buck.parser.Parser] Removing targets [] for path /home/fzq/workspace/DesignTest/.buckd/tmp/buck_run.SX06c6/buck6548391470538475271.py
[2015-07-01 14:27:25.974][debug][command:7bd702d2-0c52-4f46-a123-c70873385ed1][tid:48][com.facebook.buck.util.WatchmanWatcher] Posted 49 Watchman events. Waiting for subprocess to exit...
[2015-07-01 14:27:25.974][debug][command:7bd702d2-0c52-4f46-a123-c70873385ed1][tid:48][com.facebook.buck.util.WatchmanWatcher] Watchman exited cleanly.
[2015-07-01 14:27:26.031][debug][command:7bd702d2-0c52-4f46-a123-c70873385ed1][tid:48][com.facebook.buck.parser.Parser] Not parsing BUCK file (already in cache)
[2015-07-01 14:27:26.033][debug][command:7bd702d2-0c52-4f46-a123-c70873385ed1][tid:48][com.facebook.buck.parser.Parser] Parsing BUCK file: /home/fzq/workspace/DesignTest/app/BUCK
[2015-07-01 14:27:26.033][debug][command:7bd702d2-0c52-4f46-a123-c70873385ed1][tid:48][com.facebook.buck.json.ProjectBuildFileParser] Creating temporary buck.py instance...
[2015-07-01 14:27:26.033][debug][command:7bd702d2-0c52-4f46-a123-c70873385ed1][tid:58][com.facebook.buck.event.listener.LoggingBuildListener] BuckFilesParseStarted()
[2015-07-01 14:27:26.069][debug][command:7bd702d2-0c52-4f46-a123-c70873385ed1][tid:48][com.facebook.buck.json.ProjectBuildFileParser] Created temporary buck.py instance at /home/fzq/workspace/DesignTest/.buckd/tmp/buck_run.SX06c6/buck1501342595315069977.py.
[2015-07-01 14:27:26.070][debug][command:7bd702d2-0c52-4f46-a123-c70873385ed1][tid:48][com.facebook.buck.json.ProjectBuildFileParser] Starting buck.py command: [/usr/bin/python2, -u, /home/fzq/workspace/DesignTest/.buckd/tmp/buck_run.SX06c6/buck1501342595315069977.py, --allow_empty_globs, --project_root, /home/fzq/workspace/DesignTest, --build_file_name, BUCK] environment: {PATH=/home/fzq/Android/Sdk/platform-tools:/home/fzq/android/tools/android-studio/gradle/gradle-2.2.1/bin:/home/fzq/android/tools/apache-ant-1.9.5/bin:/home/fzq/android/tools/linuxbrew/bin:/home/fzq/Android/android-ndk-r10e:/home/fzq/android/tools/idea-IC-141.1010.3/bin:/home/fzq/bin:/usr/local/bin:/home/fzq/Android/Sdk/platform-tools:/home/fzq/android/tools/android-studio/gradle/gradle-2.2.1/bin:/home/fzq/android/tools/apache-ant-1.9.5/bin:/home/fzq/android/tools/linuxbrew/bin:/home/fzq/Android/android-ndk-r10e:/home/fzq/android/tools/idea-IC-141.1010.3/bin:/home/fzq/bin:/usr/local/bin:/usr/local/sbin:/usr/local/bin:/usr/sbin:/usr/bin:/sbin:/bin:/usr/games:/usr/local/games:/home/fzq/android/tools/infer-linux64-v0.1.1/infer/infer/bin:/home/fzq/android/tools/infer-linux64-v0.1.1/infer/infer/bin, LC_MEASUREMENT=zh_CN.UTF-8, XAUTHORITY=/home/fzq/.Xauthority, XMODIFIERS=@im=fcitx, LC_TELEPHONE=zh_CN.UTF-8, XDG_DATA_DIRS=/usr/share/ubuntu:/usr/share/gnome:/usr/local/share/:/usr/share/, GDMSESSION=ubuntu, MANDATORY_PATH=/usr/share/gconf/ubuntu.mandatory.path, LC_TIME=zh_CN.UTF-8, TEXTDOMAINDIR=/usr/share/locale/, GTK_IM_MODULE=fcitx, DBUS_SESSION_BUS_ADDRESS=unix:abstract=/tmp/dbus-ZuwDMUi8oz, DEFAULTS_PATH=/usr/share/gconf/ubuntu.default.path, ANDROID_HOME=/home/fzq/Android/Sdk, XDG_CURRENT_DESKTOP=Unity, LD_LIBRARY_PATH=/home/fzq/android/tools/idea-IC-141.1010.3/bin:, COLORTERM=gnome-terminal, QT4_IM_MODULE=fcitx, UPSTART_SESSION=unix:abstract=/com/ubuntu/upstart-session/1000/1797, LC_PAPER=zh_CN.UTF-8, LOGNAME=fzq, PWD=/home/fzq/workspace/DesignTest, JOB=gnome-session, IM_CONFIG_PHASE=1, LANGUAGE=en_US, WINDOWID=71303180, SHELL=/bin/zsh, LC_ADDRESS=zh_CN.UTF-8, PAGER=less, INSTANCE=Unity, ANDROID_NDK=/home/fzq/Android/android-ndk-r10e, ZSH=/home/fzq/.oh-my-zsh, GNOME_DESKTOP_SESSION_ID=this-is-deprecated, UPSTART_INSTANCE=, GTK_MODULES=overlay-scrollbar:unity-gtk-module, CLUTTER_IM_MODULE=xim, XDG_SESSION_PATH=/org/freedesktop/DisplayManager/Session0, TEXTDOMAIN=im-config, LESS=-R, SESSIONTYPE=gnome-session, LC_CTYPE=en_US.UTF-8, SHLVL=2, LC_IDENTIFICATION=zh_CN.UTF-8, LC_MONETARY=zh_CN.UTF-8, NAILGUN_TTY_2=1, NAILGUN_TTY_1=1, COMPIZ_CONFIG_PROFILE=ubuntu, UPSTART_JOB=unity-settings-daemon, QT_IM_MODULE=xim, NAILGUN_TTY_0=1, TERM=xterm-256color, NAILGUN_FILESEPARATOR=/, XDG_CONFIG_DIRS=/etc/xdg/xdg-ubuntu:/usr/share/upstart/xdg:/etc/xdg, XFILESEARCHPATH=/usr/dt/app-defaults/%L/Dt, GNOME_KEYRING_CONTROL=/run/user/1000/keyring-Vwv52h, XDG_SEAT_PATH=/org/freedesktop/DisplayManager/Seat0, LANG=en_US.UTF-8, XDG_SESSION_ID=c2, GRADLE_HOME=/home/fzq/android/tools/android-studio/gradle/gradle-2.2.1, SELINUX_INIT=YES, ANT_HOME=/home/fzq/android/tools/apache-ant-1.9.5, DISPLAY=:0, BREW_HOME=/home/fzq/android/tools/linuxbrew, LC_NAME=zh_CN.UTF-8, NAILGUN_PATHSEPARATOR=:, INTELLIJ_HOME=/home/fzq/android/tools/idea-IC-141.1010.3, GDM_LANG=en_US, LSCOLORS=Gxfxcxdxbxegedabagacad, XDG_GREETER_DATA_DIR=/var/lib/lightdm-data/fzq, UPSTART_EVENTS=started starting, DESKTOP_SESSION=ubuntu, GPG_AGENT_INFO=/run/user/1000/keyring-Vwv52h/gpg:0:1, USER=fzq, VTE_VERSION=3409, LC_NUMERIC=zh_CN.UTF-8, XDG_SEAT=seat0, SSH_AUTH_SOCK=/run/user/1000/keyring-Vwv52h/ssh, NLSPATH=/usr/dt/lib/nls/msg/%L/%N.cat, QT_QPA_PLATFORMTHEME=appmenu-qt5, XDG_RUNTIME_DIR=/run/user/1000, XDG_VTNR=7, HOME=/home/fzq, GNOME_KEYRING_PID=1794}
[2015-07-01 14:27:26.071][debug][command:7bd702d2-0c52-4f46-a123-c70873385ed1][tid:48][com.facebook.buck.json.ProjectBuildFileParser] Started process java.lang.UNIXProcess@2d53b48e successfully
[2015-07-01 14:27:26.078][debug][command:7bd702d2-0c52-4f46-a123-c70873385ed1][tid:48][com.facebook.buck.json.ProjectBuildFileParser] Parsing output of process java.lang.UNIXProcess@2d53b48e...
[2015-07-01 14:27:26.147][debug][command:7bd702d2-0c52-4f46-a123-c70873385ed1][tid:48][com.facebook.buck.json.ProjectBuildFileParser] Parsed 9 rules from process
[2015-07-01 14:27:26.159][debug][command:7bd702d2-0c52-4f46-a123-c70873385ed1][tid:58][com.facebook.buck.event.listener.LoggingBuildListener] ParseStarted(//libs:jars__buck-android-support.jar, //libs:support-v13, //libs:support-v4, //libs:appcompat, //libs:all-jars, //libs:project_config, //libs:android-design, //app:src, //app:project_config, //app:res, //app:app, //app:build-config, //app:debug_keystore, //app:manifest, //app:application-lib)
[2015-07-01 14:27:26.161][debug][command:7bd702d2-0c52-4f46-a123-c70873385ed1][tid:58][com.facebook.buck.event.listener.LoggingBuildListener] ParseFinished(//libs:jars__buck-android-support.jar, //libs:support-v13, //libs:support-v4, //libs:appcompat, //libs:all-jars, //libs:project_config, //libs:android-design, //app:src, //app:project_config, //app:res, //app:app, //app:build-config, //app:debug_keystore, //app:manifest, //app:application-lib)
[2015-07-01 14:27:26.170][debug][command:7bd702d2-0c52-4f46-a123-c70873385ed1][tid:48][com.facebook.buck.json.ProjectBuildFileParser] Waiting for process java.lang.UNIXProcess@2d53b48e to exit...
[2015-07-01 14:27:26.170][debug][command:7bd702d2-0c52-4f46-a123-c70873385ed1][tid:48][com.facebook.buck.json.ProjectBuildFileParser] Process java.lang.UNIXProcess@2d53b48e exited cleanly.
[2015-07-01 14:27:26.170][debug][command:7bd702d2-0c52-4f46-a123-c70873385ed1][tid:58][com.facebook.buck.event.listener.LoggingBuildListener] BuckFilesParseFinished()
[2015-07-01 14:27:26.192][debug][command:7bd702d2-0c52-4f46-a123-c70873385ed1][tid:48][com.facebook.buck.parser.Parser] Not parsing BUCK file (already in cache)
[2015-07-01 14:27:26.193][debug][command:7bd702d2-0c52-4f46-a123-c70873385ed1][tid:48][com.facebook.buck.parser.Parser] Not parsing BUCK file (already in cache)
[2015-07-01 14:27:26.193][debug][command:7bd702d2-0c52-4f46-a123-c70873385ed1][tid:58][com.facebook.buck.event.listener.LoggingBuildListener] ParseStarted(//libs:jars__buck-android-support.jar, //libs:support-v13, //libs:support-v4, //libs:appcompat, //libs:all-jars, //libs:project_config, //libs:android-design, //app:src, //app:project_config, //app:res, //app:app, //app:build-config, //app:debug_keystore, //app:manifest, //app:application-lib)
[2015-07-01 14:27:26.195][debug][command:7bd702d2-0c52-4f46-a123-c70873385ed1][tid:58][com.facebook.buck.event.listener.LoggingBuildListener] ParseFinished(//libs:jars__buck-android-support.jar, //libs:support-v13, //libs:support-v4, //libs:appcompat, //libs:all-jars, //libs:project_config, //libs:android-design, //app:src, //app:project_config, //app:res, //app:app, //app:build-config, //app:debug_keystore, //app:manifest, //app:application-lib)
[2015-07-01 14:27:26.196][debug][command:7bd702d2-0c52-4f46-a123-c70873385ed1][tid:58][com.facebook.buck.event.listener.LoggingBuildListener] BuckFilesParseFinished()
[2015-07-01 14:27:26.201][debug][command:7bd702d2-0c52-4f46-a123-c70873385ed1][tid:58][com.facebook.buck.event.listener.LoggingBuildListener] BuildActionGraphStarted()
[2015-07-01 14:27:26.214][debug][command:7bd702d2-0c52-4f46-a123-c70873385ed1][tid:58][com.facebook.buck.event.listener.LoggingBuildListener] BuildActionGraphFinished()
[2015-07-01 14:27:26.221][debug][command:7bd702d2-0c52-4f46-a123-c70873385ed1][tid:48][com.facebook.buck.io.ExecutableFinder] Executable 'python2' mapped to 'Optional.of(/usr/bin/python2)'
[2015-07-01 14:27:26.317][debug][command:7bd702d2-0c52-4f46-a123-c70873385ed1][tid:48][com.facebook.buck.shell.ShellStep] Command: /usr/bin/python2 /home/fzq/android/tools/buck/src/com/facebook/buck/command/intellij.py /home/fzq/workspace/DesignTest/.buckd/tmp/buck_run.SX06c6/1435732046222-0/project.json
[2015-07-01 14:27:26.356][debug][command:7bd702d2-0c52-4f46-a123-c70873385ed1][tid:48][com.facebook.buck.parser.Parser] Cleaning cache of build files with inputs under symlink []
[2015-07-01 14:27:26.356][debug][command:7bd702d2-0c52-4f46-a123-c70873385ed1][tid:58][com.facebook.buck.event.listener.LoggingBuildListener] CommandFinished(project, isDaemon: true)
[2015-07-01 14:27:26.357][debug][command:7bd702d2-0c52-4f46-a123-c70873385ed1][tid:48][com.facebook.buck.event.listener.SuperConsoleEventBusListener] Stopping render scheduler
[2015-07-01 14:27:26.357][debug][command:7bd702d2-0c52-4f46-a123-c70873385ed1][tid:48][com.facebook.buck.event.listener.SuperConsoleEventBusListener] Stopping console output (stdout dirty true, stderr dirty true).
[2015-07-01 14:27:26.357][debug][command:7bd702d2-0c52-4f46-a123-c70873385ed1][tid:48][com.facebook.buck.event.listener.SuperConsoleEventBusListener] Stopping render scheduler
[2015-07-01 14:27:26.358][debug][command:7bd702d2-0c52-4f46-a123-c70873385ed1][tid:48][com.facebook.buck.event.listener.ChromeTraceBuildListener] Writing Chrome trace to buck-out/log/traces/build.2015-07-01.14-27-26.7bd702d2-0c52-4f46-a123-c70873385ed1.trace
[2015-07-01 14:27:26.369][debug][command:7bd702d2-0c52-4f46-a123-c70873385ed1][tid:48][com.facebook.buck.cli.Main] Done.
[2015-07-01 14:27:26.369][debug][command:null][tid:48][class com.martiansoftware.nailgun.NGSession] Nail finished.
[2015-07-01 14:27:26.370][debug][command:null][tid:48][class com.martiansoftware.nailgun.NGSession] Closing client streams and socket.
[2015-07-01 14:27:30.860][debug][command:null][tid:51][class com.martiansoftware.nailgun.NGSession] Received connection from 127.0.0.1
[2015-07-01 14:27:30.861][debug][command:null][tid:51][class com.martiansoftware.nailgun.NGSession] Working directory: /home/fzq/workspace/DesignTest
[2015-07-01 14:27:30.861][debug][command:null][tid:51][class com.martiansoftware.nailgun.NGSession] Received command: ng-stop
[2015-07-01 14:27:30.862][debug][command:null][tid:51][class com.martiansoftware.nailgun.NGSession] Invoking main method: public static void com.martiansoftware.nailgun.builtins.NGStop.nailMain(com.martiansoftware.nailgun.NGContext)
[2015-07-01 14:27:30.862][debug][command:null][tid:51][class com.martiansoftware.nailgun.NGServer] Shutting down nailgun server.
[2015-07-01 14:27:30.862][debug][command:null][tid:51][class com.martiansoftware.nailgun.NGServer] Closed server socket.
[2015-07-01 14:27:30.862][debug][command:null][tid:51][class com.martiansoftware.nailgun.NGServer] Shut down session pool.
[2015-07-01 14:27:30.862][debug][command:null][tid:51][class com.martiansoftware.nailgun.NGServer] Creating nailstats...
[2015-07-01 14:27:30.863][debug][command:null][tid:51][class com.martiansoftware.nailgun.NGServer] Calling nailShutdown() method on com.martiansoftware.nailgun.builtins.NGServerStats
[2015-07-01 14:27:30.864][debug][command:null][tid:51][class com.martiansoftware.nailgun.NGServer] com.martiansoftware.nailgun.builtins.NGServerStats.nailShutdown() exited cleanly.
[2015-07-01 14:27:30.864][debug][command:null][tid:51][class com.martiansoftware.nailgun.NGServer] Exiting VM.
