[2015-07-01 14:25:24.297][debug][command:a7a97923-b24a-4c8f-9925-57401e8227e9][tid:28][com.facebook.buck.cli.Main] Starting up (build date 2015-06-17 16:35:48 +0800, rev b19139c16670e7f886b0bce6243fcd7f27c2a1a3), args: [build, app:app]
[2015-07-01 14:25:24.309][debug][command:a7a97923-b24a-4c8f-9925-57401e8227e9][tid:28][com.facebook.buck.cli.BuckConfig] Loaded a configuration file /home/fzq/workspace/DesignTest/.buckconfig: {alias={app=//apps/DesignTest:app}, android={target=Google Inc.:Google APIs:21}, project={ignore=.git}, intellij={default_android_manifest_path=src/main/AndroidManifest.xml, default_android_resource_path=src/main/res}}
[2015-07-01 14:25:24.309][debug][command:a7a97923-b24a-4c8f-9925-57401e8227e9][tid:28][com.facebook.buck.cli.BuckConfig] Adding configuration overrides: {}
[2015-07-01 14:25:24.311][debug][command:a7a97923-b24a-4c8f-9925-57401e8227e9][tid:28][com.facebook.buck.cli.BuckConfig] Loaded a configuration file /home/fzq/workspace/DesignTest/.buckconfig: {alias={app=//apps/DesignTest:app}, android={target=Google Inc.:Google APIs:21}, project={ignore=.git}, intellij={default_android_manifest_path=src/main/AndroidManifest.xml, default_android_resource_path=src/main/res}}
[2015-07-01 14:25:24.311][debug][command:a7a97923-b24a-4c8f-9925-57401e8227e9][tid:28][com.facebook.buck.cli.BuckConfig] Adding configuration overrides: {}
[2015-07-01 14:25:24.313][debug][command:a7a97923-b24a-4c8f-9925-57401e8227e9][tid:28][com.facebook.buck.io.ExecutableFinder] Executable 'python2' mapped to 'Optional.of(/usr/bin/python2)'
[2015-07-01 14:25:24.318][warn ][command:a7a97923-b24a-4c8f-9925-57401e8227e9][tid:28][com.facebook.buck.apple.AppleConfig] Could not execute xcode-select, continuing without developer dir.
[2015-07-01 14:25:24.320][debug][command:a7a97923-b24a-4c8f-9925-57401e8227e9][tid:28][com.facebook.buck.io.ExecutableFinder] Executable '/home/fzq/Android/android-ndk-r10e/toolchains/arm-linux-androideabi-4.8/prebuilt/linux-x86_64/arm-linux-androideabi/bin/as' mapped to 'Optional.of(/home/fzq/Android/android-ndk-r10e/toolchains/arm-linux-androideabi-4.8/prebuilt/linux-x86_64/arm-linux-androideabi/bin/as)'
[2015-07-01 14:25:24.320][debug][command:a7a97923-b24a-4c8f-9925-57401e8227e9][tid:28][com.facebook.buck.io.ExecutableFinder] Executable '/home/fzq/Android/android-ndk-r10e/toolchains/arm-linux-androideabi-4.8/prebuilt/linux-x86_64/arm-linux-androideabi/bin/gcc' mapped to 'Optional.of(/home/fzq/Android/android-ndk-r10e/toolchains/arm-linux-androideabi-4.8/prebuilt/linux-x86_64/arm-linux-androideabi/bin/gcc)'
[2015-07-01 14:25:24.320][debug][command:a7a97923-b24a-4c8f-9925-57401e8227e9][tid:28][com.facebook.buck.io.ExecutableFinder] Executable '/home/fzq/Android/android-ndk-r10e/toolchains/arm-linux-androideabi-4.8/prebuilt/linux-x86_64/arm-linux-androideabi/bin/gcc' mapped to 'Optional.of(/home/fzq/Android/android-ndk-r10e/toolchains/arm-linux-androideabi-4.8/prebuilt/linux-x86_64/arm-linux-androideabi/bin/gcc)'
[2015-07-01 14:25:24.321][debug][command:a7a97923-b24a-4c8f-9925-57401e8227e9][tid:28][com.facebook.buck.io.ExecutableFinder] Executable '/home/fzq/Android/android-ndk-r10e/toolchains/arm-linux-androideabi-4.8/prebuilt/linux-x86_64/arm-linux-androideabi/bin/gcc' mapped to 'Optional.of(/home/fzq/Android/android-ndk-r10e/toolchains/arm-linux-androideabi-4.8/prebuilt/linux-x86_64/arm-linux-androideabi/bin/gcc)'
[2015-07-01 14:25:24.321][debug][command:a7a97923-b24a-4c8f-9925-57401e8227e9][tid:28][com.facebook.buck.io.ExecutableFinder] Executable '/home/fzq/Android/android-ndk-r10e/toolchains/arm-linux-androideabi-4.8/prebuilt/linux-x86_64/arm-linux-androideabi/bin/g++' mapped to 'Optional.of(/home/fzq/Android/android-ndk-r10e/toolchains/arm-linux-androideabi-4.8/prebuilt/linux-x86_64/arm-linux-androideabi/bin/g++)'
[2015-07-01 14:25:24.322][debug][command:a7a97923-b24a-4c8f-9925-57401e8227e9][tid:28][com.facebook.buck.io.ExecutableFinder] Executable '/home/fzq/Android/android-ndk-r10e/toolchains/arm-linux-androideabi-4.8/prebuilt/linux-x86_64/arm-linux-androideabi/bin/g++' mapped to 'Optional.of(/home/fzq/Android/android-ndk-r10e/toolchains/arm-linux-androideabi-4.8/prebuilt/linux-x86_64/arm-linux-androideabi/bin/g++)'
[2015-07-01 14:25:24.322][debug][command:a7a97923-b24a-4c8f-9925-57401e8227e9][tid:28][com.facebook.buck.io.ExecutableFinder] Executable '/home/fzq/Android/android-ndk-r10e/toolchains/arm-linux-androideabi-4.8/prebuilt/linux-x86_64/arm-linux-androideabi/bin/g++' mapped to 'Optional.of(/home/fzq/Android/android-ndk-r10e/toolchains/arm-linux-androideabi-4.8/prebuilt/linux-x86_64/arm-linux-androideabi/bin/g++)'
[2015-07-01 14:25:24.323][debug][command:a7a97923-b24a-4c8f-9925-57401e8227e9][tid:28][com.facebook.buck.io.ExecutableFinder] Executable '/home/fzq/Android/android-ndk-r10e/toolchains/arm-linux-androideabi-4.8/prebuilt/linux-x86_64/arm-linux-androideabi/bin/ld.gold' mapped to 'Optional.of(/home/fzq/Android/android-ndk-r10e/toolchains/arm-linux-androideabi-4.8/prebuilt/linux-x86_64/arm-linux-androideabi/bin/ld.gold)'
[2015-07-01 14:25:24.323][debug][command:a7a97923-b24a-4c8f-9925-57401e8227e9][tid:28][com.facebook.buck.io.ExecutableFinder] Executable '/home/fzq/Android/android-ndk-r10e/toolchains/arm-linux-androideabi-4.8/prebuilt/linux-x86_64/arm-linux-androideabi/bin/ar' mapped to 'Optional.of(/home/fzq/Android/android-ndk-r10e/toolchains/arm-linux-androideabi-4.8/prebuilt/linux-x86_64/arm-linux-androideabi/bin/ar)'
[2015-07-01 14:25:24.324][debug][command:a7a97923-b24a-4c8f-9925-57401e8227e9][tid:28][com.facebook.buck.io.ExecutableFinder] Executable '/home/fzq/Android/android-ndk-r10e/toolchains/arm-linux-androideabi-4.8/prebuilt/linux-x86_64/arm-linux-androideabi/bin/objcopy' mapped to 'Optional.of(/home/fzq/Android/android-ndk-r10e/toolchains/arm-linux-androideabi-4.8/prebuilt/linux-x86_64/arm-linux-androideabi/bin/objcopy)'
[2015-07-01 14:25:24.325][debug][command:a7a97923-b24a-4c8f-9925-57401e8227e9][tid:28][com.facebook.buck.io.ExecutableFinder] Executable '/home/fzq/Android/android-ndk-r10e/toolchains/arm-linux-androideabi-4.8/prebuilt/linux-x86_64/arm-linux-androideabi/bin/as' mapped to 'Optional.of(/home/fzq/Android/android-ndk-r10e/toolchains/arm-linux-androideabi-4.8/prebuilt/linux-x86_64/arm-linux-androideabi/bin/as)'
[2015-07-01 14:25:24.325][debug][command:a7a97923-b24a-4c8f-9925-57401e8227e9][tid:28][com.facebook.buck.io.ExecutableFinder] Executable '/home/fzq/Android/android-ndk-r10e/toolchains/arm-linux-androideabi-4.8/prebuilt/linux-x86_64/arm-linux-androideabi/bin/gcc' mapped to 'Optional.of(/home/fzq/Android/android-ndk-r10e/toolchains/arm-linux-androideabi-4.8/prebuilt/linux-x86_64/arm-linux-androideabi/bin/gcc)'
[2015-07-01 14:25:24.325][debug][command:a7a97923-b24a-4c8f-9925-57401e8227e9][tid:28][com.facebook.buck.io.ExecutableFinder] Executable '/home/fzq/Android/android-ndk-r10e/toolchains/arm-linux-androideabi-4.8/prebuilt/linux-x86_64/arm-linux-androideabi/bin/gcc' mapped to 'Optional.of(/home/fzq/Android/android-ndk-r10e/toolchains/arm-linux-androideabi-4.8/prebuilt/linux-x86_64/arm-linux-androideabi/bin/gcc)'
[2015-07-01 14:25:24.326][debug][command:a7a97923-b24a-4c8f-9925-57401e8227e9][tid:28][com.facebook.buck.io.ExecutableFinder] Executable '/home/fzq/Android/android-ndk-r10e/toolchains/arm-linux-androideabi-4.8/prebuilt/linux-x86_64/arm-linux-androideabi/bin/gcc' mapped to 'Optional.of(/home/fzq/Android/android-ndk-r10e/toolchains/arm-linux-androideabi-4.8/prebuilt/linux-x86_64/arm-linux-androideabi/bin/gcc)'
[2015-07-01 14:25:24.326][debug][command:a7a97923-b24a-4c8f-9925-57401e8227e9][tid:28][com.facebook.buck.io.ExecutableFinder] Executable '/home/fzq/Android/android-ndk-r10e/toolchains/arm-linux-androideabi-4.8/prebuilt/linux-x86_64/arm-linux-androideabi/bin/g++' mapped to 'Optional.of(/home/fzq/Android/android-ndk-r10e/toolchains/arm-linux-androideabi-4.8/prebuilt/linux-x86_64/arm-linux-androideabi/bin/g++)'
[2015-07-01 14:25:24.327][debug][command:a7a97923-b24a-4c8f-9925-57401e8227e9][tid:28][com.facebook.buck.io.ExecutableFinder] Executable '/home/fzq/Android/android-ndk-r10e/toolchains/arm-linux-androideabi-4.8/prebuilt/linux-x86_64/arm-linux-androideabi/bin/g++' mapped to 'Optional.of(/home/fzq/Android/android-ndk-r10e/toolchains/arm-linux-androideabi-4.8/prebuilt/linux-x86_64/arm-linux-androideabi/bin/g++)'
[2015-07-01 14:25:24.328][debug][command:a7a97923-b24a-4c8f-9925-57401e8227e9][tid:28][com.facebook.buck.io.ExecutableFinder] Executable '/home/fzq/Android/android-ndk-r10e/toolchains/arm-linux-androideabi-4.8/prebuilt/linux-x86_64/arm-linux-androideabi/bin/g++' mapped to 'Optional.of(/home/fzq/Android/android-ndk-r10e/toolchains/arm-linux-androideabi-4.8/prebuilt/linux-x86_64/arm-linux-androideabi/bin/g++)'
[2015-07-01 14:25:24.328][debug][command:a7a97923-b24a-4c8f-9925-57401e8227e9][tid:28][com.facebook.buck.io.ExecutableFinder] Executable '/home/fzq/Android/android-ndk-r10e/toolchains/arm-linux-androideabi-4.8/prebuilt/linux-x86_64/arm-linux-androideabi/bin/ld.gold' mapped to 'Optional.of(/home/fzq/Android/android-ndk-r10e/toolchains/arm-linux-androideabi-4.8/prebuilt/linux-x86_64/arm-linux-androideabi/bin/ld.gold)'
[2015-07-01 14:25:24.328][debug][command:a7a97923-b24a-4c8f-9925-57401e8227e9][tid:28][com.facebook.buck.io.ExecutableFinder] Executable '/home/fzq/Android/android-ndk-r10e/toolchains/arm-linux-androideabi-4.8/prebuilt/linux-x86_64/arm-linux-androideabi/bin/ar' mapped to 'Optional.of(/home/fzq/Android/android-ndk-r10e/toolchains/arm-linux-androideabi-4.8/prebuilt/linux-x86_64/arm-linux-androideabi/bin/ar)'
[2015-07-01 14:25:24.329][debug][command:a7a97923-b24a-4c8f-9925-57401e8227e9][tid:28][com.facebook.buck.io.ExecutableFinder] Executable '/home/fzq/Android/android-ndk-r10e/toolchains/arm-linux-androideabi-4.8/prebuilt/linux-x86_64/arm-linux-androideabi/bin/objcopy' mapped to 'Optional.of(/home/fzq/Android/android-ndk-r10e/toolchains/arm-linux-androideabi-4.8/prebuilt/linux-x86_64/arm-linux-androideabi/bin/objcopy)'
[2015-07-01 14:25:24.330][debug][command:a7a97923-b24a-4c8f-9925-57401e8227e9][tid:28][com.facebook.buck.io.ExecutableFinder] Executable '/home/fzq/Android/android-ndk-r10e/toolchains/x86-4.8/prebuilt/linux-x86_64/i686-linux-android/bin/as' mapped to 'Optional.of(/home/fzq/Android/android-ndk-r10e/toolchains/x86-4.8/prebuilt/linux-x86_64/i686-linux-android/bin/as)'
[2015-07-01 14:25:24.330][debug][command:a7a97923-b24a-4c8f-9925-57401e8227e9][tid:28][com.facebook.buck.io.ExecutableFinder] Executable '/home/fzq/Android/android-ndk-r10e/toolchains/x86-4.8/prebuilt/linux-x86_64/i686-linux-android/bin/gcc' mapped to 'Optional.of(/home/fzq/Android/android-ndk-r10e/toolchains/x86-4.8/prebuilt/linux-x86_64/i686-linux-android/bin/gcc)'
[2015-07-01 14:25:24.331][debug][command:a7a97923-b24a-4c8f-9925-57401e8227e9][tid:28][com.facebook.buck.io.ExecutableFinder] Executable '/home/fzq/Android/android-ndk-r10e/toolchains/x86-4.8/prebuilt/linux-x86_64/i686-linux-android/bin/gcc' mapped to 'Optional.of(/home/fzq/Android/android-ndk-r10e/toolchains/x86-4.8/prebuilt/linux-x86_64/i686-linux-android/bin/gcc)'
[2015-07-01 14:25:24.331][debug][command:a7a97923-b24a-4c8f-9925-57401e8227e9][tid:28][com.facebook.buck.io.ExecutableFinder] Executable '/home/fzq/Android/android-ndk-r10e/toolchains/x86-4.8/prebuilt/linux-x86_64/i686-linux-android/bin/gcc' mapped to 'Optional.of(/home/fzq/Android/android-ndk-r10e/toolchains/x86-4.8/prebuilt/linux-x86_64/i686-linux-android/bin/gcc)'
[2015-07-01 14:25:24.332][debug][command:a7a97923-b24a-4c8f-9925-57401e8227e9][tid:28][com.facebook.buck.io.ExecutableFinder] Executable '/home/fzq/Android/android-ndk-r10e/toolchains/x86-4.8/prebuilt/linux-x86_64/i686-linux-android/bin/g++' mapped to 'Optional.of(/home/fzq/Android/android-ndk-r10e/toolchains/x86-4.8/prebuilt/linux-x86_64/i686-linux-android/bin/g++)'
[2015-07-01 14:25:24.332][debug][command:a7a97923-b24a-4c8f-9925-57401e8227e9][tid:28][com.facebook.buck.io.ExecutableFinder] Executable '/home/fzq/Android/android-ndk-r10e/toolchains/x86-4.8/prebuilt/linux-x86_64/i686-linux-android/bin/g++' mapped to 'Optional.of(/home/fzq/Android/android-ndk-r10e/toolchains/x86-4.8/prebuilt/linux-x86_64/i686-linux-android/bin/g++)'
[2015-07-01 14:25:24.333][debug][command:a7a97923-b24a-4c8f-9925-57401e8227e9][tid:28][com.facebook.buck.io.ExecutableFinder] Executable '/home/fzq/Android/android-ndk-r10e/toolchains/x86-4.8/prebuilt/linux-x86_64/i686-linux-android/bin/g++' mapped to 'Optional.of(/home/fzq/Android/android-ndk-r10e/toolchains/x86-4.8/prebuilt/linux-x86_64/i686-linux-android/bin/g++)'
[2015-07-01 14:25:24.333][debug][command:a7a97923-b24a-4c8f-9925-57401e8227e9][tid:28][com.facebook.buck.io.ExecutableFinder] Executable '/home/fzq/Android/android-ndk-r10e/toolchains/x86-4.8/prebuilt/linux-x86_64/i686-linux-android/bin/ld.gold' mapped to 'Optional.of(/home/fzq/Android/android-ndk-r10e/toolchains/x86-4.8/prebuilt/linux-x86_64/i686-linux-android/bin/ld.gold)'
[2015-07-01 14:25:24.334][debug][command:a7a97923-b24a-4c8f-9925-57401e8227e9][tid:28][com.facebook.buck.io.ExecutableFinder] Executable '/home/fzq/Android/android-ndk-r10e/toolchains/x86-4.8/prebuilt/linux-x86_64/i686-linux-android/bin/ar' mapped to 'Optional.of(/home/fzq/Android/android-ndk-r10e/toolchains/x86-4.8/prebuilt/linux-x86_64/i686-linux-android/bin/ar)'
[2015-07-01 14:25:24.335][debug][command:a7a97923-b24a-4c8f-9925-57401e8227e9][tid:28][com.facebook.buck.io.ExecutableFinder] Executable '/home/fzq/Android/android-ndk-r10e/toolchains/x86-4.8/prebuilt/linux-x86_64/i686-linux-android/bin/objcopy' mapped to 'Optional.of(/home/fzq/Android/android-ndk-r10e/toolchains/x86-4.8/prebuilt/linux-x86_64/i686-linux-android/bin/objcopy)'
[2015-07-01 14:25:24.335][debug][command:a7a97923-b24a-4c8f-9925-57401e8227e9][tid:28][com.facebook.buck.cxx.CxxPlatforms] Using system default C++ platform CxxPlatform{flavor=default, as=com.facebook.buck.cxx.HashedFileTool@79d1ffdf, asflags=[], aspp=com.facebook.buck.cxx.HashedFileTool@4f90d626, asppflags=[], cc=com.facebook.buck.cxx.HashedFileTool@f3e0988, cflags=[], cxx=com.facebook.buck.cxx.HashedFileTool@b46cb17, cxxflags=[], cpp=com.facebook.buck.cxx.HashedFileTool@7d9fe2a7, cppflags=[], cxxpp=com.facebook.buck.cxx.HashedFileTool@34773ad4, cxxppflags=[], cxxld=com.facebook.buck.cxx.HashedFileTool@4bfa079b, cxxldflags=[], ld=com.facebook.buck.cxx.GnuLinker@76d97380, ldflags=[], runtimeLdflags={}, ar=com.facebook.buck.cxx.HashedFileTool@74513d26, arflags=[], arExpectedGlobalHeader=[33, 60, 97, 114, 99, 104, 62, 10], lex=Optional.of(com.facebook.buck.cxx.HashedFileTool@797d18e2), lexFlags=[], yacc=Optional.of(com.facebook.buck.cxx.HashedFileTool@62a00e89), yaccFlags=[-y], sharedLibraryExtension=so, debugPathSanitizer=com.facebook.buck.cxx.DebugPathSanitizer@617a184}
[2015-07-01 14:25:24.338][debug][command:a7a97923-b24a-4c8f-9925-57401e8227e9][tid:28][com.facebook.buck.io.ExecutableFinder] Executable 'python2' mapped to 'Optional.of(/usr/bin/python2)'
[2015-07-01 14:25:24.340][debug][command:a7a97923-b24a-4c8f-9925-57401e8227e9][tid:28][com.facebook.buck.io.ExecutableFinder] Executable 'python2' mapped to 'Optional.of(/usr/bin/python2)'
[2015-07-01 14:25:24.341][debug][command:a7a97923-b24a-4c8f-9925-57401e8227e9][tid:28][com.facebook.buck.event.listener.SuperConsoleEventBusListener] Starting render scheduler (interval 100 ms)
[2015-07-01 14:25:24.343][debug][command:a7a97923-b24a-4c8f-9925-57401e8227e9][tid:28][com.facebook.buck.io.ExecutableFinder] Executable 'python2' mapped to 'Optional.of(/usr/bin/python2)'
[2015-07-01 14:25:24.344][debug][command:a7a97923-b24a-4c8f-9925-57401e8227e9][tid:37][com.facebook.buck.event.listener.LoggingBuildListener] CommandStarted(build, isDaemon: true)
[2015-07-01 14:25:24.345][debug][command:a7a97923-b24a-4c8f-9925-57401e8227e9][tid:28][com.facebook.buck.util.WatchmanWatcher] Starting watchman command: [watchman, --server-encoding=json, --no-pretty, -j]
[2015-07-01 14:25:24.348][debug][command:a7a97923-b24a-4c8f-9925-57401e8227e9][tid:28][com.facebook.buck.util.WatchmanWatcher] Writing query to Watchman: ["query","/home/fzq/workspace/DesignTest",{"since":"n:buckd536fc2fd-67f4-495a-89be-85d171b227f9","expression":["not",["anyof",["type","d"],["match","buck-out/*","wholename"],["match",".idea/*","wholename"],["match","/home/fzq/workspace/DesignTest/.buckd/*","wholename"],["match","/home/fzq/workspace/DesignTest/buck-cache/*","wholename"],["match",".git/*","wholename"],["match","*.pbxproj","wholename"],["match","*.xcscheme","wholename"],["match","*.xcworkspacedata","wholename"]]],"empty_on_fresh_instance":true,"fields":["name","exists","new"]}]
[2015-07-01 14:25:24.348][debug][command:a7a97923-b24a-4c8f-9925-57401e8227e9][tid:28][com.facebook.buck.util.WatchmanWatcher] Parsing JSON output from Watchman
[2015-07-01 14:25:24.352][debug][command:a7a97923-b24a-4c8f-9925-57401e8227e9][tid:28][com.facebook.buck.parser.Parser] Parsed build files does not contain /home/fzq/workspace/DesignTest/.buckd/buckd.runcount, not invalidating
[2015-07-01 14:25:24.353][debug][command:a7a97923-b24a-4c8f-9925-57401e8227e9][tid:28][com.facebook.buck.parser.Parser] Removing targets [] for path /home/fzq/workspace/DesignTest/.buckd/buckd.runcount
[2015-07-01 14:25:24.359][debug][command:a7a97923-b24a-4c8f-9925-57401e8227e9][tid:28][com.facebook.buck.parser.Parser] Parsed build files does not contain /home/fzq/workspace/DesignTest/.buckd/tmp/buck_run.SX06c6/ngserver-out, not invalidating
[2015-07-01 14:25:24.360][debug][command:a7a97923-b24a-4c8f-9925-57401e8227e9][tid:28][com.facebook.buck.parser.Parser] Removing targets [] for path /home/fzq/workspace/DesignTest/.buckd/tmp/buck_run.SX06c6/ngserver-out
[2015-07-01 14:25:24.360][debug][command:a7a97923-b24a-4c8f-9925-57401e8227e9][tid:28][com.facebook.buck.util.WatchmanWatcher] Posted 2 Watchman events. Waiting for subprocess to exit...
[2015-07-01 14:25:24.360][debug][command:a7a97923-b24a-4c8f-9925-57401e8227e9][tid:28][com.facebook.buck.util.WatchmanWatcher] Watchman exited cleanly.
[2015-07-01 14:25:24.361][debug][command:a7a97923-b24a-4c8f-9925-57401e8227e9][tid:37][com.facebook.buck.event.listener.LoggingBuildListener] ArtifactCacheConnectStarted()
[2015-07-01 14:25:24.363][debug][command:a7a97923-b24a-4c8f-9925-57401e8227e9][tid:37][com.facebook.buck.event.listener.LoggingBuildListener] ArtifactCacheConnectFinished()
[2015-07-01 14:25:24.364][info ][command:a7a97923-b24a-4c8f-9925-57401e8227e9][tid:37][com.facebook.buck.event.listener.LoggingBuildListener] Build started at 2015-07-01 14:25:24.344
[2015-07-01 14:25:24.369][debug][command:a7a97923-b24a-4c8f-9925-57401e8227e9][tid:28][com.facebook.buck.parser.Parser] Parser invalidating entire cache on default include change.
[2015-07-01 14:25:24.369][debug][command:a7a97923-b24a-4c8f-9925-57401e8227e9][tid:28][com.facebook.buck.parser.Parser] Invalidating all cached data.
[2015-07-01 14:25:24.369][debug][command:a7a97923-b24a-4c8f-9925-57401e8227e9][tid:28][com.facebook.buck.parser.Parser] Invalidating all cached data.
[2015-07-01 14:25:24.369][debug][command:a7a97923-b24a-4c8f-9925-57401e8227e9][tid:28][com.facebook.buck.parser.Parser] Parsing BUCK file: /home/fzq/workspace/DesignTest/app/BUCK
[2015-07-01 14:25:24.369][debug][command:a7a97923-b24a-4c8f-9925-57401e8227e9][tid:28][com.facebook.buck.json.ProjectBuildFileParser] Creating temporary buck.py instance...
[2015-07-01 14:25:24.370][debug][command:a7a97923-b24a-4c8f-9925-57401e8227e9][tid:37][com.facebook.buck.event.listener.LoggingBuildListener] BuckFilesParseStarted()
[2015-07-01 14:25:24.489][debug][command:a7a97923-b24a-4c8f-9925-57401e8227e9][tid:28][com.facebook.buck.json.ProjectBuildFileParser] Created temporary buck.py instance at /home/fzq/workspace/DesignTest/.buckd/tmp/buck_run.SX06c6/buck6548391470538475271.py.
[2015-07-01 14:25:24.491][debug][command:a7a97923-b24a-4c8f-9925-57401e8227e9][tid:28][com.facebook.buck.json.ProjectBuildFileParser] Starting buck.py command: [/usr/bin/python2, -u, /home/fzq/workspace/DesignTest/.buckd/tmp/buck_run.SX06c6/buck6548391470538475271.py, --allow_empty_globs, --project_root, /home/fzq/workspace/DesignTest, --build_file_name, BUCK] environment: {PATH=/home/fzq/Android/Sdk/platform-tools:/home/fzq/android/tools/android-studio/gradle/gradle-2.2.1/bin:/home/fzq/android/tools/apache-ant-1.9.5/bin:/home/fzq/android/tools/linuxbrew/bin:/home/fzq/Android/android-ndk-r10e:/home/fzq/android/tools/idea-IC-141.1010.3/bin:/home/fzq/bin:/usr/local/bin:/home/fzq/Android/Sdk/platform-tools:/home/fzq/android/tools/android-studio/gradle/gradle-2.2.1/bin:/home/fzq/android/tools/apache-ant-1.9.5/bin:/home/fzq/android/tools/linuxbrew/bin:/home/fzq/Android/android-ndk-r10e:/home/fzq/android/tools/idea-IC-141.1010.3/bin:/home/fzq/bin:/usr/local/bin:/usr/local/sbin:/usr/local/bin:/usr/sbin:/usr/bin:/sbin:/bin:/usr/games:/usr/local/games:/home/fzq/android/tools/infer-linux64-v0.1.1/infer/infer/bin:/home/fzq/android/tools/infer-linux64-v0.1.1/infer/infer/bin, LC_MEASUREMENT=zh_CN.UTF-8, XAUTHORITY=/home/fzq/.Xauthority, XMODIFIERS=@im=fcitx, LC_TELEPHONE=zh_CN.UTF-8, XDG_DATA_DIRS=/usr/share/ubuntu:/usr/share/gnome:/usr/local/share/:/usr/share/, GDMSESSION=ubuntu, MANDATORY_PATH=/usr/share/gconf/ubuntu.mandatory.path, LC_TIME=zh_CN.UTF-8, TEXTDOMAINDIR=/usr/share/locale/, GTK_IM_MODULE=fcitx, DBUS_SESSION_BUS_ADDRESS=unix:abstract=/tmp/dbus-ZuwDMUi8oz, DEFAULTS_PATH=/usr/share/gconf/ubuntu.default.path, ANDROID_HOME=/home/fzq/Android/Sdk, XDG_CURRENT_DESKTOP=Unity, LD_LIBRARY_PATH=/home/fzq/android/tools/idea-IC-141.1010.3/bin:, COLORTERM=gnome-terminal, QT4_IM_MODULE=fcitx, UPSTART_SESSION=unix:abstract=/com/ubuntu/upstart-session/1000/1797, LC_PAPER=zh_CN.UTF-8, LOGNAME=fzq, PWD=/home/fzq/workspace/DesignTest, JOB=gnome-session, IM_CONFIG_PHASE=1, LANGUAGE=en_US, WINDOWID=71303180, SHELL=/bin/zsh, LC_ADDRESS=zh_CN.UTF-8, PAGER=less, INSTANCE=Unity, ANDROID_NDK=/home/fzq/Android/android-ndk-r10e, ZSH=/home/fzq/.oh-my-zsh, GNOME_DESKTOP_SESSION_ID=this-is-deprecated, UPSTART_INSTANCE=, GTK_MODULES=overlay-scrollbar:unity-gtk-module, CLUTTER_IM_MODULE=xim, XDG_SESSION_PATH=/org/freedesktop/DisplayManager/Session0, TEXTDOMAIN=im-config, LESS=-R, SESSIONTYPE=gnome-session, LC_CTYPE=en_US.UTF-8, SHLVL=2, LC_IDENTIFICATION=zh_CN.UTF-8, LC_MONETARY=zh_CN.UTF-8, NAILGUN_TTY_2=1, NAILGUN_TTY_1=1, COMPIZ_CONFIG_PROFILE=ubuntu, UPSTART_JOB=unity-settings-daemon, QT_IM_MODULE=xim, NAILGUN_TTY_0=1, TERM=xterm-256color, NAILGUN_FILESEPARATOR=/, XDG_CONFIG_DIRS=/etc/xdg/xdg-ubuntu:/usr/share/upstart/xdg:/etc/xdg, XFILESEARCHPATH=/usr/dt/app-defaults/%L/Dt, GNOME_KEYRING_CONTROL=/run/user/1000/keyring-Vwv52h, XDG_SEAT_PATH=/org/freedesktop/DisplayManager/Seat0, LANG=en_US.UTF-8, XDG_SESSION_ID=c2, GRADLE_HOME=/home/fzq/android/tools/android-studio/gradle/gradle-2.2.1, SELINUX_INIT=YES, ANT_HOME=/home/fzq/android/tools/apache-ant-1.9.5, DISPLAY=:0, BREW_HOME=/home/fzq/android/tools/linuxbrew, LC_NAME=zh_CN.UTF-8, NAILGUN_PATHSEPARATOR=:, INTELLIJ_HOME=/home/fzq/android/tools/idea-IC-141.1010.3, GDM_LANG=en_US, LSCOLORS=Gxfxcxdxbxegedabagacad, XDG_GREETER_DATA_DIR=/var/lib/lightdm-data/fzq, UPSTART_EVENTS=started starting, DESKTOP_SESSION=ubuntu, GPG_AGENT_INFO=/run/user/1000/keyring-Vwv52h/gpg:0:1, USER=fzq, VTE_VERSION=3409, LC_NUMERIC=zh_CN.UTF-8, XDG_SEAT=seat0, SSH_AUTH_SOCK=/run/user/1000/keyring-Vwv52h/ssh, NLSPATH=/usr/dt/lib/nls/msg/%L/%N.cat, QT_QPA_PLATFORMTHEME=appmenu-qt5, XDG_RUNTIME_DIR=/run/user/1000, XDG_VTNR=7, HOME=/home/fzq, GNOME_KEYRING_PID=1794}
[2015-07-01 14:25:24.497][debug][command:a7a97923-b24a-4c8f-9925-57401e8227e9][tid:28][com.facebook.buck.json.ProjectBuildFileParser] Started process java.lang.UNIXProcess@414df8c5 successfully
[2015-07-01 14:25:24.572][debug][command:a7a97923-b24a-4c8f-9925-57401e8227e9][tid:28][com.facebook.buck.json.ProjectBuildFileParser] Parsing output of process java.lang.UNIXProcess@414df8c5...
[2015-07-01 14:25:24.610][debug][command:a7a97923-b24a-4c8f-9925-57401e8227e9][tid:28][com.facebook.buck.json.ProjectBuildFileParser] Parsed 9 rules from process
[2015-07-01 14:25:24.636][debug][command:a7a97923-b24a-4c8f-9925-57401e8227e9][tid:37][com.facebook.buck.event.listener.LoggingBuildListener] ParseStarted(//app:app)
[2015-07-01 14:25:24.639][debug][command:a7a97923-b24a-4c8f-9925-57401e8227e9][tid:28][com.facebook.buck.parser.Parser] Parsing BUCK file: /home/fzq/workspace/DesignTest/libs/BUCK
[2015-07-01 14:25:24.641][debug][command:a7a97923-b24a-4c8f-9925-57401e8227e9][tid:28][com.facebook.buck.json.ProjectBuildFileParser] Parsing output of process java.lang.UNIXProcess@414df8c5...
[2015-07-01 14:25:24.643][debug][command:a7a97923-b24a-4c8f-9925-57401e8227e9][tid:28][com.facebook.buck.json.ProjectBuildFileParser] Parsed 8 rules from process
[2015-07-01 14:25:24.659][debug][command:a7a97923-b24a-4c8f-9925-57401e8227e9][tid:37][com.facebook.buck.event.listener.LoggingBuildListener] ParseFinished(//app:app)
[2015-07-01 14:25:24.667][debug][command:a7a97923-b24a-4c8f-9925-57401e8227e9][tid:28][com.facebook.buck.json.ProjectBuildFileParser] Waiting for process java.lang.UNIXProcess@414df8c5 to exit...
[2015-07-01 14:25:24.674][debug][command:a7a97923-b24a-4c8f-9925-57401e8227e9][tid:28][com.facebook.buck.json.ProjectBuildFileParser] Process java.lang.UNIXProcess@414df8c5 exited cleanly.
[2015-07-01 14:25:24.676][debug][command:a7a97923-b24a-4c8f-9925-57401e8227e9][tid:37][com.facebook.buck.event.listener.LoggingBuildListener] BuckFilesParseFinished()
[2015-07-01 14:25:24.678][debug][command:a7a97923-b24a-4c8f-9925-57401e8227e9][tid:37][com.facebook.buck.event.listener.LoggingBuildListener] BuildActionGraphStarted()
[2015-07-01 14:25:24.762][debug][command:a7a97923-b24a-4c8f-9925-57401e8227e9][tid:37][com.facebook.buck.event.listener.LoggingBuildListener] BuildActionGraphFinished()
[2015-07-01 14:25:24.781][debug][command:a7a97923-b24a-4c8f-9925-57401e8227e9][tid:37][com.facebook.buck.event.listener.LoggingBuildListener] RuleCountCalculated(//app:app)
[2015-07-01 14:25:24.985][debug][command:a7a97923-b24a-4c8f-9925-57401e8227e9][tid:42][com.facebook.buck.rules.CachingBuildEngine] Building locally: //app:manifest
[2015-07-01 14:25:24.989][debug][command:a7a97923-b24a-4c8f-9925-57401e8227e9][tid:42][com.facebook.buck.step.DefaultStepRunner] StepStarted(rm)
[2015-07-01 14:25:24.990][debug][command:a7a97923-b24a-4c8f-9925-57401e8227e9][tid:41][com.facebook.buck.rules.CachingBuildEngine] Building locally: //libs:appcompat#aar_unzip
[2015-07-01 14:25:24.990][debug][command:a7a97923-b24a-4c8f-9925-57401e8227e9][tid:39][com.facebook.buck.rules.CachingBuildEngine] Building locally: //app:res
[2015-07-01 14:25:24.990][debug][command:a7a97923-b24a-4c8f-9925-57401e8227e9][tid:42][com.facebook.buck.step.DefaultStepRunner] StepFinished(rm)
[2015-07-01 14:25:25.001][debug][command:a7a97923-b24a-4c8f-9925-57401e8227e9][tid:43][com.facebook.buck.rules.CachingBuildEngine] Building locally: //libs:support-v13#aar_unzip
[2015-07-01 14:25:25.003][debug][command:a7a97923-b24a-4c8f-9925-57401e8227e9][tid:42][com.facebook.buck.step.DefaultStepRunner] StepStarted(mkdir)
[2015-07-01 14:25:25.003][debug][command:a7a97923-b24a-4c8f-9925-57401e8227e9][tid:40][com.facebook.buck.rules.CachingBuildEngine] Building locally: //libs:support-v4#aar_unzip
[2015-07-01 14:25:25.004][debug][command:a7a97923-b24a-4c8f-9925-57401e8227e9][tid:42][com.facebook.buck.step.DefaultStepRunner] StepFinished(mkdir)
[2015-07-01 14:25:25.004][debug][command:a7a97923-b24a-4c8f-9925-57401e8227e9][tid:42][com.facebook.buck.step.DefaultStepRunner] StepStarted(generate_manifest)
[2015-07-01 14:25:25.007][debug][command:a7a97923-b24a-4c8f-9925-57401e8227e9][tid:39][com.facebook.buck.step.DefaultStepRunner] StepStarted(rm_&&_mkdir)
[2015-07-01 14:25:25.008][debug][command:a7a97923-b24a-4c8f-9925-57401e8227e9][tid:39][com.facebook.buck.step.DefaultStepRunner] StepFinished(rm_&&_mkdir)
[2015-07-01 14:25:25.009][debug][command:a7a97923-b24a-4c8f-9925-57401e8227e9][tid:39][com.facebook.buck.step.DefaultStepRunner] StepStarted(generate_resource_ids)
[2015-07-01 14:25:25.010][debug][command:a7a97923-b24a-4c8f-9925-57401e8227e9][tid:43][com.facebook.buck.step.DefaultStepRunner] StepStarted(rm_&&_mkdir)
[2015-07-01 14:25:25.010][debug][command:a7a97923-b24a-4c8f-9925-57401e8227e9][tid:43][com.facebook.buck.step.DefaultStepRunner] StepFinished(rm_&&_mkdir)
[2015-07-01 14:25:25.011][debug][command:a7a97923-b24a-4c8f-9925-57401e8227e9][tid:43][com.facebook.buck.step.DefaultStepRunner] StepStarted(unzip)
[2015-07-01 14:25:25.009][debug][command:a7a97923-b24a-4c8f-9925-57401e8227e9][tid:41][com.facebook.buck.step.DefaultStepRunner] StepStarted(rm_&&_mkdir)
[2015-07-01 14:25:25.012][debug][command:a7a97923-b24a-4c8f-9925-57401e8227e9][tid:41][com.facebook.buck.step.DefaultStepRunner] StepFinished(rm_&&_mkdir)
[2015-07-01 14:25:25.012][debug][command:a7a97923-b24a-4c8f-9925-57401e8227e9][tid:41][com.facebook.buck.step.DefaultStepRunner] StepStarted(unzip)
[2015-07-01 14:25:25.020][debug][command:a7a97923-b24a-4c8f-9925-57401e8227e9][tid:40][com.facebook.buck.step.DefaultStepRunner] StepStarted(rm_&&_mkdir)
[2015-07-01 14:25:25.021][debug][command:a7a97923-b24a-4c8f-9925-57401e8227e9][tid:40][com.facebook.buck.step.DefaultStepRunner] StepFinished(rm_&&_mkdir)
[2015-07-01 14:25:25.021][debug][command:a7a97923-b24a-4c8f-9925-57401e8227e9][tid:40][com.facebook.buck.step.DefaultStepRunner] StepStarted(unzip)
[2015-07-01 14:25:25.041][debug][command:a7a97923-b24a-4c8f-9925-57401e8227e9][tid:37][com.facebook.buck.event.listener.LoggingBuildListener] ArtifactFetchCacheStarted(fetch:96664bebd9c8f09a1e67714d95d19c32987f4caa)
[2015-07-01 14:25:25.052][debug][command:a7a97923-b24a-4c8f-9925-57401e8227e9][tid:37][com.facebook.buck.event.listener.LoggingBuildListener] ArtifactFetchCacheFinished(fetch:96664bebd9c8f09a1e67714d95d19c32987f4caa)
[2015-07-01 14:25:25.054][debug][command:a7a97923-b24a-4c8f-9925-57401e8227e9][tid:37][com.facebook.buck.event.listener.LoggingBuildListener] ArtifactFetchCacheStarted(fetch:bb1644ae53a47bec0a4f194886d79735c582fc0b)
[2015-07-01 14:25:25.054][debug][command:a7a97923-b24a-4c8f-9925-57401e8227e9][tid:37][com.facebook.buck.event.listener.LoggingBuildListener] ArtifactFetchCacheFinished(fetch:bb1644ae53a47bec0a4f194886d79735c582fc0b)
[2015-07-01 14:25:25.064][debug][command:a7a97923-b24a-4c8f-9925-57401e8227e9][tid:37][com.facebook.buck.event.listener.LoggingBuildListener] ArtifactFetchCacheStarted(fetch:2d1f78bbffa2196501cabb203201c651beb1d6ed)
[2015-07-01 14:25:25.067][debug][command:a7a97923-b24a-4c8f-9925-57401e8227e9][tid:37][com.facebook.buck.event.listener.LoggingBuildListener] ArtifactFetchCacheFinished(fetch:2d1f78bbffa2196501cabb203201c651beb1d6ed)
[2015-07-01 14:25:25.068][debug][command:a7a97923-b24a-4c8f-9925-57401e8227e9][tid:37][com.facebook.buck.event.listener.LoggingBuildListener] ArtifactFetchCacheStarted(fetch:13de0377da627e2df3aeae7bf04efa68938abaa0)
[2015-07-01 14:25:25.072][debug][command:a7a97923-b24a-4c8f-9925-57401e8227e9][tid:37][com.facebook.buck.event.listener.LoggingBuildListener] ArtifactFetchCacheFinished(fetch:13de0377da627e2df3aeae7bf04efa68938abaa0)
[2015-07-01 14:25:25.075][debug][command:a7a97923-b24a-4c8f-9925-57401e8227e9][tid:37][com.facebook.buck.event.listener.LoggingBuildListener] ArtifactFetchCacheStarted(fetch:572ccbd21775a2fa6a32184c06bc05be98b1dd82)
[2015-07-01 14:25:25.078][debug][command:a7a97923-b24a-4c8f-9925-57401e8227e9][tid:37][com.facebook.buck.event.listener.LoggingBuildListener] ArtifactFetchCacheFinished(fetch:572ccbd21775a2fa6a32184c06bc05be98b1dd82)
[2015-07-01 14:25:25.084][debug][command:a7a97923-b24a-4c8f-9925-57401e8227e9][tid:37][com.facebook.buck.event.listener.LoggingBuildListener] ArtifactFetchCacheStarted(fetch:3375a77bab09e7044c48bfaf711f439a68c3ad32)
[2015-07-01 14:25:25.086][debug][command:a7a97923-b24a-4c8f-9925-57401e8227e9][tid:37][com.facebook.buck.event.listener.LoggingBuildListener] ArtifactFetchCacheFinished(fetch:3375a77bab09e7044c48bfaf711f439a68c3ad32)
[2015-07-01 14:25:25.088][debug][command:a7a97923-b24a-4c8f-9925-57401e8227e9][tid:37][com.facebook.buck.event.listener.LoggingBuildListener] ArtifactFetchCacheStarted(fetch:905a2c1610a1dfde9ec06546081faf7099868bf4)
[2015-07-01 14:25:25.092][debug][command:a7a97923-b24a-4c8f-9925-57401e8227e9][tid:37][com.facebook.buck.event.listener.LoggingBuildListener] ArtifactFetchCacheFinished(fetch:905a2c1610a1dfde9ec06546081faf7099868bf4)
[2015-07-01 14:25:25.094][debug][command:a7a97923-b24a-4c8f-9925-57401e8227e9][tid:37][com.facebook.buck.event.listener.LoggingBuildListener] ArtifactFetchCacheStarted(fetch:e5847cf81cc8938e43d2b5d671cc01710b30cbfa)
[2015-07-01 14:25:25.094][debug][command:a7a97923-b24a-4c8f-9925-57401e8227e9][tid:37][com.facebook.buck.event.listener.LoggingBuildListener] ArtifactFetchCacheFinished(fetch:e5847cf81cc8938e43d2b5d671cc01710b30cbfa)
[2015-07-01 14:25:25.096][debug][command:a7a97923-b24a-4c8f-9925-57401e8227e9][tid:37][com.facebook.buck.event.listener.LoggingBuildListener] ArtifactFetchCacheStarted(fetch:0e1ff0247ddc449f2e7f9c77fcb5a0fc160608d2)
[2015-07-01 14:25:25.097][debug][command:a7a97923-b24a-4c8f-9925-57401e8227e9][tid:37][com.facebook.buck.event.listener.LoggingBuildListener] ArtifactFetchCacheFinished(fetch:0e1ff0247ddc449f2e7f9c77fcb5a0fc160608d2)
[2015-07-01 14:25:25.100][debug][command:a7a97923-b24a-4c8f-9925-57401e8227e9][tid:37][com.facebook.buck.event.listener.LoggingBuildListener] ArtifactFetchCacheStarted(fetch:9cb9970aa94b9c92d945defe3d2f3104d22eaaca)
[2015-07-01 14:25:25.100][debug][command:a7a97923-b24a-4c8f-9925-57401e8227e9][tid:37][com.facebook.buck.event.listener.LoggingBuildListener] ArtifactFetchCacheFinished(fetch:9cb9970aa94b9c92d945defe3d2f3104d22eaaca)
[2015-07-01 14:25:25.101][debug][command:a7a97923-b24a-4c8f-9925-57401e8227e9][tid:37][com.facebook.buck.event.listener.LoggingBuildListener] ArtifactFetchCacheStarted(fetch:7a0188fe11c25d190fc735016ef760e0c7445bab)
[2015-07-01 14:25:25.102][debug][command:a7a97923-b24a-4c8f-9925-57401e8227e9][tid:37][com.facebook.buck.event.listener.LoggingBuildListener] ArtifactFetchCacheFinished(fetch:7a0188fe11c25d190fc735016ef760e0c7445bab)
[2015-07-01 14:25:25.103][debug][command:a7a97923-b24a-4c8f-9925-57401e8227e9][tid:37][com.facebook.buck.event.listener.LoggingBuildListener] ArtifactFetchCacheStarted(fetch:7313c292014c0cc30c648de4c57cc0724c969fa2)
[2015-07-01 14:25:25.104][debug][command:a7a97923-b24a-4c8f-9925-57401e8227e9][tid:37][com.facebook.buck.event.listener.LoggingBuildListener] ArtifactFetchCacheFinished(fetch:7313c292014c0cc30c648de4c57cc0724c969fa2)
[2015-07-01 14:25:25.106][debug][command:a7a97923-b24a-4c8f-9925-57401e8227e9][tid:37][com.facebook.buck.event.listener.LoggingBuildListener] ArtifactFetchCacheStarted(fetch:f1e1653826be358612bc594e0ae66df19a090bdf)
[2015-07-01 14:25:25.107][debug][command:a7a97923-b24a-4c8f-9925-57401e8227e9][tid:37][com.facebook.buck.event.listener.LoggingBuildListener] ArtifactFetchCacheFinished(fetch:f1e1653826be358612bc594e0ae66df19a090bdf)
[2015-07-01 14:25:25.113][debug][command:a7a97923-b24a-4c8f-9925-57401e8227e9][tid:43][com.facebook.buck.step.DefaultStepRunner] StepFinished(unzip)
[2015-07-01 14:25:25.113][debug][command:a7a97923-b24a-4c8f-9925-57401e8227e9][tid:43][com.facebook.buck.step.DefaultStepRunner] StepStarted(touch)
[2015-07-01 14:25:25.114][debug][command:a7a97923-b24a-4c8f-9925-57401e8227e9][tid:43][com.facebook.buck.step.DefaultStepRunner] StepFinished(touch)
[2015-07-01 14:25:25.114][debug][command:a7a97923-b24a-4c8f-9925-57401e8227e9][tid:43][com.facebook.buck.step.DefaultStepRunner] StepStarted(mkdir)
[2015-07-01 14:25:25.114][debug][command:a7a97923-b24a-4c8f-9925-57401e8227e9][tid:43][com.facebook.buck.step.DefaultStepRunner] StepFinished(mkdir)
[2015-07-01 14:25:25.115][debug][command:a7a97923-b24a-4c8f-9925-57401e8227e9][tid:43][com.facebook.buck.step.DefaultStepRunner] StepStarted(mkdir)
[2015-07-01 14:25:25.115][debug][command:a7a97923-b24a-4c8f-9925-57401e8227e9][tid:43][com.facebook.buck.step.DefaultStepRunner] StepFinished(mkdir)
[2015-07-01 14:25:25.115][debug][command:a7a97923-b24a-4c8f-9925-57401e8227e9][tid:43][com.facebook.buck.step.DefaultStepRunner] StepStarted(mkdir)
[2015-07-01 14:25:25.116][debug][command:a7a97923-b24a-4c8f-9925-57401e8227e9][tid:43][com.facebook.buck.step.DefaultStepRunner] StepFinished(mkdir)
[2015-07-01 14:25:25.116][debug][command:a7a97923-b24a-4c8f-9925-57401e8227e9][tid:43][com.facebook.buck.step.DefaultStepRunner] StepStarted(create_uber_classes_jar)
[2015-07-01 14:25:25.173][debug][command:a7a97923-b24a-4c8f-9925-57401e8227e9][tid:40][com.facebook.buck.step.DefaultStepRunner] StepFinished(unzip)
[2015-07-01 14:25:25.173][debug][command:a7a97923-b24a-4c8f-9925-57401e8227e9][tid:40][com.facebook.buck.step.DefaultStepRunner] StepStarted(touch)
[2015-07-01 14:25:25.173][debug][command:a7a97923-b24a-4c8f-9925-57401e8227e9][tid:40][com.facebook.buck.step.DefaultStepRunner] StepFinished(touch)
[2015-07-01 14:25:25.174][debug][command:a7a97923-b24a-4c8f-9925-57401e8227e9][tid:40][com.facebook.buck.step.DefaultStepRunner] StepStarted(mkdir)
[2015-07-01 14:25:25.174][debug][command:a7a97923-b24a-4c8f-9925-57401e8227e9][tid:40][com.facebook.buck.step.DefaultStepRunner] StepFinished(mkdir)
[2015-07-01 14:25:25.177][debug][command:a7a97923-b24a-4c8f-9925-57401e8227e9][tid:40][com.facebook.buck.step.DefaultStepRunner] StepStarted(mkdir)
[2015-07-01 14:25:25.178][debug][command:a7a97923-b24a-4c8f-9925-57401e8227e9][tid:40][com.facebook.buck.step.DefaultStepRunner] StepFinished(mkdir)
[2015-07-01 14:25:25.178][debug][command:a7a97923-b24a-4c8f-9925-57401e8227e9][tid:40][com.facebook.buck.step.DefaultStepRunner] StepStarted(mkdir)
[2015-07-01 14:25:25.178][debug][command:a7a97923-b24a-4c8f-9925-57401e8227e9][tid:40][com.facebook.buck.step.DefaultStepRunner] StepFinished(mkdir)
[2015-07-01 14:25:25.178][debug][command:a7a97923-b24a-4c8f-9925-57401e8227e9][tid:40][com.facebook.buck.step.DefaultStepRunner] StepStarted(create_uber_classes_jar)
[2015-07-01 14:25:25.193][debug][command:a7a97923-b24a-4c8f-9925-57401e8227e9][tid:37][com.facebook.buck.event.listener.LoggingBuildListener] Duplicate found when adding file to jar: META-INF/
[2015-07-01 14:25:25.194][debug][command:a7a97923-b24a-4c8f-9925-57401e8227e9][tid:37][com.facebook.buck.event.listener.LoggingBuildListener] Duplicate found when adding file to jar: android/
[2015-07-01 14:25:25.194][debug][command:a7a97923-b24a-4c8f-9925-57401e8227e9][tid:37][com.facebook.buck.event.listener.LoggingBuildListener] Duplicate found when adding file to jar: android/support/
[2015-07-01 14:25:25.194][debug][command:a7a97923-b24a-4c8f-9925-57401e8227e9][tid:37][com.facebook.buck.event.listener.LoggingBuildListener] Duplicate found when adding file to jar: android/support/v13/
[2015-07-01 14:25:25.195][debug][command:a7a97923-b24a-4c8f-9925-57401e8227e9][tid:37][com.facebook.buck.event.listener.LoggingBuildListener] Duplicate found when adding file to jar: android/support/v13/app/
[2015-07-01 14:25:25.217][debug][command:a7a97923-b24a-4c8f-9925-57401e8227e9][tid:43][com.facebook.buck.step.DefaultStepRunner] StepFinished(create_uber_classes_jar)
[2015-07-01 14:25:25.217][debug][command:a7a97923-b24a-4c8f-9925-57401e8227e9][tid:43][com.facebook.buck.rules.CachingBuildEngine] Build completed: unzip_aar //libs:support-v13#aar_unzip (214480551ns)
[2015-07-01 14:25:25.245][debug][command:a7a97923-b24a-4c8f-9925-57401e8227e9][tid:43][com.facebook.buck.rules.CachingBuildEngine] Building locally: //libs:android-design#aar_unzip
[2015-07-01 14:25:25.245][debug][command:a7a97923-b24a-4c8f-9925-57401e8227e9][tid:43][com.facebook.buck.step.DefaultStepRunner] StepStarted(rm_&&_mkdir)
[2015-07-01 14:25:25.246][debug][command:a7a97923-b24a-4c8f-9925-57401e8227e9][tid:43][com.facebook.buck.step.DefaultStepRunner] StepFinished(rm_&&_mkdir)
[2015-07-01 14:25:25.246][debug][command:a7a97923-b24a-4c8f-9925-57401e8227e9][tid:43][com.facebook.buck.step.DefaultStepRunner] StepStarted(unzip)
[2015-07-01 14:25:25.301][debug][command:a7a97923-b24a-4c8f-9925-57401e8227e9][tid:43][com.facebook.buck.step.DefaultStepRunner] StepFinished(unzip)
[2015-07-01 14:25:25.302][debug][command:a7a97923-b24a-4c8f-9925-57401e8227e9][tid:43][com.facebook.buck.step.DefaultStepRunner] StepStarted(touch)
[2015-07-01 14:25:25.302][debug][command:a7a97923-b24a-4c8f-9925-57401e8227e9][tid:43][com.facebook.buck.step.DefaultStepRunner] StepFinished(touch)
[2015-07-01 14:25:25.302][debug][command:a7a97923-b24a-4c8f-9925-57401e8227e9][tid:43][com.facebook.buck.step.DefaultStepRunner] StepStarted(mkdir)
[2015-07-01 14:25:25.303][debug][command:a7a97923-b24a-4c8f-9925-57401e8227e9][tid:43][com.facebook.buck.step.DefaultStepRunner] StepFinished(mkdir)
[2015-07-01 14:25:25.303][debug][command:a7a97923-b24a-4c8f-9925-57401e8227e9][tid:43][com.facebook.buck.step.DefaultStepRunner] StepStarted(mkdir)
[2015-07-01 14:25:25.303][debug][command:a7a97923-b24a-4c8f-9925-57401e8227e9][tid:43][com.facebook.buck.step.DefaultStepRunner] StepFinished(mkdir)
[2015-07-01 14:25:25.304][debug][command:a7a97923-b24a-4c8f-9925-57401e8227e9][tid:43][com.facebook.buck.step.DefaultStepRunner] StepStarted(mkdir)
[2015-07-01 14:25:25.304][debug][command:a7a97923-b24a-4c8f-9925-57401e8227e9][tid:43][com.facebook.buck.step.DefaultStepRunner] StepFinished(mkdir)
[2015-07-01 14:25:25.304][debug][command:a7a97923-b24a-4c8f-9925-57401e8227e9][tid:43][com.facebook.buck.step.DefaultStepRunner] StepStarted(create_uber_classes_jar)
[2015-07-01 14:25:25.307][debug][command:a7a97923-b24a-4c8f-9925-57401e8227e9][tid:43][com.facebook.buck.step.DefaultStepRunner] StepFinished(create_uber_classes_jar)
[2015-07-01 14:25:25.307][debug][command:a7a97923-b24a-4c8f-9925-57401e8227e9][tid:43][com.facebook.buck.rules.CachingBuildEngine] Build completed: unzip_aar //libs:android-design#aar_unzip (62110910ns)
[2015-07-01 14:25:25.360][debug][command:a7a97923-b24a-4c8f-9925-57401e8227e9][tid:39][com.facebook.buck.step.DefaultStepRunner] StepFinished(generate_resource_ids)
[2015-07-01 14:25:25.363][error][command:a7a97923-b24a-4c8f-9925-57401e8227e9][tid:37][com.facebook.buck.event.listener.LoggingBuildListener] The following resources were not found when processing app/src/main/res: 
RDotTxtEntry{idType=int, type=style, name=ThemeOverlay_AppCompat_Dark_ActionBar, idValue=0x00000000}
RDotTxtEntry{idType=int, type=string, name=appbar_scrolling_view_behavior, idValue=0x00000000}
RDotTxtEntry{idType=int, type=string, name=styling_android, idValue=0x00000000}
RDotTxtEntry{idType=int, type=style, name=TextAppearance_AppCompat_Title_Inverse, idValue=0x00000000}

java.lang.RuntimeException
java.lang.RuntimeException
	at com.facebook.buck.android.aapt.MiniAapt.execute(MiniAapt.java:151)
	at com.facebook.buck.step.DefaultStepRunner.runStepForBuildTarget(DefaultStepRunner.java:62)
	at com.facebook.buck.rules.CachingBuildEngine.executeCommandsNowThatDepsAreBuilt(CachingBuildEngine.java:702)
	at com.facebook.buck.rules.CachingBuildEngine.access$4(CachingBuildEngine.java:678)
	at com.facebook.buck.rules.CachingBuildEngine$1.apply(CachingBuildEngine.java:269)
	at com.facebook.buck.rules.CachingBuildEngine$1.apply(CachingBuildEngine.java:1)
	at com.google.common.util.concurrent.Futures$ChainingListenableFuture.run(Futures.java:906)
	at com.google.common.util.concurrent.Futures$1$1.run(Futures.java:635)
	at java.util.concurrent.ThreadPoolExecutor.runWorker(ThreadPoolExecutor.java:1142)
	at java.util.concurrent.ThreadPoolExecutor$Worker.run(ThreadPoolExecutor.java:617)
	at java.lang.Thread.run(Thread.java:745)

[2015-07-01 14:25:25.364][debug][command:a7a97923-b24a-4c8f-9925-57401e8227e9][tid:37][com.facebook.buck.event.listener.LoggingBuildListener] The following resources were not found when processing app/src/main/res: 
RDotTxtEntry{idType=int, type=style, name=ThemeOverlay_AppCompat_Dark_ActionBar, idValue=0x00000000}
RDotTxtEntry{idType=int, type=string, name=appbar_scrolling_view_behavior, idValue=0x00000000}
RDotTxtEntry{idType=int, type=string, name=styling_android, idValue=0x00000000}
RDotTxtEntry{idType=int, type=style, name=TextAppearance_AppCompat_Title_Inverse, idValue=0x00000000}

java.lang.RuntimeException
java.lang.RuntimeException
	at com.facebook.buck.android.aapt.MiniAapt.execute(MiniAapt.java:151)
	at com.facebook.buck.step.DefaultStepRunner.runStepForBuildTarget(DefaultStepRunner.java:62)
	at com.facebook.buck.rules.CachingBuildEngine.executeCommandsNowThatDepsAreBuilt(CachingBuildEngine.java:702)
	at com.facebook.buck.rules.CachingBuildEngine.access$4(CachingBuildEngine.java:678)
	at com.facebook.buck.rules.CachingBuildEngine$1.apply(CachingBuildEngine.java:269)
	at com.facebook.buck.rules.CachingBuildEngine$1.apply(CachingBuildEngine.java:1)
	at com.google.common.util.concurrent.Futures$ChainingListenableFuture.run(Futures.java:906)
	at com.google.common.util.concurrent.Futures$1$1.run(Futures.java:635)
	at java.util.concurrent.ThreadPoolExecutor.runWorker(ThreadPoolExecutor.java:1142)
	at java.util.concurrent.ThreadPoolExecutor$Worker.run(ThreadPoolExecutor.java:617)
	at java.lang.Thread.run(Thread.java:745)

[2015-07-01 14:25:25.365][debug][command:a7a97923-b24a-4c8f-9925-57401e8227e9][tid:37][com.facebook.buck.event.listener.LoggingBuildListener] ArtifactFetchCacheStarted(fetch:59ffcc4e36475213ff88b77486b9afb6357ad481)
[2015-07-01 14:25:25.366][debug][command:a7a97923-b24a-4c8f-9925-57401e8227e9][tid:37][com.facebook.buck.event.listener.LoggingBuildListener] ArtifactFetchCacheFinished(fetch:59ffcc4e36475213ff88b77486b9afb6357ad481)
[2015-07-01 14:25:25.377][debug][command:a7a97923-b24a-4c8f-9925-57401e8227e9][tid:37][com.facebook.buck.event.listener.LoggingBuildListener] ArtifactFetchCacheStarted(fetch:f43bf8e4003ac815b7647a233c37db43c843dff0)
[2015-07-01 14:25:25.378][debug][command:a7a97923-b24a-4c8f-9925-57401e8227e9][tid:37][com.facebook.buck.event.listener.LoggingBuildListener] ArtifactFetchCacheFinished(fetch:f43bf8e4003ac815b7647a233c37db43c843dff0)
[2015-07-01 14:25:25.380][debug][command:a7a97923-b24a-4c8f-9925-57401e8227e9][tid:37][com.facebook.buck.event.listener.LoggingBuildListener] ArtifactFetchCacheStarted(fetch:9ef03037e838d7b1fdf6aba205667092e4e958eb)
[2015-07-01 14:25:25.382][debug][command:a7a97923-b24a-4c8f-9925-57401e8227e9][tid:37][com.facebook.buck.event.listener.LoggingBuildListener] ArtifactFetchCacheFinished(fetch:9ef03037e838d7b1fdf6aba205667092e4e958eb)
[2015-07-01 14:25:25.383][debug][command:a7a97923-b24a-4c8f-9925-57401e8227e9][tid:37][com.facebook.buck.event.listener.LoggingBuildListener] ArtifactFetchCacheStarted(fetch:23c02b9f607ed9cd9c3278f519db61c22e416068)
[2015-07-01 14:25:25.385][debug][command:a7a97923-b24a-4c8f-9925-57401e8227e9][tid:37][com.facebook.buck.event.listener.LoggingBuildListener] ArtifactFetchCacheFinished(fetch:23c02b9f607ed9cd9c3278f519db61c22e416068)
[2015-07-01 14:25:25.396][debug][command:a7a97923-b24a-4c8f-9925-57401e8227e9][tid:39][com.facebook.buck.rules.CachingBuildEngine] Building locally: //libs:support-v13#aar_android_resource
[2015-07-01 14:25:25.397][debug][command:a7a97923-b24a-4c8f-9925-57401e8227e9][tid:39][com.facebook.buck.step.DefaultStepRunner] StepStarted(rm_&&_mkdir)
[2015-07-01 14:25:25.399][debug][command:a7a97923-b24a-4c8f-9925-57401e8227e9][tid:37][com.facebook.buck.event.listener.LoggingBuildListener] ArtifactFetchCacheStarted(fetch:4cab5b569f8b1527044400238bc046501eac2b73)
[2015-07-01 14:25:25.405][debug][command:a7a97923-b24a-4c8f-9925-57401e8227e9][tid:37][com.facebook.buck.event.listener.LoggingBuildListener] ArtifactFetchCacheFinished(fetch:4cab5b569f8b1527044400238bc046501eac2b73)
[2015-07-01 14:25:25.399][debug][command:a7a97923-b24a-4c8f-9925-57401e8227e9][tid:39][com.facebook.buck.step.DefaultStepRunner] StepFinished(rm_&&_mkdir)
[2015-07-01 14:25:25.407][debug][command:a7a97923-b24a-4c8f-9925-57401e8227e9][tid:39][com.facebook.buck.step.DefaultStepRunner] StepStarted(extract_android_package)
[2015-07-01 14:25:25.415][debug][command:a7a97923-b24a-4c8f-9925-57401e8227e9][tid:37][com.facebook.buck.event.listener.LoggingBuildListener] ArtifactFetchCacheStarted(fetch:06a766fcb71182be1e7b5dd999c5e4b61b0c470d)
[2015-07-01 14:25:25.415][debug][command:a7a97923-b24a-4c8f-9925-57401e8227e9][tid:37][com.facebook.buck.event.listener.LoggingBuildListener] ArtifactFetchCacheFinished(fetch:06a766fcb71182be1e7b5dd999c5e4b61b0c470d)
[2015-07-01 14:25:25.417][debug][command:a7a97923-b24a-4c8f-9925-57401e8227e9][tid:37][com.facebook.buck.event.listener.LoggingBuildListener] ArtifactFetchCacheStarted(fetch:eba901a1f787a88f78c6a55a8dda17519cf3902d)
[2015-07-01 14:25:25.426][debug][command:a7a97923-b24a-4c8f-9925-57401e8227e9][tid:42][com.facebook.buck.step.DefaultStepRunner] StepFinished(generate_manifest)
[2015-07-01 14:25:25.427][debug][command:a7a97923-b24a-4c8f-9925-57401e8227e9][tid:42][com.facebook.buck.rules.CachingBuildEngine] Build completed: android_manifest //app:manifest (441240767ns)
[2015-07-01 14:25:25.427][debug][command:a7a97923-b24a-4c8f-9925-57401e8227e9][tid:43][com.facebook.buck.rules.CachingBuildEngine] Building locally: //libs:android-design#aar_android_resource
[2015-07-01 14:25:25.429][debug][command:a7a97923-b24a-4c8f-9925-57401e8227e9][tid:43][com.facebook.buck.step.DefaultStepRunner] StepStarted(rm_&&_mkdir)
[2015-07-01 14:25:25.430][debug][command:a7a97923-b24a-4c8f-9925-57401e8227e9][tid:43][com.facebook.buck.step.DefaultStepRunner] StepFinished(rm_&&_mkdir)
[2015-07-01 14:25:25.430][debug][command:a7a97923-b24a-4c8f-9925-57401e8227e9][tid:37][com.facebook.buck.event.listener.LoggingBuildListener] ArtifactFetchCacheFinished(fetch:eba901a1f787a88f78c6a55a8dda17519cf3902d)
[2015-07-01 14:25:25.437][debug][command:a7a97923-b24a-4c8f-9925-57401e8227e9][tid:37][com.facebook.buck.event.listener.LoggingBuildListener] ArtifactFetchCacheStarted(fetch:9dfa4f8efdeb120162a32227d91cc843e722016a)
[2015-07-01 14:25:25.505][debug][command:a7a97923-b24a-4c8f-9925-57401e8227e9][tid:43][com.facebook.buck.step.DefaultStepRunner] StepStarted(extract_android_package)
[2015-07-01 14:25:25.508][debug][command:a7a97923-b24a-4c8f-9925-57401e8227e9][tid:42][com.facebook.buck.rules.CachingBuildEngine] Building locally: //app:app#gen_java_android_build_config_com_designtest_app
[2015-07-01 14:25:25.508][warn ][command:a7a97923-b24a-4c8f-9925-57401e8227e9][tid:28][com.facebook.buck.util.Console] Build error caused by exception
java.util.concurrent.ExecutionException: com.facebook.buck.step.StepFailedException: //app:res failed with exit code 1:
generate_resource_ids
	at com.google.common.util.concurrent.AbstractFuture$Sync.getValue(AbstractFuture.java:299)
	at com.google.common.util.concurrent.AbstractFuture$Sync.get(AbstractFuture.java:286)
	at com.google.common.util.concurrent.AbstractFuture.get(AbstractFuture.java:116)
	at com.facebook.buck.command.Build.executeBuild(Build.java:239)
	at com.facebook.buck.command.Build.executeAndPrintFailuresToConsole(Build.java:270)
	at com.facebook.buck.cli.BuildCommand.runWithoutHelp(BuildCommand.java:368)
	at com.facebook.buck.cli.AbstractCommand.run(AbstractCommand.java:133)
	at com.facebook.buck.cli.BuckCommand.run(BuckCommand.java:80)
	at com.facebook.buck.cli.Main.runMainWithExitCode(Main.java:655)
	at com.facebook.buck.cli.Main.tryRunMainWithExitCode(Main.java:990)
	at com.facebook.buck.cli.Main.runMainThenExit(Main.java:1047)
	at com.facebook.buck.cli.Main.nailMain(Main.java:1076)
	at sun.reflect.NativeMethodAccessorImpl.invoke0(Native Method)
	at sun.reflect.NativeMethodAccessorImpl.invoke(NativeMethodAccessorImpl.java:62)
	at sun.reflect.DelegatingMethodAccessorImpl.invoke(DelegatingMethodAccessorImpl.java:43)
	at java.lang.reflect.Method.invoke(Method.java:497)
	at com.martiansoftware.nailgun.NGSession.run(NGSession.java:338)
Caused by: com.facebook.buck.step.StepFailedException: //app:res failed with exit code 1:
generate_resource_ids
	at com.facebook.buck.step.StepFailedException.createForFailingStepWithExitCode(StepFailedException.java:57)
	at com.facebook.buck.step.DefaultStepRunner.runStepForBuildTarget(DefaultStepRunner.java:70)
	at com.facebook.buck.rules.CachingBuildEngine.executeCommandsNowThatDepsAreBuilt(CachingBuildEngine.java:702)
	at com.facebook.buck.rules.CachingBuildEngine.access$4(CachingBuildEngine.java:678)
	at com.facebook.buck.rules.CachingBuildEngine$1.apply(CachingBuildEngine.java:269)
	at com.facebook.buck.rules.CachingBuildEngine$1.apply(CachingBuildEngine.java:1)
	at com.google.common.util.concurrent.Futures$ChainingListenableFuture.run(Futures.java:906)
	at com.google.common.util.concurrent.Futures$1$1.run(Futures.java:635)
	at java.util.concurrent.ThreadPoolExecutor.runWorker(ThreadPoolExecutor.java:1142)
	at java.util.concurrent.ThreadPoolExecutor$Worker.run(ThreadPoolExecutor.java:617)
	at java.lang.Thread.run(Thread.java:745)

[2015-07-01 14:25:25.509][debug][command:a7a97923-b24a-4c8f-9925-57401e8227e9][tid:42][com.facebook.buck.step.DefaultStepRunner] StepStarted(rm_&&_mkdir)
[2015-07-01 14:25:25.509][debug][command:a7a97923-b24a-4c8f-9925-57401e8227e9][tid:37][com.facebook.buck.event.listener.LoggingBuildListener] ArtifactFetchCacheFinished(fetch:9dfa4f8efdeb120162a32227d91cc843e722016a)
[2015-07-01 14:25:25.512][debug][command:a7a97923-b24a-4c8f-9925-57401e8227e9][tid:37][com.facebook.buck.event.listener.LoggingBuildListener] ArtifactFetchCacheStarted(fetch:b40325edc485c8aa227073c3b74d634062bc6ef4)
[2015-07-01 14:25:25.513][debug][command:a7a97923-b24a-4c8f-9925-57401e8227e9][tid:37][com.facebook.buck.event.listener.LoggingBuildListener] ArtifactFetchCacheFinished(fetch:b40325edc485c8aa227073c3b74d634062bc6ef4)
[2015-07-01 14:25:25.514][debug][command:a7a97923-b24a-4c8f-9925-57401e8227e9][tid:37][com.facebook.buck.event.listener.LoggingBuildListener] ArtifactFetchCacheStarted(fetch:27127f6c7f1d1fd1ceeab9b091e4f0f12a19b721)
[2015-07-01 14:25:25.514][debug][command:a7a97923-b24a-4c8f-9925-57401e8227e9][tid:37][com.facebook.buck.event.listener.LoggingBuildListener] ArtifactFetchCacheFinished(fetch:27127f6c7f1d1fd1ceeab9b091e4f0f12a19b721)
[2015-07-01 14:25:25.515][debug][command:a7a97923-b24a-4c8f-9925-57401e8227e9][tid:37][com.facebook.buck.event.listener.LoggingBuildListener] ArtifactFetchCacheStarted(fetch:85e0f6641b54ac97114ea08de0d384a0ab2a9a34)
[2015-07-01 14:25:25.515][debug][command:a7a97923-b24a-4c8f-9925-57401e8227e9][tid:37][com.facebook.buck.event.listener.LoggingBuildListener] ArtifactFetchCacheFinished(fetch:85e0f6641b54ac97114ea08de0d384a0ab2a9a34)
[2015-07-01 14:25:25.516][debug][command:a7a97923-b24a-4c8f-9925-57401e8227e9][tid:39][com.facebook.buck.step.DefaultStepRunner] StepFinished(extract_android_package)
[2015-07-01 14:25:25.516][debug][command:a7a97923-b24a-4c8f-9925-57401e8227e9][tid:39][com.facebook.buck.step.DefaultStepRunner] StepStarted(generate_resource_ids)
[2015-07-01 14:25:25.517][debug][command:a7a97923-b24a-4c8f-9925-57401e8227e9][tid:37][com.facebook.buck.event.listener.LoggingBuildListener] ArtifactFetchCacheStarted(fetch:2c3f4723ad204505afd52077e45e96039668a5b4)
[2015-07-01 14:25:25.518][debug][command:a7a97923-b24a-4c8f-9925-57401e8227e9][tid:37][com.facebook.buck.event.listener.LoggingBuildListener] ArtifactFetchCacheFinished(fetch:2c3f4723ad204505afd52077e45e96039668a5b4)
[2015-07-01 14:25:25.520][debug][command:a7a97923-b24a-4c8f-9925-57401e8227e9][tid:42][com.facebook.buck.step.DefaultStepRunner] StepFinished(rm_&&_mkdir)
[2015-07-01 14:25:25.520][debug][command:a7a97923-b24a-4c8f-9925-57401e8227e9][tid:42][com.facebook.buck.step.DefaultStepRunner] StepStarted(generate_build_config)
[2015-07-01 14:25:25.522][debug][command:a7a97923-b24a-4c8f-9925-57401e8227e9][tid:42][com.facebook.buck.step.DefaultStepRunner] StepFinished(generate_build_config)
[2015-07-01 14:25:25.522][debug][command:a7a97923-b24a-4c8f-9925-57401e8227e9][tid:42][com.facebook.buck.rules.CachingBuildEngine] Build completed: android_build_config //app:app#gen_java_android_build_config_com_designtest_app (14160982ns)
[2015-07-01 14:25:25.524][debug][command:a7a97923-b24a-4c8f-9925-57401e8227e9][tid:37][com.facebook.buck.event.listener.LoggingBuildListener] ArtifactFetchCacheStarted(fetch:9e613e4f05789da06a0cf5c703ccda87358ec59a)
[2015-07-01 14:25:25.525][debug][command:a7a97923-b24a-4c8f-9925-57401e8227e9][tid:37][com.facebook.buck.event.listener.LoggingBuildListener] ArtifactFetchCacheFinished(fetch:9e613e4f05789da06a0cf5c703ccda87358ec59a)
[2015-07-01 14:25:25.527][debug][command:a7a97923-b24a-4c8f-9925-57401e8227e9][tid:37][com.facebook.buck.event.listener.LoggingBuildListener] ArtifactFetchCacheStarted(fetch:e0858167e78ad019414e8ec4b70cf49cf738cd3d)
[2015-07-01 14:25:25.527][debug][command:a7a97923-b24a-4c8f-9925-57401e8227e9][tid:37][com.facebook.buck.event.listener.LoggingBuildListener] ArtifactFetchCacheFinished(fetch:e0858167e78ad019414e8ec4b70cf49cf738cd3d)
[2015-07-01 14:25:25.554][debug][command:null][tid:36][com.facebook.buck.event.listener.SuperConsoleEventBusListener] Stopping console output (stdout dirty false, stderr dirty true).
[2015-07-01 14:25:25.547][debug][command:a7a97923-b24a-4c8f-9925-57401e8227e9][tid:43][com.facebook.buck.step.DefaultStepRunner] StepFinished(extract_android_package)
[2015-07-01 14:25:25.556][debug][command:a7a97923-b24a-4c8f-9925-57401e8227e9][tid:43][com.facebook.buck.step.DefaultStepRunner] StepStarted(generate_resource_ids)
[2015-07-01 14:25:25.557][debug][command:a7a97923-b24a-4c8f-9925-57401e8227e9][tid:37][com.facebook.buck.event.listener.LoggingBuildListener] ArtifactFetchCacheStarted(fetch:84322e189e194ea26f5757928da763735d145b2d)
[2015-07-01 14:25:25.526][debug][command:a7a97923-b24a-4c8f-9925-57401e8227e9][tid:39][com.facebook.buck.step.DefaultStepRunner] StepFinished(generate_resource_ids)
[2015-07-01 14:25:25.556][debug][command:null][tid:36][com.facebook.buck.event.listener.SuperConsoleEventBusListener] Stopping render scheduler
[2015-07-01 14:25:25.558][debug][command:a7a97923-b24a-4c8f-9925-57401e8227e9][tid:39][com.facebook.buck.step.DefaultStepRunner] StepStarted(record_file_sha1)
[2015-07-01 14:25:25.559][debug][command:a7a97923-b24a-4c8f-9925-57401e8227e9][tid:39][com.facebook.buck.step.DefaultStepRunner] StepFinished(record_file_sha1)
[2015-07-01 14:25:25.559][debug][command:a7a97923-b24a-4c8f-9925-57401e8227e9][tid:39][com.facebook.buck.rules.CachingBuildEngine] Build completed: android_resource //libs:support-v13#aar_android_resource (162951798ns)
[2015-07-01 14:25:25.559][debug][command:a7a97923-b24a-4c8f-9925-57401e8227e9][tid:37][com.facebook.buck.event.listener.LoggingBuildListener] ArtifactFetchCacheFinished(fetch:84322e189e194ea26f5757928da763735d145b2d)
[2015-07-01 14:25:25.566][debug][command:a7a97923-b24a-4c8f-9925-57401e8227e9][tid:37][com.facebook.buck.event.listener.LoggingBuildListener] ArtifactFetchCacheStarted(fetch:ac7100fd3e202bee1604ee66aa36c80b12cbb6af)
[2015-07-01 14:25:25.570][debug][command:a7a97923-b24a-4c8f-9925-57401e8227e9][tid:37][com.facebook.buck.event.listener.LoggingBuildListener] ArtifactFetchCacheFinished(fetch:ac7100fd3e202bee1604ee66aa36c80b12cbb6af)
[2015-07-01 14:25:25.579][debug][command:a7a97923-b24a-4c8f-9925-57401e8227e9][tid:42][com.facebook.buck.rules.CachingBuildEngine] Building locally: //app:debug_keystore
[2015-07-01 14:25:25.579][debug][command:a7a97923-b24a-4c8f-9925-57401e8227e9][tid:37][com.facebook.buck.event.listener.LoggingBuildListener] ArtifactFetchCacheStarted(fetch:1af5d58ba133b7ee911705dfab12f93cc4a30e3c)
[2015-07-01 14:25:25.582][debug][command:a7a97923-b24a-4c8f-9925-57401e8227e9][tid:37][com.facebook.buck.event.listener.LoggingBuildListener] ArtifactFetchCacheFinished(fetch:1af5d58ba133b7ee911705dfab12f93cc4a30e3c)
[2015-07-01 14:25:25.581][debug][command:a7a97923-b24a-4c8f-9925-57401e8227e9][tid:42][com.facebook.buck.rules.CachingBuildEngine] Build completed: keystore //app:debug_keystore (1112709ns)
[2015-07-01 14:25:25.583][debug][command:a7a97923-b24a-4c8f-9925-57401e8227e9][tid:39][com.facebook.buck.rules.CachingBuildEngine] Building locally: //libs:android-design#aar_prebuilt_jar
[2015-07-01 14:25:25.591][debug][command:a7a97923-b24a-4c8f-9925-57401e8227e9][tid:37][com.facebook.buck.event.listener.LoggingBuildListener] ArtifactFetchCacheStarted(fetch:b48084170c32d300eaff16eae82257c2120c96c1)
[2015-07-01 14:25:25.601][debug][command:a7a97923-b24a-4c8f-9925-57401e8227e9][tid:42][com.facebook.buck.rules.CachingBuildEngine] Building locally: //libs:jars__buck-android-support.jar
[2015-07-01 14:25:25.602][debug][command:a7a97923-b24a-4c8f-9925-57401e8227e9][tid:42][com.facebook.buck.step.DefaultStepRunner] StepStarted(mkdir)
[2015-07-01 14:25:25.602][debug][command:a7a97923-b24a-4c8f-9925-57401e8227e9][tid:42][com.facebook.buck.step.DefaultStepRunner] StepFinished(mkdir)
[2015-07-01 14:25:25.602][debug][command:a7a97923-b24a-4c8f-9925-57401e8227e9][tid:42][com.facebook.buck.step.DefaultStepRunner] StepStarted(cp)
[2015-07-01 14:25:25.603][debug][command:a7a97923-b24a-4c8f-9925-57401e8227e9][tid:42][com.facebook.buck.step.DefaultStepRunner] StepFinished(cp)
[2015-07-01 14:25:25.596][debug][command:a7a97923-b24a-4c8f-9925-57401e8227e9][tid:39][com.facebook.buck.step.DefaultStepRunner] StepStarted(mkdir)
[2015-07-01 14:25:25.607][debug][command:a7a97923-b24a-4c8f-9925-57401e8227e9][tid:39][com.facebook.buck.step.DefaultStepRunner] StepFinished(mkdir)
[2015-07-01 14:25:25.607][debug][command:a7a97923-b24a-4c8f-9925-57401e8227e9][tid:39][com.facebook.buck.step.DefaultStepRunner] StepStarted(cp)
[2015-07-01 14:25:25.606][debug][command:a7a97923-b24a-4c8f-9925-57401e8227e9][tid:37][com.facebook.buck.event.listener.LoggingBuildListener] ArtifactFetchCacheFinished(fetch:b48084170c32d300eaff16eae82257c2120c96c1)
[2015-07-01 14:25:25.608][info ][command:a7a97923-b24a-4c8f-9925-57401e8227e9][tid:37][com.facebook.buck.event.listener.LoggingBuildListener] Build finished at 2015-07-01 14:25:25.543
[2015-07-01 14:25:25.609][debug][command:a7a97923-b24a-4c8f-9925-57401e8227e9][tid:37][com.facebook.buck.event.listener.LoggingBuildListener] ArtifactFetchCacheStarted(fetch:d21645a60a78f8c3e130ee2e9feffef22ac6d3d7)
[2015-07-01 14:25:25.610][debug][command:a7a97923-b24a-4c8f-9925-57401e8227e9][tid:37][com.facebook.buck.event.listener.LoggingBuildListener] ArtifactFetchCacheFinished(fetch:d21645a60a78f8c3e130ee2e9feffef22ac6d3d7)
[2015-07-01 14:25:25.611][debug][command:a7a97923-b24a-4c8f-9925-57401e8227e9][tid:37][com.facebook.buck.event.listener.LoggingBuildListener] ArtifactFetchCacheStarted(fetch:4c2c7e7b45ab6af096c128b4ff9e98d2bd5687fb)
[2015-07-01 14:25:25.614][debug][command:a7a97923-b24a-4c8f-9925-57401e8227e9][tid:37][com.facebook.buck.event.listener.LoggingBuildListener] ArtifactFetchCacheFinished(fetch:4c2c7e7b45ab6af096c128b4ff9e98d2bd5687fb)
[2015-07-01 14:25:25.614][debug][command:a7a97923-b24a-4c8f-9925-57401e8227e9][tid:37][com.facebook.buck.event.listener.LoggingBuildListener] ArtifactFetchCacheStarted(fetch:17a0875bdfed597d1a984cc81339826dbd7e5577)
[2015-07-01 14:25:25.615][debug][command:a7a97923-b24a-4c8f-9925-57401e8227e9][tid:37][com.facebook.buck.event.listener.LoggingBuildListener] ArtifactFetchCacheFinished(fetch:17a0875bdfed597d1a984cc81339826dbd7e5577)
[2015-07-01 14:25:25.615][debug][command:a7a97923-b24a-4c8f-9925-57401e8227e9][tid:37][com.facebook.buck.event.listener.LoggingBuildListener] ArtifactFetchCacheStarted(fetch:a332af399397b971f3c7ef96344e2859f10ce8a0)
[2015-07-01 14:25:25.616][debug][command:a7a97923-b24a-4c8f-9925-57401e8227e9][tid:37][com.facebook.buck.event.listener.LoggingBuildListener] ArtifactFetchCacheFinished(fetch:a332af399397b971f3c7ef96344e2859f10ce8a0)
[2015-07-01 14:25:25.611][debug][command:a7a97923-b24a-4c8f-9925-57401e8227e9][tid:39][com.facebook.buck.step.DefaultStepRunner] StepFinished(cp)
[2015-07-01 14:25:25.616][debug][command:a7a97923-b24a-4c8f-9925-57401e8227e9][tid:39][com.facebook.buck.step.DefaultStepRunner] StepStarted(mkdir)
[2015-07-01 14:25:25.617][debug][command:a7a97923-b24a-4c8f-9925-57401e8227e9][tid:39][com.facebook.buck.step.DefaultStepRunner] StepFinished(mkdir)
[2015-07-01 14:25:25.617][debug][command:a7a97923-b24a-4c8f-9925-57401e8227e9][tid:39][com.facebook.buck.step.DefaultStepRunner] StepStarted(rm)
[2015-07-01 14:25:25.617][debug][command:a7a97923-b24a-4c8f-9925-57401e8227e9][tid:39][com.facebook.buck.step.DefaultStepRunner] StepFinished(rm)
[2015-07-01 14:25:25.617][debug][command:a7a97923-b24a-4c8f-9925-57401e8227e9][tid:39][com.facebook.buck.step.DefaultStepRunner] StepStarted(calculate_abi)
[2015-07-01 14:25:25.611][debug][command:a7a97923-b24a-4c8f-9925-57401e8227e9][tid:42][com.facebook.buck.step.DefaultStepRunner] StepStarted(mkdir)
[2015-07-01 14:25:25.620][debug][command:a7a97923-b24a-4c8f-9925-57401e8227e9][tid:42][com.facebook.buck.step.DefaultStepRunner] StepFinished(mkdir)
[2015-07-01 14:25:25.620][debug][command:a7a97923-b24a-4c8f-9925-57401e8227e9][tid:42][com.facebook.buck.step.DefaultStepRunner] StepStarted(rm)
[2015-07-01 14:25:25.620][debug][command:a7a97923-b24a-4c8f-9925-57401e8227e9][tid:42][com.facebook.buck.step.DefaultStepRunner] StepFinished(rm)
[2015-07-01 14:25:25.620][debug][command:a7a97923-b24a-4c8f-9925-57401e8227e9][tid:42][com.facebook.buck.step.DefaultStepRunner] StepStarted(calculate_abi)
[2015-07-01 14:25:25.627][debug][command:a7a97923-b24a-4c8f-9925-57401e8227e9][tid:37][com.facebook.buck.event.listener.LoggingBuildListener] ArtifactFetchCacheStarted(fetch:439c1cd247a4acb426f9c6c2cce782e619614bf8)
[2015-07-01 14:25:25.628][debug][command:a7a97923-b24a-4c8f-9925-57401e8227e9][tid:37][com.facebook.buck.event.listener.LoggingBuildListener] ArtifactFetchCacheFinished(fetch:439c1cd247a4acb426f9c6c2cce782e619614bf8)
[2015-07-01 14:25:25.629][debug][command:a7a97923-b24a-4c8f-9925-57401e8227e9][tid:37][com.facebook.buck.event.listener.LoggingBuildListener] ArtifactFetchCacheStarted(fetch:9803d462d2535bd41ec5ab612b9b04ec2fc399ac)
[2015-07-01 14:25:25.629][debug][command:a7a97923-b24a-4c8f-9925-57401e8227e9][tid:37][com.facebook.buck.event.listener.LoggingBuildListener] ArtifactFetchCacheFinished(fetch:9803d462d2535bd41ec5ab612b9b04ec2fc399ac)
[2015-07-01 14:25:25.630][debug][command:a7a97923-b24a-4c8f-9925-57401e8227e9][tid:37][com.facebook.buck.event.listener.LoggingBuildListener] ArtifactFetchCacheStarted(fetch:ce3561909b7151357a9ea010f21fc2c398ffe39b)
[2015-07-01 14:25:25.630][debug][command:a7a97923-b24a-4c8f-9925-57401e8227e9][tid:37][com.facebook.buck.event.listener.LoggingBuildListener] ArtifactFetchCacheFinished(fetch:ce3561909b7151357a9ea010f21fc2c398ffe39b)
[2015-07-01 14:25:25.631][debug][command:a7a97923-b24a-4c8f-9925-57401e8227e9][tid:37][com.facebook.buck.event.listener.LoggingBuildListener] ArtifactFetchCacheStarted(fetch:d599bfd7d50d512ad45d44394a30d89b9f7c585a)
[2015-07-01 14:25:25.631][debug][command:a7a97923-b24a-4c8f-9925-57401e8227e9][tid:37][com.facebook.buck.event.listener.LoggingBuildListener] ArtifactFetchCacheFinished(fetch:d599bfd7d50d512ad45d44394a30d89b9f7c585a)
[2015-07-01 14:25:25.644][debug][command:a7a97923-b24a-4c8f-9925-57401e8227e9][tid:37][com.facebook.buck.event.listener.LoggingBuildListener] ArtifactFetchCacheStarted(fetch:0dafe092b3bc2fd9f8df10af8c3e98b9228a26ea)
[2015-07-01 14:25:25.645][debug][command:a7a97923-b24a-4c8f-9925-57401e8227e9][tid:37][com.facebook.buck.event.listener.LoggingBuildListener] ArtifactFetchCacheFinished(fetch:0dafe092b3bc2fd9f8df10af8c3e98b9228a26ea)
[2015-07-01 14:25:25.734][debug][command:a7a97923-b24a-4c8f-9925-57401e8227e9][tid:42][com.facebook.buck.step.DefaultStepRunner] StepFinished(calculate_abi)
[2015-07-01 14:25:25.734][debug][command:a7a97923-b24a-4c8f-9925-57401e8227e9][tid:42][com.facebook.buck.step.DefaultStepRunner] StepStarted(mkdir)
[2015-07-01 14:25:25.734][debug][command:a7a97923-b24a-4c8f-9925-57401e8227e9][tid:42][com.facebook.buck.step.DefaultStepRunner] StepFinished(mkdir)
[2015-07-01 14:25:25.735][debug][command:a7a97923-b24a-4c8f-9925-57401e8227e9][tid:42][com.facebook.buck.step.DefaultStepRunner] StepStarted(get_class_names)
[2015-07-01 14:25:25.755][debug][command:a7a97923-b24a-4c8f-9925-57401e8227e9][tid:42][com.facebook.buck.step.DefaultStepRunner] StepFinished(get_class_names)
[2015-07-01 14:25:25.755][debug][command:a7a97923-b24a-4c8f-9925-57401e8227e9][tid:42][com.facebook.buck.rules.CachingBuildEngine] Build completed: prebuilt_jar //libs:jars__buck-android-support.jar (153662831ns)
[2015-07-01 14:25:25.765][debug][command:a7a97923-b24a-4c8f-9925-57401e8227e9][tid:42][com.facebook.buck.rules.CachingBuildEngine] Building locally: //libs:support-v13#aar_prebuilt_jar
[2015-07-01 14:25:25.766][debug][command:a7a97923-b24a-4c8f-9925-57401e8227e9][tid:42][com.facebook.buck.step.DefaultStepRunner] StepStarted(mkdir)
[2015-07-01 14:25:25.766][debug][command:a7a97923-b24a-4c8f-9925-57401e8227e9][tid:42][com.facebook.buck.step.DefaultStepRunner] StepFinished(mkdir)
[2015-07-01 14:25:25.766][debug][command:a7a97923-b24a-4c8f-9925-57401e8227e9][tid:42][com.facebook.buck.step.DefaultStepRunner] StepStarted(cp)
[2015-07-01 14:25:25.767][debug][command:a7a97923-b24a-4c8f-9925-57401e8227e9][tid:42][com.facebook.buck.step.DefaultStepRunner] StepFinished(cp)
[2015-07-01 14:25:25.767][debug][command:a7a97923-b24a-4c8f-9925-57401e8227e9][tid:42][com.facebook.buck.step.DefaultStepRunner] StepStarted(mkdir)
[2015-07-01 14:25:25.767][debug][command:a7a97923-b24a-4c8f-9925-57401e8227e9][tid:42][com.facebook.buck.step.DefaultStepRunner] StepFinished(mkdir)
[2015-07-01 14:25:25.767][debug][command:a7a97923-b24a-4c8f-9925-57401e8227e9][tid:42][com.facebook.buck.step.DefaultStepRunner] StepStarted(rm)
[2015-07-01 14:25:25.768][debug][command:a7a97923-b24a-4c8f-9925-57401e8227e9][tid:42][com.facebook.buck.step.DefaultStepRunner] StepFinished(rm)
[2015-07-01 14:25:25.768][debug][command:a7a97923-b24a-4c8f-9925-57401e8227e9][tid:42][com.facebook.buck.step.DefaultStepRunner] StepStarted(calculate_abi)
[2015-07-01 14:25:25.807][debug][command:a7a97923-b24a-4c8f-9925-57401e8227e9][tid:42][com.facebook.buck.step.DefaultStepRunner] StepFinished(calculate_abi)
[2015-07-01 14:25:25.814][debug][command:a7a97923-b24a-4c8f-9925-57401e8227e9][tid:42][com.facebook.buck.step.DefaultStepRunner] StepStarted(mkdir)
[2015-07-01 14:25:25.814][debug][command:a7a97923-b24a-4c8f-9925-57401e8227e9][tid:42][com.facebook.buck.step.DefaultStepRunner] StepFinished(mkdir)
[2015-07-01 14:25:25.814][debug][command:a7a97923-b24a-4c8f-9925-57401e8227e9][tid:42][com.facebook.buck.step.DefaultStepRunner] StepStarted(get_class_names)
[2015-07-01 14:25:25.821][debug][command:a7a97923-b24a-4c8f-9925-57401e8227e9][tid:43][com.facebook.buck.step.DefaultStepRunner] StepFinished(generate_resource_ids)
[2015-07-01 14:25:25.821][debug][command:a7a97923-b24a-4c8f-9925-57401e8227e9][tid:43][com.facebook.buck.step.DefaultStepRunner] StepStarted(record_file_sha1)
[2015-07-01 14:25:25.821][debug][command:a7a97923-b24a-4c8f-9925-57401e8227e9][tid:43][com.facebook.buck.step.DefaultStepRunner] StepFinished(record_file_sha1)
[2015-07-01 14:25:25.822][debug][command:a7a97923-b24a-4c8f-9925-57401e8227e9][tid:43][com.facebook.buck.rules.CachingBuildEngine] Build completed: android_resource //libs:android-design#aar_android_resource (392857307ns)
[2015-07-01 14:25:25.823][debug][command:a7a97923-b24a-4c8f-9925-57401e8227e9][tid:42][com.facebook.buck.step.DefaultStepRunner] StepFinished(get_class_names)
[2015-07-01 14:25:25.823][debug][command:a7a97923-b24a-4c8f-9925-57401e8227e9][tid:42][com.facebook.buck.rules.CachingBuildEngine] Build completed: prebuilt_jar //libs:support-v13#aar_prebuilt_jar (57580910ns)
[2015-07-01 14:25:25.826][debug][command:a7a97923-b24a-4c8f-9925-57401e8227e9][tid:43][com.facebook.buck.rules.CachingBuildEngine] Building locally: //app:app#buildconfig_com_designtest_app
[2015-07-01 14:25:25.865][debug][command:a7a97923-b24a-4c8f-9925-57401e8227e9][tid:43][com.facebook.buck.step.DefaultStepRunner] StepStarted(rm_&&_mkdir)
[2015-07-01 14:25:25.869][debug][command:a7a97923-b24a-4c8f-9925-57401e8227e9][tid:43][com.facebook.buck.step.DefaultStepRunner] StepFinished(rm_&&_mkdir)
[2015-07-01 14:25:25.876][debug][command:a7a97923-b24a-4c8f-9925-57401e8227e9][tid:43][com.facebook.buck.step.DefaultStepRunner] StepStarted(rm_&&_mkdir)
[2015-07-01 14:25:25.876][debug][command:a7a97923-b24a-4c8f-9925-57401e8227e9][tid:43][com.facebook.buck.step.DefaultStepRunner] StepFinished(rm_&&_mkdir)
[2015-07-01 14:25:25.877][debug][command:a7a97923-b24a-4c8f-9925-57401e8227e9][tid:43][com.facebook.buck.step.DefaultStepRunner] StepStarted(mkdir)
[2015-07-01 14:25:25.877][debug][command:a7a97923-b24a-4c8f-9925-57401e8227e9][tid:43][com.facebook.buck.step.DefaultStepRunner] StepFinished(mkdir)
[2015-07-01 14:25:25.878][debug][command:a7a97923-b24a-4c8f-9925-57401e8227e9][tid:43][com.facebook.buck.step.DefaultStepRunner] StepStarted(javac)
[2015-07-01 14:25:25.921][debug][command:a7a97923-b24a-4c8f-9925-57401e8227e9][tid:39][com.facebook.buck.step.DefaultStepRunner] StepFinished(calculate_abi)
[2015-07-01 14:25:25.921][debug][command:a7a97923-b24a-4c8f-9925-57401e8227e9][tid:39][com.facebook.buck.step.DefaultStepRunner] StepStarted(mkdir)
[2015-07-01 14:25:25.922][debug][command:a7a97923-b24a-4c8f-9925-57401e8227e9][tid:39][com.facebook.buck.step.DefaultStepRunner] StepFinished(mkdir)
[2015-07-01 14:25:25.922][debug][command:a7a97923-b24a-4c8f-9925-57401e8227e9][tid:39][com.facebook.buck.step.DefaultStepRunner] StepStarted(get_class_names)
[2015-07-01 14:25:25.945][debug][command:a7a97923-b24a-4c8f-9925-57401e8227e9][tid:39][com.facebook.buck.step.DefaultStepRunner] StepFinished(get_class_names)
[2015-07-01 14:25:25.946][debug][command:a7a97923-b24a-4c8f-9925-57401e8227e9][tid:39][com.facebook.buck.rules.CachingBuildEngine] Build completed: prebuilt_jar //libs:android-design#aar_prebuilt_jar (359500388ns)
[2015-07-01 14:25:26.003][debug][command:a7a97923-b24a-4c8f-9925-57401e8227e9][tid:41][com.facebook.buck.step.DefaultStepRunner] StepFinished(unzip)
[2015-07-01 14:25:26.004][debug][command:a7a97923-b24a-4c8f-9925-57401e8227e9][tid:41][com.facebook.buck.step.DefaultStepRunner] StepStarted(touch)
[2015-07-01 14:25:26.004][debug][command:a7a97923-b24a-4c8f-9925-57401e8227e9][tid:41][com.facebook.buck.step.DefaultStepRunner] StepFinished(touch)
[2015-07-01 14:25:26.005][debug][command:a7a97923-b24a-4c8f-9925-57401e8227e9][tid:41][com.facebook.buck.step.DefaultStepRunner] StepStarted(mkdir)
[2015-07-01 14:25:26.005][debug][command:a7a97923-b24a-4c8f-9925-57401e8227e9][tid:41][com.facebook.buck.step.DefaultStepRunner] StepFinished(mkdir)
[2015-07-01 14:25:26.006][debug][command:a7a97923-b24a-4c8f-9925-57401e8227e9][tid:41][com.facebook.buck.step.DefaultStepRunner] StepStarted(mkdir)
[2015-07-01 14:25:26.006][debug][command:a7a97923-b24a-4c8f-9925-57401e8227e9][tid:41][com.facebook.buck.step.DefaultStepRunner] StepFinished(mkdir)
[2015-07-01 14:25:26.006][debug][command:a7a97923-b24a-4c8f-9925-57401e8227e9][tid:41][com.facebook.buck.step.DefaultStepRunner] StepStarted(mkdir)
[2015-07-01 14:25:26.007][debug][command:a7a97923-b24a-4c8f-9925-57401e8227e9][tid:41][com.facebook.buck.step.DefaultStepRunner] StepFinished(mkdir)
[2015-07-01 14:25:26.007][debug][command:a7a97923-b24a-4c8f-9925-57401e8227e9][tid:41][com.facebook.buck.step.DefaultStepRunner] StepStarted(create_uber_classes_jar)
[2015-07-01 14:25:26.009][debug][command:a7a97923-b24a-4c8f-9925-57401e8227e9][tid:41][com.facebook.buck.step.DefaultStepRunner] StepFinished(create_uber_classes_jar)
[2015-07-01 14:25:26.015][debug][command:a7a97923-b24a-4c8f-9925-57401e8227e9][tid:41][com.facebook.buck.rules.CachingBuildEngine] Build completed: unzip_aar //libs:appcompat#aar_unzip (1018588589ns)
[2015-07-01 14:25:26.115][debug][command:a7a97923-b24a-4c8f-9925-57401e8227e9][tid:37][com.facebook.buck.event.listener.LoggingBuildListener] Duplicate found when adding file to jar: META-INF/
[2015-07-01 14:25:26.116][debug][command:a7a97923-b24a-4c8f-9925-57401e8227e9][tid:37][com.facebook.buck.event.listener.LoggingBuildListener] Duplicate found when adding file to jar: android/
[2015-07-01 14:25:26.116][debug][command:a7a97923-b24a-4c8f-9925-57401e8227e9][tid:37][com.facebook.buck.event.listener.LoggingBuildListener] Duplicate found when adding file to jar: android/support/
[2015-07-01 14:25:26.117][debug][command:a7a97923-b24a-4c8f-9925-57401e8227e9][tid:37][com.facebook.buck.event.listener.LoggingBuildListener] Duplicate found when adding file to jar: android/support/v4/
[2015-07-01 14:25:26.117][debug][command:a7a97923-b24a-4c8f-9925-57401e8227e9][tid:37][com.facebook.buck.event.listener.LoggingBuildListener] Duplicate found when adding file to jar: android/support/v4/view/
[2015-07-01 14:25:26.120][debug][command:a7a97923-b24a-4c8f-9925-57401e8227e9][tid:37][com.facebook.buck.event.listener.LoggingBuildListener] Duplicate found when adding file to jar: android/support/v4/view/animation/
[2015-07-01 14:25:26.121][debug][command:a7a97923-b24a-4c8f-9925-57401e8227e9][tid:37][com.facebook.buck.event.listener.LoggingBuildListener] Duplicate found when adding file to jar: android/support/v4/animation/
[2015-07-01 14:25:26.123][debug][command:a7a97923-b24a-4c8f-9925-57401e8227e9][tid:37][com.facebook.buck.event.listener.LoggingBuildListener] Duplicate found when adding file to jar: android/support/v4/app/
[2015-07-01 14:25:26.127][debug][command:a7a97923-b24a-4c8f-9925-57401e8227e9][tid:37][com.facebook.buck.event.listener.LoggingBuildListener] Duplicate found when adding file to jar: android/support/v4/graphics/
[2015-07-01 14:25:26.129][debug][command:a7a97923-b24a-4c8f-9925-57401e8227e9][tid:37][com.facebook.buck.event.listener.LoggingBuildListener] Duplicate found when adding file to jar: android/support/v4/graphics/drawable/
[2015-07-01 14:25:26.133][debug][command:a7a97923-b24a-4c8f-9925-57401e8227e9][tid:37][com.facebook.buck.event.listener.LoggingBuildListener] Duplicate found when adding file to jar: android/support/v4/media/
[2015-07-01 14:25:26.133][debug][command:a7a97923-b24a-4c8f-9925-57401e8227e9][tid:37][com.facebook.buck.event.listener.LoggingBuildListener] Duplicate found when adding file to jar: android/support/v4/media/session/
[2015-07-01 14:25:26.134][debug][command:a7a97923-b24a-4c8f-9925-57401e8227e9][tid:37][com.facebook.buck.event.listener.LoggingBuildListener] Duplicate found when adding file to jar: android/support/v4/content/
[2015-07-01 14:25:26.135][debug][command:a7a97923-b24a-4c8f-9925-57401e8227e9][tid:37][com.facebook.buck.event.listener.LoggingBuildListener] Duplicate found when adding file to jar: android/support/v4/net/
[2015-07-01 14:25:26.136][debug][command:a7a97923-b24a-4c8f-9925-57401e8227e9][tid:37][com.facebook.buck.event.listener.LoggingBuildListener] Duplicate found when adding file to jar: android/support/v4/widget/
[2015-07-01 14:25:26.140][debug][command:a7a97923-b24a-4c8f-9925-57401e8227e9][tid:37][com.facebook.buck.event.listener.LoggingBuildListener] Duplicate found when adding file to jar: android/support/v4/os/
[2015-07-01 14:25:26.152][debug][command:a7a97923-b24a-4c8f-9925-57401e8227e9][tid:37][com.facebook.buck.event.listener.LoggingBuildListener] Duplicate found when adding file to jar: android/support/v4/view/accessibility/
[2015-07-01 14:25:26.156][debug][command:a7a97923-b24a-4c8f-9925-57401e8227e9][tid:37][com.facebook.buck.event.listener.LoggingBuildListener] Duplicate found when adding file to jar: android/support/v4/accessibilityservice/
[2015-07-01 14:25:26.159][debug][command:a7a97923-b24a-4c8f-9925-57401e8227e9][tid:37][com.facebook.buck.event.listener.LoggingBuildListener] Duplicate found when adding file to jar: android/support/v4/text/
[2015-07-01 14:25:26.161][debug][command:a7a97923-b24a-4c8f-9925-57401e8227e9][tid:37][com.facebook.buck.event.listener.LoggingBuildListener] Duplicate found when adding file to jar: android/support/v4/content/res/
[2015-07-01 14:25:26.177][debug][command:a7a97923-b24a-4c8f-9925-57401e8227e9][tid:37][com.facebook.buck.event.listener.LoggingBuildListener] Duplicate found when adding file to jar: android/support/v4/hardware/
[2015-07-01 14:25:26.178][debug][command:a7a97923-b24a-4c8f-9925-57401e8227e9][tid:37][com.facebook.buck.event.listener.LoggingBuildListener] Duplicate found when adding file to jar: android/support/v4/hardware/display/
[2015-07-01 14:25:26.189][debug][command:a7a97923-b24a-4c8f-9925-57401e8227e9][tid:37][com.facebook.buck.event.listener.LoggingBuildListener] Duplicate found when adding file to jar: android/support/v4/print/
[2015-07-01 14:25:26.194][debug][command:a7a97923-b24a-4c8f-9925-57401e8227e9][tid:37][com.facebook.buck.event.listener.LoggingBuildListener] Duplicate found when adding file to jar: android/support/v4/provider/
[2015-07-01 14:25:26.239][debug][command:a7a97923-b24a-4c8f-9925-57401e8227e9][tid:40][com.facebook.buck.step.DefaultStepRunner] StepFinished(create_uber_classes_jar)
[2015-07-01 14:25:26.240][debug][command:a7a97923-b24a-4c8f-9925-57401e8227e9][tid:40][com.facebook.buck.rules.CachingBuildEngine] Build completed: unzip_aar //libs:support-v4#aar_unzip (1236259005ns)
[2015-07-01 14:25:26.664][debug][command:a7a97923-b24a-4c8f-9925-57401e8227e9][tid:43][com.facebook.buck.step.DefaultStepRunner] StepFinished(javac)
[2015-07-01 14:25:26.665][debug][command:a7a97923-b24a-4c8f-9925-57401e8227e9][tid:43][com.facebook.buck.step.DefaultStepRunner] StepStarted(copy_resources)
[2015-07-01 14:25:26.666][debug][command:a7a97923-b24a-4c8f-9925-57401e8227e9][tid:43][com.facebook.buck.step.DefaultStepRunner] StepFinished(copy_resources)
[2015-07-01 14:25:26.666][debug][command:a7a97923-b24a-4c8f-9925-57401e8227e9][tid:43][com.facebook.buck.step.DefaultStepRunner] StepStarted(rm_&&_mkdir)
[2015-07-01 14:25:26.667][debug][command:a7a97923-b24a-4c8f-9925-57401e8227e9][tid:43][com.facebook.buck.step.DefaultStepRunner] StepFinished(rm_&&_mkdir)
[2015-07-01 14:25:26.668][debug][command:a7a97923-b24a-4c8f-9925-57401e8227e9][tid:43][com.facebook.buck.step.DefaultStepRunner] StepStarted(mkdir)
[2015-07-01 14:25:26.668][debug][command:a7a97923-b24a-4c8f-9925-57401e8227e9][tid:43][com.facebook.buck.step.DefaultStepRunner] StepFinished(mkdir)
[2015-07-01 14:25:26.669][debug][command:a7a97923-b24a-4c8f-9925-57401e8227e9][tid:43][com.facebook.buck.step.DefaultStepRunner] StepStarted(jar)
[2015-07-01 14:25:26.673][debug][command:a7a97923-b24a-4c8f-9925-57401e8227e9][tid:43][com.facebook.buck.step.DefaultStepRunner] StepFinished(jar)
[2015-07-01 14:25:26.674][debug][command:a7a97923-b24a-4c8f-9925-57401e8227e9][tid:43][com.facebook.buck.step.DefaultStepRunner] StepStarted(calculate_abi)
[2015-07-01 14:25:26.676][debug][command:a7a97923-b24a-4c8f-9925-57401e8227e9][tid:43][com.facebook.buck.step.DefaultStepRunner] StepFinished(calculate_abi)
[2015-07-01 14:25:26.676][debug][command:a7a97923-b24a-4c8f-9925-57401e8227e9][tid:43][com.facebook.buck.step.DefaultStepRunner] StepStarted(mkdir)
[2015-07-01 14:25:26.676][debug][command:a7a97923-b24a-4c8f-9925-57401e8227e9][tid:43][com.facebook.buck.step.DefaultStepRunner] StepFinished(mkdir)
[2015-07-01 14:25:26.677][debug][command:a7a97923-b24a-4c8f-9925-57401e8227e9][tid:43][com.facebook.buck.step.DefaultStepRunner] StepStarted(get_class_names)
[2015-07-01 14:25:26.678][debug][command:a7a97923-b24a-4c8f-9925-57401e8227e9][tid:43][com.facebook.buck.step.DefaultStepRunner] StepFinished(get_class_names)
[2015-07-01 14:25:26.679][debug][command:a7a97923-b24a-4c8f-9925-57401e8227e9][tid:43][com.facebook.buck.rules.CachingBuildEngine] Build completed: android_build_config_java_library //app:app#buildconfig_com_designtest_app (844105796ns)
[2015-07-01 14:25:26.683][debug][command:a7a97923-b24a-4c8f-9925-57401e8227e9][tid:28][com.facebook.buck.parser.Parser] Cleaning cache of build files with inputs under symlink []
[2015-07-01 14:25:26.684][debug][command:a7a97923-b24a-4c8f-9925-57401e8227e9][tid:37][com.facebook.buck.event.listener.LoggingBuildListener] CommandFinished(build, isDaemon: true)
[2015-07-01 14:25:26.684][debug][command:a7a97923-b24a-4c8f-9925-57401e8227e9][tid:28][com.facebook.buck.event.listener.SuperConsoleEventBusListener] Stopping render scheduler
[2015-07-01 14:25:26.686][debug][command:a7a97923-b24a-4c8f-9925-57401e8227e9][tid:28][com.facebook.buck.event.listener.SuperConsoleEventBusListener] Stopping console output (stdout dirty false, stderr dirty true).
[2015-07-01 14:25:26.687][debug][command:a7a97923-b24a-4c8f-9925-57401e8227e9][tid:28][com.facebook.buck.event.listener.SuperConsoleEventBusListener] Stopping render scheduler
[2015-07-01 14:25:26.688][debug][command:a7a97923-b24a-4c8f-9925-57401e8227e9][tid:28][com.facebook.buck.event.listener.ChromeTraceBuildListener] Writing Chrome trace to buck-out/log/traces/build.2015-07-01.14-25-26.a7a97923-b24a-4c8f-9925-57401e8227e9.trace
[2015-07-01 14:25:26.730][debug][command:a7a97923-b24a-4c8f-9925-57401e8227e9][tid:28][com.facebook.buck.cli.Main] Done.
[2015-07-01 14:25:26.731][debug][command:null][tid:28][class com.martiansoftware.nailgun.NGSession] Nail finished.
[2015-07-01 14:25:26.731][error][command:null][tid:28][class com.martiansoftware.nailgun.NGSession] Caught NGExitException, cleaning up session and writing exit command to client.
com.martiansoftware.nailgun.NGExitException: ExitException: status 1
	at com.martiansoftware.nailgun.NGSecurityManager.checkExit(NGSecurityManager.java:56)
	at java.lang.Runtime.exit(Runtime.java:107)
	at java.lang.System.exit(System.java:971)
	at com.facebook.buck.cli.Main.runMainThenExit(Main.java:1060)
	at com.facebook.buck.cli.Main.nailMain(Main.java:1076)
	at sun.reflect.NativeMethodAccessorImpl.invoke0(Native Method)
	at sun.reflect.NativeMethodAccessorImpl.invoke(NativeMethodAccessorImpl.java:62)
	at sun.reflect.DelegatingMethodAccessorImpl.invoke(DelegatingMethodAccessorImpl.java:43)
	at java.lang.reflect.Method.invoke(Method.java:497)
	at com.martiansoftware.nailgun.NGSession.run(NGSession.java:338)

[2015-07-01 14:25:26.732][debug][command:null][tid:28][class com.martiansoftware.nailgun.NGSession] Closing client streams and socket.
[2015-07-01 14:27:25.843][debug][command:null][tid:31][class com.martiansoftware.nailgun.NGSession] Received connection from 127.0.0.1
[2015-07-01 14:27:25.845][debug][command:null][tid:31][class com.martiansoftware.nailgun.NGSession] Working directory: /home/fzq/workspace/DesignTest
[2015-07-01 14:27:25.845][debug][command:null][tid:31][class com.martiansoftware.nailgun.NGSession] Received command: ng-stats
[2015-07-01 14:27:25.845][debug][command:null][tid:31][class com.martiansoftware.nailgun.NGSession] Invoking main method: public static void com.martiansoftware.nailgun.builtins.NGServerStats.nailMain(com.martiansoftware.nailgun.NGContext)
[2015-07-01 14:27:25.846][debug][command:null][tid:31][class com.martiansoftware.nailgun.NGSession] Nail finished.
[2015-07-01 14:27:25.846][debug][command:null][tid:31][class com.martiansoftware.nailgun.NGSession] Writing exit command with successful status 0 to client.
[2015-07-01 14:27:25.846][debug][command:null][tid:31][class com.martiansoftware.nailgun.NGSession] Closing client streams and socket.
[2015-07-01 14:27:25.850][debug][command:null][tid:45][class com.martiansoftware.nailgun.NGSession] Received connection from 127.0.0.1
[2015-07-01 14:27:25.852][debug][command:null][tid:45][class com.martiansoftware.nailgun.NGSession] Working directory: /home/fzq/workspace/DesignTest
[2015-07-01 14:27:25.852][debug][command:null][tid:45][class com.martiansoftware.nailgun.NGSession] Received command: ng-stats
[2015-07-01 14:27:25.853][debug][command:null][tid:45][class com.martiansoftware.nailgun.NGSession] Invoking main method: public static void com.martiansoftware.nailgun.builtins.NGServerStats.nailMain(com.martiansoftware.nailgun.NGContext)
[2015-07-01 14:27:25.854][debug][command:null][tid:45][class com.martiansoftware.nailgun.NGSession] Nail finished.
[2015-07-01 14:27:25.854][debug][command:null][tid:45][class com.martiansoftware.nailgun.NGSession] Writing exit command with successful status 0 to client.
[2015-07-01 14:27:25.854][debug][command:null][tid:45][class com.martiansoftware.nailgun.NGSession] Closing client streams and socket.
[2015-07-01 14:27:25.857][debug][command:null][tid:48][class com.martiansoftware.nailgun.NGSession] Received connection from 127.0.0.1
[2015-07-01 14:27:25.858][debug][command:null][tid:48][class com.martiansoftware.nailgun.NGSession] Received command line argument: project
[2015-07-01 14:27:25.859][debug][command:null][tid:48][class com.martiansoftware.nailgun.NGSession] Working directory: /home/fzq/workspace/DesignTest
[2015-07-01 14:27:25.859][debug][command:null][tid:48][class com.martiansoftware.nailgun.NGSession] Received command: com.facebook.buck.cli.Main
[2015-07-01 14:27:25.860][debug][command:null][tid:48][class com.martiansoftware.nailgun.NGSession] Invoking main method: public static void com.facebook.buck.cli.Main.nailMain(com.martiansoftware.nailgun.NGContext) throws java.lang.InterruptedException
[2015-07-01 14:27:25.860][debug][command:7bd702d2-0c52-4f46-a123-c70873385ed1][tid:48][com.facebook.buck.cli.Main] Rotating log.
