[2015-07-01 14:20:24.629][debug][command:43458bdb-da3f-4a23-ae60-a111ccff8d2e][tid:84][com.facebook.buck.cli.Main] Starting up (build date 2015-06-17 16:35:48 +0800, rev b19139c16670e7f886b0bce6243fcd7f27c2a1a3), args: [install, -r, app:app]
[2015-07-01 14:20:24.644][debug][command:43458bdb-da3f-4a23-ae60-a111ccff8d2e][tid:84][com.facebook.buck.cli.BuckConfig] Loaded a configuration file /home/fzq/workspace/DesignTest/.buckconfig: {alias={app=//apps/DesignTest:app}, android={target=Google Inc.:Google APIs:21}, project={ignore=.git}, intellij={default_android_manifest_path=src/main/AndroidManifest.xml, default_android_resource_path=src/main/res}}
[2015-07-01 14:20:24.644][debug][command:43458bdb-da3f-4a23-ae60-a111ccff8d2e][tid:84][com.facebook.buck.cli.BuckConfig] Adding configuration overrides: {}
[2015-07-01 14:20:24.646][debug][command:43458bdb-da3f-4a23-ae60-a111ccff8d2e][tid:84][com.facebook.buck.cli.BuckConfig] Loaded a configuration file /home/fzq/workspace/DesignTest/.buckconfig: {alias={app=//apps/DesignTest:app}, android={target=Google Inc.:Google APIs:21}, project={ignore=.git}, intellij={default_android_manifest_path=src/main/AndroidManifest.xml, default_android_resource_path=src/main/res}}
[2015-07-01 14:20:24.646][debug][command:43458bdb-da3f-4a23-ae60-a111ccff8d2e][tid:84][com.facebook.buck.cli.BuckConfig] Adding configuration overrides: {}
[2015-07-01 14:20:24.647][debug][command:43458bdb-da3f-4a23-ae60-a111ccff8d2e][tid:84][com.facebook.buck.io.ExecutableFinder] Executable 'python2' mapped to 'Optional.of(/usr/bin/python2)'
[2015-07-01 14:20:24.659][warn ][command:43458bdb-da3f-4a23-ae60-a111ccff8d2e][tid:84][com.facebook.buck.apple.AppleConfig] Could not execute xcode-select, continuing without developer dir.
[2015-07-01 14:20:24.660][debug][command:43458bdb-da3f-4a23-ae60-a111ccff8d2e][tid:84][com.facebook.buck.io.ExecutableFinder] Executable '/home/fzq/Android/android-ndk-r10e/toolchains/arm-linux-androideabi-4.8/prebuilt/linux-x86_64/arm-linux-androideabi/bin/as' mapped to 'Optional.of(/home/fzq/Android/android-ndk-r10e/toolchains/arm-linux-androideabi-4.8/prebuilt/linux-x86_64/arm-linux-androideabi/bin/as)'
[2015-07-01 14:20:24.660][debug][command:43458bdb-da3f-4a23-ae60-a111ccff8d2e][tid:84][com.facebook.buck.io.ExecutableFinder] Executable '/home/fzq/Android/android-ndk-r10e/toolchains/arm-linux-androideabi-4.8/prebuilt/linux-x86_64/arm-linux-androideabi/bin/gcc' mapped to 'Optional.of(/home/fzq/Android/android-ndk-r10e/toolchains/arm-linux-androideabi-4.8/prebuilt/linux-x86_64/arm-linux-androideabi/bin/gcc)'
[2015-07-01 14:20:24.660][debug][command:43458bdb-da3f-4a23-ae60-a111ccff8d2e][tid:84][com.facebook.buck.io.ExecutableFinder] Executable '/home/fzq/Android/android-ndk-r10e/toolchains/arm-linux-androideabi-4.8/prebuilt/linux-x86_64/arm-linux-androideabi/bin/gcc' mapped to 'Optional.of(/home/fzq/Android/android-ndk-r10e/toolchains/arm-linux-androideabi-4.8/prebuilt/linux-x86_64/arm-linux-androideabi/bin/gcc)'
[2015-07-01 14:20:24.661][debug][command:43458bdb-da3f-4a23-ae60-a111ccff8d2e][tid:84][com.facebook.buck.io.ExecutableFinder] Executable '/home/fzq/Android/android-ndk-r10e/toolchains/arm-linux-androideabi-4.8/prebuilt/linux-x86_64/arm-linux-androideabi/bin/gcc' mapped to 'Optional.of(/home/fzq/Android/android-ndk-r10e/toolchains/arm-linux-androideabi-4.8/prebuilt/linux-x86_64/arm-linux-androideabi/bin/gcc)'
[2015-07-01 14:20:24.661][debug][command:43458bdb-da3f-4a23-ae60-a111ccff8d2e][tid:84][com.facebook.buck.io.ExecutableFinder] Executable '/home/fzq/Android/android-ndk-r10e/toolchains/arm-linux-androideabi-4.8/prebuilt/linux-x86_64/arm-linux-androideabi/bin/g++' mapped to 'Optional.of(/home/fzq/Android/android-ndk-r10e/toolchains/arm-linux-androideabi-4.8/prebuilt/linux-x86_64/arm-linux-androideabi/bin/g++)'
[2015-07-01 14:20:24.661][debug][command:43458bdb-da3f-4a23-ae60-a111ccff8d2e][tid:84][com.facebook.buck.io.ExecutableFinder] Executable '/home/fzq/Android/android-ndk-r10e/toolchains/arm-linux-androideabi-4.8/prebuilt/linux-x86_64/arm-linux-androideabi/bin/g++' mapped to 'Optional.of(/home/fzq/Android/android-ndk-r10e/toolchains/arm-linux-androideabi-4.8/prebuilt/linux-x86_64/arm-linux-androideabi/bin/g++)'
[2015-07-01 14:20:24.661][debug][command:43458bdb-da3f-4a23-ae60-a111ccff8d2e][tid:84][com.facebook.buck.io.ExecutableFinder] Executable '/home/fzq/Android/android-ndk-r10e/toolchains/arm-linux-androideabi-4.8/prebuilt/linux-x86_64/arm-linux-androideabi/bin/g++' mapped to 'Optional.of(/home/fzq/Android/android-ndk-r10e/toolchains/arm-linux-androideabi-4.8/prebuilt/linux-x86_64/arm-linux-androideabi/bin/g++)'
[2015-07-01 14:20:24.662][debug][command:43458bdb-da3f-4a23-ae60-a111ccff8d2e][tid:84][com.facebook.buck.io.ExecutableFinder] Executable '/home/fzq/Android/android-ndk-r10e/toolchains/arm-linux-androideabi-4.8/prebuilt/linux-x86_64/arm-linux-androideabi/bin/ld.gold' mapped to 'Optional.of(/home/fzq/Android/android-ndk-r10e/toolchains/arm-linux-androideabi-4.8/prebuilt/linux-x86_64/arm-linux-androideabi/bin/ld.gold)'
[2015-07-01 14:20:24.662][debug][command:43458bdb-da3f-4a23-ae60-a111ccff8d2e][tid:84][com.facebook.buck.io.ExecutableFinder] Executable '/home/fzq/Android/android-ndk-r10e/toolchains/arm-linux-androideabi-4.8/prebuilt/linux-x86_64/arm-linux-androideabi/bin/ar' mapped to 'Optional.of(/home/fzq/Android/android-ndk-r10e/toolchains/arm-linux-androideabi-4.8/prebuilt/linux-x86_64/arm-linux-androideabi/bin/ar)'
[2015-07-01 14:20:24.662][debug][command:43458bdb-da3f-4a23-ae60-a111ccff8d2e][tid:84][com.facebook.buck.io.ExecutableFinder] Executable '/home/fzq/Android/android-ndk-r10e/toolchains/arm-linux-androideabi-4.8/prebuilt/linux-x86_64/arm-linux-androideabi/bin/objcopy' mapped to 'Optional.of(/home/fzq/Android/android-ndk-r10e/toolchains/arm-linux-androideabi-4.8/prebuilt/linux-x86_64/arm-linux-androideabi/bin/objcopy)'
[2015-07-01 14:20:24.662][debug][command:43458bdb-da3f-4a23-ae60-a111ccff8d2e][tid:84][com.facebook.buck.io.ExecutableFinder] Executable '/home/fzq/Android/android-ndk-r10e/toolchains/arm-linux-androideabi-4.8/prebuilt/linux-x86_64/arm-linux-androideabi/bin/as' mapped to 'Optional.of(/home/fzq/Android/android-ndk-r10e/toolchains/arm-linux-androideabi-4.8/prebuilt/linux-x86_64/arm-linux-androideabi/bin/as)'
[2015-07-01 14:20:24.663][debug][command:43458bdb-da3f-4a23-ae60-a111ccff8d2e][tid:84][com.facebook.buck.io.ExecutableFinder] Executable '/home/fzq/Android/android-ndk-r10e/toolchains/arm-linux-androideabi-4.8/prebuilt/linux-x86_64/arm-linux-androideabi/bin/gcc' mapped to 'Optional.of(/home/fzq/Android/android-ndk-r10e/toolchains/arm-linux-androideabi-4.8/prebuilt/linux-x86_64/arm-linux-androideabi/bin/gcc)'
[2015-07-01 14:20:24.663][debug][command:43458bdb-da3f-4a23-ae60-a111ccff8d2e][tid:84][com.facebook.buck.io.ExecutableFinder] Executable '/home/fzq/Android/android-ndk-r10e/toolchains/arm-linux-androideabi-4.8/prebuilt/linux-x86_64/arm-linux-androideabi/bin/gcc' mapped to 'Optional.of(/home/fzq/Android/android-ndk-r10e/toolchains/arm-linux-androideabi-4.8/prebuilt/linux-x86_64/arm-linux-androideabi/bin/gcc)'
[2015-07-01 14:20:24.663][debug][command:43458bdb-da3f-4a23-ae60-a111ccff8d2e][tid:84][com.facebook.buck.io.ExecutableFinder] Executable '/home/fzq/Android/android-ndk-r10e/toolchains/arm-linux-androideabi-4.8/prebuilt/linux-x86_64/arm-linux-androideabi/bin/gcc' mapped to 'Optional.of(/home/fzq/Android/android-ndk-r10e/toolchains/arm-linux-androideabi-4.8/prebuilt/linux-x86_64/arm-linux-androideabi/bin/gcc)'
[2015-07-01 14:20:24.663][debug][command:43458bdb-da3f-4a23-ae60-a111ccff8d2e][tid:84][com.facebook.buck.io.ExecutableFinder] Executable '/home/fzq/Android/android-ndk-r10e/toolchains/arm-linux-androideabi-4.8/prebuilt/linux-x86_64/arm-linux-androideabi/bin/g++' mapped to 'Optional.of(/home/fzq/Android/android-ndk-r10e/toolchains/arm-linux-androideabi-4.8/prebuilt/linux-x86_64/arm-linux-androideabi/bin/g++)'
[2015-07-01 14:20:24.663][debug][command:43458bdb-da3f-4a23-ae60-a111ccff8d2e][tid:84][com.facebook.buck.io.ExecutableFinder] Executable '/home/fzq/Android/android-ndk-r10e/toolchains/arm-linux-androideabi-4.8/prebuilt/linux-x86_64/arm-linux-androideabi/bin/g++' mapped to 'Optional.of(/home/fzq/Android/android-ndk-r10e/toolchains/arm-linux-androideabi-4.8/prebuilt/linux-x86_64/arm-linux-androideabi/bin/g++)'
[2015-07-01 14:20:24.663][debug][command:43458bdb-da3f-4a23-ae60-a111ccff8d2e][tid:84][com.facebook.buck.io.ExecutableFinder] Executable '/home/fzq/Android/android-ndk-r10e/toolchains/arm-linux-androideabi-4.8/prebuilt/linux-x86_64/arm-linux-androideabi/bin/g++' mapped to 'Optional.of(/home/fzq/Android/android-ndk-r10e/toolchains/arm-linux-androideabi-4.8/prebuilt/linux-x86_64/arm-linux-androideabi/bin/g++)'
[2015-07-01 14:20:24.664][debug][command:43458bdb-da3f-4a23-ae60-a111ccff8d2e][tid:84][com.facebook.buck.io.ExecutableFinder] Executable '/home/fzq/Android/android-ndk-r10e/toolchains/arm-linux-androideabi-4.8/prebuilt/linux-x86_64/arm-linux-androideabi/bin/ld.gold' mapped to 'Optional.of(/home/fzq/Android/android-ndk-r10e/toolchains/arm-linux-androideabi-4.8/prebuilt/linux-x86_64/arm-linux-androideabi/bin/ld.gold)'
[2015-07-01 14:20:24.664][debug][command:43458bdb-da3f-4a23-ae60-a111ccff8d2e][tid:84][com.facebook.buck.io.ExecutableFinder] Executable '/home/fzq/Android/android-ndk-r10e/toolchains/arm-linux-androideabi-4.8/prebuilt/linux-x86_64/arm-linux-androideabi/bin/ar' mapped to 'Optional.of(/home/fzq/Android/android-ndk-r10e/toolchains/arm-linux-androideabi-4.8/prebuilt/linux-x86_64/arm-linux-androideabi/bin/ar)'
[2015-07-01 14:20:24.664][debug][command:43458bdb-da3f-4a23-ae60-a111ccff8d2e][tid:84][com.facebook.buck.io.ExecutableFinder] Executable '/home/fzq/Android/android-ndk-r10e/toolchains/arm-linux-androideabi-4.8/prebuilt/linux-x86_64/arm-linux-androideabi/bin/objcopy' mapped to 'Optional.of(/home/fzq/Android/android-ndk-r10e/toolchains/arm-linux-androideabi-4.8/prebuilt/linux-x86_64/arm-linux-androideabi/bin/objcopy)'
[2015-07-01 14:20:24.664][debug][command:43458bdb-da3f-4a23-ae60-a111ccff8d2e][tid:84][com.facebook.buck.io.ExecutableFinder] Executable '/home/fzq/Android/android-ndk-r10e/toolchains/x86-4.8/prebuilt/linux-x86_64/i686-linux-android/bin/as' mapped to 'Optional.of(/home/fzq/Android/android-ndk-r10e/toolchains/x86-4.8/prebuilt/linux-x86_64/i686-linux-android/bin/as)'
[2015-07-01 14:20:24.665][debug][command:43458bdb-da3f-4a23-ae60-a111ccff8d2e][tid:84][com.facebook.buck.io.ExecutableFinder] Executable '/home/fzq/Android/android-ndk-r10e/toolchains/x86-4.8/prebuilt/linux-x86_64/i686-linux-android/bin/gcc' mapped to 'Optional.of(/home/fzq/Android/android-ndk-r10e/toolchains/x86-4.8/prebuilt/linux-x86_64/i686-linux-android/bin/gcc)'
[2015-07-01 14:20:24.665][debug][command:43458bdb-da3f-4a23-ae60-a111ccff8d2e][tid:84][com.facebook.buck.io.ExecutableFinder] Executable '/home/fzq/Android/android-ndk-r10e/toolchains/x86-4.8/prebuilt/linux-x86_64/i686-linux-android/bin/gcc' mapped to 'Optional.of(/home/fzq/Android/android-ndk-r10e/toolchains/x86-4.8/prebuilt/linux-x86_64/i686-linux-android/bin/gcc)'
[2015-07-01 14:20:24.665][debug][command:43458bdb-da3f-4a23-ae60-a111ccff8d2e][tid:84][com.facebook.buck.io.ExecutableFinder] Executable '/home/fzq/Android/android-ndk-r10e/toolchains/x86-4.8/prebuilt/linux-x86_64/i686-linux-android/bin/gcc' mapped to 'Optional.of(/home/fzq/Android/android-ndk-r10e/toolchains/x86-4.8/prebuilt/linux-x86_64/i686-linux-android/bin/gcc)'
[2015-07-01 14:20:24.665][debug][command:43458bdb-da3f-4a23-ae60-a111ccff8d2e][tid:84][com.facebook.buck.io.ExecutableFinder] Executable '/home/fzq/Android/android-ndk-r10e/toolchains/x86-4.8/prebuilt/linux-x86_64/i686-linux-android/bin/g++' mapped to 'Optional.of(/home/fzq/Android/android-ndk-r10e/toolchains/x86-4.8/prebuilt/linux-x86_64/i686-linux-android/bin/g++)'
[2015-07-01 14:20:24.665][debug][command:43458bdb-da3f-4a23-ae60-a111ccff8d2e][tid:84][com.facebook.buck.io.ExecutableFinder] Executable '/home/fzq/Android/android-ndk-r10e/toolchains/x86-4.8/prebuilt/linux-x86_64/i686-linux-android/bin/g++' mapped to 'Optional.of(/home/fzq/Android/android-ndk-r10e/toolchains/x86-4.8/prebuilt/linux-x86_64/i686-linux-android/bin/g++)'
[2015-07-01 14:20:24.665][debug][command:43458bdb-da3f-4a23-ae60-a111ccff8d2e][tid:84][com.facebook.buck.io.ExecutableFinder] Executable '/home/fzq/Android/android-ndk-r10e/toolchains/x86-4.8/prebuilt/linux-x86_64/i686-linux-android/bin/g++' mapped to 'Optional.of(/home/fzq/Android/android-ndk-r10e/toolchains/x86-4.8/prebuilt/linux-x86_64/i686-linux-android/bin/g++)'
[2015-07-01 14:20:24.666][debug][command:43458bdb-da3f-4a23-ae60-a111ccff8d2e][tid:84][com.facebook.buck.io.ExecutableFinder] Executable '/home/fzq/Android/android-ndk-r10e/toolchains/x86-4.8/prebuilt/linux-x86_64/i686-linux-android/bin/ld.gold' mapped to 'Optional.of(/home/fzq/Android/android-ndk-r10e/toolchains/x86-4.8/prebuilt/linux-x86_64/i686-linux-android/bin/ld.gold)'
[2015-07-01 14:20:24.666][debug][command:43458bdb-da3f-4a23-ae60-a111ccff8d2e][tid:84][com.facebook.buck.io.ExecutableFinder] Executable '/home/fzq/Android/android-ndk-r10e/toolchains/x86-4.8/prebuilt/linux-x86_64/i686-linux-android/bin/ar' mapped to 'Optional.of(/home/fzq/Android/android-ndk-r10e/toolchains/x86-4.8/prebuilt/linux-x86_64/i686-linux-android/bin/ar)'
[2015-07-01 14:20:24.666][debug][command:43458bdb-da3f-4a23-ae60-a111ccff8d2e][tid:84][com.facebook.buck.io.ExecutableFinder] Executable '/home/fzq/Android/android-ndk-r10e/toolchains/x86-4.8/prebuilt/linux-x86_64/i686-linux-android/bin/objcopy' mapped to 'Optional.of(/home/fzq/Android/android-ndk-r10e/toolchains/x86-4.8/prebuilt/linux-x86_64/i686-linux-android/bin/objcopy)'
[2015-07-01 14:20:24.666][debug][command:43458bdb-da3f-4a23-ae60-a111ccff8d2e][tid:84][com.facebook.buck.cxx.CxxPlatforms] Using system default C++ platform CxxPlatform{flavor=default, as=com.facebook.buck.cxx.HashedFileTool@7d26ad0b, asflags=[], aspp=com.facebook.buck.cxx.HashedFileTool@6552df6b, asppflags=[], cc=com.facebook.buck.cxx.HashedFileTool@2c0f59ca, cflags=[], cxx=com.facebook.buck.cxx.HashedFileTool@450ada6f, cxxflags=[], cpp=com.facebook.buck.cxx.HashedFileTool@d8c6930, cppflags=[], cxxpp=com.facebook.buck.cxx.HashedFileTool@7e56566d, cxxppflags=[], cxxld=com.facebook.buck.cxx.HashedFileTool@28418164, cxxldflags=[], ld=com.facebook.buck.cxx.GnuLinker@3b8bffa1, ldflags=[], runtimeLdflags={}, ar=com.facebook.buck.cxx.HashedFileTool@55a0d409, arflags=[], arExpectedGlobalHeader=[33, 60, 97, 114, 99, 104, 62, 10], lex=Optional.of(com.facebook.buck.cxx.HashedFileTool@190915ee), lexFlags=[], yacc=Optional.of(com.facebook.buck.cxx.HashedFileTool@3d67ed0a), yaccFlags=[-y], sharedLibraryExtension=so, debugPathSanitizer=com.facebook.buck.cxx.DebugPathSanitizer@617a184}
[2015-07-01 14:20:24.668][debug][command:43458bdb-da3f-4a23-ae60-a111ccff8d2e][tid:84][com.facebook.buck.io.ExecutableFinder] Executable 'python2' mapped to 'Optional.of(/usr/bin/python2)'
[2015-07-01 14:20:24.669][debug][command:43458bdb-da3f-4a23-ae60-a111ccff8d2e][tid:84][com.facebook.buck.io.ExecutableFinder] Executable 'python2' mapped to 'Optional.of(/usr/bin/python2)'
[2015-07-01 14:20:24.670][debug][command:43458bdb-da3f-4a23-ae60-a111ccff8d2e][tid:84][com.facebook.buck.event.listener.SuperConsoleEventBusListener] Starting render scheduler (interval 100 ms)
[2015-07-01 14:20:24.671][debug][command:43458bdb-da3f-4a23-ae60-a111ccff8d2e][tid:84][com.facebook.buck.io.ExecutableFinder] Executable 'python2' mapped to 'Optional.of(/usr/bin/python2)'
[2015-07-01 14:20:24.672][debug][command:43458bdb-da3f-4a23-ae60-a111ccff8d2e][tid:84][com.facebook.buck.util.WatchmanWatcher] Starting watchman command: [watchman, --server-encoding=json, --no-pretty, -j]
[2015-07-01 14:20:24.673][debug][command:43458bdb-da3f-4a23-ae60-a111ccff8d2e][tid:93][com.facebook.buck.event.listener.LoggingBuildListener] CommandStarted(install, isDaemon: true)
[2015-07-01 14:20:24.674][debug][command:43458bdb-da3f-4a23-ae60-a111ccff8d2e][tid:84][com.facebook.buck.util.WatchmanWatcher] Writing query to Watchman: ["query","/home/fzq/workspace/DesignTest",{"since":"n:buckdd351d0ed-1b09-44df-8d7f-16b426c791bc","expression":["not",["anyof",["type","d"],["match","buck-out/*","wholename"],["match",".idea/*","wholename"],["match","/home/fzq/workspace/DesignTest/.buckd/*","wholename"],["match","/home/fzq/workspace/DesignTest/buck-cache/*","wholename"],["match",".git/*","wholename"],["match","*.pbxproj","wholename"],["match","*.xcscheme","wholename"],["match","*.xcworkspacedata","wholename"]]],"empty_on_fresh_instance":true,"fields":["name","exists","new"]}]
[2015-07-01 14:20:24.674][debug][command:43458bdb-da3f-4a23-ae60-a111ccff8d2e][tid:84][com.facebook.buck.util.WatchmanWatcher] Parsing JSON output from Watchman
[2015-07-01 14:20:24.678][debug][command:43458bdb-da3f-4a23-ae60-a111ccff8d2e][tid:84][com.facebook.buck.parser.Parser] Parsed build files does not contain /home/fzq/workspace/DesignTest/.buckd/buckd.runcount, not invalidating
[2015-07-01 14:20:24.678][debug][command:43458bdb-da3f-4a23-ae60-a111ccff8d2e][tid:84][com.facebook.buck.parser.Parser] Removing targets [] for path /home/fzq/workspace/DesignTest/.buckd/buckd.runcount
[2015-07-01 14:20:24.679][debug][command:43458bdb-da3f-4a23-ae60-a111ccff8d2e][tid:84][com.facebook.buck.parser.Parser] Parser invalidating /home/fzq/workspace/DesignTest/app/BUCK cache
[2015-07-01 14:20:24.679][debug][command:43458bdb-da3f-4a23-ae60-a111ccff8d2e][tid:84][com.facebook.buck.parser.Parser] Removing targets [//app:src, //app:project_config, //app:res, //app:app, //app:build-config, //app:debug_keystore, //app:manifest, //app:application-lib] for path /home/fzq/workspace/DesignTest/app/BUCK
[2015-07-01 14:20:24.679][debug][command:43458bdb-da3f-4a23-ae60-a111ccff8d2e][tid:84][com.facebook.buck.parser.Parser] Parsed build files does not contain /home/fzq/workspace/DesignTest/app/BUCK___jb_old___, not invalidating
[2015-07-01 14:20:24.679][debug][command:43458bdb-da3f-4a23-ae60-a111ccff8d2e][tid:84][com.facebook.buck.parser.Parser] Removing targets [] for path /home/fzq/workspace/DesignTest/app/BUCK___jb_old___
[2015-07-01 14:20:24.680][debug][command:43458bdb-da3f-4a23-ae60-a111ccff8d2e][tid:84][com.facebook.buck.parser.Parser] Parsed build files does not contain /home/fzq/workspace/DesignTest/app/BUCK, not invalidating
[2015-07-01 14:20:24.680][debug][command:43458bdb-da3f-4a23-ae60-a111ccff8d2e][tid:84][com.facebook.buck.parser.Parser] Removing targets [] for path /home/fzq/workspace/DesignTest/app/BUCK
[2015-07-01 14:20:24.680][debug][command:43458bdb-da3f-4a23-ae60-a111ccff8d2e][tid:84][com.facebook.buck.parser.Parser] Parsed build files does not contain /home/fzq/workspace/DesignTest/app/BUCK___jb_bak___, not invalidating
[2015-07-01 14:20:24.680][debug][command:43458bdb-da3f-4a23-ae60-a111ccff8d2e][tid:84][com.facebook.buck.parser.Parser] Removing targets [] for path /home/fzq/workspace/DesignTest/app/BUCK___jb_bak___
[2015-07-01 14:20:24.680][debug][command:43458bdb-da3f-4a23-ae60-a111ccff8d2e][tid:84][com.facebook.buck.parser.Parser] Parsed build files does not contain /home/fzq/workspace/DesignTest/app/BUCK, not invalidating
[2015-07-01 14:20:24.680][debug][command:43458bdb-da3f-4a23-ae60-a111ccff8d2e][tid:84][com.facebook.buck.parser.Parser] Removing targets [] for path /home/fzq/workspace/DesignTest/app/BUCK
[2015-07-01 14:20:24.680][debug][command:43458bdb-da3f-4a23-ae60-a111ccff8d2e][tid:84][com.facebook.buck.parser.Parser] Parsed build files does not contain /home/fzq/workspace/DesignTest/app/BUCK, not invalidating
[2015-07-01 14:20:24.680][debug][command:43458bdb-da3f-4a23-ae60-a111ccff8d2e][tid:84][com.facebook.buck.parser.Parser] Removing targets [] for path /home/fzq/workspace/DesignTest/app/BUCK
[2015-07-01 14:20:24.681][debug][command:43458bdb-da3f-4a23-ae60-a111ccff8d2e][tid:84][com.facebook.buck.parser.Parser] Parsed build files does not contain /home/fzq/workspace/DesignTest/.buckd/tmp/buck_run.3hMvcG/ngserver-out, not invalidating
[2015-07-01 14:20:24.681][debug][command:43458bdb-da3f-4a23-ae60-a111ccff8d2e][tid:84][com.facebook.buck.parser.Parser] Removing targets [] for path /home/fzq/workspace/DesignTest/.buckd/tmp/buck_run.3hMvcG/ngserver-out
[2015-07-01 14:20:24.681][debug][command:43458bdb-da3f-4a23-ae60-a111ccff8d2e][tid:84][com.facebook.buck.parser.Parser] Parsed build files does not contain /home/fzq/workspace/DesignTest/.buckd/tmp/buck_run.3hMvcG/buck_artifact_app3071586125837110415.zip, not invalidating
[2015-07-01 14:20:24.681][debug][command:43458bdb-da3f-4a23-ae60-a111ccff8d2e][tid:84][com.facebook.buck.parser.Parser] Removing targets [] for path /home/fzq/workspace/DesignTest/.buckd/tmp/buck_run.3hMvcG/buck_artifact_app3071586125837110415.zip
[2015-07-01 14:20:24.682][debug][command:43458bdb-da3f-4a23-ae60-a111ccff8d2e][tid:84][com.facebook.buck.parser.Parser] Parsed build files does not contain /home/fzq/workspace/DesignTest/.buckd/tmp/buck_run.3hMvcG/buck_artifact_app912738419199943006.zip, not invalidating
[2015-07-01 14:20:24.682][debug][command:43458bdb-da3f-4a23-ae60-a111ccff8d2e][tid:84][com.facebook.buck.parser.Parser] Removing targets [] for path /home/fzq/workspace/DesignTest/.buckd/tmp/buck_run.3hMvcG/buck_artifact_app912738419199943006.zip
[2015-07-01 14:20:24.682][debug][command:43458bdb-da3f-4a23-ae60-a111ccff8d2e][tid:84][com.facebook.buck.parser.Parser] Parsed build files does not contain /home/fzq/workspace/DesignTest/.buckd/tmp/buck_run.3hMvcG/buck_artifact_app177840971140629837.zip, not invalidating
[2015-07-01 14:20:24.682][debug][command:43458bdb-da3f-4a23-ae60-a111ccff8d2e][tid:84][com.facebook.buck.parser.Parser] Removing targets [] for path /home/fzq/workspace/DesignTest/.buckd/tmp/buck_run.3hMvcG/buck_artifact_app177840971140629837.zip
[2015-07-01 14:20:24.683][debug][command:43458bdb-da3f-4a23-ae60-a111ccff8d2e][tid:84][com.facebook.buck.parser.Parser] Parsed build files does not contain /home/fzq/workspace/DesignTest/.buckd/tmp/buck_run.3hMvcG/buck_artifact_app5597678846308046845.zip, not invalidating
[2015-07-01 14:20:24.683][debug][command:43458bdb-da3f-4a23-ae60-a111ccff8d2e][tid:84][com.facebook.buck.parser.Parser] Removing targets [] for path /home/fzq/workspace/DesignTest/.buckd/tmp/buck_run.3hMvcG/buck_artifact_app5597678846308046845.zip
[2015-07-01 14:20:24.683][debug][command:43458bdb-da3f-4a23-ae60-a111ccff8d2e][tid:84][com.facebook.buck.parser.Parser] Parsed build files does not contain /home/fzq/workspace/DesignTest/.buckd/tmp/buck_run.3hMvcG/buck_artifact_app7815238365409260253.zip, not invalidating
[2015-07-01 14:20:24.683][debug][command:43458bdb-da3f-4a23-ae60-a111ccff8d2e][tid:84][com.facebook.buck.parser.Parser] Removing targets [] for path /home/fzq/workspace/DesignTest/.buckd/tmp/buck_run.3hMvcG/buck_artifact_app7815238365409260253.zip
[2015-07-01 14:20:24.684][debug][command:43458bdb-da3f-4a23-ae60-a111ccff8d2e][tid:84][com.facebook.buck.parser.Parser] Parsed build files does not contain /home/fzq/workspace/DesignTest/.buckd/tmp/buck_run.3hMvcG/buck4950786114297561112.py, not invalidating
[2015-07-01 14:20:24.684][debug][command:43458bdb-da3f-4a23-ae60-a111ccff8d2e][tid:84][com.facebook.buck.parser.Parser] Removing targets [] for path /home/fzq/workspace/DesignTest/.buckd/tmp/buck_run.3hMvcG/buck4950786114297561112.py
[2015-07-01 14:20:24.684][debug][command:43458bdb-da3f-4a23-ae60-a111ccff8d2e][tid:84][com.facebook.buck.util.WatchmanWatcher] Posted 11 Watchman events. Waiting for subprocess to exit...
[2015-07-01 14:20:24.684][debug][command:43458bdb-da3f-4a23-ae60-a111ccff8d2e][tid:84][com.facebook.buck.util.WatchmanWatcher] Watchman exited cleanly.
[2015-07-01 14:20:24.685][debug][command:43458bdb-da3f-4a23-ae60-a111ccff8d2e][tid:93][com.facebook.buck.event.listener.LoggingBuildListener] ArtifactCacheConnectStarted()
[2015-07-01 14:20:24.685][debug][command:43458bdb-da3f-4a23-ae60-a111ccff8d2e][tid:93][com.facebook.buck.event.listener.LoggingBuildListener] ArtifactCacheConnectFinished()
[2015-07-01 14:20:24.685][debug][command:43458bdb-da3f-4a23-ae60-a111ccff8d2e][tid:84][com.facebook.buck.parser.Parser] Parsing BUCK file: /home/fzq/workspace/DesignTest/app/BUCK
[2015-07-01 14:20:24.685][debug][command:43458bdb-da3f-4a23-ae60-a111ccff8d2e][tid:84][com.facebook.buck.json.ProjectBuildFileParser] Creating temporary buck.py instance...
[2015-07-01 14:20:24.685][info ][command:43458bdb-da3f-4a23-ae60-a111ccff8d2e][tid:93][com.facebook.buck.event.listener.LoggingBuildListener] Build started at 2015-07-01 14:20:24.672
[2015-07-01 14:20:24.686][debug][command:43458bdb-da3f-4a23-ae60-a111ccff8d2e][tid:93][com.facebook.buck.event.listener.LoggingBuildListener] BuckFilesParseStarted()
[2015-07-01 14:20:24.712][debug][command:43458bdb-da3f-4a23-ae60-a111ccff8d2e][tid:84][com.facebook.buck.json.ProjectBuildFileParser] Created temporary buck.py instance at /home/fzq/workspace/DesignTest/.buckd/tmp/buck_run.3hMvcG/buck1351896496939316666.py.
[2015-07-01 14:20:24.713][debug][command:43458bdb-da3f-4a23-ae60-a111ccff8d2e][tid:84][com.facebook.buck.json.ProjectBuildFileParser] Starting buck.py command: [/usr/bin/python2, -u, /home/fzq/workspace/DesignTest/.buckd/tmp/buck_run.3hMvcG/buck1351896496939316666.py, --allow_empty_globs, --project_root, /home/fzq/workspace/DesignTest, --build_file_name, BUCK] environment: {PATH=/home/fzq/Android/Sdk/platform-tools:/home/fzq/android/tools/android-studio/gradle/gradle-2.2.1/bin:/home/fzq/android/tools/apache-ant-1.9.5/bin:/home/fzq/android/tools/linuxbrew/bin:/home/fzq/Android/android-ndk-r10e:/home/fzq/android/tools/idea-IC-141.1010.3/bin:/home/fzq/bin:/usr/local/bin:/home/fzq/Android/Sdk/platform-tools:/home/fzq/android/tools/android-studio/gradle/gradle-2.2.1/bin:/home/fzq/android/tools/apache-ant-1.9.5/bin:/home/fzq/android/tools/linuxbrew/bin:/home/fzq/Android/android-ndk-r10e:/home/fzq/android/tools/idea-IC-141.1010.3/bin:/home/fzq/bin:/usr/local/bin:/usr/local/sbin:/usr/local/bin:/usr/sbin:/usr/bin:/sbin:/bin:/usr/games:/usr/local/games:/home/fzq/android/tools/infer-linux64-v0.1.1/infer/infer/bin:/home/fzq/android/tools/infer-linux64-v0.1.1/infer/infer/bin, LC_MEASUREMENT=zh_CN.UTF-8, XAUTHORITY=/home/fzq/.Xauthority, XMODIFIERS=@im=fcitx, LC_TELEPHONE=zh_CN.UTF-8, XDG_DATA_DIRS=/usr/share/ubuntu:/usr/share/gnome:/usr/local/share/:/usr/share/, GDMSESSION=ubuntu, MANDATORY_PATH=/usr/share/gconf/ubuntu.mandatory.path, LC_TIME=zh_CN.UTF-8, TEXTDOMAINDIR=/usr/share/locale/, GTK_IM_MODULE=fcitx, DBUS_SESSION_BUS_ADDRESS=unix:abstract=/tmp/dbus-ZuwDMUi8oz, DEFAULTS_PATH=/usr/share/gconf/ubuntu.default.path, ANDROID_HOME=/home/fzq/Android/Sdk, XDG_CURRENT_DESKTOP=Unity, LD_LIBRARY_PATH=/home/fzq/android/tools/idea-IC-141.1010.3/bin:, COLORTERM=gnome-terminal, QT4_IM_MODULE=fcitx, UPSTART_SESSION=unix:abstract=/com/ubuntu/upstart-session/1000/1797, LC_PAPER=zh_CN.UTF-8, LOGNAME=fzq, PWD=/home/fzq/workspace/DesignTest, JOB=gnome-session, IM_CONFIG_PHASE=1, LANGUAGE=en_US, WINDOWID=71303180, SHELL=/bin/zsh, LC_ADDRESS=zh_CN.UTF-8, PAGER=less, INSTANCE=Unity, ANDROID_NDK=/home/fzq/Android/android-ndk-r10e, ZSH=/home/fzq/.oh-my-zsh, GNOME_DESKTOP_SESSION_ID=this-is-deprecated, UPSTART_INSTANCE=, GTK_MODULES=overlay-scrollbar:unity-gtk-module, CLUTTER_IM_MODULE=xim, XDG_SESSION_PATH=/org/freedesktop/DisplayManager/Session0, TEXTDOMAIN=im-config, LESS=-R, SESSIONTYPE=gnome-session, LC_CTYPE=en_US.UTF-8, SHLVL=2, LC_IDENTIFICATION=zh_CN.UTF-8, LC_MONETARY=zh_CN.UTF-8, NAILGUN_TTY_2=1, NAILGUN_TTY_1=1, COMPIZ_CONFIG_PROFILE=ubuntu, UPSTART_JOB=unity-settings-daemon, QT_IM_MODULE=xim, NAILGUN_TTY_0=1, TERM=xterm-256color, NAILGUN_FILESEPARATOR=/, XDG_CONFIG_DIRS=/etc/xdg/xdg-ubuntu:/usr/share/upstart/xdg:/etc/xdg, XFILESEARCHPATH=/usr/dt/app-defaults/%L/Dt, GNOME_KEYRING_CONTROL=/run/user/1000/keyring-Vwv52h, XDG_SEAT_PATH=/org/freedesktop/DisplayManager/Seat0, LANG=en_US.UTF-8, XDG_SESSION_ID=c2, GRADLE_HOME=/home/fzq/android/tools/android-studio/gradle/gradle-2.2.1, SELINUX_INIT=YES, ANT_HOME=/home/fzq/android/tools/apache-ant-1.9.5, DISPLAY=:0, BREW_HOME=/home/fzq/android/tools/linuxbrew, LC_NAME=zh_CN.UTF-8, NAILGUN_PATHSEPARATOR=:, INTELLIJ_HOME=/home/fzq/android/tools/idea-IC-141.1010.3, GDM_LANG=en_US, LSCOLORS=Gxfxcxdxbxegedabagacad, XDG_GREETER_DATA_DIR=/var/lib/lightdm-data/fzq, UPSTART_EVENTS=started starting, DESKTOP_SESSION=ubuntu, GPG_AGENT_INFO=/run/user/1000/keyring-Vwv52h/gpg:0:1, USER=fzq, VTE_VERSION=3409, LC_NUMERIC=zh_CN.UTF-8, XDG_SEAT=seat0, SSH_AUTH_SOCK=/run/user/1000/keyring-Vwv52h/ssh, NLSPATH=/usr/dt/lib/nls/msg/%L/%N.cat, QT_QPA_PLATFORMTHEME=appmenu-qt5, XDG_RUNTIME_DIR=/run/user/1000, XDG_VTNR=7, HOME=/home/fzq, GNOME_KEYRING_PID=1794}
[2015-07-01 14:20:24.718][debug][command:43458bdb-da3f-4a23-ae60-a111ccff8d2e][tid:84][com.facebook.buck.json.ProjectBuildFileParser] Started process java.lang.UNIXProcess@7d48654a successfully
[2015-07-01 14:20:24.719][debug][command:43458bdb-da3f-4a23-ae60-a111ccff8d2e][tid:84][com.facebook.buck.json.ProjectBuildFileParser] Parsing output of process java.lang.UNIXProcess@7d48654a...
[2015-07-01 14:20:24.791][debug][command:43458bdb-da3f-4a23-ae60-a111ccff8d2e][tid:84][com.facebook.buck.json.ProjectBuildFileParser] Parsed 9 rules from process
[2015-07-01 14:20:24.802][debug][command:43458bdb-da3f-4a23-ae60-a111ccff8d2e][tid:93][com.facebook.buck.event.listener.LoggingBuildListener] ParseStarted(//app:app)
[2015-07-01 14:20:24.803][debug][command:43458bdb-da3f-4a23-ae60-a111ccff8d2e][tid:93][com.facebook.buck.event.listener.LoggingBuildListener] ParseFinished(//app:app)
[2015-07-01 14:20:24.811][debug][command:43458bdb-da3f-4a23-ae60-a111ccff8d2e][tid:84][com.facebook.buck.json.ProjectBuildFileParser] Waiting for process java.lang.UNIXProcess@7d48654a to exit...
[2015-07-01 14:20:24.811][debug][command:43458bdb-da3f-4a23-ae60-a111ccff8d2e][tid:84][com.facebook.buck.json.ProjectBuildFileParser] Process java.lang.UNIXProcess@7d48654a exited cleanly.
[2015-07-01 14:20:24.812][debug][command:43458bdb-da3f-4a23-ae60-a111ccff8d2e][tid:93][com.facebook.buck.event.listener.LoggingBuildListener] BuckFilesParseFinished()
[2015-07-01 14:20:24.812][debug][command:43458bdb-da3f-4a23-ae60-a111ccff8d2e][tid:93][com.facebook.buck.event.listener.LoggingBuildListener] BuildActionGraphStarted()
[2015-07-01 14:20:24.820][debug][command:43458bdb-da3f-4a23-ae60-a111ccff8d2e][tid:93][com.facebook.buck.event.listener.LoggingBuildListener] BuildActionGraphFinished()
[2015-07-01 14:20:24.820][debug][command:43458bdb-da3f-4a23-ae60-a111ccff8d2e][tid:93][com.facebook.buck.event.listener.LoggingBuildListener] RuleCountCalculated(//app:app)
[2015-07-01 14:20:24.858][info ][command:43458bdb-da3f-4a23-ae60-a111ccff8d2e][tid:93][com.facebook.buck.event.listener.LoggingBuildListener] Build finished at 2015-07-01 14:20:24.858
[2015-07-01 14:20:24.863][debug][command:43458bdb-da3f-4a23-ae60-a111ccff8d2e][tid:93][com.facebook.buck.event.listener.LoggingBuildListener] InstallStarted(//app:app)
[2015-07-01 14:20:24.863][debug][command:43458bdb-da3f-4a23-ae60-a111ccff8d2e][tid:93][com.facebook.buck.event.listener.LoggingBuildListener] set_up_adb_call()
[2015-07-01 14:20:24.863][debug][command:43458bdb-da3f-4a23-ae60-a111ccff8d2e][tid:93][com.facebook.buck.event.listener.LoggingBuildListener] set_up_adb_call()
[2015-07-01 14:20:25.046][info ][command:43458bdb-da3f-4a23-ae60-a111ccff8d2e][tid:93][com.facebook.buck.event.listener.LoggingBuildListener] Installing apk on c234e09d (MI 4LTE).
[2015-07-01 14:20:28.399][debug][command:43458bdb-da3f-4a23-ae60-a111ccff8d2e][tid:84][com.facebook.buck.util.Console] Build success: Successfully ran install apk on 1 device(s)
[2015-07-01 14:20:28.399][debug][command:43458bdb-da3f-4a23-ae60-a111ccff8d2e][tid:93][com.facebook.buck.event.listener.LoggingBuildListener] InstallFinished(//app:app)
[2015-07-01 14:20:28.408][debug][command:43458bdb-da3f-4a23-ae60-a111ccff8d2e][tid:93][com.facebook.buck.event.listener.LoggingBuildListener] StartActivityStarted(//app:app com.designtest.app/com.designtest.app.MainActivity)
[2015-07-01 14:20:28.408][debug][command:43458bdb-da3f-4a23-ae60-a111ccff8d2e][tid:93][com.facebook.buck.event.listener.LoggingBuildListener] set_up_adb_call()
[2015-07-01 14:20:28.409][debug][command:43458bdb-da3f-4a23-ae60-a111ccff8d2e][tid:93][com.facebook.buck.event.listener.LoggingBuildListener] set_up_adb_call()
[2015-07-01 14:20:28.470][debug][command:null][tid:92][com.facebook.buck.event.listener.SuperConsoleEventBusListener] Stopping console output (stdout dirty true, stderr dirty true).
[2015-07-01 14:20:28.470][debug][command:null][tid:92][com.facebook.buck.event.listener.SuperConsoleEventBusListener] Stopping render scheduler
[2015-07-01 14:20:29.148][debug][command:43458bdb-da3f-4a23-ae60-a111ccff8d2e][tid:84][com.facebook.buck.util.Console] Build success: Successfully ran start activity on 1 device(s)
[2015-07-01 14:20:29.149][debug][command:43458bdb-da3f-4a23-ae60-a111ccff8d2e][tid:84][com.facebook.buck.parser.Parser] Cleaning cache of build files with inputs under symlink []
[2015-07-01 14:20:29.149][debug][command:43458bdb-da3f-4a23-ae60-a111ccff8d2e][tid:93][com.facebook.buck.event.listener.LoggingBuildListener] StartActivityFinished(//app:app com.designtest.app/com.designtest.app.MainActivity)
[2015-07-01 14:20:29.149][debug][command:43458bdb-da3f-4a23-ae60-a111ccff8d2e][tid:93][com.facebook.buck.event.listener.LoggingBuildListener] CommandFinished(install, isDaemon: true)
[2015-07-01 14:20:29.149][debug][command:43458bdb-da3f-4a23-ae60-a111ccff8d2e][tid:84][com.facebook.buck.event.listener.SuperConsoleEventBusListener] Stopping render scheduler
[2015-07-01 14:20:29.150][debug][command:43458bdb-da3f-4a23-ae60-a111ccff8d2e][tid:84][com.facebook.buck.event.listener.SuperConsoleEventBusListener] Stopping console output (stdout dirty true, stderr dirty true).
[2015-07-01 14:20:29.150][debug][command:43458bdb-da3f-4a23-ae60-a111ccff8d2e][tid:84][com.facebook.buck.event.listener.SuperConsoleEventBusListener] Stopping render scheduler
[2015-07-01 14:20:29.151][debug][command:43458bdb-da3f-4a23-ae60-a111ccff8d2e][tid:84][com.facebook.buck.event.listener.ChromeTraceBuildListener] Writing Chrome trace to buck-out/log/traces/build.2015-07-01.14-20-29.43458bdb-da3f-4a23-ae60-a111ccff8d2e.trace
[2015-07-01 14:20:29.162][debug][command:43458bdb-da3f-4a23-ae60-a111ccff8d2e][tid:84][com.facebook.buck.cli.Main] Done.
[2015-07-01 14:20:29.163][debug][command:null][tid:84][class com.martiansoftware.nailgun.NGSession] Nail finished.
[2015-07-01 14:20:29.163][debug][command:null][tid:84][class com.martiansoftware.nailgun.NGSession] Closing client streams and socket.
[2015-07-01 14:25:11.421][debug][command:null][tid:87][class com.martiansoftware.nailgun.NGSession] Received connection from 127.0.0.1
[2015-07-01 14:25:11.422][debug][command:null][tid:87][class com.martiansoftware.nailgun.NGSession] Working directory: /home/fzq/workspace/DesignTest
[2015-07-01 14:25:11.422][debug][command:null][tid:87][class com.martiansoftware.nailgun.NGSession] Received command: ng-stop
[2015-07-01 14:25:11.424][debug][command:null][tid:87][class com.martiansoftware.nailgun.NGSession] Invoking main method: public static void com.martiansoftware.nailgun.builtins.NGStop.nailMain(com.martiansoftware.nailgun.NGContext)
[2015-07-01 14:25:11.424][debug][command:null][tid:87][class com.martiansoftware.nailgun.NGServer] Shutting down nailgun server.
[2015-07-01 14:25:11.425][debug][command:null][tid:87][class com.martiansoftware.nailgun.NGServer] Closed server socket.
[2015-07-01 14:25:11.425][debug][command:null][tid:87][class com.martiansoftware.nailgun.NGServer] Shut down session pool.
[2015-07-01 14:25:11.425][debug][command:null][tid:87][class com.martiansoftware.nailgun.NGServer] Creating nailstats...
[2015-07-01 14:25:11.429][debug][command:null][tid:87][class com.martiansoftware.nailgun.NGServer] Calling nailShutdown() method on com.martiansoftware.nailgun.builtins.NGServerStats
[2015-07-01 14:25:11.429][debug][command:null][tid:87][class com.martiansoftware.nailgun.NGServer] com.martiansoftware.nailgun.builtins.NGServerStats.nailShutdown() exited cleanly.
[2015-07-01 14:25:11.430][debug][command:null][tid:87][class com.martiansoftware.nailgun.NGServer] Exiting VM.
