[2015-07-01 14:33:07.728][debug][command:121c1517-1c12-42b6-bb2b-12f403899288][tid:14][com.facebook.buck.cli.Main] Starting up (build date 2015-06-17 16:35:48 +0800, rev b19139c16670e7f886b0bce6243fcd7f27c2a1a3), args: [clean]
[2015-07-01 14:33:07.891][debug][command:121c1517-1c12-42b6-bb2b-12f403899288][tid:14][com.facebook.buck.cli.BuckConfig] Loaded a configuration file /home/fzq/workspace/DesignTest/.buckconfig: {alias={app=//apps/DesignTest:app}, android={target=Google Inc.:Google APIs:21}, project={ignore=.git}, intellij={default_android_manifest_path=src/main/AndroidManifest.xml, default_android_resource_path=src/main/res}}
[2015-07-01 14:33:07.891][debug][command:121c1517-1c12-42b6-bb2b-12f403899288][tid:14][com.facebook.buck.cli.BuckConfig] Adding configuration overrides: {}
[2015-07-01 14:33:07.911][debug][command:121c1517-1c12-42b6-bb2b-12f403899288][tid:14][com.facebook.buck.cli.BuckConfig] Loaded a configuration file /home/fzq/workspace/DesignTest/.buckconfig: {alias={app=//apps/DesignTest:app}, android={target=Google Inc.:Google APIs:21}, project={ignore=.git}, intellij={default_android_manifest_path=src/main/AndroidManifest.xml, default_android_resource_path=src/main/res}}
[2015-07-01 14:33:07.912][debug][command:121c1517-1c12-42b6-bb2b-12f403899288][tid:14][com.facebook.buck.cli.BuckConfig] Adding configuration overrides: {}
[2015-07-01 14:33:07.929][debug][command:121c1517-1c12-42b6-bb2b-12f403899288][tid:14][com.facebook.buck.io.ExecutableFinder] Executable 'python2' mapped to 'Optional.of(/usr/bin/python2)'
[2015-07-01 14:33:08.047][warn ][command:121c1517-1c12-42b6-bb2b-12f403899288][tid:14][com.facebook.buck.apple.AppleConfig] Could not execute xcode-select, continuing without developer dir.
[2015-07-01 14:33:08.079][debug][command:121c1517-1c12-42b6-bb2b-12f403899288][tid:14][com.facebook.buck.io.ExecutableFinder] Executable '/home/fzq/Android/android-ndk-r10e/toolchains/arm-linux-androideabi-4.8/prebuilt/linux-x86_64/arm-linux-androideabi/bin/as' mapped to 'Optional.of(/home/fzq/Android/android-ndk-r10e/toolchains/arm-linux-androideabi-4.8/prebuilt/linux-x86_64/arm-linux-androideabi/bin/as)'
[2015-07-01 14:33:08.079][debug][command:121c1517-1c12-42b6-bb2b-12f403899288][tid:14][com.facebook.buck.io.ExecutableFinder] Executable '/home/fzq/Android/android-ndk-r10e/toolchains/arm-linux-androideabi-4.8/prebuilt/linux-x86_64/arm-linux-androideabi/bin/gcc' mapped to 'Optional.of(/home/fzq/Android/android-ndk-r10e/toolchains/arm-linux-androideabi-4.8/prebuilt/linux-x86_64/arm-linux-androideabi/bin/gcc)'
[2015-07-01 14:33:08.080][debug][command:121c1517-1c12-42b6-bb2b-12f403899288][tid:14][com.facebook.buck.io.ExecutableFinder] Executable '/home/fzq/Android/android-ndk-r10e/toolchains/arm-linux-androideabi-4.8/prebuilt/linux-x86_64/arm-linux-androideabi/bin/gcc' mapped to 'Optional.of(/home/fzq/Android/android-ndk-r10e/toolchains/arm-linux-androideabi-4.8/prebuilt/linux-x86_64/arm-linux-androideabi/bin/gcc)'
[2015-07-01 14:33:08.081][debug][command:121c1517-1c12-42b6-bb2b-12f403899288][tid:14][com.facebook.buck.io.ExecutableFinder] Executable '/home/fzq/Android/android-ndk-r10e/toolchains/arm-linux-androideabi-4.8/prebuilt/linux-x86_64/arm-linux-androideabi/bin/gcc' mapped to 'Optional.of(/home/fzq/Android/android-ndk-r10e/toolchains/arm-linux-androideabi-4.8/prebuilt/linux-x86_64/arm-linux-androideabi/bin/gcc)'
[2015-07-01 14:33:08.082][debug][command:121c1517-1c12-42b6-bb2b-12f403899288][tid:14][com.facebook.buck.io.ExecutableFinder] Executable '/home/fzq/Android/android-ndk-r10e/toolchains/arm-linux-androideabi-4.8/prebuilt/linux-x86_64/arm-linux-androideabi/bin/g++' mapped to 'Optional.of(/home/fzq/Android/android-ndk-r10e/toolchains/arm-linux-androideabi-4.8/prebuilt/linux-x86_64/arm-linux-androideabi/bin/g++)'
[2015-07-01 14:33:08.083][debug][command:121c1517-1c12-42b6-bb2b-12f403899288][tid:14][com.facebook.buck.io.ExecutableFinder] Executable '/home/fzq/Android/android-ndk-r10e/toolchains/arm-linux-androideabi-4.8/prebuilt/linux-x86_64/arm-linux-androideabi/bin/g++' mapped to 'Optional.of(/home/fzq/Android/android-ndk-r10e/toolchains/arm-linux-androideabi-4.8/prebuilt/linux-x86_64/arm-linux-androideabi/bin/g++)'
[2015-07-01 14:33:08.085][debug][command:121c1517-1c12-42b6-bb2b-12f403899288][tid:14][com.facebook.buck.io.ExecutableFinder] Executable '/home/fzq/Android/android-ndk-r10e/toolchains/arm-linux-androideabi-4.8/prebuilt/linux-x86_64/arm-linux-androideabi/bin/g++' mapped to 'Optional.of(/home/fzq/Android/android-ndk-r10e/toolchains/arm-linux-androideabi-4.8/prebuilt/linux-x86_64/arm-linux-androideabi/bin/g++)'
[2015-07-01 14:33:08.087][debug][command:121c1517-1c12-42b6-bb2b-12f403899288][tid:14][com.facebook.buck.io.ExecutableFinder] Executable '/home/fzq/Android/android-ndk-r10e/toolchains/arm-linux-androideabi-4.8/prebuilt/linux-x86_64/arm-linux-androideabi/bin/ld.gold' mapped to 'Optional.of(/home/fzq/Android/android-ndk-r10e/toolchains/arm-linux-androideabi-4.8/prebuilt/linux-x86_64/arm-linux-androideabi/bin/ld.gold)'
[2015-07-01 14:33:08.088][debug][command:121c1517-1c12-42b6-bb2b-12f403899288][tid:14][com.facebook.buck.io.ExecutableFinder] Executable '/home/fzq/Android/android-ndk-r10e/toolchains/arm-linux-androideabi-4.8/prebuilt/linux-x86_64/arm-linux-androideabi/bin/ar' mapped to 'Optional.of(/home/fzq/Android/android-ndk-r10e/toolchains/arm-linux-androideabi-4.8/prebuilt/linux-x86_64/arm-linux-androideabi/bin/ar)'
[2015-07-01 14:33:08.114][debug][command:121c1517-1c12-42b6-bb2b-12f403899288][tid:14][com.facebook.buck.io.ExecutableFinder] Executable '/home/fzq/Android/android-ndk-r10e/toolchains/arm-linux-androideabi-4.8/prebuilt/linux-x86_64/arm-linux-androideabi/bin/objcopy' mapped to 'Optional.of(/home/fzq/Android/android-ndk-r10e/toolchains/arm-linux-androideabi-4.8/prebuilt/linux-x86_64/arm-linux-androideabi/bin/objcopy)'
[2015-07-01 14:33:08.121][debug][command:121c1517-1c12-42b6-bb2b-12f403899288][tid:14][com.facebook.buck.io.ExecutableFinder] Executable '/home/fzq/Android/android-ndk-r10e/toolchains/arm-linux-androideabi-4.8/prebuilt/linux-x86_64/arm-linux-androideabi/bin/as' mapped to 'Optional.of(/home/fzq/Android/android-ndk-r10e/toolchains/arm-linux-androideabi-4.8/prebuilt/linux-x86_64/arm-linux-androideabi/bin/as)'
[2015-07-01 14:33:08.121][debug][command:121c1517-1c12-42b6-bb2b-12f403899288][tid:14][com.facebook.buck.io.ExecutableFinder] Executable '/home/fzq/Android/android-ndk-r10e/toolchains/arm-linux-androideabi-4.8/prebuilt/linux-x86_64/arm-linux-androideabi/bin/gcc' mapped to 'Optional.of(/home/fzq/Android/android-ndk-r10e/toolchains/arm-linux-androideabi-4.8/prebuilt/linux-x86_64/arm-linux-androideabi/bin/gcc)'
[2015-07-01 14:33:08.122][debug][command:121c1517-1c12-42b6-bb2b-12f403899288][tid:14][com.facebook.buck.io.ExecutableFinder] Executable '/home/fzq/Android/android-ndk-r10e/toolchains/arm-linux-androideabi-4.8/prebuilt/linux-x86_64/arm-linux-androideabi/bin/gcc' mapped to 'Optional.of(/home/fzq/Android/android-ndk-r10e/toolchains/arm-linux-androideabi-4.8/prebuilt/linux-x86_64/arm-linux-androideabi/bin/gcc)'
[2015-07-01 14:33:08.123][debug][command:121c1517-1c12-42b6-bb2b-12f403899288][tid:14][com.facebook.buck.io.ExecutableFinder] Executable '/home/fzq/Android/android-ndk-r10e/toolchains/arm-linux-androideabi-4.8/prebuilt/linux-x86_64/arm-linux-androideabi/bin/gcc' mapped to 'Optional.of(/home/fzq/Android/android-ndk-r10e/toolchains/arm-linux-androideabi-4.8/prebuilt/linux-x86_64/arm-linux-androideabi/bin/gcc)'
[2015-07-01 14:33:08.125][debug][command:121c1517-1c12-42b6-bb2b-12f403899288][tid:14][com.facebook.buck.io.ExecutableFinder] Executable '/home/fzq/Android/android-ndk-r10e/toolchains/arm-linux-androideabi-4.8/prebuilt/linux-x86_64/arm-linux-androideabi/bin/g++' mapped to 'Optional.of(/home/fzq/Android/android-ndk-r10e/toolchains/arm-linux-androideabi-4.8/prebuilt/linux-x86_64/arm-linux-androideabi/bin/g++)'
[2015-07-01 14:33:08.126][debug][command:121c1517-1c12-42b6-bb2b-12f403899288][tid:14][com.facebook.buck.io.ExecutableFinder] Executable '/home/fzq/Android/android-ndk-r10e/toolchains/arm-linux-androideabi-4.8/prebuilt/linux-x86_64/arm-linux-androideabi/bin/g++' mapped to 'Optional.of(/home/fzq/Android/android-ndk-r10e/toolchains/arm-linux-androideabi-4.8/prebuilt/linux-x86_64/arm-linux-androideabi/bin/g++)'
[2015-07-01 14:33:08.128][debug][command:121c1517-1c12-42b6-bb2b-12f403899288][tid:14][com.facebook.buck.io.ExecutableFinder] Executable '/home/fzq/Android/android-ndk-r10e/toolchains/arm-linux-androideabi-4.8/prebuilt/linux-x86_64/arm-linux-androideabi/bin/g++' mapped to 'Optional.of(/home/fzq/Android/android-ndk-r10e/toolchains/arm-linux-androideabi-4.8/prebuilt/linux-x86_64/arm-linux-androideabi/bin/g++)'
[2015-07-01 14:33:08.129][debug][command:121c1517-1c12-42b6-bb2b-12f403899288][tid:14][com.facebook.buck.io.ExecutableFinder] Executable '/home/fzq/Android/android-ndk-r10e/toolchains/arm-linux-androideabi-4.8/prebuilt/linux-x86_64/arm-linux-androideabi/bin/ld.gold' mapped to 'Optional.of(/home/fzq/Android/android-ndk-r10e/toolchains/arm-linux-androideabi-4.8/prebuilt/linux-x86_64/arm-linux-androideabi/bin/ld.gold)'
[2015-07-01 14:33:08.130][debug][command:121c1517-1c12-42b6-bb2b-12f403899288][tid:14][com.facebook.buck.io.ExecutableFinder] Executable '/home/fzq/Android/android-ndk-r10e/toolchains/arm-linux-androideabi-4.8/prebuilt/linux-x86_64/arm-linux-androideabi/bin/ar' mapped to 'Optional.of(/home/fzq/Android/android-ndk-r10e/toolchains/arm-linux-androideabi-4.8/prebuilt/linux-x86_64/arm-linux-androideabi/bin/ar)'
[2015-07-01 14:33:08.131][debug][command:121c1517-1c12-42b6-bb2b-12f403899288][tid:14][com.facebook.buck.io.ExecutableFinder] Executable '/home/fzq/Android/android-ndk-r10e/toolchains/arm-linux-androideabi-4.8/prebuilt/linux-x86_64/arm-linux-androideabi/bin/objcopy' mapped to 'Optional.of(/home/fzq/Android/android-ndk-r10e/toolchains/arm-linux-androideabi-4.8/prebuilt/linux-x86_64/arm-linux-androideabi/bin/objcopy)'
[2015-07-01 14:33:08.133][debug][command:121c1517-1c12-42b6-bb2b-12f403899288][tid:14][com.facebook.buck.io.ExecutableFinder] Executable '/home/fzq/Android/android-ndk-r10e/toolchains/x86-4.8/prebuilt/linux-x86_64/i686-linux-android/bin/as' mapped to 'Optional.of(/home/fzq/Android/android-ndk-r10e/toolchains/x86-4.8/prebuilt/linux-x86_64/i686-linux-android/bin/as)'
[2015-07-01 14:33:08.134][debug][command:121c1517-1c12-42b6-bb2b-12f403899288][tid:14][com.facebook.buck.io.ExecutableFinder] Executable '/home/fzq/Android/android-ndk-r10e/toolchains/x86-4.8/prebuilt/linux-x86_64/i686-linux-android/bin/gcc' mapped to 'Optional.of(/home/fzq/Android/android-ndk-r10e/toolchains/x86-4.8/prebuilt/linux-x86_64/i686-linux-android/bin/gcc)'
[2015-07-01 14:33:08.134][debug][command:121c1517-1c12-42b6-bb2b-12f403899288][tid:14][com.facebook.buck.io.ExecutableFinder] Executable '/home/fzq/Android/android-ndk-r10e/toolchains/x86-4.8/prebuilt/linux-x86_64/i686-linux-android/bin/gcc' mapped to 'Optional.of(/home/fzq/Android/android-ndk-r10e/toolchains/x86-4.8/prebuilt/linux-x86_64/i686-linux-android/bin/gcc)'
[2015-07-01 14:33:08.135][debug][command:121c1517-1c12-42b6-bb2b-12f403899288][tid:14][com.facebook.buck.io.ExecutableFinder] Executable '/home/fzq/Android/android-ndk-r10e/toolchains/x86-4.8/prebuilt/linux-x86_64/i686-linux-android/bin/gcc' mapped to 'Optional.of(/home/fzq/Android/android-ndk-r10e/toolchains/x86-4.8/prebuilt/linux-x86_64/i686-linux-android/bin/gcc)'
[2015-07-01 14:33:08.137][debug][command:121c1517-1c12-42b6-bb2b-12f403899288][tid:14][com.facebook.buck.io.ExecutableFinder] Executable '/home/fzq/Android/android-ndk-r10e/toolchains/x86-4.8/prebuilt/linux-x86_64/i686-linux-android/bin/g++' mapped to 'Optional.of(/home/fzq/Android/android-ndk-r10e/toolchains/x86-4.8/prebuilt/linux-x86_64/i686-linux-android/bin/g++)'
[2015-07-01 14:33:08.138][debug][command:121c1517-1c12-42b6-bb2b-12f403899288][tid:14][com.facebook.buck.io.ExecutableFinder] Executable '/home/fzq/Android/android-ndk-r10e/toolchains/x86-4.8/prebuilt/linux-x86_64/i686-linux-android/bin/g++' mapped to 'Optional.of(/home/fzq/Android/android-ndk-r10e/toolchains/x86-4.8/prebuilt/linux-x86_64/i686-linux-android/bin/g++)'
[2015-07-01 14:33:08.140][debug][command:121c1517-1c12-42b6-bb2b-12f403899288][tid:14][com.facebook.buck.io.ExecutableFinder] Executable '/home/fzq/Android/android-ndk-r10e/toolchains/x86-4.8/prebuilt/linux-x86_64/i686-linux-android/bin/g++' mapped to 'Optional.of(/home/fzq/Android/android-ndk-r10e/toolchains/x86-4.8/prebuilt/linux-x86_64/i686-linux-android/bin/g++)'
[2015-07-01 14:33:08.141][debug][command:121c1517-1c12-42b6-bb2b-12f403899288][tid:14][com.facebook.buck.io.ExecutableFinder] Executable '/home/fzq/Android/android-ndk-r10e/toolchains/x86-4.8/prebuilt/linux-x86_64/i686-linux-android/bin/ld.gold' mapped to 'Optional.of(/home/fzq/Android/android-ndk-r10e/toolchains/x86-4.8/prebuilt/linux-x86_64/i686-linux-android/bin/ld.gold)'
[2015-07-01 14:33:08.142][debug][command:121c1517-1c12-42b6-bb2b-12f403899288][tid:14][com.facebook.buck.io.ExecutableFinder] Executable '/home/fzq/Android/android-ndk-r10e/toolchains/x86-4.8/prebuilt/linux-x86_64/i686-linux-android/bin/ar' mapped to 'Optional.of(/home/fzq/Android/android-ndk-r10e/toolchains/x86-4.8/prebuilt/linux-x86_64/i686-linux-android/bin/ar)'
[2015-07-01 14:33:08.143][debug][command:121c1517-1c12-42b6-bb2b-12f403899288][tid:14][com.facebook.buck.io.ExecutableFinder] Executable '/home/fzq/Android/android-ndk-r10e/toolchains/x86-4.8/prebuilt/linux-x86_64/i686-linux-android/bin/objcopy' mapped to 'Optional.of(/home/fzq/Android/android-ndk-r10e/toolchains/x86-4.8/prebuilt/linux-x86_64/i686-linux-android/bin/objcopy)'
[2015-07-01 14:33:08.154][debug][command:121c1517-1c12-42b6-bb2b-12f403899288][tid:14][com.facebook.buck.cxx.CxxPlatforms] Using system default C++ platform CxxPlatform{flavor=default, as=com.facebook.buck.cxx.HashedFileTool@4da523ac, asflags=[], aspp=com.facebook.buck.cxx.HashedFileTool@7ab697d1, asppflags=[], cc=com.facebook.buck.cxx.HashedFileTool@3c5a22d0, cflags=[], cxx=com.facebook.buck.cxx.HashedFileTool@30c9f8e0, cxxflags=[], cpp=com.facebook.buck.cxx.HashedFileTool@54151516, cppflags=[], cxxpp=com.facebook.buck.cxx.HashedFileTool@1a53185a, cxxppflags=[], cxxld=com.facebook.buck.cxx.HashedFileTool@7772e562, cxxldflags=[], ld=com.facebook.buck.cxx.GnuLinker@8830d94, ldflags=[], runtimeLdflags={}, ar=com.facebook.buck.cxx.HashedFileTool@74421437, arflags=[], arExpectedGlobalHeader=[33, 60, 97, 114, 99, 104, 62, 10], lex=Optional.of(com.facebook.buck.cxx.HashedFileTool@76d1432d), lexFlags=[], yacc=Optional.of(com.facebook.buck.cxx.HashedFileTool@16e8e160), yaccFlags=[-y], sharedLibraryExtension=so, debugPathSanitizer=com.facebook.buck.cxx.DebugPathSanitizer@617a184}
[2015-07-01 14:33:08.273][debug][command:121c1517-1c12-42b6-bb2b-12f403899288][tid:14][com.facebook.buck.io.ExecutableFinder] Executable 'python2' mapped to 'Optional.of(/usr/bin/python2)'
[2015-07-01 14:33:08.277][debug][command:121c1517-1c12-42b6-bb2b-12f403899288][tid:14][com.facebook.buck.io.ExecutableFinder] Executable 'python2' mapped to 'Optional.of(/usr/bin/python2)'
[2015-07-01 14:33:08.290][debug][command:121c1517-1c12-42b6-bb2b-12f403899288][tid:14][com.facebook.buck.cli.Main] Starting up daemon for project root [/home/fzq/workspace/DesignTest]
[2015-07-01 14:33:08.329][debug][command:121c1517-1c12-42b6-bb2b-12f403899288][tid:14][com.facebook.buck.io.ExecutableFinder] Executable 'python2' mapped to 'Optional.of(/usr/bin/python2)'
[2015-07-01 14:33:08.360][debug][command:121c1517-1c12-42b6-bb2b-12f403899288][tid:14][com.facebook.buck.cli.Main] Using watchman to watch for file changes.
[2015-07-01 14:33:08.476][debug][command:121c1517-1c12-42b6-bb2b-12f403899288][tid:14][com.facebook.buck.event.listener.SuperConsoleEventBusListener] Starting render scheduler (interval 100 ms)
[2015-07-01 14:33:08.493][debug][command:121c1517-1c12-42b6-bb2b-12f403899288][tid:14][com.facebook.buck.io.ExecutableFinder] Executable 'python2' mapped to 'Optional.of(/usr/bin/python2)'
[2015-07-01 14:33:08.526][debug][command:121c1517-1c12-42b6-bb2b-12f403899288][tid:25][com.facebook.buck.event.listener.LoggingBuildListener] CommandStarted(clean, isDaemon: true)
[2015-07-01 14:33:08.526][debug][command:121c1517-1c12-42b6-bb2b-12f403899288][tid:14][com.facebook.buck.util.WatchmanWatcher] Starting watchman command: [watchman, --server-encoding=json, --no-pretty, -j]
[2015-07-01 14:33:08.528][debug][command:121c1517-1c12-42b6-bb2b-12f403899288][tid:14][com.facebook.buck.util.WatchmanWatcher] Writing query to Watchman: ["query","/home/fzq/workspace/DesignTest",{"since":"n:buckdaa6f23c8-2ce2-492c-a667-6dd1e86d67bd","expression":["not",["anyof",["type","d"],["match","buck-out/*","wholename"],["match",".idea/*","wholename"],["match","/home/fzq/workspace/DesignTest/.buckd/*","wholename"],["match","/home/fzq/workspace/DesignTest/buck-cache/*","wholename"],["match",".git/*","wholename"],["match","*.pbxproj","wholename"],["match","*.xcscheme","wholename"],["match","*.xcworkspacedata","wholename"]]],"empty_on_fresh_instance":true,"fields":["name","exists","new"]}]
[2015-07-01 14:33:08.528][debug][command:121c1517-1c12-42b6-bb2b-12f403899288][tid:14][com.facebook.buck.util.WatchmanWatcher] Parsing JSON output from Watchman
[2015-07-01 14:33:08.549][info ][command:121c1517-1c12-42b6-bb2b-12f403899288][tid:14][com.facebook.buck.util.WatchmanWatcher] Fresh watchman instance detected. Posting overflow event to flush caches.
[2015-07-01 14:33:08.550][debug][command:121c1517-1c12-42b6-bb2b-12f403899288][tid:14][com.facebook.buck.parser.Parser] Parser invalidating entire cache on overflow.
[2015-07-01 14:33:08.550][debug][command:121c1517-1c12-42b6-bb2b-12f403899288][tid:14][com.facebook.buck.parser.Parser] Invalidating all cached data.
[2015-07-01 14:33:08.550][debug][command:121c1517-1c12-42b6-bb2b-12f403899288][tid:14][com.facebook.buck.util.DefaultFileHashCache] Invalidating all
[2015-07-01 14:33:08.551][debug][command:121c1517-1c12-42b6-bb2b-12f403899288][tid:14][com.facebook.buck.util.WatchmanWatcher] Posted 0 Watchman events. Waiting for subprocess to exit...
[2015-07-01 14:33:08.551][debug][command:121c1517-1c12-42b6-bb2b-12f403899288][tid:14][com.facebook.buck.util.WatchmanWatcher] Watchman exited cleanly.
[2015-07-01 14:33:08.759][debug][command:121c1517-1c12-42b6-bb2b-12f403899288][tid:14][com.facebook.buck.parser.Parser] Cleaning cache of build files with inputs under symlink []
[2015-07-01 14:33:08.760][debug][command:121c1517-1c12-42b6-bb2b-12f403899288][tid:25][com.facebook.buck.event.listener.LoggingBuildListener] CommandFinished(clean, isDaemon: true)
[2015-07-01 14:33:08.761][debug][command:121c1517-1c12-42b6-bb2b-12f403899288][tid:14][com.facebook.buck.event.listener.SuperConsoleEventBusListener] Stopping render scheduler
[2015-07-01 14:33:08.763][debug][command:121c1517-1c12-42b6-bb2b-12f403899288][tid:14][com.facebook.buck.event.listener.ChromeTraceBuildListener] Writing Chrome trace to buck-out/log/traces/build.2015-07-01.14-33-08.121c1517-1c12-42b6-bb2b-12f403899288.trace
[2015-07-01 14:33:08.864][debug][command:121c1517-1c12-42b6-bb2b-12f403899288][tid:14][com.facebook.buck.cli.Main] Done.
[2015-07-01 14:33:08.865][debug][command:null][tid:14][class com.martiansoftware.nailgun.NGSession] Nail finished.
[2015-07-01 14:33:08.867][debug][command:null][tid:14][class com.martiansoftware.nailgun.NGSession] Closing client streams and socket.
[2015-07-01 14:33:13.900][debug][command:null][tid:17][class com.martiansoftware.nailgun.NGSession] Received connection from 127.0.0.1
[2015-07-01 14:33:13.903][debug][command:null][tid:17][class com.martiansoftware.nailgun.NGSession] Working directory: /home/fzq/workspace/DesignTest
[2015-07-01 14:33:13.903][debug][command:null][tid:17][class com.martiansoftware.nailgun.NGSession] Received command: ng-stats
[2015-07-01 14:33:13.905][debug][command:null][tid:17][class com.martiansoftware.nailgun.NGSession] Invoking main method: public static void com.martiansoftware.nailgun.builtins.NGServerStats.nailMain(com.martiansoftware.nailgun.NGContext)
[2015-07-01 14:33:13.908][debug][command:null][tid:17][class com.martiansoftware.nailgun.NGSession] Nail finished.
[2015-07-01 14:33:13.908][debug][command:null][tid:17][class com.martiansoftware.nailgun.NGSession] Writing exit command with successful status 0 to client.
[2015-07-01 14:33:13.908][debug][command:null][tid:17][class com.martiansoftware.nailgun.NGSession] Closing client streams and socket.
[2015-07-01 14:33:13.912][debug][command:null][tid:26][class com.martiansoftware.nailgun.NGSession] Received connection from 127.0.0.1
[2015-07-01 14:33:13.914][debug][command:null][tid:26][class com.martiansoftware.nailgun.NGSession] Working directory: /home/fzq/workspace/DesignTest
[2015-07-01 14:33:13.916][debug][command:null][tid:26][class com.martiansoftware.nailgun.NGSession] Received command: ng-stats
[2015-07-01 14:33:13.916][debug][command:null][tid:26][class com.martiansoftware.nailgun.NGSession] Invoking main method: public static void com.martiansoftware.nailgun.builtins.NGServerStats.nailMain(com.martiansoftware.nailgun.NGContext)
[2015-07-01 14:33:13.917][debug][command:null][tid:26][class com.martiansoftware.nailgun.NGSession] Nail finished.
[2015-07-01 14:33:13.917][debug][command:null][tid:26][class com.martiansoftware.nailgun.NGSession] Writing exit command with successful status 0 to client.
[2015-07-01 14:33:13.917][debug][command:null][tid:26][class com.martiansoftware.nailgun.NGSession] Closing client streams and socket.
[2015-07-01 14:33:13.920][debug][command:null][tid:29][class com.martiansoftware.nailgun.NGSession] Received connection from 127.0.0.1
[2015-07-01 14:33:13.921][debug][command:null][tid:29][class com.martiansoftware.nailgun.NGSession] Received command line argument: project
[2015-07-01 14:33:13.922][debug][command:null][tid:29][class com.martiansoftware.nailgun.NGSession] Working directory: /home/fzq/workspace/DesignTest
[2015-07-01 14:33:13.922][debug][command:null][tid:29][class com.martiansoftware.nailgun.NGSession] Received command: com.facebook.buck.cli.Main
[2015-07-01 14:33:13.923][debug][command:null][tid:29][class com.martiansoftware.nailgun.NGSession] Invoking main method: public static void com.facebook.buck.cli.Main.nailMain(com.martiansoftware.nailgun.NGContext) throws java.lang.InterruptedException
[2015-07-01 14:33:13.924][debug][command:f0d28419-8494-4d3d-8c3d-4529db1e8481][tid:29][com.facebook.buck.cli.Main] Rotating log.
