[2015-07-01 14:33:13.927][debug][command:f0d28419-8494-4d3d-8c3d-4529db1e8481][tid:29][com.facebook.buck.cli.Main] Starting up (build date 2015-06-17 16:35:48 +0800, rev b19139c16670e7f886b0bce6243fcd7f27c2a1a3), args: [project]
[2015-07-01 14:33:13.949][debug][command:f0d28419-8494-4d3d-8c3d-4529db1e8481][tid:29][com.facebook.buck.cli.BuckConfig] Loaded a configuration file /home/fzq/workspace/DesignTest/.buckconfig: {alias={app=//apps/DesignTest:app}, android={target=Google Inc.:Google APIs:21}, project={ignore=.git}, intellij={default_android_manifest_path=src/main/AndroidManifest.xml, default_android_resource_path=src/main/res}}
[2015-07-01 14:33:13.949][debug][command:f0d28419-8494-4d3d-8c3d-4529db1e8481][tid:29][com.facebook.buck.cli.BuckConfig] Adding configuration overrides: {}
[2015-07-01 14:33:13.951][debug][command:f0d28419-8494-4d3d-8c3d-4529db1e8481][tid:29][com.facebook.buck.cli.BuckConfig] Loaded a configuration file /home/fzq/workspace/DesignTest/.buckconfig: {alias={app=//apps/DesignTest:app}, android={target=Google Inc.:Google APIs:21}, project={ignore=.git}, intellij={default_android_manifest_path=src/main/AndroidManifest.xml, default_android_resource_path=src/main/res}}
[2015-07-01 14:33:13.951][debug][command:f0d28419-8494-4d3d-8c3d-4529db1e8481][tid:29][com.facebook.buck.cli.BuckConfig] Adding configuration overrides: {}
[2015-07-01 14:33:13.952][debug][command:f0d28419-8494-4d3d-8c3d-4529db1e8481][tid:29][com.facebook.buck.io.ExecutableFinder] Executable 'python2' mapped to 'Optional.of(/usr/bin/python2)'
[2015-07-01 14:33:13.956][warn ][command:f0d28419-8494-4d3d-8c3d-4529db1e8481][tid:29][com.facebook.buck.apple.AppleConfig] Could not execute xcode-select, continuing without developer dir.
[2015-07-01 14:33:13.957][debug][command:f0d28419-8494-4d3d-8c3d-4529db1e8481][tid:29][com.facebook.buck.io.ExecutableFinder] Executable '/home/fzq/Android/android-ndk-r10e/toolchains/arm-linux-androideabi-4.8/prebuilt/linux-x86_64/arm-linux-androideabi/bin/as' mapped to 'Optional.of(/home/fzq/Android/android-ndk-r10e/toolchains/arm-linux-androideabi-4.8/prebuilt/linux-x86_64/arm-linux-androideabi/bin/as)'
[2015-07-01 14:33:13.957][debug][command:f0d28419-8494-4d3d-8c3d-4529db1e8481][tid:29][com.facebook.buck.io.ExecutableFinder] Executable '/home/fzq/Android/android-ndk-r10e/toolchains/arm-linux-androideabi-4.8/prebuilt/linux-x86_64/arm-linux-androideabi/bin/gcc' mapped to 'Optional.of(/home/fzq/Android/android-ndk-r10e/toolchains/arm-linux-androideabi-4.8/prebuilt/linux-x86_64/arm-linux-androideabi/bin/gcc)'
[2015-07-01 14:33:13.958][debug][command:f0d28419-8494-4d3d-8c3d-4529db1e8481][tid:29][com.facebook.buck.io.ExecutableFinder] Executable '/home/fzq/Android/android-ndk-r10e/toolchains/arm-linux-androideabi-4.8/prebuilt/linux-x86_64/arm-linux-androideabi/bin/gcc' mapped to 'Optional.of(/home/fzq/Android/android-ndk-r10e/toolchains/arm-linux-androideabi-4.8/prebuilt/linux-x86_64/arm-linux-androideabi/bin/gcc)'
[2015-07-01 14:33:13.958][debug][command:f0d28419-8494-4d3d-8c3d-4529db1e8481][tid:29][com.facebook.buck.io.ExecutableFinder] Executable '/home/fzq/Android/android-ndk-r10e/toolchains/arm-linux-androideabi-4.8/prebuilt/linux-x86_64/arm-linux-androideabi/bin/gcc' mapped to 'Optional.of(/home/fzq/Android/android-ndk-r10e/toolchains/arm-linux-androideabi-4.8/prebuilt/linux-x86_64/arm-linux-androideabi/bin/gcc)'
[2015-07-01 14:33:13.959][debug][command:f0d28419-8494-4d3d-8c3d-4529db1e8481][tid:29][com.facebook.buck.io.ExecutableFinder] Executable '/home/fzq/Android/android-ndk-r10e/toolchains/arm-linux-androideabi-4.8/prebuilt/linux-x86_64/arm-linux-androideabi/bin/g++' mapped to 'Optional.of(/home/fzq/Android/android-ndk-r10e/toolchains/arm-linux-androideabi-4.8/prebuilt/linux-x86_64/arm-linux-androideabi/bin/g++)'
[2015-07-01 14:33:13.959][debug][command:f0d28419-8494-4d3d-8c3d-4529db1e8481][tid:29][com.facebook.buck.io.ExecutableFinder] Executable '/home/fzq/Android/android-ndk-r10e/toolchains/arm-linux-androideabi-4.8/prebuilt/linux-x86_64/arm-linux-androideabi/bin/g++' mapped to 'Optional.of(/home/fzq/Android/android-ndk-r10e/toolchains/arm-linux-androideabi-4.8/prebuilt/linux-x86_64/arm-linux-androideabi/bin/g++)'
[2015-07-01 14:33:13.960][debug][command:f0d28419-8494-4d3d-8c3d-4529db1e8481][tid:29][com.facebook.buck.io.ExecutableFinder] Executable '/home/fzq/Android/android-ndk-r10e/toolchains/arm-linux-androideabi-4.8/prebuilt/linux-x86_64/arm-linux-androideabi/bin/g++' mapped to 'Optional.of(/home/fzq/Android/android-ndk-r10e/toolchains/arm-linux-androideabi-4.8/prebuilt/linux-x86_64/arm-linux-androideabi/bin/g++)'
[2015-07-01 14:33:13.960][debug][command:f0d28419-8494-4d3d-8c3d-4529db1e8481][tid:29][com.facebook.buck.io.ExecutableFinder] Executable '/home/fzq/Android/android-ndk-r10e/toolchains/arm-linux-androideabi-4.8/prebuilt/linux-x86_64/arm-linux-androideabi/bin/ld.gold' mapped to 'Optional.of(/home/fzq/Android/android-ndk-r10e/toolchains/arm-linux-androideabi-4.8/prebuilt/linux-x86_64/arm-linux-androideabi/bin/ld.gold)'
[2015-07-01 14:33:13.960][debug][command:f0d28419-8494-4d3d-8c3d-4529db1e8481][tid:29][com.facebook.buck.io.ExecutableFinder] Executable '/home/fzq/Android/android-ndk-r10e/toolchains/arm-linux-androideabi-4.8/prebuilt/linux-x86_64/arm-linux-androideabi/bin/ar' mapped to 'Optional.of(/home/fzq/Android/android-ndk-r10e/toolchains/arm-linux-androideabi-4.8/prebuilt/linux-x86_64/arm-linux-androideabi/bin/ar)'
[2015-07-01 14:33:13.961][debug][command:f0d28419-8494-4d3d-8c3d-4529db1e8481][tid:29][com.facebook.buck.io.ExecutableFinder] Executable '/home/fzq/Android/android-ndk-r10e/toolchains/arm-linux-androideabi-4.8/prebuilt/linux-x86_64/arm-linux-androideabi/bin/objcopy' mapped to 'Optional.of(/home/fzq/Android/android-ndk-r10e/toolchains/arm-linux-androideabi-4.8/prebuilt/linux-x86_64/arm-linux-androideabi/bin/objcopy)'
[2015-07-01 14:33:13.962][debug][command:f0d28419-8494-4d3d-8c3d-4529db1e8481][tid:29][com.facebook.buck.io.ExecutableFinder] Executable '/home/fzq/Android/android-ndk-r10e/toolchains/arm-linux-androideabi-4.8/prebuilt/linux-x86_64/arm-linux-androideabi/bin/as' mapped to 'Optional.of(/home/fzq/Android/android-ndk-r10e/toolchains/arm-linux-androideabi-4.8/prebuilt/linux-x86_64/arm-linux-androideabi/bin/as)'
[2015-07-01 14:33:13.962][debug][command:f0d28419-8494-4d3d-8c3d-4529db1e8481][tid:29][com.facebook.buck.io.ExecutableFinder] Executable '/home/fzq/Android/android-ndk-r10e/toolchains/arm-linux-androideabi-4.8/prebuilt/linux-x86_64/arm-linux-androideabi/bin/gcc' mapped to 'Optional.of(/home/fzq/Android/android-ndk-r10e/toolchains/arm-linux-androideabi-4.8/prebuilt/linux-x86_64/arm-linux-androideabi/bin/gcc)'
[2015-07-01 14:33:13.962][debug][command:f0d28419-8494-4d3d-8c3d-4529db1e8481][tid:29][com.facebook.buck.io.ExecutableFinder] Executable '/home/fzq/Android/android-ndk-r10e/toolchains/arm-linux-androideabi-4.8/prebuilt/linux-x86_64/arm-linux-androideabi/bin/gcc' mapped to 'Optional.of(/home/fzq/Android/android-ndk-r10e/toolchains/arm-linux-androideabi-4.8/prebuilt/linux-x86_64/arm-linux-androideabi/bin/gcc)'
[2015-07-01 14:33:13.963][debug][command:f0d28419-8494-4d3d-8c3d-4529db1e8481][tid:29][com.facebook.buck.io.ExecutableFinder] Executable '/home/fzq/Android/android-ndk-r10e/toolchains/arm-linux-androideabi-4.8/prebuilt/linux-x86_64/arm-linux-androideabi/bin/gcc' mapped to 'Optional.of(/home/fzq/Android/android-ndk-r10e/toolchains/arm-linux-androideabi-4.8/prebuilt/linux-x86_64/arm-linux-androideabi/bin/gcc)'
[2015-07-01 14:33:13.963][debug][command:f0d28419-8494-4d3d-8c3d-4529db1e8481][tid:29][com.facebook.buck.io.ExecutableFinder] Executable '/home/fzq/Android/android-ndk-r10e/toolchains/arm-linux-androideabi-4.8/prebuilt/linux-x86_64/arm-linux-androideabi/bin/g++' mapped to 'Optional.of(/home/fzq/Android/android-ndk-r10e/toolchains/arm-linux-androideabi-4.8/prebuilt/linux-x86_64/arm-linux-androideabi/bin/g++)'
[2015-07-01 14:33:13.964][debug][command:f0d28419-8494-4d3d-8c3d-4529db1e8481][tid:29][com.facebook.buck.io.ExecutableFinder] Executable '/home/fzq/Android/android-ndk-r10e/toolchains/arm-linux-androideabi-4.8/prebuilt/linux-x86_64/arm-linux-androideabi/bin/g++' mapped to 'Optional.of(/home/fzq/Android/android-ndk-r10e/toolchains/arm-linux-androideabi-4.8/prebuilt/linux-x86_64/arm-linux-androideabi/bin/g++)'
[2015-07-01 14:33:13.964][debug][command:f0d28419-8494-4d3d-8c3d-4529db1e8481][tid:29][com.facebook.buck.io.ExecutableFinder] Executable '/home/fzq/Android/android-ndk-r10e/toolchains/arm-linux-androideabi-4.8/prebuilt/linux-x86_64/arm-linux-androideabi/bin/g++' mapped to 'Optional.of(/home/fzq/Android/android-ndk-r10e/toolchains/arm-linux-androideabi-4.8/prebuilt/linux-x86_64/arm-linux-androideabi/bin/g++)'
[2015-07-01 14:33:13.965][debug][command:f0d28419-8494-4d3d-8c3d-4529db1e8481][tid:29][com.facebook.buck.io.ExecutableFinder] Executable '/home/fzq/Android/android-ndk-r10e/toolchains/arm-linux-androideabi-4.8/prebuilt/linux-x86_64/arm-linux-androideabi/bin/ld.gold' mapped to 'Optional.of(/home/fzq/Android/android-ndk-r10e/toolchains/arm-linux-androideabi-4.8/prebuilt/linux-x86_64/arm-linux-androideabi/bin/ld.gold)'
[2015-07-01 14:33:13.965][debug][command:f0d28419-8494-4d3d-8c3d-4529db1e8481][tid:29][com.facebook.buck.io.ExecutableFinder] Executable '/home/fzq/Android/android-ndk-r10e/toolchains/arm-linux-androideabi-4.8/prebuilt/linux-x86_64/arm-linux-androideabi/bin/ar' mapped to 'Optional.of(/home/fzq/Android/android-ndk-r10e/toolchains/arm-linux-androideabi-4.8/prebuilt/linux-x86_64/arm-linux-androideabi/bin/ar)'
[2015-07-01 14:33:13.966][debug][command:f0d28419-8494-4d3d-8c3d-4529db1e8481][tid:29][com.facebook.buck.io.ExecutableFinder] Executable '/home/fzq/Android/android-ndk-r10e/toolchains/arm-linux-androideabi-4.8/prebuilt/linux-x86_64/arm-linux-androideabi/bin/objcopy' mapped to 'Optional.of(/home/fzq/Android/android-ndk-r10e/toolchains/arm-linux-androideabi-4.8/prebuilt/linux-x86_64/arm-linux-androideabi/bin/objcopy)'
[2015-07-01 14:33:13.967][debug][command:f0d28419-8494-4d3d-8c3d-4529db1e8481][tid:29][com.facebook.buck.io.ExecutableFinder] Executable '/home/fzq/Android/android-ndk-r10e/toolchains/x86-4.8/prebuilt/linux-x86_64/i686-linux-android/bin/as' mapped to 'Optional.of(/home/fzq/Android/android-ndk-r10e/toolchains/x86-4.8/prebuilt/linux-x86_64/i686-linux-android/bin/as)'
[2015-07-01 14:33:13.967][debug][command:f0d28419-8494-4d3d-8c3d-4529db1e8481][tid:29][com.facebook.buck.io.ExecutableFinder] Executable '/home/fzq/Android/android-ndk-r10e/toolchains/x86-4.8/prebuilt/linux-x86_64/i686-linux-android/bin/gcc' mapped to 'Optional.of(/home/fzq/Android/android-ndk-r10e/toolchains/x86-4.8/prebuilt/linux-x86_64/i686-linux-android/bin/gcc)'
[2015-07-01 14:33:13.967][debug][command:f0d28419-8494-4d3d-8c3d-4529db1e8481][tid:29][com.facebook.buck.io.ExecutableFinder] Executable '/home/fzq/Android/android-ndk-r10e/toolchains/x86-4.8/prebuilt/linux-x86_64/i686-linux-android/bin/gcc' mapped to 'Optional.of(/home/fzq/Android/android-ndk-r10e/toolchains/x86-4.8/prebuilt/linux-x86_64/i686-linux-android/bin/gcc)'
[2015-07-01 14:33:13.968][debug][command:f0d28419-8494-4d3d-8c3d-4529db1e8481][tid:29][com.facebook.buck.io.ExecutableFinder] Executable '/home/fzq/Android/android-ndk-r10e/toolchains/x86-4.8/prebuilt/linux-x86_64/i686-linux-android/bin/gcc' mapped to 'Optional.of(/home/fzq/Android/android-ndk-r10e/toolchains/x86-4.8/prebuilt/linux-x86_64/i686-linux-android/bin/gcc)'
[2015-07-01 14:33:13.969][debug][command:f0d28419-8494-4d3d-8c3d-4529db1e8481][tid:29][com.facebook.buck.io.ExecutableFinder] Executable '/home/fzq/Android/android-ndk-r10e/toolchains/x86-4.8/prebuilt/linux-x86_64/i686-linux-android/bin/g++' mapped to 'Optional.of(/home/fzq/Android/android-ndk-r10e/toolchains/x86-4.8/prebuilt/linux-x86_64/i686-linux-android/bin/g++)'
[2015-07-01 14:33:13.969][debug][command:f0d28419-8494-4d3d-8c3d-4529db1e8481][tid:29][com.facebook.buck.io.ExecutableFinder] Executable '/home/fzq/Android/android-ndk-r10e/toolchains/x86-4.8/prebuilt/linux-x86_64/i686-linux-android/bin/g++' mapped to 'Optional.of(/home/fzq/Android/android-ndk-r10e/toolchains/x86-4.8/prebuilt/linux-x86_64/i686-linux-android/bin/g++)'
[2015-07-01 14:33:13.970][debug][command:f0d28419-8494-4d3d-8c3d-4529db1e8481][tid:29][com.facebook.buck.io.ExecutableFinder] Executable '/home/fzq/Android/android-ndk-r10e/toolchains/x86-4.8/prebuilt/linux-x86_64/i686-linux-android/bin/g++' mapped to 'Optional.of(/home/fzq/Android/android-ndk-r10e/toolchains/x86-4.8/prebuilt/linux-x86_64/i686-linux-android/bin/g++)'
[2015-07-01 14:33:13.970][debug][command:f0d28419-8494-4d3d-8c3d-4529db1e8481][tid:29][com.facebook.buck.io.ExecutableFinder] Executable '/home/fzq/Android/android-ndk-r10e/toolchains/x86-4.8/prebuilt/linux-x86_64/i686-linux-android/bin/ld.gold' mapped to 'Optional.of(/home/fzq/Android/android-ndk-r10e/toolchains/x86-4.8/prebuilt/linux-x86_64/i686-linux-android/bin/ld.gold)'
[2015-07-01 14:33:13.971][debug][command:f0d28419-8494-4d3d-8c3d-4529db1e8481][tid:29][com.facebook.buck.io.ExecutableFinder] Executable '/home/fzq/Android/android-ndk-r10e/toolchains/x86-4.8/prebuilt/linux-x86_64/i686-linux-android/bin/ar' mapped to 'Optional.of(/home/fzq/Android/android-ndk-r10e/toolchains/x86-4.8/prebuilt/linux-x86_64/i686-linux-android/bin/ar)'
[2015-07-01 14:33:13.971][debug][command:f0d28419-8494-4d3d-8c3d-4529db1e8481][tid:29][com.facebook.buck.io.ExecutableFinder] Executable '/home/fzq/Android/android-ndk-r10e/toolchains/x86-4.8/prebuilt/linux-x86_64/i686-linux-android/bin/objcopy' mapped to 'Optional.of(/home/fzq/Android/android-ndk-r10e/toolchains/x86-4.8/prebuilt/linux-x86_64/i686-linux-android/bin/objcopy)'
[2015-07-01 14:33:13.972][debug][command:f0d28419-8494-4d3d-8c3d-4529db1e8481][tid:29][com.facebook.buck.cxx.CxxPlatforms] Using system default C++ platform CxxPlatform{flavor=default, as=com.facebook.buck.cxx.HashedFileTool@66c4cc1e, asflags=[], aspp=com.facebook.buck.cxx.HashedFileTool@6dbeb704, asppflags=[], cc=com.facebook.buck.cxx.HashedFileTool@295a95e4, cflags=[], cxx=com.facebook.buck.cxx.HashedFileTool@636bb058, cxxflags=[], cpp=com.facebook.buck.cxx.HashedFileTool@230f3417, cppflags=[], cxxpp=com.facebook.buck.cxx.HashedFileTool@3b11a1e5, cxxppflags=[], cxxld=com.facebook.buck.cxx.HashedFileTool@4699e6d6, cxxldflags=[], ld=com.facebook.buck.cxx.GnuLinker@78ce772d, ldflags=[], runtimeLdflags={}, ar=com.facebook.buck.cxx.HashedFileTool@223b4baf, arflags=[], arExpectedGlobalHeader=[33, 60, 97, 114, 99, 104, 62, 10], lex=Optional.of(com.facebook.buck.cxx.HashedFileTool@1493c884), lexFlags=[], yacc=Optional.of(com.facebook.buck.cxx.HashedFileTool@1db53396), yaccFlags=[-y], sharedLibraryExtension=so, debugPathSanitizer=com.facebook.buck.cxx.DebugPathSanitizer@617a184}
[2015-07-01 14:33:13.974][debug][command:f0d28419-8494-4d3d-8c3d-4529db1e8481][tid:29][com.facebook.buck.io.ExecutableFinder] Executable 'python2' mapped to 'Optional.of(/usr/bin/python2)'
[2015-07-01 14:33:13.975][debug][command:f0d28419-8494-4d3d-8c3d-4529db1e8481][tid:29][com.facebook.buck.io.ExecutableFinder] Executable 'python2' mapped to 'Optional.of(/usr/bin/python2)'
[2015-07-01 14:33:13.976][debug][command:f0d28419-8494-4d3d-8c3d-4529db1e8481][tid:29][com.facebook.buck.event.listener.SuperConsoleEventBusListener] Starting render scheduler (interval 100 ms)
[2015-07-01 14:33:13.981][debug][command:f0d28419-8494-4d3d-8c3d-4529db1e8481][tid:29][com.facebook.buck.io.ExecutableFinder] Executable 'python2' mapped to 'Optional.of(/usr/bin/python2)'
[2015-07-01 14:33:13.986][debug][command:f0d28419-8494-4d3d-8c3d-4529db1e8481][tid:29][com.facebook.buck.util.WatchmanWatcher] Starting watchman command: [watchman, --server-encoding=json, --no-pretty, -j]
[2015-07-01 14:33:13.986][debug][command:f0d28419-8494-4d3d-8c3d-4529db1e8481][tid:37][com.facebook.buck.event.listener.LoggingBuildListener] CommandStarted(project, isDaemon: true)
[2015-07-01 14:33:13.994][debug][command:f0d28419-8494-4d3d-8c3d-4529db1e8481][tid:29][com.facebook.buck.util.WatchmanWatcher] Writing query to Watchman: ["query","/home/fzq/workspace/DesignTest",{"since":"n:buckdaa6f23c8-2ce2-492c-a667-6dd1e86d67bd","expression":["not",["anyof",["type","d"],["match","buck-out/*","wholename"],["match",".idea/*","wholename"],["match","/home/fzq/workspace/DesignTest/.buckd/*","wholename"],["match","/home/fzq/workspace/DesignTest/buck-cache/*","wholename"],["match",".git/*","wholename"],["match","*.pbxproj","wholename"],["match","*.xcscheme","wholename"],["match","*.xcworkspacedata","wholename"]]],"empty_on_fresh_instance":true,"fields":["name","exists","new"]}]
[2015-07-01 14:33:13.994][debug][command:f0d28419-8494-4d3d-8c3d-4529db1e8481][tid:29][com.facebook.buck.util.WatchmanWatcher] Parsing JSON output from Watchman
[2015-07-01 14:33:13.998][debug][command:f0d28419-8494-4d3d-8c3d-4529db1e8481][tid:29][com.facebook.buck.parser.Parser] Parsed build files does not contain /home/fzq/workspace/DesignTest/.buckd/buckd.runcount, not invalidating
[2015-07-01 14:33:13.999][debug][command:f0d28419-8494-4d3d-8c3d-4529db1e8481][tid:29][com.facebook.buck.parser.Parser] Removing targets [] for path /home/fzq/workspace/DesignTest/.buckd/buckd.runcount
[2015-07-01 14:33:14.005][debug][command:f0d28419-8494-4d3d-8c3d-4529db1e8481][tid:29][com.facebook.buck.parser.Parser] Parsed build files does not contain /home/fzq/workspace/DesignTest/.buckd/tmp/buck_run.DTb38z/ngserver-out, not invalidating
[2015-07-01 14:33:14.006][debug][command:f0d28419-8494-4d3d-8c3d-4529db1e8481][tid:29][com.facebook.buck.parser.Parser] Removing targets [] for path /home/fzq/workspace/DesignTest/.buckd/tmp/buck_run.DTb38z/ngserver-out
[2015-07-01 14:33:14.006][debug][command:f0d28419-8494-4d3d-8c3d-4529db1e8481][tid:29][com.facebook.buck.util.WatchmanWatcher] Posted 2 Watchman events. Waiting for subprocess to exit...
[2015-07-01 14:33:14.006][debug][command:f0d28419-8494-4d3d-8c3d-4529db1e8481][tid:29][com.facebook.buck.util.WatchmanWatcher] Watchman exited cleanly.
[2015-07-01 14:33:14.063][debug][command:f0d28419-8494-4d3d-8c3d-4529db1e8481][tid:29][com.facebook.buck.parser.Parser] Parser invalidating entire cache on default include change.
[2015-07-01 14:33:14.063][debug][command:f0d28419-8494-4d3d-8c3d-4529db1e8481][tid:29][com.facebook.buck.parser.Parser] Invalidating all cached data.
[2015-07-01 14:33:14.063][debug][command:f0d28419-8494-4d3d-8c3d-4529db1e8481][tid:29][com.facebook.buck.parser.Parser] Invalidating all cached data.
[2015-07-01 14:33:14.063][debug][command:f0d28419-8494-4d3d-8c3d-4529db1e8481][tid:29][com.facebook.buck.parser.Parser] Parsing BUCK file: /home/fzq/workspace/DesignTest/libs/BUCK
[2015-07-01 14:33:14.064][debug][command:f0d28419-8494-4d3d-8c3d-4529db1e8481][tid:29][com.facebook.buck.json.ProjectBuildFileParser] Creating temporary buck.py instance...
[2015-07-01 14:33:14.064][debug][command:f0d28419-8494-4d3d-8c3d-4529db1e8481][tid:37][com.facebook.buck.event.listener.LoggingBuildListener] BuckFilesParseStarted()
[2015-07-01 14:33:14.167][debug][command:f0d28419-8494-4d3d-8c3d-4529db1e8481][tid:29][com.facebook.buck.json.ProjectBuildFileParser] Created temporary buck.py instance at /home/fzq/workspace/DesignTest/.buckd/tmp/buck_run.DTb38z/buck862011837477072074.py.
[2015-07-01 14:33:14.169][debug][command:f0d28419-8494-4d3d-8c3d-4529db1e8481][tid:29][com.facebook.buck.json.ProjectBuildFileParser] Starting buck.py command: [/usr/bin/python2, -u, /home/fzq/workspace/DesignTest/.buckd/tmp/buck_run.DTb38z/buck862011837477072074.py, --allow_empty_globs, --project_root, /home/fzq/workspace/DesignTest, --build_file_name, BUCK] environment: {PATH=/home/fzq/Android/Sdk/platform-tools:/home/fzq/android/tools/android-studio/gradle/gradle-2.2.1/bin:/home/fzq/android/tools/apache-ant-1.9.5/bin:/home/fzq/android/tools/linuxbrew/bin:/home/fzq/Android/android-ndk-r10e:/home/fzq/android/tools/idea-IC-141.1010.3/bin:/home/fzq/bin:/usr/local/bin:/home/fzq/Android/Sdk/platform-tools:/home/fzq/android/tools/android-studio/gradle/gradle-2.2.1/bin:/home/fzq/android/tools/apache-ant-1.9.5/bin:/home/fzq/android/tools/linuxbrew/bin:/home/fzq/Android/android-ndk-r10e:/home/fzq/android/tools/idea-IC-141.1010.3/bin:/home/fzq/bin:/usr/local/bin:/usr/local/sbin:/usr/local/bin:/usr/sbin:/usr/bin:/sbin:/bin:/usr/games:/usr/local/games:/home/fzq/android/tools/infer-linux64-v0.1.1/infer/infer/bin:/home/fzq/android/tools/infer-linux64-v0.1.1/infer/infer/bin, LC_MEASUREMENT=zh_CN.UTF-8, XAUTHORITY=/home/fzq/.Xauthority, XMODIFIERS=@im=fcitx, LC_TELEPHONE=zh_CN.UTF-8, XDG_DATA_DIRS=/usr/share/ubuntu:/usr/share/gnome:/usr/local/share/:/usr/share/, GDMSESSION=ubuntu, MANDATORY_PATH=/usr/share/gconf/ubuntu.mandatory.path, LC_TIME=zh_CN.UTF-8, TEXTDOMAINDIR=/usr/share/locale/, GTK_IM_MODULE=fcitx, DBUS_SESSION_BUS_ADDRESS=unix:abstract=/tmp/dbus-ZuwDMUi8oz, DEFAULTS_PATH=/usr/share/gconf/ubuntu.default.path, ANDROID_HOME=/home/fzq/Android/Sdk, XDG_CURRENT_DESKTOP=Unity, LD_LIBRARY_PATH=/home/fzq/android/tools/idea-IC-141.1010.3/bin:, COLORTERM=gnome-terminal, QT4_IM_MODULE=fcitx, UPSTART_SESSION=unix:abstract=/com/ubuntu/upstart-session/1000/1797, LC_PAPER=zh_CN.UTF-8, LOGNAME=fzq, PWD=/home/fzq/workspace/DesignTest, JOB=gnome-session, IM_CONFIG_PHASE=1, LANGUAGE=en_US, WINDOWID=71303180, SHELL=/bin/zsh, LC_ADDRESS=zh_CN.UTF-8, PAGER=less, INSTANCE=Unity, ANDROID_NDK=/home/fzq/Android/android-ndk-r10e, ZSH=/home/fzq/.oh-my-zsh, GNOME_DESKTOP_SESSION_ID=this-is-deprecated, UPSTART_INSTANCE=, GTK_MODULES=overlay-scrollbar:unity-gtk-module, CLUTTER_IM_MODULE=xim, XDG_SESSION_PATH=/org/freedesktop/DisplayManager/Session0, TEXTDOMAIN=im-config, LESS=-R, SESSIONTYPE=gnome-session, LC_CTYPE=en_US.UTF-8, SHLVL=2, LC_IDENTIFICATION=zh_CN.UTF-8, LC_MONETARY=zh_CN.UTF-8, NAILGUN_TTY_2=1, NAILGUN_TTY_1=1, COMPIZ_CONFIG_PROFILE=ubuntu, UPSTART_JOB=unity-settings-daemon, QT_IM_MODULE=xim, NAILGUN_TTY_0=1, TERM=xterm-256color, NAILGUN_FILESEPARATOR=/, XDG_CONFIG_DIRS=/etc/xdg/xdg-ubuntu:/usr/share/upstart/xdg:/etc/xdg, XFILESEARCHPATH=/usr/dt/app-defaults/%L/Dt, GNOME_KEYRING_CONTROL=/run/user/1000/keyring-Vwv52h, XDG_SEAT_PATH=/org/freedesktop/DisplayManager/Seat0, LANG=en_US.UTF-8, XDG_SESSION_ID=c2, GRADLE_HOME=/home/fzq/android/tools/android-studio/gradle/gradle-2.2.1, SELINUX_INIT=YES, ANT_HOME=/home/fzq/android/tools/apache-ant-1.9.5, DISPLAY=:0, BREW_HOME=/home/fzq/android/tools/linuxbrew, LC_NAME=zh_CN.UTF-8, NAILGUN_PATHSEPARATOR=:, INTELLIJ_HOME=/home/fzq/android/tools/idea-IC-141.1010.3, GDM_LANG=en_US, LSCOLORS=Gxfxcxdxbxegedabagacad, XDG_GREETER_DATA_DIR=/var/lib/lightdm-data/fzq, UPSTART_EVENTS=started starting, DESKTOP_SESSION=ubuntu, GPG_AGENT_INFO=/run/user/1000/keyring-Vwv52h/gpg:0:1, USER=fzq, VTE_VERSION=3409, LC_NUMERIC=zh_CN.UTF-8, XDG_SEAT=seat0, SSH_AUTH_SOCK=/run/user/1000/keyring-Vwv52h/ssh, NLSPATH=/usr/dt/lib/nls/msg/%L/%N.cat, QT_QPA_PLATFORMTHEME=appmenu-qt5, XDG_RUNTIME_DIR=/run/user/1000, XDG_VTNR=7, HOME=/home/fzq, GNOME_KEYRING_PID=1794}
[2015-07-01 14:33:14.174][debug][command:f0d28419-8494-4d3d-8c3d-4529db1e8481][tid:29][com.facebook.buck.json.ProjectBuildFileParser] Started process java.lang.UNIXProcess@a945747 successfully
[2015-07-01 14:33:14.235][debug][command:f0d28419-8494-4d3d-8c3d-4529db1e8481][tid:29][com.facebook.buck.json.ProjectBuildFileParser] Parsing output of process java.lang.UNIXProcess@a945747...
[2015-07-01 14:33:14.288][debug][command:f0d28419-8494-4d3d-8c3d-4529db1e8481][tid:29][com.facebook.buck.json.ProjectBuildFileParser] Parsed 8 rules from process
[2015-07-01 14:33:14.307][debug][command:f0d28419-8494-4d3d-8c3d-4529db1e8481][tid:29][com.facebook.buck.parser.Parser] Parsing BUCK file: /home/fzq/workspace/DesignTest/app/BUCK
[2015-07-01 14:33:14.311][debug][command:f0d28419-8494-4d3d-8c3d-4529db1e8481][tid:29][com.facebook.buck.json.ProjectBuildFileParser] Parsing output of process java.lang.UNIXProcess@a945747...
[2015-07-01 14:33:14.315][debug][command:f0d28419-8494-4d3d-8c3d-4529db1e8481][tid:29][com.facebook.buck.json.ProjectBuildFileParser] Parsed 9 rules from process
[2015-07-01 14:33:14.332][debug][command:f0d28419-8494-4d3d-8c3d-4529db1e8481][tid:37][com.facebook.buck.event.listener.LoggingBuildListener] ParseStarted(//libs:jars__buck-android-support.jar, //libs:support-v13, //libs:support-v4, //libs:appcompat, //libs:all-jars, //libs:project_config, //libs:android-design, //app:src, //app:project_config, //app:res, //app:app, //app:build-config, //app:debug_keystore, //app:manifest, //app:application-lib)
[2015-07-01 14:33:14.343][debug][command:f0d28419-8494-4d3d-8c3d-4529db1e8481][tid:37][com.facebook.buck.event.listener.LoggingBuildListener] ParseFinished(//libs:jars__buck-android-support.jar, //libs:support-v13, //libs:support-v4, //libs:appcompat, //libs:all-jars, //libs:project_config, //libs:android-design, //app:src, //app:project_config, //app:res, //app:app, //app:build-config, //app:debug_keystore, //app:manifest, //app:application-lib)
[2015-07-01 14:33:14.348][debug][command:f0d28419-8494-4d3d-8c3d-4529db1e8481][tid:29][com.facebook.buck.json.ProjectBuildFileParser] Waiting for process java.lang.UNIXProcess@a945747 to exit...
[2015-07-01 14:33:14.348][debug][command:f0d28419-8494-4d3d-8c3d-4529db1e8481][tid:29][com.facebook.buck.json.ProjectBuildFileParser] Process java.lang.UNIXProcess@a945747 exited cleanly.
[2015-07-01 14:33:14.349][debug][command:f0d28419-8494-4d3d-8c3d-4529db1e8481][tid:37][com.facebook.buck.event.listener.LoggingBuildListener] BuckFilesParseFinished()
[2015-07-01 14:33:14.373][debug][command:f0d28419-8494-4d3d-8c3d-4529db1e8481][tid:29][com.facebook.buck.parser.Parser] Not parsing BUCK file (already in cache)
[2015-07-01 14:33:14.374][debug][command:f0d28419-8494-4d3d-8c3d-4529db1e8481][tid:29][com.facebook.buck.parser.Parser] Not parsing BUCK file (already in cache)
[2015-07-01 14:33:14.374][debug][command:f0d28419-8494-4d3d-8c3d-4529db1e8481][tid:37][com.facebook.buck.event.listener.LoggingBuildListener] ParseStarted(//libs:jars__buck-android-support.jar, //libs:support-v13, //libs:support-v4, //libs:appcompat, //libs:all-jars, //libs:project_config, //libs:android-design, //app:src, //app:project_config, //app:res, //app:app, //app:build-config, //app:debug_keystore, //app:manifest, //app:application-lib)
[2015-07-01 14:33:14.377][debug][command:f0d28419-8494-4d3d-8c3d-4529db1e8481][tid:37][com.facebook.buck.event.listener.LoggingBuildListener] ParseFinished(//libs:jars__buck-android-support.jar, //libs:support-v13, //libs:support-v4, //libs:appcompat, //libs:all-jars, //libs:project_config, //libs:android-design, //app:src, //app:project_config, //app:res, //app:app, //app:build-config, //app:debug_keystore, //app:manifest, //app:application-lib)
[2015-07-01 14:33:14.377][debug][command:f0d28419-8494-4d3d-8c3d-4529db1e8481][tid:37][com.facebook.buck.event.listener.LoggingBuildListener] BuckFilesParseFinished()
[2015-07-01 14:33:14.387][debug][command:f0d28419-8494-4d3d-8c3d-4529db1e8481][tid:37][com.facebook.buck.event.listener.LoggingBuildListener] BuildActionGraphStarted()
[2015-07-01 14:33:14.469][debug][command:f0d28419-8494-4d3d-8c3d-4529db1e8481][tid:37][com.facebook.buck.event.listener.LoggingBuildListener] BuildActionGraphFinished()
[2015-07-01 14:33:14.479][debug][command:f0d28419-8494-4d3d-8c3d-4529db1e8481][tid:29][com.facebook.buck.io.ExecutableFinder] Executable 'python2' mapped to 'Optional.of(/usr/bin/python2)'
[2015-07-01 14:33:14.590][debug][command:f0d28419-8494-4d3d-8c3d-4529db1e8481][tid:29][com.facebook.buck.shell.ShellStep] Command: /usr/bin/python2 /home/fzq/android/tools/buck/src/com/facebook/buck/command/intellij.py /home/fzq/workspace/DesignTest/.buckd/tmp/buck_run.DTb38z/1435732394479-0/project.json
[2015-07-01 14:33:14.633][debug][command:f0d28419-8494-4d3d-8c3d-4529db1e8481][tid:29][com.facebook.buck.parser.Parser] Cleaning cache of build files with inputs under symlink []
[2015-07-01 14:33:14.634][debug][command:f0d28419-8494-4d3d-8c3d-4529db1e8481][tid:37][com.facebook.buck.event.listener.LoggingBuildListener] CommandFinished(project, isDaemon: true)
[2015-07-01 14:33:14.635][debug][command:f0d28419-8494-4d3d-8c3d-4529db1e8481][tid:29][com.facebook.buck.event.listener.SuperConsoleEventBusListener] Stopping render scheduler
[2015-07-01 14:33:14.636][debug][command:f0d28419-8494-4d3d-8c3d-4529db1e8481][tid:29][com.facebook.buck.event.listener.SuperConsoleEventBusListener] Stopping console output (stdout dirty true, stderr dirty true).
[2015-07-01 14:33:14.636][debug][command:f0d28419-8494-4d3d-8c3d-4529db1e8481][tid:29][com.facebook.buck.event.listener.SuperConsoleEventBusListener] Stopping render scheduler
[2015-07-01 14:33:14.637][debug][command:f0d28419-8494-4d3d-8c3d-4529db1e8481][tid:29][com.facebook.buck.event.listener.ChromeTraceBuildListener] Writing Chrome trace to buck-out/log/traces/build.2015-07-01.14-33-14.f0d28419-8494-4d3d-8c3d-4529db1e8481.trace
[2015-07-01 14:33:14.653][debug][command:f0d28419-8494-4d3d-8c3d-4529db1e8481][tid:29][com.facebook.buck.cli.Main] Done.
[2015-07-01 14:33:14.654][debug][command:null][tid:29][class com.martiansoftware.nailgun.NGSession] Nail finished.
[2015-07-01 14:33:14.654][debug][command:null][tid:29][class com.martiansoftware.nailgun.NGSession] Closing client streams and socket.
[2015-07-01 14:33:19.396][debug][command:null][tid:31][class com.martiansoftware.nailgun.NGSession] Received connection from 127.0.0.1
[2015-07-01 14:33:19.397][debug][command:null][tid:31][class com.martiansoftware.nailgun.NGSession] Working directory: /home/fzq/workspace/DesignTest
[2015-07-01 14:33:19.397][debug][command:null][tid:31][class com.martiansoftware.nailgun.NGSession] Received command: ng-stats
[2015-07-01 14:33:19.398][debug][command:null][tid:31][class com.martiansoftware.nailgun.NGSession] Invoking main method: public static void com.martiansoftware.nailgun.builtins.NGServerStats.nailMain(com.martiansoftware.nailgun.NGContext)
[2015-07-01 14:33:19.398][debug][command:null][tid:31][class com.martiansoftware.nailgun.NGSession] Nail finished.
[2015-07-01 14:33:19.399][debug][command:null][tid:31][class com.martiansoftware.nailgun.NGSession] Writing exit command with successful status 0 to client.
[2015-07-01 14:33:19.399][debug][command:null][tid:31][class com.martiansoftware.nailgun.NGSession] Closing client streams and socket.
[2015-07-01 14:33:19.402][debug][command:null][tid:42][class com.martiansoftware.nailgun.NGSession] Received connection from 127.0.0.1
[2015-07-01 14:33:19.403][debug][command:null][tid:42][class com.martiansoftware.nailgun.NGSession] Working directory: /home/fzq/workspace/DesignTest
[2015-07-01 14:33:19.403][debug][command:null][tid:42][class com.martiansoftware.nailgun.NGSession] Received command: ng-stats
[2015-07-01 14:33:19.404][debug][command:null][tid:42][class com.martiansoftware.nailgun.NGSession] Invoking main method: public static void com.martiansoftware.nailgun.builtins.NGServerStats.nailMain(com.martiansoftware.nailgun.NGContext)
[2015-07-01 14:33:19.405][debug][command:null][tid:42][class com.martiansoftware.nailgun.NGSession] Nail finished.
[2015-07-01 14:33:19.405][debug][command:null][tid:42][class com.martiansoftware.nailgun.NGSession] Writing exit command with successful status 0 to client.
[2015-07-01 14:33:19.406][debug][command:null][tid:42][class com.martiansoftware.nailgun.NGSession] Closing client streams and socket.
[2015-07-01 14:33:19.408][debug][command:null][tid:43][class com.martiansoftware.nailgun.NGSession] Received connection from 127.0.0.1
[2015-07-01 14:33:19.408][debug][command:null][tid:43][class com.martiansoftware.nailgun.NGSession] Received command line argument: install
[2015-07-01 14:33:19.410][debug][command:null][tid:43][class com.martiansoftware.nailgun.NGSession] Received command line argument: -r
[2015-07-01 14:33:19.410][debug][command:null][tid:43][class com.martiansoftware.nailgun.NGSession] Received command line argument: app:app
[2015-07-01 14:33:19.412][debug][command:null][tid:43][class com.martiansoftware.nailgun.NGSession] Working directory: /home/fzq/workspace/DesignTest
[2015-07-01 14:33:19.412][debug][command:null][tid:43][class com.martiansoftware.nailgun.NGSession] Received command: com.facebook.buck.cli.Main
[2015-07-01 14:33:19.415][debug][command:null][tid:43][class com.martiansoftware.nailgun.NGSession] Invoking main method: public static void com.facebook.buck.cli.Main.nailMain(com.martiansoftware.nailgun.NGContext) throws java.lang.InterruptedException
[2015-07-01 14:33:19.416][debug][command:ad8dc3fa-af31-4114-9eff-1ed39e372ad4][tid:43][com.facebook.buck.cli.Main] Rotating log.
