[2015-07-01 14:27:34.143][debug][command:5753c20e-3ce3-488c-89cb-36e6f62c9890][tid:14][com.facebook.buck.cli.Main] Starting up (build date 2015-06-17 16:35:48 +0800, rev b19139c16670e7f886b0bce6243fcd7f27c2a1a3), args: [clean]
[2015-07-01 14:27:34.267][debug][command:5753c20e-3ce3-488c-89cb-36e6f62c9890][tid:14][com.facebook.buck.cli.BuckConfig] Loaded a configuration file /home/fzq/workspace/DesignTest/.buckconfig: {alias={app=//apps/DesignTest:app}, android={target=Google Inc.:Google APIs:21}, project={ignore=.git}, intellij={default_android_manifest_path=src/main/AndroidManifest.xml, default_android_resource_path=src/main/res}}
[2015-07-01 14:27:34.267][debug][command:5753c20e-3ce3-488c-89cb-36e6f62c9890][tid:14][com.facebook.buck.cli.BuckConfig] Adding configuration overrides: {}
[2015-07-01 14:27:34.284][debug][command:5753c20e-3ce3-488c-89cb-36e6f62c9890][tid:14][com.facebook.buck.cli.BuckConfig] Loaded a configuration file /home/fzq/workspace/DesignTest/.buckconfig: {alias={app=//apps/DesignTest:app}, android={target=Google Inc.:Google APIs:21}, project={ignore=.git}, intellij={default_android_manifest_path=src/main/AndroidManifest.xml, default_android_resource_path=src/main/res}}
[2015-07-01 14:27:34.284][debug][command:5753c20e-3ce3-488c-89cb-36e6f62c9890][tid:14][com.facebook.buck.cli.BuckConfig] Adding configuration overrides: {}
[2015-07-01 14:27:34.300][debug][command:5753c20e-3ce3-488c-89cb-36e6f62c9890][tid:14][com.facebook.buck.io.ExecutableFinder] Executable 'python2' mapped to 'Optional.of(/usr/bin/python2)'
[2015-07-01 14:27:34.410][warn ][command:5753c20e-3ce3-488c-89cb-36e6f62c9890][tid:14][com.facebook.buck.apple.AppleConfig] Could not execute xcode-select, continuing without developer dir.
[2015-07-01 14:27:34.446][debug][command:5753c20e-3ce3-488c-89cb-36e6f62c9890][tid:14][com.facebook.buck.io.ExecutableFinder] Executable '/home/fzq/Android/android-ndk-r10e/toolchains/arm-linux-androideabi-4.8/prebuilt/linux-x86_64/arm-linux-androideabi/bin/as' mapped to 'Optional.of(/home/fzq/Android/android-ndk-r10e/toolchains/arm-linux-androideabi-4.8/prebuilt/linux-x86_64/arm-linux-androideabi/bin/as)'
[2015-07-01 14:27:34.447][debug][command:5753c20e-3ce3-488c-89cb-36e6f62c9890][tid:14][com.facebook.buck.io.ExecutableFinder] Executable '/home/fzq/Android/android-ndk-r10e/toolchains/arm-linux-androideabi-4.8/prebuilt/linux-x86_64/arm-linux-androideabi/bin/gcc' mapped to 'Optional.of(/home/fzq/Android/android-ndk-r10e/toolchains/arm-linux-androideabi-4.8/prebuilt/linux-x86_64/arm-linux-androideabi/bin/gcc)'
[2015-07-01 14:27:34.447][debug][command:5753c20e-3ce3-488c-89cb-36e6f62c9890][tid:14][com.facebook.buck.io.ExecutableFinder] Executable '/home/fzq/Android/android-ndk-r10e/toolchains/arm-linux-androideabi-4.8/prebuilt/linux-x86_64/arm-linux-androideabi/bin/gcc' mapped to 'Optional.of(/home/fzq/Android/android-ndk-r10e/toolchains/arm-linux-androideabi-4.8/prebuilt/linux-x86_64/arm-linux-androideabi/bin/gcc)'
[2015-07-01 14:27:34.449][debug][command:5753c20e-3ce3-488c-89cb-36e6f62c9890][tid:14][com.facebook.buck.io.ExecutableFinder] Executable '/home/fzq/Android/android-ndk-r10e/toolchains/arm-linux-androideabi-4.8/prebuilt/linux-x86_64/arm-linux-androideabi/bin/gcc' mapped to 'Optional.of(/home/fzq/Android/android-ndk-r10e/toolchains/arm-linux-androideabi-4.8/prebuilt/linux-x86_64/arm-linux-androideabi/bin/gcc)'
[2015-07-01 14:27:34.450][debug][command:5753c20e-3ce3-488c-89cb-36e6f62c9890][tid:14][com.facebook.buck.io.ExecutableFinder] Executable '/home/fzq/Android/android-ndk-r10e/toolchains/arm-linux-androideabi-4.8/prebuilt/linux-x86_64/arm-linux-androideabi/bin/g++' mapped to 'Optional.of(/home/fzq/Android/android-ndk-r10e/toolchains/arm-linux-androideabi-4.8/prebuilt/linux-x86_64/arm-linux-androideabi/bin/g++)'
[2015-07-01 14:27:34.451][debug][command:5753c20e-3ce3-488c-89cb-36e6f62c9890][tid:14][com.facebook.buck.io.ExecutableFinder] Executable '/home/fzq/Android/android-ndk-r10e/toolchains/arm-linux-androideabi-4.8/prebuilt/linux-x86_64/arm-linux-androideabi/bin/g++' mapped to 'Optional.of(/home/fzq/Android/android-ndk-r10e/toolchains/arm-linux-androideabi-4.8/prebuilt/linux-x86_64/arm-linux-androideabi/bin/g++)'
[2015-07-01 14:27:34.453][debug][command:5753c20e-3ce3-488c-89cb-36e6f62c9890][tid:14][com.facebook.buck.io.ExecutableFinder] Executable '/home/fzq/Android/android-ndk-r10e/toolchains/arm-linux-androideabi-4.8/prebuilt/linux-x86_64/arm-linux-androideabi/bin/g++' mapped to 'Optional.of(/home/fzq/Android/android-ndk-r10e/toolchains/arm-linux-androideabi-4.8/prebuilt/linux-x86_64/arm-linux-androideabi/bin/g++)'
[2015-07-01 14:27:34.455][debug][command:5753c20e-3ce3-488c-89cb-36e6f62c9890][tid:14][com.facebook.buck.io.ExecutableFinder] Executable '/home/fzq/Android/android-ndk-r10e/toolchains/arm-linux-androideabi-4.8/prebuilt/linux-x86_64/arm-linux-androideabi/bin/ld.gold' mapped to 'Optional.of(/home/fzq/Android/android-ndk-r10e/toolchains/arm-linux-androideabi-4.8/prebuilt/linux-x86_64/arm-linux-androideabi/bin/ld.gold)'
[2015-07-01 14:27:34.455][debug][command:5753c20e-3ce3-488c-89cb-36e6f62c9890][tid:14][com.facebook.buck.io.ExecutableFinder] Executable '/home/fzq/Android/android-ndk-r10e/toolchains/arm-linux-androideabi-4.8/prebuilt/linux-x86_64/arm-linux-androideabi/bin/ar' mapped to 'Optional.of(/home/fzq/Android/android-ndk-r10e/toolchains/arm-linux-androideabi-4.8/prebuilt/linux-x86_64/arm-linux-androideabi/bin/ar)'
[2015-07-01 14:27:34.471][debug][command:5753c20e-3ce3-488c-89cb-36e6f62c9890][tid:14][com.facebook.buck.io.ExecutableFinder] Executable '/home/fzq/Android/android-ndk-r10e/toolchains/arm-linux-androideabi-4.8/prebuilt/linux-x86_64/arm-linux-androideabi/bin/objcopy' mapped to 'Optional.of(/home/fzq/Android/android-ndk-r10e/toolchains/arm-linux-androideabi-4.8/prebuilt/linux-x86_64/arm-linux-androideabi/bin/objcopy)'
[2015-07-01 14:27:34.473][debug][command:5753c20e-3ce3-488c-89cb-36e6f62c9890][tid:14][com.facebook.buck.io.ExecutableFinder] Executable '/home/fzq/Android/android-ndk-r10e/toolchains/arm-linux-androideabi-4.8/prebuilt/linux-x86_64/arm-linux-androideabi/bin/as' mapped to 'Optional.of(/home/fzq/Android/android-ndk-r10e/toolchains/arm-linux-androideabi-4.8/prebuilt/linux-x86_64/arm-linux-androideabi/bin/as)'
[2015-07-01 14:27:34.474][debug][command:5753c20e-3ce3-488c-89cb-36e6f62c9890][tid:14][com.facebook.buck.io.ExecutableFinder] Executable '/home/fzq/Android/android-ndk-r10e/toolchains/arm-linux-androideabi-4.8/prebuilt/linux-x86_64/arm-linux-androideabi/bin/gcc' mapped to 'Optional.of(/home/fzq/Android/android-ndk-r10e/toolchains/arm-linux-androideabi-4.8/prebuilt/linux-x86_64/arm-linux-androideabi/bin/gcc)'
[2015-07-01 14:27:34.474][debug][command:5753c20e-3ce3-488c-89cb-36e6f62c9890][tid:14][com.facebook.buck.io.ExecutableFinder] Executable '/home/fzq/Android/android-ndk-r10e/toolchains/arm-linux-androideabi-4.8/prebuilt/linux-x86_64/arm-linux-androideabi/bin/gcc' mapped to 'Optional.of(/home/fzq/Android/android-ndk-r10e/toolchains/arm-linux-androideabi-4.8/prebuilt/linux-x86_64/arm-linux-androideabi/bin/gcc)'
[2015-07-01 14:27:34.475][debug][command:5753c20e-3ce3-488c-89cb-36e6f62c9890][tid:14][com.facebook.buck.io.ExecutableFinder] Executable '/home/fzq/Android/android-ndk-r10e/toolchains/arm-linux-androideabi-4.8/prebuilt/linux-x86_64/arm-linux-androideabi/bin/gcc' mapped to 'Optional.of(/home/fzq/Android/android-ndk-r10e/toolchains/arm-linux-androideabi-4.8/prebuilt/linux-x86_64/arm-linux-androideabi/bin/gcc)'
[2015-07-01 14:27:34.476][debug][command:5753c20e-3ce3-488c-89cb-36e6f62c9890][tid:14][com.facebook.buck.io.ExecutableFinder] Executable '/home/fzq/Android/android-ndk-r10e/toolchains/arm-linux-androideabi-4.8/prebuilt/linux-x86_64/arm-linux-androideabi/bin/g++' mapped to 'Optional.of(/home/fzq/Android/android-ndk-r10e/toolchains/arm-linux-androideabi-4.8/prebuilt/linux-x86_64/arm-linux-androideabi/bin/g++)'
[2015-07-01 14:27:34.477][debug][command:5753c20e-3ce3-488c-89cb-36e6f62c9890][tid:14][com.facebook.buck.io.ExecutableFinder] Executable '/home/fzq/Android/android-ndk-r10e/toolchains/arm-linux-androideabi-4.8/prebuilt/linux-x86_64/arm-linux-androideabi/bin/g++' mapped to 'Optional.of(/home/fzq/Android/android-ndk-r10e/toolchains/arm-linux-androideabi-4.8/prebuilt/linux-x86_64/arm-linux-androideabi/bin/g++)'
[2015-07-01 14:27:34.479][debug][command:5753c20e-3ce3-488c-89cb-36e6f62c9890][tid:14][com.facebook.buck.io.ExecutableFinder] Executable '/home/fzq/Android/android-ndk-r10e/toolchains/arm-linux-androideabi-4.8/prebuilt/linux-x86_64/arm-linux-androideabi/bin/g++' mapped to 'Optional.of(/home/fzq/Android/android-ndk-r10e/toolchains/arm-linux-androideabi-4.8/prebuilt/linux-x86_64/arm-linux-androideabi/bin/g++)'
[2015-07-01 14:27:34.480][debug][command:5753c20e-3ce3-488c-89cb-36e6f62c9890][tid:14][com.facebook.buck.io.ExecutableFinder] Executable '/home/fzq/Android/android-ndk-r10e/toolchains/arm-linux-androideabi-4.8/prebuilt/linux-x86_64/arm-linux-androideabi/bin/ld.gold' mapped to 'Optional.of(/home/fzq/Android/android-ndk-r10e/toolchains/arm-linux-androideabi-4.8/prebuilt/linux-x86_64/arm-linux-androideabi/bin/ld.gold)'
[2015-07-01 14:27:34.480][debug][command:5753c20e-3ce3-488c-89cb-36e6f62c9890][tid:14][com.facebook.buck.io.ExecutableFinder] Executable '/home/fzq/Android/android-ndk-r10e/toolchains/arm-linux-androideabi-4.8/prebuilt/linux-x86_64/arm-linux-androideabi/bin/ar' mapped to 'Optional.of(/home/fzq/Android/android-ndk-r10e/toolchains/arm-linux-androideabi-4.8/prebuilt/linux-x86_64/arm-linux-androideabi/bin/ar)'
[2015-07-01 14:27:34.481][debug][command:5753c20e-3ce3-488c-89cb-36e6f62c9890][tid:14][com.facebook.buck.io.ExecutableFinder] Executable '/home/fzq/Android/android-ndk-r10e/toolchains/arm-linux-androideabi-4.8/prebuilt/linux-x86_64/arm-linux-androideabi/bin/objcopy' mapped to 'Optional.of(/home/fzq/Android/android-ndk-r10e/toolchains/arm-linux-androideabi-4.8/prebuilt/linux-x86_64/arm-linux-androideabi/bin/objcopy)'
[2015-07-01 14:27:34.482][debug][command:5753c20e-3ce3-488c-89cb-36e6f62c9890][tid:14][com.facebook.buck.io.ExecutableFinder] Executable '/home/fzq/Android/android-ndk-r10e/toolchains/x86-4.8/prebuilt/linux-x86_64/i686-linux-android/bin/as' mapped to 'Optional.of(/home/fzq/Android/android-ndk-r10e/toolchains/x86-4.8/prebuilt/linux-x86_64/i686-linux-android/bin/as)'
[2015-07-01 14:27:34.483][debug][command:5753c20e-3ce3-488c-89cb-36e6f62c9890][tid:14][com.facebook.buck.io.ExecutableFinder] Executable '/home/fzq/Android/android-ndk-r10e/toolchains/x86-4.8/prebuilt/linux-x86_64/i686-linux-android/bin/gcc' mapped to 'Optional.of(/home/fzq/Android/android-ndk-r10e/toolchains/x86-4.8/prebuilt/linux-x86_64/i686-linux-android/bin/gcc)'
[2015-07-01 14:27:34.483][debug][command:5753c20e-3ce3-488c-89cb-36e6f62c9890][tid:14][com.facebook.buck.io.ExecutableFinder] Executable '/home/fzq/Android/android-ndk-r10e/toolchains/x86-4.8/prebuilt/linux-x86_64/i686-linux-android/bin/gcc' mapped to 'Optional.of(/home/fzq/Android/android-ndk-r10e/toolchains/x86-4.8/prebuilt/linux-x86_64/i686-linux-android/bin/gcc)'
[2015-07-01 14:27:34.484][debug][command:5753c20e-3ce3-488c-89cb-36e6f62c9890][tid:14][com.facebook.buck.io.ExecutableFinder] Executable '/home/fzq/Android/android-ndk-r10e/toolchains/x86-4.8/prebuilt/linux-x86_64/i686-linux-android/bin/gcc' mapped to 'Optional.of(/home/fzq/Android/android-ndk-r10e/toolchains/x86-4.8/prebuilt/linux-x86_64/i686-linux-android/bin/gcc)'
[2015-07-01 14:27:34.485][debug][command:5753c20e-3ce3-488c-89cb-36e6f62c9890][tid:14][com.facebook.buck.io.ExecutableFinder] Executable '/home/fzq/Android/android-ndk-r10e/toolchains/x86-4.8/prebuilt/linux-x86_64/i686-linux-android/bin/g++' mapped to 'Optional.of(/home/fzq/Android/android-ndk-r10e/toolchains/x86-4.8/prebuilt/linux-x86_64/i686-linux-android/bin/g++)'
[2015-07-01 14:27:34.486][debug][command:5753c20e-3ce3-488c-89cb-36e6f62c9890][tid:14][com.facebook.buck.io.ExecutableFinder] Executable '/home/fzq/Android/android-ndk-r10e/toolchains/x86-4.8/prebuilt/linux-x86_64/i686-linux-android/bin/g++' mapped to 'Optional.of(/home/fzq/Android/android-ndk-r10e/toolchains/x86-4.8/prebuilt/linux-x86_64/i686-linux-android/bin/g++)'
[2015-07-01 14:27:34.487][debug][command:5753c20e-3ce3-488c-89cb-36e6f62c9890][tid:14][com.facebook.buck.io.ExecutableFinder] Executable '/home/fzq/Android/android-ndk-r10e/toolchains/x86-4.8/prebuilt/linux-x86_64/i686-linux-android/bin/g++' mapped to 'Optional.of(/home/fzq/Android/android-ndk-r10e/toolchains/x86-4.8/prebuilt/linux-x86_64/i686-linux-android/bin/g++)'
[2015-07-01 14:27:34.487][debug][command:5753c20e-3ce3-488c-89cb-36e6f62c9890][tid:14][com.facebook.buck.io.ExecutableFinder] Executable '/home/fzq/Android/android-ndk-r10e/toolchains/x86-4.8/prebuilt/linux-x86_64/i686-linux-android/bin/ld.gold' mapped to 'Optional.of(/home/fzq/Android/android-ndk-r10e/toolchains/x86-4.8/prebuilt/linux-x86_64/i686-linux-android/bin/ld.gold)'
[2015-07-01 14:27:34.488][debug][command:5753c20e-3ce3-488c-89cb-36e6f62c9890][tid:14][com.facebook.buck.io.ExecutableFinder] Executable '/home/fzq/Android/android-ndk-r10e/toolchains/x86-4.8/prebuilt/linux-x86_64/i686-linux-android/bin/ar' mapped to 'Optional.of(/home/fzq/Android/android-ndk-r10e/toolchains/x86-4.8/prebuilt/linux-x86_64/i686-linux-android/bin/ar)'
[2015-07-01 14:27:34.489][debug][command:5753c20e-3ce3-488c-89cb-36e6f62c9890][tid:14][com.facebook.buck.io.ExecutableFinder] Executable '/home/fzq/Android/android-ndk-r10e/toolchains/x86-4.8/prebuilt/linux-x86_64/i686-linux-android/bin/objcopy' mapped to 'Optional.of(/home/fzq/Android/android-ndk-r10e/toolchains/x86-4.8/prebuilt/linux-x86_64/i686-linux-android/bin/objcopy)'
[2015-07-01 14:27:34.498][debug][command:5753c20e-3ce3-488c-89cb-36e6f62c9890][tid:14][com.facebook.buck.cxx.CxxPlatforms] Using system default C++ platform CxxPlatform{flavor=default, as=com.facebook.buck.cxx.HashedFileTool@4da523ac, asflags=[], aspp=com.facebook.buck.cxx.HashedFileTool@7ab697d1, asppflags=[], cc=com.facebook.buck.cxx.HashedFileTool@3c5a22d0, cflags=[], cxx=com.facebook.buck.cxx.HashedFileTool@30c9f8e0, cxxflags=[], cpp=com.facebook.buck.cxx.HashedFileTool@54151516, cppflags=[], cxxpp=com.facebook.buck.cxx.HashedFileTool@1a53185a, cxxppflags=[], cxxld=com.facebook.buck.cxx.HashedFileTool@7772e562, cxxldflags=[], ld=com.facebook.buck.cxx.GnuLinker@8830d94, ldflags=[], runtimeLdflags={}, ar=com.facebook.buck.cxx.HashedFileTool@74421437, arflags=[], arExpectedGlobalHeader=[33, 60, 97, 114, 99, 104, 62, 10], lex=Optional.of(com.facebook.buck.cxx.HashedFileTool@76d1432d), lexFlags=[], yacc=Optional.of(com.facebook.buck.cxx.HashedFileTool@16e8e160), yaccFlags=[-y], sharedLibraryExtension=so, debugPathSanitizer=com.facebook.buck.cxx.DebugPathSanitizer@617a184}
[2015-07-01 14:27:34.557][debug][command:5753c20e-3ce3-488c-89cb-36e6f62c9890][tid:14][com.facebook.buck.io.ExecutableFinder] Executable 'python2' mapped to 'Optional.of(/usr/bin/python2)'
[2015-07-01 14:27:34.560][debug][command:5753c20e-3ce3-488c-89cb-36e6f62c9890][tid:14][com.facebook.buck.io.ExecutableFinder] Executable 'python2' mapped to 'Optional.of(/usr/bin/python2)'
[2015-07-01 14:27:34.580][debug][command:5753c20e-3ce3-488c-89cb-36e6f62c9890][tid:14][com.facebook.buck.cli.Main] Starting up daemon for project root [/home/fzq/workspace/DesignTest]
[2015-07-01 14:27:34.614][debug][command:5753c20e-3ce3-488c-89cb-36e6f62c9890][tid:14][com.facebook.buck.io.ExecutableFinder] Executable 'python2' mapped to 'Optional.of(/usr/bin/python2)'
[2015-07-01 14:27:34.635][debug][command:5753c20e-3ce3-488c-89cb-36e6f62c9890][tid:14][com.facebook.buck.cli.Main] Using watchman to watch for file changes.
[2015-07-01 14:27:34.729][debug][command:5753c20e-3ce3-488c-89cb-36e6f62c9890][tid:14][com.facebook.buck.event.listener.SuperConsoleEventBusListener] Starting render scheduler (interval 100 ms)
[2015-07-01 14:27:34.741][debug][command:5753c20e-3ce3-488c-89cb-36e6f62c9890][tid:14][com.facebook.buck.io.ExecutableFinder] Executable 'python2' mapped to 'Optional.of(/usr/bin/python2)'
[2015-07-01 14:27:34.763][debug][command:5753c20e-3ce3-488c-89cb-36e6f62c9890][tid:14][com.facebook.buck.util.WatchmanWatcher] Starting watchman command: [watchman, --server-encoding=json, --no-pretty, -j]
[2015-07-01 14:27:34.763][debug][command:5753c20e-3ce3-488c-89cb-36e6f62c9890][tid:25][com.facebook.buck.event.listener.LoggingBuildListener] CommandStarted(clean, isDaemon: true)
[2015-07-01 14:27:34.764][debug][command:5753c20e-3ce3-488c-89cb-36e6f62c9890][tid:14][com.facebook.buck.util.WatchmanWatcher] Writing query to Watchman: ["query","/home/fzq/workspace/DesignTest",{"since":"n:buckd71d092d9-d607-464f-b444-2a676e91b0b2","expression":["not",["anyof",["type","d"],["match","buck-out/*","wholename"],["match",".idea/*","wholename"],["match","/home/fzq/workspace/DesignTest/.buckd/*","wholename"],["match","/home/fzq/workspace/DesignTest/buck-cache/*","wholename"],["match",".git/*","wholename"],["match","*.pbxproj","wholename"],["match","*.xcscheme","wholename"],["match","*.xcworkspacedata","wholename"]]],"empty_on_fresh_instance":true,"fields":["name","exists","new"]}]
[2015-07-01 14:27:34.771][debug][command:5753c20e-3ce3-488c-89cb-36e6f62c9890][tid:14][com.facebook.buck.util.WatchmanWatcher] Parsing JSON output from Watchman
[2015-07-01 14:27:34.791][info ][command:5753c20e-3ce3-488c-89cb-36e6f62c9890][tid:14][com.facebook.buck.util.WatchmanWatcher] Fresh watchman instance detected. Posting overflow event to flush caches.
[2015-07-01 14:27:34.792][debug][command:5753c20e-3ce3-488c-89cb-36e6f62c9890][tid:14][com.facebook.buck.parser.Parser] Parser invalidating entire cache on overflow.
[2015-07-01 14:27:34.792][debug][command:5753c20e-3ce3-488c-89cb-36e6f62c9890][tid:14][com.facebook.buck.parser.Parser] Invalidating all cached data.
[2015-07-01 14:27:34.793][debug][command:5753c20e-3ce3-488c-89cb-36e6f62c9890][tid:14][com.facebook.buck.util.DefaultFileHashCache] Invalidating all
[2015-07-01 14:27:34.793][debug][command:5753c20e-3ce3-488c-89cb-36e6f62c9890][tid:14][com.facebook.buck.util.WatchmanWatcher] Posted 0 Watchman events. Waiting for subprocess to exit...
[2015-07-01 14:27:34.793][debug][command:5753c20e-3ce3-488c-89cb-36e6f62c9890][tid:14][com.facebook.buck.util.WatchmanWatcher] Watchman exited cleanly.
[2015-07-01 14:27:34.891][debug][command:5753c20e-3ce3-488c-89cb-36e6f62c9890][tid:14][com.facebook.buck.parser.Parser] Cleaning cache of build files with inputs under symlink []
[2015-07-01 14:27:34.892][debug][command:5753c20e-3ce3-488c-89cb-36e6f62c9890][tid:25][com.facebook.buck.event.listener.LoggingBuildListener] CommandFinished(clean, isDaemon: true)
[2015-07-01 14:27:34.892][debug][command:5753c20e-3ce3-488c-89cb-36e6f62c9890][tid:14][com.facebook.buck.event.listener.SuperConsoleEventBusListener] Stopping render scheduler
[2015-07-01 14:27:34.894][debug][command:5753c20e-3ce3-488c-89cb-36e6f62c9890][tid:14][com.facebook.buck.event.listener.ChromeTraceBuildListener] Writing Chrome trace to buck-out/log/traces/build.2015-07-01.14-27-34.5753c20e-3ce3-488c-89cb-36e6f62c9890.trace
[2015-07-01 14:27:34.965][debug][command:5753c20e-3ce3-488c-89cb-36e6f62c9890][tid:14][com.facebook.buck.cli.Main] Done.
[2015-07-01 14:27:34.967][debug][command:null][tid:14][class com.martiansoftware.nailgun.NGSession] Nail finished.
[2015-07-01 14:27:34.967][debug][command:null][tid:14][class com.martiansoftware.nailgun.NGSession] Closing client streams and socket.
[2015-07-01 14:27:42.168][debug][command:null][tid:17][class com.martiansoftware.nailgun.NGSession] Received connection from 127.0.0.1
[2015-07-01 14:27:42.173][debug][command:null][tid:17][class com.martiansoftware.nailgun.NGSession] Working directory: /home/fzq/workspace/DesignTest
[2015-07-01 14:27:42.173][debug][command:null][tid:17][class com.martiansoftware.nailgun.NGSession] Received command: ng-stats
[2015-07-01 14:27:42.176][debug][command:null][tid:17][class com.martiansoftware.nailgun.NGSession] Invoking main method: public static void com.martiansoftware.nailgun.builtins.NGServerStats.nailMain(com.martiansoftware.nailgun.NGContext)
[2015-07-01 14:27:42.177][debug][command:null][tid:17][class com.martiansoftware.nailgun.NGSession] Nail finished.
[2015-07-01 14:27:42.177][debug][command:null][tid:17][class com.martiansoftware.nailgun.NGSession] Writing exit command with successful status 0 to client.
[2015-07-01 14:27:42.179][debug][command:null][tid:17][class com.martiansoftware.nailgun.NGSession] Closing client streams and socket.
[2015-07-01 14:27:42.181][debug][command:null][tid:26][class com.martiansoftware.nailgun.NGSession] Received connection from 127.0.0.1
[2015-07-01 14:27:42.183][debug][command:null][tid:26][class com.martiansoftware.nailgun.NGSession] Working directory: /home/fzq/workspace/DesignTest
[2015-07-01 14:27:42.183][debug][command:null][tid:26][class com.martiansoftware.nailgun.NGSession] Received command: ng-stats
[2015-07-01 14:27:42.184][debug][command:null][tid:26][class com.martiansoftware.nailgun.NGSession] Invoking main method: public static void com.martiansoftware.nailgun.builtins.NGServerStats.nailMain(com.martiansoftware.nailgun.NGContext)
[2015-07-01 14:27:42.187][debug][command:null][tid:26][class com.martiansoftware.nailgun.NGSession] Nail finished.
[2015-07-01 14:27:42.188][debug][command:null][tid:26][class com.martiansoftware.nailgun.NGSession] Writing exit command with successful status 0 to client.
[2015-07-01 14:27:42.188][debug][command:null][tid:26][class com.martiansoftware.nailgun.NGSession] Closing client streams and socket.
[2015-07-01 14:27:42.191][debug][command:null][tid:29][class com.martiansoftware.nailgun.NGSession] Received connection from 127.0.0.1
[2015-07-01 14:27:42.191][debug][command:null][tid:29][class com.martiansoftware.nailgun.NGSession] Received command line argument: install
[2015-07-01 14:27:42.191][debug][command:null][tid:29][class com.martiansoftware.nailgun.NGSession] Received command line argument: -r
[2015-07-01 14:27:42.191][debug][command:null][tid:29][class com.martiansoftware.nailgun.NGSession] Received command line argument: app:app
[2015-07-01 14:27:42.192][debug][command:null][tid:29][class com.martiansoftware.nailgun.NGSession] Working directory: /home/fzq/workspace/DesignTest
[2015-07-01 14:27:42.192][debug][command:null][tid:29][class com.martiansoftware.nailgun.NGSession] Received command: com.facebook.buck.cli.Main
[2015-07-01 14:27:42.193][debug][command:null][tid:29][class com.martiansoftware.nailgun.NGSession] Invoking main method: public static void com.facebook.buck.cli.Main.nailMain(com.martiansoftware.nailgun.NGContext) throws java.lang.InterruptedException
[2015-07-01 14:27:42.194][debug][command:bb64ba39-63b8-4bf4-9540-9821cd671743][tid:29][com.facebook.buck.cli.Main] Rotating log.
