2015-07-01T06:33:19.531	INFO	Build started
2015-07-01T06:33:19.645	INFO	BuildRuleStarted(//app:manifest)
2015-07-01T06:33:19.646	INFO	BuildRuleStarted(//app:res)
2015-07-01T06:33:19.648	INFO	BuildRuleStarted(//libs:android-design#aar_unzip)
2015-07-01T06:33:19.649	INFO	BuildRuleStarted(//libs:appcompat#aar_unzip)
2015-07-01T06:33:19.653	INFO	BuildRuleStarted(//libs:support-v13#aar_unzip)
2015-07-01T06:33:19.702	INFO	BuildRuleSuspended(//libs:support-v13#aar_unzip)
2015-07-01T06:33:19.719	INFO	BuildRuleSuspended(//app:res)
2015-07-01T06:33:19.720	INFO	BuildRuleSuspended(//app:manifest)
2015-07-01T06:33:19.721	INFO	BuildRuleStarted(//libs:support-v4#aar_unzip)
2015-07-01T06:33:19.726	INFO	BuildRuleStarted(//app:app#gen_java_android_build_config_com_designtest_app)
2015-07-01T06:33:19.726	INFO	BuildRuleStarted(//app:build-config#gen_java_android_build_config)
2015-07-01T06:33:19.741	INFO	BuildRuleSuspended(//libs:android-design#aar_unzip)
2015-07-01T06:33:19.747	INFO	BuildRuleSuspended(//app:build-config#gen_java_android_build_config)
2015-07-01T06:33:19.747	INFO	BuildRuleStarted(//libs:jars__buck-android-support.jar)
2015-07-01T06:33:19.749	INFO	BuildRuleSuspended(//libs:jars__buck-android-support.jar)
2015-07-01T06:33:19.751	INFO	BuildRuleSuspended(//app:app#gen_java_android_build_config_com_designtest_app)
2015-07-01T06:33:19.776	INFO	BuildRuleStarted(//app:debug_keystore)
2015-07-01T06:33:19.779	INFO	BuildRuleSuspended(//app:debug_keystore)
2015-07-01T06:33:19.786	INFO	BuildRuleStarted(//app:application-lib#dummy_r_dot_java)
2015-07-01T06:33:19.786	INFO	BuildRuleStarted(//libs:support-v13#aar_android_resource)
2015-07-01T06:33:19.787	INFO	BuildRuleStarted(//libs:support-v13#aar_prebuilt_jar)
2015-07-01T06:33:19.793	INFO	BuildRuleSuspended(//libs:support-v13#aar_android_resource)
2015-07-01T06:33:19.794	INFO	BuildRuleStarted(//app:src#dummy_r_dot_java)
2015-07-01T06:33:19.800	INFO	BuildRuleSuspended(//libs:support-v13#aar_prebuilt_jar)
2015-07-01T06:33:19.801	INFO	BuildRuleStarted(//libs:android-design#aar_android_resource)
2015-07-01T06:33:19.801	INFO	BuildRuleSuspended(//libs:android-design#aar_android_resource)
2015-07-01T06:33:19.801	INFO	BuildRuleStarted(//libs:android-design#aar_prebuilt_jar)
2015-07-01T06:33:19.801	INFO	BuildRuleSuspended(//libs:android-design#aar_prebuilt_jar)
2015-07-01T06:33:19.802	INFO	BuildRuleStarted(//app:build-config)
2015-07-01T06:33:19.806	INFO	BuildRuleSuspended(//libs:appcompat#aar_unzip)
2015-07-01T06:33:19.807	INFO	BuildRuleStarted(//libs:jars__buck-android-support.jar#dex)
2015-07-01T06:33:19.807	INFO	BuildRuleSuspended(//libs:jars__buck-android-support.jar#dex)
2015-07-01T06:33:19.807	INFO	BuildRuleStarted(//app:app#buildconfig_com_designtest_app)
2015-07-01T06:33:19.819	INFO	BuildRuleSuspended(//app:application-lib#dummy_r_dot_java)
2015-07-01T06:33:19.819	INFO	BuildRuleStarted(//libs:support-v13)
2015-07-01T06:33:19.820	INFO	BuildRuleSuspended(//app:build-config)
2015-07-01T06:33:19.820	INFO	BuildRuleStarted(//libs:support-v13#aar_prebuilt_jar,dex)
2015-07-01T06:33:19.821	INFO	BuildRuleSuspended(//libs:support-v13#aar_prebuilt_jar,dex)
2015-07-01T06:33:19.821	INFO	BuildRuleStarted(//libs:android-design)
2015-07-01T06:33:19.825	INFO	BuildRuleSuspended(//app:src#dummy_r_dot_java)
2015-07-01T06:33:19.826	INFO	BuildRuleStarted(//libs:android-design#aar_prebuilt_jar,dex)
2015-07-01T06:33:19.826	INFO	BuildRuleSuspended(//libs:android-design#aar_prebuilt_jar,dex)
2015-07-01T06:33:19.829	INFO	BuildRuleStarted(//libs:appcompat#aar_android_resource)
2015-07-01T06:33:19.830	INFO	BuildRuleSuspended(//libs:appcompat#aar_android_resource)
2015-07-01T06:33:19.830	INFO	BuildRuleStarted(//libs:appcompat#aar_prebuilt_jar)
2015-07-01T06:33:19.830	INFO	BuildRuleSuspended(//libs:appcompat#aar_prebuilt_jar)
2015-07-01T06:33:19.830	INFO	BuildRuleStarted(//libs:appcompat)
2015-07-01T06:33:19.833	INFO	BuildRuleSuspended(//libs:android-design)
2015-07-01T06:33:19.833	INFO	BuildRuleStarted(//libs:appcompat#aar_prebuilt_jar,dex)
2015-07-01T06:33:19.833	INFO	BuildRuleSuspended(//libs:appcompat#aar_prebuilt_jar,dex)
2015-07-01T06:33:19.834	INFO	BuildRuleSuspended(//libs:support-v13)
2015-07-01T06:33:19.834	INFO	BuildRuleSuspended(//libs:appcompat)
2015-07-01T06:33:19.835	INFO	BuildRuleSuspended(//app:app#buildconfig_com_designtest_app)
2015-07-01T06:33:19.835	INFO	BuildRuleStarted(//app:app#dex_buildconfig_com_designtest_app)
2015-07-01T06:33:19.835	INFO	BuildRuleSuspended(//app:app#dex_buildconfig_com_designtest_app)
2015-07-01T06:33:19.847	INFO	BuildRuleSuspended(//libs:support-v4#aar_unzip)
2015-07-01T06:33:19.847	INFO	BuildRuleStarted(//libs:support-v4#aar_android_resource)
2015-07-01T06:33:19.848	INFO	BuildRuleSuspended(//libs:support-v4#aar_android_resource)
2015-07-01T06:33:19.848	INFO	BuildRuleStarted(//app:app#aapt_package)
2015-07-01T06:33:19.851	INFO	BuildRuleSuspended(//app:app#aapt_package)
2015-07-01T06:33:19.852	INFO	BuildRuleStarted(//libs:support-v4#aar_prebuilt_jar)
2015-07-01T06:33:19.852	INFO	BuildRuleSuspended(//libs:support-v4#aar_prebuilt_jar)
2015-07-01T06:33:19.852	INFO	BuildRuleStarted(//libs:support-v4#aar_prebuilt_jar,dex)
2015-07-01T06:33:19.852	INFO	BuildRuleSuspended(//libs:support-v4#aar_prebuilt_jar,dex)
2015-07-01T06:33:19.852	INFO	BuildRuleStarted(//libs:support-v4)
2015-07-01T06:33:19.853	INFO	BuildRuleSuspended(//libs:support-v4)
2015-07-01T06:33:19.853	INFO	BuildRuleStarted(//libs:all-jars#dummy_r_dot_java)
2015-07-01T06:33:19.853	INFO	BuildRuleSuspended(//libs:all-jars#dummy_r_dot_java)
2015-07-01T06:33:19.853	INFO	BuildRuleStarted(//libs:all-jars)
2015-07-01T06:33:19.855	INFO	BuildRuleSuspended(//libs:all-jars)
2015-07-01T06:33:19.855	INFO	BuildRuleStarted(//app:application-lib)
2015-07-01T06:33:19.855	INFO	BuildRuleStarted(//app:src)
2015-07-01T06:33:19.857	INFO	BuildRuleSuspended(//app:src)
2015-07-01T06:33:19.857	INFO	BuildRuleStarted(//app:src#dex)
2015-07-01T06:33:19.857	INFO	BuildRuleSuspended(//app:src#dex)
2015-07-01T06:33:19.857	INFO	BuildRuleStarted(//app:app#copy_native_libs)
2015-07-01T06:33:19.860	INFO	BuildRuleSuspended(//app:app#copy_native_libs)
2015-07-01T06:33:19.864	INFO	BuildRuleSuspended(//app:application-lib)
2015-07-01T06:33:19.864	INFO	BuildRuleStarted(//app:application-lib#dex)
2015-07-01T06:33:19.865	INFO	BuildRuleSuspended(//app:application-lib#dex)
2015-07-01T06:33:19.865	INFO	BuildRuleStarted(//app:app#dex_merge)
2015-07-01T06:33:19.866	INFO	BuildRuleSuspended(//app:app#dex_merge)
2015-07-01T06:33:19.866	INFO	BuildRuleStarted(//app:app)
2015-07-01T06:33:19.871	INFO	BuildRuleSuspended(//app:app)
2015-07-01T06:33:19.871	INFO	BuildRuleResumed(//app:app)
2015-07-01T06:33:19.895	INFO	BuildRuleSuspended(//app:app)
2015-07-01T06:33:19.896	INFO	BuildRuleResumed(//app:app#buildconfig_com_designtest_app)
2015-07-01T06:33:19.897	INFO	BuildRuleSuspended(//app:app#buildconfig_com_designtest_app)
2015-07-01T06:33:19.898	INFO	BuildRuleResumed(//app:app#gen_java_android_build_config_com_designtest_app)
2015-07-01T06:33:19.899	INFO	BuildRuleResumed(//app:app#aapt_package)
2015-07-01T06:33:19.900	INFO	BuildRuleSuspended(//app:app#aapt_package)
2015-07-01T06:33:19.904	INFO	BuildRuleResumed(//app:manifest)
2015-07-01T06:33:19.904	INFO	BuildRuleSuspended(//app:manifest)
2015-07-01T06:33:19.908	INFO	BuildRuleSuspended(//app:app#gen_java_android_build_config_com_designtest_app)
2015-07-01T06:33:19.911	INFO	BuildRuleResumed(//app:res)
2015-07-01T06:33:19.911	INFO	BuildRuleResumed(//libs:android-design#aar_android_resource)
2015-07-01T06:33:19.912	INFO	BuildRuleSuspended(//app:res)
2015-07-01T06:33:19.912	INFO	BuildRuleResumed(//libs:android-design#aar_unzip)
2015-07-01T06:33:19.912	INFO	BuildRuleSuspended(//libs:android-design#aar_unzip)
2015-07-01T06:33:19.913	INFO	BuildRuleResumed(//app:manifest)
2015-07-01T06:33:19.913	INFO	BuildRuleSuspended(//libs:android-design#aar_android_resource)
2015-07-01T06:33:19.915	INFO	BuildRuleResumed(//libs:appcompat#aar_android_resource)
2015-07-01T06:33:19.916	INFO	BuildRuleSuspended(//libs:appcompat#aar_android_resource)
2015-07-01T06:33:19.916	INFO	BuildRuleResumed(//libs:appcompat#aar_unzip)
2015-07-01T06:33:19.917	INFO	BuildRuleSuspended(//libs:appcompat#aar_unzip)
2015-07-01T06:33:19.917	INFO	BuildRuleResumed(//libs:support-v13#aar_android_resource)
2015-07-01T06:33:19.918	INFO	BuildRuleSuspended(//libs:support-v13#aar_android_resource)
2015-07-01T06:33:19.920	INFO	BuildRuleResumed(//libs:support-v13#aar_unzip)
2015-07-01T06:33:19.920	INFO	BuildRuleSuspended(//libs:support-v13#aar_unzip)
2015-07-01T06:33:19.921	INFO	BuildRuleResumed(//libs:support-v4#aar_android_resource)
2015-07-01T06:33:19.921	INFO	BuildRuleSuspended(//libs:support-v4#aar_android_resource)
2015-07-01T06:33:19.923	INFO	BuildRuleResumed(//libs:support-v4#aar_unzip)
2015-07-01T06:33:19.924	INFO	BuildRuleSuspended(//libs:support-v4#aar_unzip)
2015-07-01T06:33:19.924	INFO	BuildRuleResumed(//app:app#gen_java_android_build_config_com_designtest_app)
2015-07-01T06:33:19.945	INFO	BuildRuleResumed(//app:res)
2015-07-01T06:33:19.949	INFO	BuildRuleResumed(//libs:android-design#aar_unzip)
2015-07-01T06:33:19.960	INFO	BuildRuleResumed(//app:app#copy_native_libs)
2015-07-01T06:33:19.961	INFO	BuildRuleSuspended(//app:app#copy_native_libs)
2015-07-01T06:33:19.962	INFO	BuildRuleResumed(//app:app#dex_buildconfig_com_designtest_app)
2015-07-01T06:33:19.963	INFO	BuildRuleSuspended(//app:app#dex_buildconfig_com_designtest_app)
2015-07-01T06:33:19.963	INFO	BuildRuleResumed(//app:app#dex_merge)
2015-07-01T06:33:19.964	INFO	BuildRuleSuspended(//app:app#dex_merge)
2015-07-01T06:33:19.964	INFO	BuildRuleResumed(//libs:appcompat#aar_unzip)
2015-07-01T06:33:20.037	INFO	BuildRuleFinished(//app:app#gen_java_android_build_config_com_designtest_app): SUCCESS MISS BUILT_LOCALLY f43bf8e4003ac815b7647a233c37db43c843dff0
2015-07-01T06:33:20.037	INFO	BuildRuleResumed(//app:application-lib)
2015-07-01T06:33:20.038	INFO	BuildRuleSuspended(//app:application-lib)
2015-07-01T06:33:20.039	INFO	BuildRuleResumed(//app:debug_keystore)
2015-07-01T06:33:20.039	INFO	BuildRuleSuspended(//app:debug_keystore)
2015-07-01T06:33:20.040	INFO	BuildRuleResumed(//app:src)
2015-07-01T06:33:20.040	INFO	BuildRuleSuspended(//app:src)
2015-07-01T06:33:20.046	INFO	BuildRuleResumed(//libs:support-v13#aar_unzip)
2015-07-01T06:33:20.259	INFO	BuildRuleFinished(//app:res): SUCCESS MISS BUILT_LOCALLY efa7b42d3dc1fd37903f32b8e34b7708aef87294
2015-07-01T06:33:20.260	INFO	BuildRuleResumed(//libs:support-v4#aar_unzip)
2015-07-01T06:33:20.292	INFO	BuildRuleFinished(//libs:support-v13#aar_unzip): SUCCESS MISS BUILT_LOCALLY 9cb9970aa94b9c92d945defe3d2f3104d22eaaca
2015-07-01T06:33:20.292	INFO	BuildRuleResumed(//libs:android-design#aar_prebuilt_jar)
2015-07-01T06:33:20.294	INFO	BuildRuleSuspended(//libs:android-design#aar_prebuilt_jar)
2015-07-01T06:33:20.295	INFO	BuildRuleResumed(//libs:appcompat#aar_prebuilt_jar)
2015-07-01T06:33:20.300	INFO	BuildRuleSuspended(//libs:appcompat#aar_prebuilt_jar)
2015-07-01T06:33:20.301	INFO	BuildRuleResumed(//libs:jars__buck-android-support.jar)
2015-07-01T06:33:20.302	INFO	BuildRuleSuspended(//libs:jars__buck-android-support.jar)
2015-07-01T06:33:20.302	INFO	BuildRuleResumed(//libs:support-v13#aar_prebuilt_jar)
2015-07-01T06:33:20.304	INFO	BuildRuleSuspended(//libs:support-v13#aar_prebuilt_jar)
2015-07-01T06:33:20.305	INFO	BuildRuleResumed(//libs:support-v4#aar_prebuilt_jar)
2015-07-01T06:33:20.306	INFO	BuildRuleSuspended(//libs:support-v4#aar_prebuilt_jar)
2015-07-01T06:33:20.307	INFO	BuildRuleResumed(//libs:android-design)
2015-07-01T06:33:20.379	INFO	BuildRuleSuspended(//libs:android-design)
2015-07-01T06:33:20.379	INFO	BuildRuleResumed(//libs:appcompat)
2015-07-01T06:33:20.379	INFO	BuildRuleSuspended(//libs:appcompat)
2015-07-01T06:33:20.380	INFO	BuildRuleResumed(//libs:support-v13)
2015-07-01T06:33:20.380	INFO	BuildRuleSuspended(//libs:support-v13)
2015-07-01T06:33:20.380	INFO	BuildRuleResumed(//libs:support-v4)
2015-07-01T06:33:20.381	INFO	BuildRuleSuspended(//libs:support-v4)
2015-07-01T06:33:20.381	INFO	BuildRuleResumed(//app:application-lib#dex)
2015-07-01T06:33:20.381	INFO	BuildRuleSuspended(//app:application-lib#dex)
2015-07-01T06:33:20.382	INFO	BuildRuleResumed(//app:src#dex)
2015-07-01T06:33:20.382	INFO	BuildRuleSuspended(//app:src#dex)
2015-07-01T06:33:20.382	INFO	BuildRuleResumed(//libs:android-design#aar_prebuilt_jar,dex)
2015-07-01T06:33:20.383	INFO	BuildRuleSuspended(//libs:android-design#aar_prebuilt_jar,dex)
2015-07-01T06:33:20.383	INFO	BuildRuleResumed(//libs:appcompat#aar_prebuilt_jar,dex)
2015-07-01T06:33:20.383	INFO	BuildRuleSuspended(//libs:appcompat#aar_prebuilt_jar,dex)
2015-07-01T06:33:20.384	INFO	BuildRuleResumed(//libs:jars__buck-android-support.jar#dex)
2015-07-01T06:33:20.384	INFO	BuildRuleSuspended(//libs:jars__buck-android-support.jar#dex)
2015-07-01T06:33:20.384	INFO	BuildRuleResumed(//libs:support-v13#aar_prebuilt_jar,dex)
2015-07-01T06:33:20.385	INFO	BuildRuleSuspended(//libs:support-v13#aar_prebuilt_jar,dex)
2015-07-01T06:33:20.385	INFO	BuildRuleResumed(//libs:support-v4#aar_prebuilt_jar,dex)
2015-07-01T06:33:20.386	INFO	BuildRuleSuspended(//libs:support-v4#aar_prebuilt_jar,dex)
2015-07-01T06:33:20.386	INFO	BuildRuleResumed(//app:app#buildconfig_com_designtest_app)
2015-07-01T06:33:20.409	INFO	BuildRuleFinished(//libs:android-design#aar_unzip): SUCCESS MISS BUILT_LOCALLY e5847cf81cc8938e43d2b5d671cc01710b30cbfa
2015-07-01T06:33:20.409	INFO	BuildRuleResumed(//app:application-lib#dummy_r_dot_java)
2015-07-01T06:33:20.435	INFO	BuildRuleFinished(//app:manifest): SUCCESS MISS BUILT_LOCALLY 572ccbd21775a2fa6a32184c06bc05be98b1dd82
2015-07-01T06:33:20.435	INFO	BuildRuleResumed(//app:build-config)
2015-07-01T06:33:20.440	INFO	BuildRuleSuspended(//app:application-lib#dummy_r_dot_java)
2015-07-01T06:33:20.440	INFO	BuildRuleResumed(//libs:all-jars)
2015-07-01T06:33:20.441	INFO	BuildRuleSuspended(//libs:all-jars)
2015-07-01T06:33:20.441	INFO	BuildRuleResumed(//app:debug_keystore)
2015-07-01T06:33:20.449	INFO	BuildRuleFinished(//app:debug_keystore): SUCCESS MISS BUILT_LOCALLY 06a766fcb71182be1e7b5dd999c5e4b61b0c470d
2015-07-01T06:33:20.449	INFO	BuildRuleResumed(//app:src#dummy_r_dot_java)
2015-07-01T06:33:20.450	INFO	BuildRuleSuspended(//app:src#dummy_r_dot_java)
2015-07-01T06:33:20.450	INFO	BuildRuleResumed(//libs:support-v13#aar_android_resource)
2015-07-01T06:33:20.467	INFO	BuildRuleSuspended(//app:build-config)
2015-07-01T06:33:20.468	INFO	BuildRuleResumed(//libs:android-design#aar_android_resource)
2015-07-01T06:33:20.511	INFO	BuildRuleFinished(//libs:support-v13#aar_android_resource): SUCCESS MISS BUILT_LOCALLY 0e1ff0247ddc449f2e7f9c77fcb5a0fc160608d2
2015-07-01T06:33:20.511	INFO	BuildRuleResumed(//libs:android-design#aar_prebuilt_jar)
2015-07-01T06:33:20.751	INFO	BuildRuleFinished(//libs:android-design#aar_android_resource): SUCCESS MISS BUILT_LOCALLY 2d1f78bbffa2196501cabb203201c651beb1d6ed
2015-07-01T06:33:20.751	INFO	BuildRuleResumed(//libs:jars__buck-android-support.jar)
2015-07-01T06:33:20.844	INFO	BuildRuleFinished(//libs:jars__buck-android-support.jar): SUCCESS MISS BUILT_LOCALLY 27127f6c7f1d1fd1ceeab9b091e4f0f12a19b721
2015-07-01T06:33:20.845	INFO	BuildRuleResumed(//libs:support-v13#aar_prebuilt_jar)
2015-07-01T06:33:20.894	INFO	BuildRuleFinished(//libs:support-v13#aar_prebuilt_jar): SUCCESS MISS BUILT_LOCALLY 2c3f4723ad204505afd52077e45e96039668a5b4
2015-07-01T06:33:20.895	INFO	BuildRuleResumed(//app:application-lib#dummy_r_dot_java)
2015-07-01T06:33:20.955	INFO	BuildRuleFinished(//libs:android-design#aar_prebuilt_jar): SUCCESS MISS BUILT_LOCALLY b40325edc485c8aa227073c3b74d634062bc6ef4
2015-07-01T06:33:20.956	INFO	BuildRuleResumed(//libs:all-jars#dummy_r_dot_java)
2015-07-01T06:33:20.957	INFO	BuildRuleSuspended(//libs:all-jars#dummy_r_dot_java)
2015-07-01T06:33:20.958	INFO	BuildRuleResumed(//app:src#dummy_r_dot_java)
2015-07-01T06:33:21.089	INFO	BuildRuleFinished(//libs:appcompat#aar_unzip): SUCCESS MISS BUILT_LOCALLY 905a2c1610a1dfde9ec06546081faf7099868bf4
2015-07-01T06:33:21.090	INFO	BuildRuleResumed(//app:build-config#gen_java_android_build_config)
2015-07-01T06:33:21.092	INFO	BuildRuleSuspended(//app:build-config#gen_java_android_build_config)
2015-07-01T06:33:21.093	INFO	BuildRuleResumed(//libs:jars__buck-android-support.jar#dex)
2015-07-01T06:33:21.384	INFO	BuildRuleFinished(//libs:support-v4#aar_unzip): SUCCESS MISS BUILT_LOCALLY 7a0188fe11c25d190fc735016ef760e0c7445bab
2015-07-01T06:33:21.385	INFO	BuildRuleResumed(//libs:support-v13)
2015-07-01T06:33:21.424	INFO	BuildRuleFinished(//libs:support-v13): SUCCESS MISS BUILT_LOCALLY 84322e189e194ea26f5757928da763735d145b2d
2015-07-01T06:33:21.425	INFO	BuildRuleResumed(//libs:support-v13#aar_prebuilt_jar,dex)
2015-07-01T06:33:21.792	INFO	BuildRuleFinished(//app:app#buildconfig_com_designtest_app): SUCCESS MISS BUILT_LOCALLY f1e1653826be358612bc594e0ae66df19a090bdf
2015-07-01T06:33:21.792	INFO	BuildRuleResumed(//libs:android-design)
2015-07-01T06:33:21.805	INFO	BuildRuleFinished(//libs:android-design): SUCCESS MISS BUILT_LOCALLY 9e613e4f05789da06a0cf5c703ccda87358ec59a
2015-07-01T06:33:21.806	INFO	BuildRuleResumed(//libs:android-design#aar_prebuilt_jar,dex)
2015-07-01T06:33:21.817	INFO	BuildRuleFinished(//app:src#dummy_r_dot_java): SUCCESS MISS BUILT_LOCALLY 234f6d818fca39d156776c98508a552fa37bce2c
2015-07-01T06:33:21.818	INFO	BuildRuleResumed(//libs:appcompat#aar_android_resource)
2015-07-01T06:33:21.821	INFO	BuildRuleFinished(//app:application-lib#dummy_r_dot_java): SUCCESS MISS BUILT_LOCALLY d44b7661cd30aa5cd1cc2d92c5a8c14dc4d3ac28
2015-07-01T06:33:21.821	INFO	BuildRuleResumed(//libs:appcompat#aar_prebuilt_jar)
2015-07-01T06:33:22.235	INFO	BuildRuleFinished(//libs:support-v13#aar_prebuilt_jar,dex): SUCCESS MISS BUILT_LOCALLY a332af399397b971f3c7ef96344e2859f10ce8a0
2015-07-01T06:33:22.235	INFO	BuildRuleResumed(//app:build-config#gen_java_android_build_config)
2015-07-01T06:33:22.237	INFO	BuildRuleFinished(//libs:jars__buck-android-support.jar#dex): SUCCESS MISS BUILT_LOCALLY 17a0875bdfed597d1a984cc81339826dbd7e5577
2015-07-01T06:33:22.237	INFO	BuildRuleResumed(//libs:support-v4#aar_android_resource)
2015-07-01T06:33:22.250	INFO	BuildRuleFinished(//app:build-config#gen_java_android_build_config): SUCCESS MISS BUILT_LOCALLY 42a1182d6a72303f9ec61b82644b389a0888b3c1
2015-07-01T06:33:22.250	INFO	BuildRuleResumed(//libs:support-v4#aar_prebuilt_jar)
2015-07-01T06:33:22.266	INFO	BuildRuleFinished(//libs:support-v4#aar_android_resource): SUCCESS MISS BUILT_LOCALLY 7313c292014c0cc30c648de4c57cc0724c969fa2
2015-07-01T06:33:22.266	INFO	BuildRuleResumed(//app:app#dex_buildconfig_com_designtest_app)
2015-07-01T06:33:22.298	INFO	BuildRuleFinished(//app:app#dex_buildconfig_com_designtest_app): SUCCESS MISS BUILT_LOCALLY 23c02b9f607ed9cd9c3278f519db61c22e416068
2015-07-01T06:33:22.298	INFO	BuildRuleResumed(//app:build-config)
2015-07-01T06:33:22.472	INFO	BuildRuleFinished(//app:build-config): SUCCESS MISS BUILT_LOCALLY ce3561909b7151357a9ea010f21fc2c398ffe39b
2015-07-01T06:33:22.485	INFO	BuildRuleResumed(//libs:appcompat#aar_prebuilt_jar,dex)
2015-07-01T06:33:22.501	INFO	BuildRuleFinished(//libs:appcompat#aar_prebuilt_jar): SUCCESS MISS BUILT_LOCALLY 9dfa4f8efdeb120162a32227d91cc843e722016a
2015-07-01T06:33:24.240	INFO	BuildRuleResumed(//libs:support-v4)
2015-07-01T06:33:24.275	INFO	BuildRuleFinished(//libs:support-v4#aar_prebuilt_jar): SUCCESS MISS BUILT_LOCALLY 85e0f6641b54ac97114ea08de0d384a0ab2a9a34
2015-07-01T06:33:24.278	INFO	BuildRuleFinished(//libs:support-v4): SUCCESS MISS BUILT_LOCALLY ac7100fd3e202bee1604ee66aa36c80b12cbb6af
2015-07-01T06:33:24.278	INFO	BuildRuleResumed(//libs:support-v4#aar_prebuilt_jar,dex)
2015-07-01T06:33:24.469	INFO	BuildRuleResumed(//app:app#aapt_package)
2015-07-01T06:33:24.484	INFO	BuildRuleFinished(//libs:appcompat#aar_android_resource): SUCCESS MISS BUILT_LOCALLY 3375a77bab09e7044c48bfaf711f439a68c3ad32
2015-07-01T06:33:24.486	INFO	BuildRuleResumed(//libs:appcompat)
2015-07-01T06:33:24.544	INFO	BuildRuleFinished(//libs:appcompat): SUCCESS MISS BUILT_LOCALLY e0858167e78ad019414e8ec4b70cf49cf738cd3d
2015-07-01T06:33:24.544	INFO	BuildRuleResumed(//app:app#copy_native_libs)
2015-07-01T06:33:24.585	INFO	BuildRuleFinished(//app:app#copy_native_libs): SUCCESS MISS BUILT_LOCALLY 59ffcc4e36475213ff88b77486b9afb6357ad481
2015-07-01T06:33:24.586	INFO	BuildRuleResumed(//libs:all-jars#dummy_r_dot_java)
2015-07-01T06:33:25.403	INFO	BuildRuleFinished(//libs:android-design#aar_prebuilt_jar,dex): SUCCESS MISS BUILT_LOCALLY d21645a60a78f8c3e130ee2e9feffef22ac6d3d7
2015-07-01T06:33:27.927	INFO	BuildRuleResumed(//libs:all-jars)
2015-07-01T06:33:27.943	INFO	BuildRuleFinished(//libs:all-jars#dummy_r_dot_java): SUCCESS MISS BUILT_LOCALLY 49ecbf4e831d1e9354506f7882c458a19c7a3521
2015-07-01T06:33:27.946	INFO	BuildRuleFinished(//libs:all-jars): SUCCESS MISS BUILT_LOCALLY d599bfd7d50d512ad45d44394a30d89b9f7c585a
2015-07-01T06:33:27.952	INFO	BuildRuleResumed(//app:application-lib)
2015-07-01T06:33:27.954	INFO	BuildRuleResumed(//app:src)
2015-07-01T06:33:28.154	INFO	BuildRuleFinished(//app:app#aapt_package): SUCCESS MISS BUILT_LOCALLY 01c7d371c50d5f1f60086efa4ec0757403cd2b81
2015-07-01T06:33:28.462	INFO	BuildRuleResumed(//app:application-lib#dex)
2015-07-01T06:33:28.463	INFO	BuildRuleFinished(//app:application-lib): SUCCESS MISS BUILT_LOCALLY f4b74222f2809217b4097ef2cfa2e955a57fab3a
2015-07-01T06:33:28.492	INFO	BuildRuleFinished(//app:application-lib#dex): SUCCESS MISS BUILT_LOCALLY 28e61f0ceeaedab7ba270da237db8991a8508998
2015-07-01T06:33:28.654	INFO	BuildRuleResumed(//app:src#dex)
2015-07-01T06:33:28.655	INFO	BuildRuleFinished(//app:src): SUCCESS MISS BUILT_LOCALLY 1fd5297370d6d71da517de60de33ca0978a047c4
2015-07-01T06:33:28.670	INFO	BuildRuleFinished(//app:src#dex): SUCCESS MISS BUILT_LOCALLY 94868c45d522a6d926c3b72e3487be79c7bdd1e3
2015-07-01T06:33:29.020	INFO	BuildRuleFinished(//libs:appcompat#aar_prebuilt_jar,dex): SUCCESS MISS BUILT_LOCALLY 4c2c7e7b45ab6af096c128b4ff9e98d2bd5687fb
2015-07-01T06:33:30.281	INFO	BuildRuleResumed(//app:app#dex_merge)
2015-07-01T06:33:30.285	INFO	BuildRuleFinished(//libs:support-v4#aar_prebuilt_jar,dex): SUCCESS MISS BUILT_LOCALLY 439c1cd247a4acb426f9c6c2cce782e619614bf8
2015-07-01T06:33:31.104	INFO	BuildRuleResumed(//app:app)
2015-07-01T06:33:31.127	INFO	BuildRuleFinished(//app:app#dex_merge): SUCCESS MISS BUILT_LOCALLY 57b1293af73d08d95d5652221d64cc39637dc225
2015-07-01T06:33:32.492	INFO	BuildRuleFinished(//app:app): SUCCESS MISS BUILT_LOCALLY 90a7236c81b61b81f93fbf193259b7931356d680
2015-07-01T06:33:32.494	INFO	Build finished
